[0.080s] DEBUG:colcon:Command line arguments: ['/usr/bin/colcon', 'build']
[0.080s] DEBUG:colcon:Parsed command line arguments: Namespace(log_base=None, log_level=None, verb_name='build', build_base='build', install_base='install', merge_install=False, symlink_install=False, test_result_base=None, continue_on_error=False, executor='parallel', parallel_workers=16, event_handlers=None, ignore_user_meta=False, metas=['./colcon.meta'], base_paths=['.'], packages_ignore=None, packages_ignore_regex=None, paths=None, packages_up_to=None, packages_up_to_regex=None, packages_above=None, packages_above_and_dependencies=None, packages_above_depth=None, packages_select_by_dep=None, packages_skip_by_dep=None, packages_skip_up_to=None, packages_select_build_failed=False, packages_skip_build_finished=False, packages_select_test_failures=False, packages_skip_test_passed=False, packages_select=None, packages_skip=None, packages_select_regex=None, packages_skip_regex=None, packages_start=None, packages_end=None, allow_overriding=[], cmake_args=None, cmake_target=None, cmake_target_skip_unavailable=False, cmake_clean_cache=False, cmake_clean_first=False, cmake_force_configure=False, ament_cmake_args=None, catkin_cmake_args=None, catkin_skip_building_tests=False, verb_parser=<colcon_defaults.argument_parser.defaults.DefaultArgumentsDecorator object at 0x7813ff64dd20>, verb_extension=<colcon_core.verb.build.BuildVerb object at 0x7813ff64d7b0>, main=<bound method BuildVerb.main of <colcon_core.verb.build.BuildVerb object at 0x7813ff64d7b0>>)
[0.215s] Level 1:colcon.colcon_core.package_discovery:discover_packages(colcon_meta) check parameters
[0.215s] Level 1:colcon.colcon_core.package_discovery:discover_packages(recursive) check parameters
[0.215s] Level 1:colcon.colcon_core.package_discovery:discover_packages(ignore) check parameters
[0.215s] Level 1:colcon.colcon_core.package_discovery:discover_packages(path) check parameters
[0.215s] Level 1:colcon.colcon_core.package_discovery:discover_packages(colcon_meta) discover
[0.216s] Level 1:colcon.colcon_core.package_discovery:discover_packages(recursive) discover
[0.216s] INFO:colcon.colcon_core.package_discovery:Crawling recursively for packages in '/home/ryan/Desktop/FleetGlue/ros2_ws'
[0.216s] Level 1:colcon.colcon_core.package_identification:_identify(.) by extensions ['ignore', 'ignore_ament_install']
[0.216s] Level 1:colcon.colcon_core.package_identification:_identify(.) by extension 'ignore'
[0.216s] Level 1:colcon.colcon_core.package_identification:_identify(.) by extension 'ignore_ament_install'
[0.216s] Level 1:colcon.colcon_core.package_identification:_identify(.) by extensions ['colcon_pkg']
[0.216s] Level 1:colcon.colcon_core.package_identification:_identify(.) by extension 'colcon_pkg'
[0.216s] Level 1:colcon.colcon_core.package_identification:_identify(.) by extensions ['colcon_meta']
[0.216s] Level 1:colcon.colcon_core.package_identification:_identify(.) by extension 'colcon_meta'
[0.216s] Level 1:colcon.colcon_core.package_identification:_identify(.) by extensions ['ros']
[0.216s] Level 1:colcon.colcon_core.package_identification:_identify(.) by extension 'ros'
[0.224s] Level 1:colcon.colcon_core.package_identification:_identify(.) by extensions ['cmake', 'python']
[0.224s] Level 1:colcon.colcon_core.package_identification:_identify(.) by extension 'cmake'
[0.224s] Level 1:colcon.colcon_core.package_identification:_identify(.) by extension 'python'
[0.224s] Level 1:colcon.colcon_core.package_identification:_identify(.) by extensions ['python_setup_py']
[0.224s] Level 1:colcon.colcon_core.package_identification:_identify(.) by extension 'python_setup_py'
[0.224s] Level 1:colcon.colcon_core.package_identification:_identify(build) by extensions ['ignore', 'ignore_ament_install']
[0.224s] Level 1:colcon.colcon_core.package_identification:_identify(build) by extension 'ignore'
[0.224s] Level 1:colcon.colcon_core.package_identification:_identify(build) ignored
[0.224s] Level 1:colcon.colcon_core.package_identification:_identify(install) by extensions ['ignore', 'ignore_ament_install']
[0.225s] Level 1:colcon.colcon_core.package_identification:_identify(install) by extension 'ignore'
[0.225s] Level 1:colcon.colcon_core.package_identification:_identify(install) ignored
[0.225s] Level 1:colcon.colcon_core.package_identification:_identify(log) by extensions ['ignore', 'ignore_ament_install']
[0.225s] Level 1:colcon.colcon_core.package_identification:_identify(log) by extension 'ignore'
[0.225s] Level 1:colcon.colcon_core.package_identification:_identify(log) ignored
[0.225s] Level 1:colcon.colcon_core.package_identification:_identify(src) by extensions ['ignore', 'ignore_ament_install']
[0.225s] Level 1:colcon.colcon_core.package_identification:_identify(src) by extension 'ignore'
[0.225s] Level 1:colcon.colcon_core.package_identification:_identify(src) by extension 'ignore_ament_install'
[0.225s] Level 1:colcon.colcon_core.package_identification:_identify(src) by extensions ['colcon_pkg']
[0.225s] Level 1:colcon.colcon_core.package_identification:_identify(src) by extension 'colcon_pkg'
[0.225s] Level 1:colcon.colcon_core.package_identification:_identify(src) by extensions ['colcon_meta']
[0.225s] Level 1:colcon.colcon_core.package_identification:_identify(src) by extension 'colcon_meta'
[0.225s] Level 1:colcon.colcon_core.package_identification:_identify(src) by extensions ['ros']
[0.225s] Level 1:colcon.colcon_core.package_identification:_identify(src) by extension 'ros'
[0.225s] Level 1:colcon.colcon_core.package_identification:_identify(src) by extensions ['cmake', 'python']
[0.225s] Level 1:colcon.colcon_core.package_identification:_identify(src) by extension 'cmake'
[0.225s] Level 1:colcon.colcon_core.package_identification:_identify(src) by extension 'python'
[0.225s] Level 1:colcon.colcon_core.package_identification:_identify(src) by extensions ['python_setup_py']
[0.225s] Level 1:colcon.colcon_core.package_identification:_identify(src) by extension 'python_setup_py'
[0.225s] Level 1:colcon.colcon_core.package_identification:_identify(src/action_client) by extensions ['ignore', 'ignore_ament_install']
[0.225s] Level 1:colcon.colcon_core.package_identification:_identify(src/action_client) by extension 'ignore'
[0.225s] Level 1:colcon.colcon_core.package_identification:_identify(src/action_client) by extension 'ignore_ament_install'
[0.226s] Level 1:colcon.colcon_core.package_identification:_identify(src/action_client) by extensions ['colcon_pkg']
[0.226s] Level 1:colcon.colcon_core.package_identification:_identify(src/action_client) by extension 'colcon_pkg'
[0.226s] Level 1:colcon.colcon_core.package_identification:_identify(src/action_client) by extensions ['colcon_meta']
[0.226s] Level 1:colcon.colcon_core.package_identification:_identify(src/action_client) by extension 'colcon_meta'
[0.226s] Level 1:colcon.colcon_core.package_identification:_identify(src/action_client) by extensions ['ros']
[0.226s] Level 1:colcon.colcon_core.package_identification:_identify(src/action_client) by extension 'ros'
[0.227s] DEBUG:colcon.colcon_core.package_identification:Package 'src/action_client' with type 'ros.ament_python' and name 'action_client'
[0.228s] Level 1:colcon.colcon_core.package_identification:_identify(src/action_server) by extensions ['ignore', 'ignore_ament_install']
[0.228s] Level 1:colcon.colcon_core.package_identification:_identify(src/action_server) by extension 'ignore'
[0.228s] Level 1:colcon.colcon_core.package_identification:_identify(src/action_server) by extension 'ignore_ament_install'
[0.228s] Level 1:colcon.colcon_core.package_identification:_identify(src/action_server) by extensions ['colcon_pkg']
[0.228s] Level 1:colcon.colcon_core.package_identification:_identify(src/action_server) by extension 'colcon_pkg'
[0.228s] Level 1:colcon.colcon_core.package_identification:_identify(src/action_server) by extensions ['colcon_meta']
[0.228s] Level 1:colcon.colcon_core.package_identification:_identify(src/action_server) by extension 'colcon_meta'
[0.228s] Level 1:colcon.colcon_core.package_identification:_identify(src/action_server) by extensions ['ros']
[0.228s] Level 1:colcon.colcon_core.package_identification:_identify(src/action_server) by extension 'ros'
[0.228s] DEBUG:colcon.colcon_core.package_identification:Package 'src/action_server' with type 'ros.ament_python' and name 'action_server'
[0.228s] Level 1:colcon.colcon_core.package_identification:_identify(src/custom_interfaces) by extensions ['ignore', 'ignore_ament_install']
[0.228s] Level 1:colcon.colcon_core.package_identification:_identify(src/custom_interfaces) by extension 'ignore'
[0.228s] Level 1:colcon.colcon_core.package_identification:_identify(src/custom_interfaces) by extension 'ignore_ament_install'
[0.229s] Level 1:colcon.colcon_core.package_identification:_identify(src/custom_interfaces) by extensions ['colcon_pkg']
[0.229s] Level 1:colcon.colcon_core.package_identification:_identify(src/custom_interfaces) by extension 'colcon_pkg'
[0.229s] Level 1:colcon.colcon_core.package_identification:_identify(src/custom_interfaces) by extensions ['colcon_meta']
[0.229s] Level 1:colcon.colcon_core.package_identification:_identify(src/custom_interfaces) by extension 'colcon_meta'
[0.229s] Level 1:colcon.colcon_core.package_identification:_identify(src/custom_interfaces) by extensions ['ros']
[0.229s] Level 1:colcon.colcon_core.package_identification:_identify(src/custom_interfaces) by extension 'ros'
[0.229s] DEBUG:colcon.colcon_core.package_identification:Package 'src/custom_interfaces' with type 'ros.ament_cmake' and name 'custom_interfaces'
[0.229s] Level 1:colcon.colcon_core.package_identification:_identify(src/poem_bringup) by extensions ['ignore', 'ignore_ament_install']
[0.229s] Level 1:colcon.colcon_core.package_identification:_identify(src/poem_bringup) by extension 'ignore'
[0.229s] Level 1:colcon.colcon_core.package_identification:_identify(src/poem_bringup) by extension 'ignore_ament_install'
[0.229s] Level 1:colcon.colcon_core.package_identification:_identify(src/poem_bringup) by extensions ['colcon_pkg']
[0.229s] Level 1:colcon.colcon_core.package_identification:_identify(src/poem_bringup) by extension 'colcon_pkg'
[0.229s] Level 1:colcon.colcon_core.package_identification:_identify(src/poem_bringup) by extensions ['colcon_meta']
[0.229s] Level 1:colcon.colcon_core.package_identification:_identify(src/poem_bringup) by extension 'colcon_meta'
[0.229s] Level 1:colcon.colcon_core.package_identification:_identify(src/poem_bringup) by extensions ['ros']
[0.229s] Level 1:colcon.colcon_core.package_identification:_identify(src/poem_bringup) by extension 'ros'
[0.230s] DEBUG:colcon.colcon_core.package_identification:Package 'src/poem_bringup' with type 'ros.ament_cmake' and name 'poem_bringup'
[0.230s] Level 1:colcon.colcon_core.package_discovery:discover_packages(recursive) using defaults
[0.230s] Level 1:colcon.colcon_core.package_discovery:discover_packages(ignore) discover
[0.230s] Level 1:colcon.colcon_core.package_discovery:discover_packages(ignore) using defaults
[0.230s] Level 1:colcon.colcon_core.package_discovery:discover_packages(path) discover
[0.230s] Level 1:colcon.colcon_core.package_discovery:discover_packages(path) using defaults
[0.257s] Level 1:colcon.colcon_core.package_discovery:discover_packages(prefix_path) check parameters
[0.257s] Level 1:colcon.colcon_core.package_discovery:discover_packages(prefix_path) discover
[0.258s] WARNING:colcon.colcon_core.prefix_path.colcon:The path '/home/ryan/Desktop/ROSPoems/ros2_ws/install' in the environment variable COLCON_PREFIX_PATH doesn't exist
[0.258s] WARNING:colcon.colcon_ros.prefix_path.ament:The path '/home/ryan/Desktop/ROSPoems/ros2_ws/install/poem_actions' in the environment variable AMENT_PREFIX_PATH doesn't exist
[0.258s] WARNING:colcon.colcon_ros.prefix_path.ament:The path '/home/ryan/Desktop/ROSPoems/ros2_ws/install/custom_interfaces' in the environment variable AMENT_PREFIX_PATH doesn't exist
[0.258s] WARNING:colcon.colcon_ros.prefix_path.ament:The path '/home/ryan/Desktop/FleetGlue/ros2_ws/install/poem_actions' in the environment variable AMENT_PREFIX_PATH doesn't exist
[0.258s] WARNING:colcon.colcon_ros.prefix_path.catkin:The path '/home/ryan/Desktop/ROSPoems/ros2_ws/install/custom_interfaces' in the environment variable CMAKE_PREFIX_PATH doesn't exist
[0.259s] DEBUG:colcon.colcon_installed_package_information.package_discovery:Found 4 installed packages in /home/ryan/Desktop/FleetGlue/ros2_ws/install
[0.259s] DEBUG:colcon.colcon_installed_package_information.package_discovery:Found 4 installed packages in /home/ryan/ros2_ws/install
[0.260s] DEBUG:colcon.colcon_installed_package_information.package_discovery:Found 281 installed packages in /opt/ros/iron
[0.261s] Level 1:colcon.colcon_core.package_discovery:discover_packages(prefix_path) using defaults
[0.292s] Level 5:colcon.colcon_core.verb:set package 'action_client' build argument 'cmake_args' from command line to 'None'
[0.292s] Level 5:colcon.colcon_core.verb:set package 'action_client' build argument 'cmake_target' from command line to 'None'
[0.292s] Level 5:colcon.colcon_core.verb:set package 'action_client' build argument 'cmake_target_skip_unavailable' from command line to 'False'
[0.292s] Level 5:colcon.colcon_core.verb:set package 'action_client' build argument 'cmake_clean_cache' from command line to 'False'
[0.292s] Level 5:colcon.colcon_core.verb:set package 'action_client' build argument 'cmake_clean_first' from command line to 'False'
[0.292s] Level 5:colcon.colcon_core.verb:set package 'action_client' build argument 'cmake_force_configure' from command line to 'False'
[0.292s] Level 5:colcon.colcon_core.verb:set package 'action_client' build argument 'ament_cmake_args' from command line to 'None'
[0.292s] Level 5:colcon.colcon_core.verb:set package 'action_client' build argument 'catkin_cmake_args' from command line to 'None'
[0.292s] Level 5:colcon.colcon_core.verb:set package 'action_client' build argument 'catkin_skip_building_tests' from command line to 'False'
[0.292s] DEBUG:colcon.colcon_core.verb:Building package 'action_client' with the following arguments: {'ament_cmake_args': None, 'build_base': '/home/ryan/Desktop/FleetGlue/ros2_ws/build/action_client', 'catkin_cmake_args': None, 'catkin_skip_building_tests': False, 'cmake_args': None, 'cmake_clean_cache': False, 'cmake_clean_first': False, 'cmake_force_configure': False, 'cmake_target': None, 'cmake_target_skip_unavailable': False, 'install_base': '/home/ryan/Desktop/FleetGlue/ros2_ws/install/action_client', 'merge_install': False, 'path': '/home/ryan/Desktop/FleetGlue/ros2_ws/src/action_client', 'symlink_install': False, 'test_result_base': None}
[0.292s] Level 5:colcon.colcon_core.verb:set package 'action_server' build argument 'cmake_args' from command line to 'None'
[0.292s] Level 5:colcon.colcon_core.verb:set package 'action_server' build argument 'cmake_target' from command line to 'None'
[0.292s] Level 5:colcon.colcon_core.verb:set package 'action_server' build argument 'cmake_target_skip_unavailable' from command line to 'False'
[0.292s] Level 5:colcon.colcon_core.verb:set package 'action_server' build argument 'cmake_clean_cache' from command line to 'False'
[0.292s] Level 5:colcon.colcon_core.verb:set package 'action_server' build argument 'cmake_clean_first' from command line to 'False'
[0.292s] Level 5:colcon.colcon_core.verb:set package 'action_server' build argument 'cmake_force_configure' from command line to 'False'
[0.292s] Level 5:colcon.colcon_core.verb:set package 'action_server' build argument 'ament_cmake_args' from command line to 'None'
[0.293s] Level 5:colcon.colcon_core.verb:set package 'action_server' build argument 'catkin_cmake_args' from command line to 'None'
[0.293s] Level 5:colcon.colcon_core.verb:set package 'action_server' build argument 'catkin_skip_building_tests' from command line to 'False'
[0.293s] DEBUG:colcon.colcon_core.verb:Building package 'action_server' with the following arguments: {'ament_cmake_args': None, 'build_base': '/home/ryan/Desktop/FleetGlue/ros2_ws/build/action_server', 'catkin_cmake_args': None, 'catkin_skip_building_tests': False, 'cmake_args': None, 'cmake_clean_cache': False, 'cmake_clean_first': False, 'cmake_force_configure': False, 'cmake_target': None, 'cmake_target_skip_unavailable': False, 'install_base': '/home/ryan/Desktop/FleetGlue/ros2_ws/install/action_server', 'merge_install': False, 'path': '/home/ryan/Desktop/FleetGlue/ros2_ws/src/action_server', 'symlink_install': False, 'test_result_base': None}
[0.293s] Level 5:colcon.colcon_core.verb:set package 'custom_interfaces' build argument 'cmake_args' from command line to 'None'
[0.293s] Level 5:colcon.colcon_core.verb:set package 'custom_interfaces' build argument 'cmake_target' from command line to 'None'
[0.293s] Level 5:colcon.colcon_core.verb:set package 'custom_interfaces' build argument 'cmake_target_skip_unavailable' from command line to 'False'
[0.293s] Level 5:colcon.colcon_core.verb:set package 'custom_interfaces' build argument 'cmake_clean_cache' from command line to 'False'
[0.293s] Level 5:colcon.colcon_core.verb:set package 'custom_interfaces' build argument 'cmake_clean_first' from command line to 'False'
[0.293s] Level 5:colcon.colcon_core.verb:set package 'custom_interfaces' build argument 'cmake_force_configure' from command line to 'False'
[0.293s] Level 5:colcon.colcon_core.verb:set package 'custom_interfaces' build argument 'ament_cmake_args' from command line to 'None'
[0.293s] Level 5:colcon.colcon_core.verb:set package 'custom_interfaces' build argument 'catkin_cmake_args' from command line to 'None'
[0.293s] Level 5:colcon.colcon_core.verb:set package 'custom_interfaces' build argument 'catkin_skip_building_tests' from command line to 'False'
[0.293s] DEBUG:colcon.colcon_core.verb:Building package 'custom_interfaces' with the following arguments: {'ament_cmake_args': None, 'build_base': '/home/ryan/Desktop/FleetGlue/ros2_ws/build/custom_interfaces', 'catkin_cmake_args': None, 'catkin_skip_building_tests': False, 'cmake_args': None, 'cmake_clean_cache': False, 'cmake_clean_first': False, 'cmake_force_configure': False, 'cmake_target': None, 'cmake_target_skip_unavailable': False, 'install_base': '/home/ryan/Desktop/FleetGlue/ros2_ws/install/custom_interfaces', 'merge_install': False, 'path': '/home/ryan/Desktop/FleetGlue/ros2_ws/src/custom_interfaces', 'symlink_install': False, 'test_result_base': None}
[0.293s] Level 5:colcon.colcon_core.verb:set package 'poem_bringup' build argument 'cmake_args' from command line to 'None'
[0.293s] Level 5:colcon.colcon_core.verb:set package 'poem_bringup' build argument 'cmake_target' from command line to 'None'
[0.293s] Level 5:colcon.colcon_core.verb:set package 'poem_bringup' build argument 'cmake_target_skip_unavailable' from command line to 'False'
[0.293s] Level 5:colcon.colcon_core.verb:set package 'poem_bringup' build argument 'cmake_clean_cache' from command line to 'False'
[0.293s] Level 5:colcon.colcon_core.verb:set package 'poem_bringup' build argument 'cmake_clean_first' from command line to 'False'
[0.293s] Level 5:colcon.colcon_core.verb:set package 'poem_bringup' build argument 'cmake_force_configure' from command line to 'False'
[0.293s] Level 5:colcon.colcon_core.verb:set package 'poem_bringup' build argument 'ament_cmake_args' from command line to 'None'
[0.293s] Level 5:colcon.colcon_core.verb:set package 'poem_bringup' build argument 'catkin_cmake_args' from command line to 'None'
[0.293s] Level 5:colcon.colcon_core.verb:set package 'poem_bringup' build argument 'catkin_skip_building_tests' from command line to 'False'
[0.293s] DEBUG:colcon.colcon_core.verb:Building package 'poem_bringup' with the following arguments: {'ament_cmake_args': None, 'build_base': '/home/ryan/Desktop/FleetGlue/ros2_ws/build/poem_bringup', 'catkin_cmake_args': None, 'catkin_skip_building_tests': False, 'cmake_args': None, 'cmake_clean_cache': False, 'cmake_clean_first': False, 'cmake_force_configure': False, 'cmake_target': None, 'cmake_target_skip_unavailable': False, 'install_base': '/home/ryan/Desktop/FleetGlue/ros2_ws/install/poem_bringup', 'merge_install': False, 'path': '/home/ryan/Desktop/FleetGlue/ros2_ws/src/poem_bringup', 'symlink_install': False, 'test_result_base': None}
[0.293s] INFO:colcon.colcon_core.executor:Executing jobs using 'parallel' executor
[0.294s] DEBUG:colcon.colcon_parallel_executor.executor.parallel:run_until_complete
[0.295s] INFO:colcon.colcon_ros.task.ament_python.build:Building ROS package in '/home/ryan/Desktop/FleetGlue/ros2_ws/src/action_client' with build type 'ament_python'
[0.295s] Level 1:colcon.colcon_core.shell:create_environment_hook('action_client', 'ament_prefix_path')
[0.296s] INFO:colcon.colcon_core.plugin_system:Skipping extension 'colcon_core.shell.bat': Not used on non-Windows systems
[0.297s] INFO:colcon.colcon_core.shell:Creating environment hook '/home/ryan/Desktop/FleetGlue/ros2_ws/install/action_client/share/action_client/hook/ament_prefix_path.ps1'
[0.297s] INFO:colcon.colcon_core.shell:Creating environment descriptor '/home/ryan/Desktop/FleetGlue/ros2_ws/install/action_client/share/action_client/hook/ament_prefix_path.dsv'
[0.297s] INFO:colcon.colcon_core.shell:Creating environment hook '/home/ryan/Desktop/FleetGlue/ros2_ws/install/action_client/share/action_client/hook/ament_prefix_path.sh'
[0.298s] INFO:colcon.colcon_core.shell:Skip shell extension 'powershell' for command environment: Not usable outside of PowerShell
[0.298s] DEBUG:colcon.colcon_core.shell:Skip shell extension 'dsv' for command environment
[0.301s] INFO:colcon.colcon_ros.task.ament_python.build:Building ROS package in '/home/ryan/Desktop/FleetGlue/ros2_ws/src/action_server' with build type 'ament_python'
[0.301s] Level 1:colcon.colcon_core.shell:create_environment_hook('action_server', 'ament_prefix_path')
[0.301s] INFO:colcon.colcon_core.shell:Creating environment hook '/home/ryan/Desktop/FleetGlue/ros2_ws/install/action_server/share/action_server/hook/ament_prefix_path.ps1'
[0.302s] INFO:colcon.colcon_core.shell:Creating environment descriptor '/home/ryan/Desktop/FleetGlue/ros2_ws/install/action_server/share/action_server/hook/ament_prefix_path.dsv'
[0.302s] INFO:colcon.colcon_core.shell:Creating environment hook '/home/ryan/Desktop/FleetGlue/ros2_ws/install/action_server/share/action_server/hook/ament_prefix_path.sh'
[0.302s] INFO:colcon.colcon_core.shell:Skip shell extension 'powershell' for command environment: Not usable outside of PowerShell
[0.303s] DEBUG:colcon.colcon_core.shell:Skip shell extension 'dsv' for command environment
[0.305s] INFO:colcon.colcon_ros.task.ament_cmake.build:Building ROS package in '/home/ryan/Desktop/FleetGlue/ros2_ws/src/custom_interfaces' with build type 'ament_cmake'
[0.305s] INFO:colcon.colcon_cmake.task.cmake.build:Building CMake package in '/home/ryan/Desktop/FleetGlue/ros2_ws/src/custom_interfaces'
[0.305s] INFO:colcon.colcon_core.shell:Skip shell extension 'powershell' for command environment: Not usable outside of PowerShell
[0.306s] DEBUG:colcon.colcon_core.shell:Skip shell extension 'dsv' for command environment
[0.308s] INFO:colcon.colcon_ros.task.ament_cmake.build:Building ROS package in '/home/ryan/Desktop/FleetGlue/ros2_ws/src/poem_bringup' with build type 'ament_cmake'
[0.308s] INFO:colcon.colcon_cmake.task.cmake.build:Building CMake package in '/home/ryan/Desktop/FleetGlue/ros2_ws/src/poem_bringup'
[0.309s] INFO:colcon.colcon_core.shell:Skip shell extension 'powershell' for command environment: Not usable outside of PowerShell
[0.309s] DEBUG:colcon.colcon_core.shell:Skip shell extension 'dsv' for command environment
[0.513s] INFO:colcon.colcon_core.task.python.build:Building Python package in '/home/ryan/Desktop/FleetGlue/ros2_ws/src/action_client'
[0.513s] INFO:colcon.colcon_core.shell:Skip shell extension 'powershell' for command environment: Not usable outside of PowerShell
[0.514s] DEBUG:colcon.colcon_core.shell:Skip shell extension 'dsv' for command environment
[0.722s] INFO:colcon.colcon_core.task.python.build:Building Python package in '/home/ryan/Desktop/FleetGlue/ros2_ws/src/action_server'
[0.722s] INFO:colcon.colcon_core.shell:Skip shell extension 'powershell' for command environment: Not usable outside of PowerShell
[0.722s] DEBUG:colcon.colcon_core.shell:Skip shell extension 'dsv' for command environment
[0.729s] DEBUG:colcon.colcon_core.event_handler.log_command:Invoking command in '/home/ryan/Desktop/FleetGlue/ros2_ws/build/custom_interfaces': CMAKE_PREFIX_PATH=${CMAKE_PREFIX_PATH}:/home/ryan/Desktop/FleetGlue/ros2_ws/install/action_server:/home/ryan/Desktop/FleetGlue/ros2_ws/install/action_client:/home/ryan/Desktop/ROSPoems/ros2_ws/install/poem_actions:/home/ryan/Desktop/FleetGlue/ros2_ws/install/poem_actions:/home/ryan/ros2_ws/install/actions_py:/home/ryan/ros2_ws/install/my_py_pkg:/opt/ros/iron CONDA_PROMPT_MODIFIER=(base) /usr/bin/cmake --build /home/ryan/Desktop/FleetGlue/ros2_ws/build/custom_interfaces -- -j16 -l16
[0.732s] DEBUG:colcon.colcon_core.event_handler.log_command:Invoking command in '/home/ryan/Desktop/FleetGlue/ros2_ws/build/poem_bringup': CMAKE_PREFIX_PATH=${CMAKE_PREFIX_PATH}:/home/ryan/Desktop/FleetGlue/ros2_ws/install/action_server:/home/ryan/Desktop/FleetGlue/ros2_ws/install/action_client:/home/ryan/Desktop/ROSPoems/ros2_ws/install/poem_actions:/home/ryan/Desktop/FleetGlue/ros2_ws/install/poem_actions:/home/ryan/ros2_ws/install/actions_py:/home/ryan/ros2_ws/install/my_py_pkg:/opt/ros/iron CONDA_PROMPT_MODIFIER=(base) /usr/bin/cmake --build /home/ryan/Desktop/FleetGlue/ros2_ws/build/poem_bringup -- -j16 -l16
[0.768s] DEBUG:colcon.colcon_core.event_handler.log_command:Invoked command in '/home/ryan/Desktop/FleetGlue/ros2_ws/build/poem_bringup' returned '0': CMAKE_PREFIX_PATH=${CMAKE_PREFIX_PATH}:/home/ryan/Desktop/FleetGlue/ros2_ws/install/action_server:/home/ryan/Desktop/FleetGlue/ros2_ws/install/action_client:/home/ryan/Desktop/ROSPoems/ros2_ws/install/poem_actions:/home/ryan/Desktop/FleetGlue/ros2_ws/install/poem_actions:/home/ryan/ros2_ws/install/actions_py:/home/ryan/ros2_ws/install/my_py_pkg:/opt/ros/iron CONDA_PROMPT_MODIFIER=(base) /usr/bin/cmake --build /home/ryan/Desktop/FleetGlue/ros2_ws/build/poem_bringup -- -j16 -l16
[0.798s] DEBUG:colcon.colcon_core.event_handler.log_command:Invoking command in '/home/ryan/Desktop/FleetGlue/ros2_ws/build/poem_bringup': CMAKE_PREFIX_PATH=${CMAKE_PREFIX_PATH}:/home/ryan/Desktop/FleetGlue/ros2_ws/install/action_server:/home/ryan/Desktop/FleetGlue/ros2_ws/install/action_client:/home/ryan/Desktop/ROSPoems/ros2_ws/install/poem_actions:/home/ryan/Desktop/FleetGlue/ros2_ws/install/poem_actions:/home/ryan/ros2_ws/install/actions_py:/home/ryan/ros2_ws/install/my_py_pkg:/opt/ros/iron CONDA_PROMPT_MODIFIER=(base) /usr/bin/cmake --install /home/ryan/Desktop/FleetGlue/ros2_ws/build/poem_bringup
[0.810s] Level 1:colcon.colcon_core.environment:create_environment_scripts_only(poem_bringup)
[0.812s] DEBUG:colcon.colcon_core.event_handler.log_command:Invoked command in '/home/ryan/Desktop/FleetGlue/ros2_ws/build/poem_bringup' returned '0': CMAKE_PREFIX_PATH=${CMAKE_PREFIX_PATH}:/home/ryan/Desktop/FleetGlue/ros2_ws/install/action_server:/home/ryan/Desktop/FleetGlue/ros2_ws/install/action_client:/home/ryan/Desktop/ROSPoems/ros2_ws/install/poem_actions:/home/ryan/Desktop/FleetGlue/ros2_ws/install/poem_actions:/home/ryan/ros2_ws/install/actions_py:/home/ryan/ros2_ws/install/my_py_pkg:/opt/ros/iron CONDA_PROMPT_MODIFIER=(base) /usr/bin/cmake --install /home/ryan/Desktop/FleetGlue/ros2_ws/build/poem_bringup
[0.814s] Level 1:colcon.colcon_core.environment:checking '/home/ryan/Desktop/FleetGlue/ros2_ws/install/poem_bringup' for CMake module files
[0.815s] Level 1:colcon.colcon_core.environment:checking '/home/ryan/Desktop/FleetGlue/ros2_ws/install/poem_bringup' for CMake config files
[0.815s] Level 1:colcon.colcon_core.shell:create_environment_hook('poem_bringup', 'cmake_prefix_path')
[0.816s] INFO:colcon.colcon_core.shell:Creating environment hook '/home/ryan/Desktop/FleetGlue/ros2_ws/install/poem_bringup/share/poem_bringup/hook/cmake_prefix_path.ps1'
[0.816s] INFO:colcon.colcon_core.shell:Creating environment descriptor '/home/ryan/Desktop/FleetGlue/ros2_ws/install/poem_bringup/share/poem_bringup/hook/cmake_prefix_path.dsv'
[0.817s] INFO:colcon.colcon_core.shell:Creating environment hook '/home/ryan/Desktop/FleetGlue/ros2_ws/install/poem_bringup/share/poem_bringup/hook/cmake_prefix_path.sh'
[0.818s] Level 1:colcon.colcon_core.environment:checking '/home/ryan/Desktop/FleetGlue/ros2_ws/install/poem_bringup/bin'
[0.818s] Level 1:colcon.colcon_core.environment:checking '/home/ryan/Desktop/FleetGlue/ros2_ws/install/poem_bringup/lib/pkgconfig/poem_bringup.pc'
[0.818s] Level 1:colcon.colcon_core.environment:checking '/home/ryan/Desktop/FleetGlue/ros2_ws/install/poem_bringup/lib/python3.10/site-packages'
[0.818s] Level 1:colcon.colcon_core.environment:checking '/home/ryan/Desktop/FleetGlue/ros2_ws/install/poem_bringup/bin'
[0.819s] INFO:colcon.colcon_core.shell:Creating package script '/home/ryan/Desktop/FleetGlue/ros2_ws/install/poem_bringup/share/poem_bringup/package.ps1'
[0.820s] INFO:colcon.colcon_core.shell:Creating package descriptor '/home/ryan/Desktop/FleetGlue/ros2_ws/install/poem_bringup/share/poem_bringup/package.dsv'
[0.821s] INFO:colcon.colcon_core.shell:Creating package script '/home/ryan/Desktop/FleetGlue/ros2_ws/install/poem_bringup/share/poem_bringup/package.sh'
[0.821s] INFO:colcon.colcon_core.shell:Creating package script '/home/ryan/Desktop/FleetGlue/ros2_ws/install/poem_bringup/share/poem_bringup/package.bash'
[0.823s] INFO:colcon.colcon_core.shell:Creating package script '/home/ryan/Desktop/FleetGlue/ros2_ws/install/poem_bringup/share/poem_bringup/package.zsh'
[0.824s] Level 1:colcon.colcon_core.environment:create_file_with_runtime_dependencies(/home/ryan/Desktop/FleetGlue/ros2_ws/install/poem_bringup/share/colcon-core/packages/poem_bringup)
[0.846s] Level 1:colcon.colcon_core.environment:create_environment_scripts_only(poem_bringup)
[0.846s] Level 1:colcon.colcon_core.environment:checking '/home/ryan/Desktop/FleetGlue/ros2_ws/install/poem_bringup' for CMake module files
[0.847s] Level 1:colcon.colcon_core.environment:checking '/home/ryan/Desktop/FleetGlue/ros2_ws/install/poem_bringup' for CMake config files
[0.847s] Level 1:colcon.colcon_core.shell:create_environment_hook('poem_bringup', 'cmake_prefix_path')
[0.847s] INFO:colcon.colcon_core.shell:Creating environment hook '/home/ryan/Desktop/FleetGlue/ros2_ws/install/poem_bringup/share/poem_bringup/hook/cmake_prefix_path.ps1'
[0.848s] INFO:colcon.colcon_core.shell:Creating environment descriptor '/home/ryan/Desktop/FleetGlue/ros2_ws/install/poem_bringup/share/poem_bringup/hook/cmake_prefix_path.dsv'
[0.848s] INFO:colcon.colcon_core.shell:Creating environment hook '/home/ryan/Desktop/FleetGlue/ros2_ws/install/poem_bringup/share/poem_bringup/hook/cmake_prefix_path.sh'
[0.849s] Level 1:colcon.colcon_core.environment:checking '/home/ryan/Desktop/FleetGlue/ros2_ws/install/poem_bringup/bin'
[0.849s] Level 1:colcon.colcon_core.environment:checking '/home/ryan/Desktop/FleetGlue/ros2_ws/install/poem_bringup/lib/pkgconfig/poem_bringup.pc'
[0.849s] Level 1:colcon.colcon_core.environment:checking '/home/ryan/Desktop/FleetGlue/ros2_ws/install/poem_bringup/lib/python3.10/site-packages'
[0.849s] Level 1:colcon.colcon_core.environment:checking '/home/ryan/Desktop/FleetGlue/ros2_ws/install/poem_bringup/bin'
[0.850s] INFO:colcon.colcon_core.shell:Creating package script '/home/ryan/Desktop/FleetGlue/ros2_ws/install/poem_bringup/share/poem_bringup/package.ps1'
[0.850s] INFO:colcon.colcon_core.shell:Creating package descriptor '/home/ryan/Desktop/FleetGlue/ros2_ws/install/poem_bringup/share/poem_bringup/package.dsv'
[0.850s] INFO:colcon.colcon_core.shell:Creating package script '/home/ryan/Desktop/FleetGlue/ros2_ws/install/poem_bringup/share/poem_bringup/package.sh'
[0.851s] INFO:colcon.colcon_core.shell:Creating package script '/home/ryan/Desktop/FleetGlue/ros2_ws/install/poem_bringup/share/poem_bringup/package.bash'
[0.851s] INFO:colcon.colcon_core.shell:Creating package script '/home/ryan/Desktop/FleetGlue/ros2_ws/install/poem_bringup/share/poem_bringup/package.zsh'
[0.851s] Level 1:colcon.colcon_core.environment:create_file_with_runtime_dependencies(/home/ryan/Desktop/FleetGlue/ros2_ws/install/poem_bringup/share/colcon-core/packages/poem_bringup)
[1.032s] DEBUG:colcon.colcon_core.event_handler.log_command:Invoking command in '/home/ryan/Desktop/FleetGlue/ros2_ws/src/action_server': CONDA_PROMPT_MODIFIER=(base) PYTHONPATH=/home/ryan/Desktop/FleetGlue/ros2_ws/build/action_server/prefix_override:/usr/lib/python3/dist-packages/colcon_core/task/python/colcon_distutils_commands:/home/ryan/Desktop/FleetGlue/ros2_ws/install/action_server/lib/python3.10/site-packages:${PYTHONPATH} /usr/bin/python3 -W ignore:setup.py install is deprecated setup.py egg_info --egg-base ../../build/action_server build --build-base /home/ryan/Desktop/FleetGlue/ros2_ws/build/action_server/build install --record /home/ryan/Desktop/FleetGlue/ros2_ws/build/action_server/install.log --single-version-externally-managed install_data
[1.033s] DEBUG:colcon.colcon_core.event_handler.log_command:Invoking command in '/home/ryan/Desktop/FleetGlue/ros2_ws/src/action_client': CONDA_PROMPT_MODIFIER=(base) PYTHONPATH=/home/ryan/Desktop/FleetGlue/ros2_ws/build/action_client/prefix_override:/usr/lib/python3/dist-packages/colcon_core/task/python/colcon_distutils_commands:/home/ryan/Desktop/FleetGlue/ros2_ws/install/action_client/lib/python3.10/site-packages:${PYTHONPATH} /usr/bin/python3 -W ignore:setup.py install is deprecated setup.py egg_info --egg-base ../../build/action_client build --build-base /home/ryan/Desktop/FleetGlue/ros2_ws/build/action_client/build install --record /home/ryan/Desktop/FleetGlue/ros2_ws/build/action_client/install.log --single-version-externally-managed install_data
[1.057s] DEBUG:colcon.colcon_core.event_handler.log_command:Invoked command in '/home/ryan/Desktop/FleetGlue/ros2_ws/build/custom_interfaces' returned '0': CMAKE_PREFIX_PATH=${CMAKE_PREFIX_PATH}:/home/ryan/Desktop/FleetGlue/ros2_ws/install/action_server:/home/ryan/Desktop/FleetGlue/ros2_ws/install/action_client:/home/ryan/Desktop/ROSPoems/ros2_ws/install/poem_actions:/home/ryan/Desktop/FleetGlue/ros2_ws/install/poem_actions:/home/ryan/ros2_ws/install/actions_py:/home/ryan/ros2_ws/install/my_py_pkg:/opt/ros/iron CONDA_PROMPT_MODIFIER=(base) /usr/bin/cmake --build /home/ryan/Desktop/FleetGlue/ros2_ws/build/custom_interfaces -- -j16 -l16
[1.119s] DEBUG:colcon.colcon_core.event_handler.log_command:Invoking command in '/home/ryan/Desktop/FleetGlue/ros2_ws/build/custom_interfaces': CMAKE_PREFIX_PATH=${CMAKE_PREFIX_PATH}:/home/ryan/Desktop/FleetGlue/ros2_ws/install/action_server:/home/ryan/Desktop/FleetGlue/ros2_ws/install/action_client:/home/ryan/Desktop/ROSPoems/ros2_ws/install/poem_actions:/home/ryan/Desktop/FleetGlue/ros2_ws/install/poem_actions:/home/ryan/ros2_ws/install/actions_py:/home/ryan/ros2_ws/install/my_py_pkg:/opt/ros/iron CONDA_PROMPT_MODIFIER=(base) /usr/bin/cmake --install /home/ryan/Desktop/FleetGlue/ros2_ws/build/custom_interfaces
[1.167s] Level 1:colcon.colcon_core.environment:create_environment_scripts_only(custom_interfaces)
[1.167s] Level 1:colcon.colcon_core.environment:checking '/home/ryan/Desktop/FleetGlue/ros2_ws/install/custom_interfaces' for CMake module files
[1.168s] DEBUG:colcon.colcon_core.event_handler.log_command:Invoked command in '/home/ryan/Desktop/FleetGlue/ros2_ws/build/custom_interfaces' returned '0': CMAKE_PREFIX_PATH=${CMAKE_PREFIX_PATH}:/home/ryan/Desktop/FleetGlue/ros2_ws/install/action_server:/home/ryan/Desktop/FleetGlue/ros2_ws/install/action_client:/home/ryan/Desktop/ROSPoems/ros2_ws/install/poem_actions:/home/ryan/Desktop/FleetGlue/ros2_ws/install/poem_actions:/home/ryan/ros2_ws/install/actions_py:/home/ryan/ros2_ws/install/my_py_pkg:/opt/ros/iron CONDA_PROMPT_MODIFIER=(base) /usr/bin/cmake --install /home/ryan/Desktop/FleetGlue/ros2_ws/build/custom_interfaces
[1.168s] Level 1:colcon.colcon_core.environment:checking '/home/ryan/Desktop/FleetGlue/ros2_ws/install/custom_interfaces' for CMake config files
[1.169s] Level 1:colcon.colcon_core.shell:create_environment_hook('custom_interfaces', 'cmake_prefix_path')
[1.169s] INFO:colcon.colcon_core.shell:Creating environment hook '/home/ryan/Desktop/FleetGlue/ros2_ws/install/custom_interfaces/share/custom_interfaces/hook/cmake_prefix_path.ps1'
[1.169s] INFO:colcon.colcon_core.shell:Creating environment descriptor '/home/ryan/Desktop/FleetGlue/ros2_ws/install/custom_interfaces/share/custom_interfaces/hook/cmake_prefix_path.dsv'
[1.170s] INFO:colcon.colcon_core.shell:Creating environment hook '/home/ryan/Desktop/FleetGlue/ros2_ws/install/custom_interfaces/share/custom_interfaces/hook/cmake_prefix_path.sh'
[1.170s] Level 1:colcon.colcon_core.environment:checking '/home/ryan/Desktop/FleetGlue/ros2_ws/install/custom_interfaces/lib'
[1.170s] Level 1:colcon.colcon_core.shell:create_environment_hook('custom_interfaces', 'ld_library_path_lib')
[1.170s] INFO:colcon.colcon_core.shell:Creating environment hook '/home/ryan/Desktop/FleetGlue/ros2_ws/install/custom_interfaces/share/custom_interfaces/hook/ld_library_path_lib.ps1'
[1.171s] INFO:colcon.colcon_core.shell:Creating environment descriptor '/home/ryan/Desktop/FleetGlue/ros2_ws/install/custom_interfaces/share/custom_interfaces/hook/ld_library_path_lib.dsv'
[1.171s] INFO:colcon.colcon_core.shell:Creating environment hook '/home/ryan/Desktop/FleetGlue/ros2_ws/install/custom_interfaces/share/custom_interfaces/hook/ld_library_path_lib.sh'
[1.171s] Level 1:colcon.colcon_core.environment:checking '/home/ryan/Desktop/FleetGlue/ros2_ws/install/custom_interfaces/bin'
[1.171s] Level 1:colcon.colcon_core.environment:checking '/home/ryan/Desktop/FleetGlue/ros2_ws/install/custom_interfaces/lib/pkgconfig/custom_interfaces.pc'
[1.172s] Level 1:colcon.colcon_core.environment:checking '/home/ryan/Desktop/FleetGlue/ros2_ws/install/custom_interfaces/lib/python3.10/site-packages'
[1.172s] Level 1:colcon.colcon_core.shell:create_environment_hook('custom_interfaces', 'pythonpath')
[1.172s] INFO:colcon.colcon_core.shell:Creating environment hook '/home/ryan/Desktop/FleetGlue/ros2_ws/install/custom_interfaces/share/custom_interfaces/hook/pythonpath.ps1'
[1.172s] INFO:colcon.colcon_core.shell:Creating environment descriptor '/home/ryan/Desktop/FleetGlue/ros2_ws/install/custom_interfaces/share/custom_interfaces/hook/pythonpath.dsv'
[1.172s] INFO:colcon.colcon_core.shell:Creating environment hook '/home/ryan/Desktop/FleetGlue/ros2_ws/install/custom_interfaces/share/custom_interfaces/hook/pythonpath.sh'
[1.173s] Level 1:colcon.colcon_core.environment:checking '/home/ryan/Desktop/FleetGlue/ros2_ws/install/custom_interfaces/bin'
[1.173s] INFO:colcon.colcon_core.shell:Creating package script '/home/ryan/Desktop/FleetGlue/ros2_ws/install/custom_interfaces/share/custom_interfaces/package.ps1'
[1.174s] INFO:colcon.colcon_core.shell:Creating package descriptor '/home/ryan/Desktop/FleetGlue/ros2_ws/install/custom_interfaces/share/custom_interfaces/package.dsv'
[1.174s] INFO:colcon.colcon_core.shell:Creating package script '/home/ryan/Desktop/FleetGlue/ros2_ws/install/custom_interfaces/share/custom_interfaces/package.sh'
[1.174s] INFO:colcon.colcon_core.shell:Creating package script '/home/ryan/Desktop/FleetGlue/ros2_ws/install/custom_interfaces/share/custom_interfaces/package.bash'
[1.174s] INFO:colcon.colcon_core.shell:Creating package script '/home/ryan/Desktop/FleetGlue/ros2_ws/install/custom_interfaces/share/custom_interfaces/package.zsh'
[1.175s] Level 1:colcon.colcon_core.environment:create_file_with_runtime_dependencies(/home/ryan/Desktop/FleetGlue/ros2_ws/install/custom_interfaces/share/colcon-core/packages/custom_interfaces)
[1.236s] Level 1:colcon.colcon_core.environment:create_environment_scripts_only(custom_interfaces)
[1.236s] Level 1:colcon.colcon_core.environment:checking '/home/ryan/Desktop/FleetGlue/ros2_ws/install/custom_interfaces' for CMake module files
[1.237s] Level 1:colcon.colcon_core.environment:checking '/home/ryan/Desktop/FleetGlue/ros2_ws/install/custom_interfaces' for CMake config files
[1.237s] Level 1:colcon.colcon_core.shell:create_environment_hook('custom_interfaces', 'cmake_prefix_path')
[1.237s] INFO:colcon.colcon_core.shell:Creating environment hook '/home/ryan/Desktop/FleetGlue/ros2_ws/install/custom_interfaces/share/custom_interfaces/hook/cmake_prefix_path.ps1'
[1.238s] INFO:colcon.colcon_core.shell:Creating environment descriptor '/home/ryan/Desktop/FleetGlue/ros2_ws/install/custom_interfaces/share/custom_interfaces/hook/cmake_prefix_path.dsv'
[1.238s] INFO:colcon.colcon_core.shell:Creating environment hook '/home/ryan/Desktop/FleetGlue/ros2_ws/install/custom_interfaces/share/custom_interfaces/hook/cmake_prefix_path.sh'
[1.238s] Level 1:colcon.colcon_core.environment:checking '/home/ryan/Desktop/FleetGlue/ros2_ws/install/custom_interfaces/lib'
[1.238s] Level 1:colcon.colcon_core.shell:create_environment_hook('custom_interfaces', 'ld_library_path_lib')
[1.239s] INFO:colcon.colcon_core.shell:Creating environment hook '/home/ryan/Desktop/FleetGlue/ros2_ws/install/custom_interfaces/share/custom_interfaces/hook/ld_library_path_lib.ps1'
[1.239s] INFO:colcon.colcon_core.shell:Creating environment descriptor '/home/ryan/Desktop/FleetGlue/ros2_ws/install/custom_interfaces/share/custom_interfaces/hook/ld_library_path_lib.dsv'
[1.239s] INFO:colcon.colcon_core.shell:Creating environment hook '/home/ryan/Desktop/FleetGlue/ros2_ws/install/custom_interfaces/share/custom_interfaces/hook/ld_library_path_lib.sh'
[1.239s] Level 1:colcon.colcon_core.environment:checking '/home/ryan/Desktop/FleetGlue/ros2_ws/install/custom_interfaces/bin'
[1.239s] Level 1:colcon.colcon_core.environment:checking '/home/ryan/Desktop/FleetGlue/ros2_ws/install/custom_interfaces/lib/pkgconfig/custom_interfaces.pc'
[1.240s] Level 1:colcon.colcon_core.environment:checking '/home/ryan/Desktop/FleetGlue/ros2_ws/install/custom_interfaces/lib/python3.10/site-packages'
[1.240s] Level 1:colcon.colcon_core.shell:create_environment_hook('custom_interfaces', 'pythonpath')
[1.240s] INFO:colcon.colcon_core.shell:Creating environment hook '/home/ryan/Desktop/FleetGlue/ros2_ws/install/custom_interfaces/share/custom_interfaces/hook/pythonpath.ps1'
[1.240s] INFO:colcon.colcon_core.shell:Creating environment descriptor '/home/ryan/Desktop/FleetGlue/ros2_ws/install/custom_interfaces/share/custom_interfaces/hook/pythonpath.dsv'
[1.240s] INFO:colcon.colcon_core.shell:Creating environment hook '/home/ryan/Desktop/FleetGlue/ros2_ws/install/custom_interfaces/share/custom_interfaces/hook/pythonpath.sh'
[1.241s] Level 1:colcon.colcon_core.environment:checking '/home/ryan/Desktop/FleetGlue/ros2_ws/install/custom_interfaces/bin'
[1.241s] INFO:colcon.colcon_core.shell:Creating package script '/home/ryan/Desktop/FleetGlue/ros2_ws/install/custom_interfaces/share/custom_interfaces/package.ps1'
[1.242s] INFO:colcon.colcon_core.shell:Creating package descriptor '/home/ryan/Desktop/FleetGlue/ros2_ws/install/custom_interfaces/share/custom_interfaces/package.dsv'
[1.242s] INFO:colcon.colcon_core.shell:Creating package script '/home/ryan/Desktop/FleetGlue/ros2_ws/install/custom_interfaces/share/custom_interfaces/package.sh'
[1.242s] INFO:colcon.colcon_core.shell:Creating package script '/home/ryan/Desktop/FleetGlue/ros2_ws/install/custom_interfaces/share/custom_interfaces/package.bash'
[1.243s] INFO:colcon.colcon_core.shell:Creating package script '/home/ryan/Desktop/FleetGlue/ros2_ws/install/custom_interfaces/share/custom_interfaces/package.zsh'
[1.243s] Level 1:colcon.colcon_core.environment:create_file_with_runtime_dependencies(/home/ryan/Desktop/FleetGlue/ros2_ws/install/custom_interfaces/share/colcon-core/packages/custom_interfaces)
[1.279s] Level 1:colcon.colcon_core.environment:checking '/home/ryan/Desktop/FleetGlue/ros2_ws/install/action_server' for CMake module files
[1.280s] DEBUG:colcon.colcon_core.event_handler.log_command:Invoked command in '/home/ryan/Desktop/FleetGlue/ros2_ws/src/action_server' returned '0': CONDA_PROMPT_MODIFIER=(base) PYTHONPATH=/home/ryan/Desktop/FleetGlue/ros2_ws/build/action_server/prefix_override:/usr/lib/python3/dist-packages/colcon_core/task/python/colcon_distutils_commands:/home/ryan/Desktop/FleetGlue/ros2_ws/install/action_server/lib/python3.10/site-packages:${PYTHONPATH} /usr/bin/python3 -W ignore:setup.py install is deprecated setup.py egg_info --egg-base ../../build/action_server build --build-base /home/ryan/Desktop/FleetGlue/ros2_ws/build/action_server/build install --record /home/ryan/Desktop/FleetGlue/ros2_ws/build/action_server/install.log --single-version-externally-managed install_data
[1.280s] Level 1:colcon.colcon_core.environment:checking '/home/ryan/Desktop/FleetGlue/ros2_ws/install/action_server' for CMake config files
[1.281s] Level 1:colcon.colcon_core.environment:checking '/home/ryan/Desktop/FleetGlue/ros2_ws/install/action_server/lib'
[1.281s] Level 1:colcon.colcon_core.environment:checking '/home/ryan/Desktop/FleetGlue/ros2_ws/install/action_server/bin'
[1.281s] Level 1:colcon.colcon_core.environment:checking '/home/ryan/Desktop/FleetGlue/ros2_ws/install/action_server/lib/pkgconfig/action_server.pc'
[1.281s] Level 1:colcon.colcon_core.environment:checking '/home/ryan/Desktop/FleetGlue/ros2_ws/install/action_server/lib/python3.10/site-packages'
[1.281s] Level 1:colcon.colcon_core.shell:create_environment_hook('action_server', 'pythonpath')
[1.281s] INFO:colcon.colcon_core.shell:Creating environment hook '/home/ryan/Desktop/FleetGlue/ros2_ws/install/action_server/share/action_server/hook/pythonpath.ps1'
[1.281s] INFO:colcon.colcon_core.shell:Creating environment descriptor '/home/ryan/Desktop/FleetGlue/ros2_ws/install/action_server/share/action_server/hook/pythonpath.dsv'
[1.282s] INFO:colcon.colcon_core.shell:Creating environment hook '/home/ryan/Desktop/FleetGlue/ros2_ws/install/action_server/share/action_server/hook/pythonpath.sh'
[1.282s] Level 1:colcon.colcon_core.environment:checking '/home/ryan/Desktop/FleetGlue/ros2_ws/install/action_server/bin'
[1.282s] Level 1:colcon.colcon_core.environment:create_environment_scripts_only(action_server)
[1.282s] INFO:colcon.colcon_core.shell:Creating package script '/home/ryan/Desktop/FleetGlue/ros2_ws/install/action_server/share/action_server/package.ps1'
[1.283s] INFO:colcon.colcon_core.shell:Creating package descriptor '/home/ryan/Desktop/FleetGlue/ros2_ws/install/action_server/share/action_server/package.dsv'
[1.283s] INFO:colcon.colcon_core.shell:Creating package script '/home/ryan/Desktop/FleetGlue/ros2_ws/install/action_server/share/action_server/package.sh'
[1.283s] INFO:colcon.colcon_core.shell:Creating package script '/home/ryan/Desktop/FleetGlue/ros2_ws/install/action_server/share/action_server/package.bash'
[1.284s] INFO:colcon.colcon_core.shell:Creating package script '/home/ryan/Desktop/FleetGlue/ros2_ws/install/action_server/share/action_server/package.zsh'
[1.284s] Level 1:colcon.colcon_core.environment:create_file_with_runtime_dependencies(/home/ryan/Desktop/FleetGlue/ros2_ws/install/action_server/share/colcon-core/packages/action_server)
[1.284s] Level 1:colcon.colcon_core.environment:checking '/home/ryan/Desktop/FleetGlue/ros2_ws/install/action_client' for CMake module files
[1.285s] Level 1:colcon.colcon_core.environment:checking '/home/ryan/Desktop/FleetGlue/ros2_ws/install/action_client' for CMake config files
[1.285s] DEBUG:colcon.colcon_core.event_handler.log_command:Invoked command in '/home/ryan/Desktop/FleetGlue/ros2_ws/src/action_client' returned '0': CONDA_PROMPT_MODIFIER=(base) PYTHONPATH=/home/ryan/Desktop/FleetGlue/ros2_ws/build/action_client/prefix_override:/usr/lib/python3/dist-packages/colcon_core/task/python/colcon_distutils_commands:/home/ryan/Desktop/FleetGlue/ros2_ws/install/action_client/lib/python3.10/site-packages:${PYTHONPATH} /usr/bin/python3 -W ignore:setup.py install is deprecated setup.py egg_info --egg-base ../../build/action_client build --build-base /home/ryan/Desktop/FleetGlue/ros2_ws/build/action_client/build install --record /home/ryan/Desktop/FleetGlue/ros2_ws/build/action_client/install.log --single-version-externally-managed install_data
[1.286s] Level 1:colcon.colcon_core.environment:checking '/home/ryan/Desktop/FleetGlue/ros2_ws/install/action_client/lib'
[1.286s] Level 1:colcon.colcon_core.environment:checking '/home/ryan/Desktop/FleetGlue/ros2_ws/install/action_client/bin'
[1.286s] Level 1:colcon.colcon_core.environment:checking '/home/ryan/Desktop/FleetGlue/ros2_ws/install/action_client/lib/pkgconfig/action_client.pc'
[1.286s] Level 1:colcon.colcon_core.environment:checking '/home/ryan/Desktop/FleetGlue/ros2_ws/install/action_client/lib/python3.10/site-packages'
[1.286s] Level 1:colcon.colcon_core.shell:create_environment_hook('action_client', 'pythonpath')
[1.286s] INFO:colcon.colcon_core.shell:Creating environment hook '/home/ryan/Desktop/FleetGlue/ros2_ws/install/action_client/share/action_client/hook/pythonpath.ps1'
[1.286s] INFO:colcon.colcon_core.shell:Creating environment descriptor '/home/ryan/Desktop/FleetGlue/ros2_ws/install/action_client/share/action_client/hook/pythonpath.dsv'
[1.287s] INFO:colcon.colcon_core.shell:Creating environment hook '/home/ryan/Desktop/FleetGlue/ros2_ws/install/action_client/share/action_client/hook/pythonpath.sh'
[1.287s] Level 1:colcon.colcon_core.environment:checking '/home/ryan/Desktop/FleetGlue/ros2_ws/install/action_client/bin'
[1.287s] Level 1:colcon.colcon_core.environment:create_environment_scripts_only(action_client)
[1.287s] INFO:colcon.colcon_core.shell:Creating package script '/home/ryan/Desktop/FleetGlue/ros2_ws/install/action_client/share/action_client/package.ps1'
[1.287s] INFO:colcon.colcon_core.shell:Creating package descriptor '/home/ryan/Desktop/FleetGlue/ros2_ws/install/action_client/share/action_client/package.dsv'
[1.288s] INFO:colcon.colcon_core.shell:Creating package script '/home/ryan/Desktop/FleetGlue/ros2_ws/install/action_client/share/action_client/package.sh'
[1.288s] INFO:colcon.colcon_core.shell:Creating package script '/home/ryan/Desktop/FleetGlue/ros2_ws/install/action_client/share/action_client/package.bash'
[1.288s] INFO:colcon.colcon_core.shell:Creating package script '/home/ryan/Desktop/FleetGlue/ros2_ws/install/action_client/share/action_client/package.zsh'
[1.289s] Level 1:colcon.colcon_core.environment:create_file_with_runtime_dependencies(/home/ryan/Desktop/FleetGlue/ros2_ws/install/action_client/share/colcon-core/packages/action_client)
[1.289s] DEBUG:colcon.colcon_parallel_executor.executor.parallel:closing loop
[1.289s] DEBUG:colcon.colcon_parallel_executor.executor.parallel:loop closed
[1.289s] DEBUG:colcon.colcon_parallel_executor.executor.parallel:run_until_complete finished with '0'
[1.289s] DEBUG:colcon.colcon_core.event_reactor:joining thread
[1.293s] INFO:colcon.colcon_core.plugin_system:Skipping extension 'colcon_notification.desktop_notification.terminal_notifier': Not used on non-Darwin systems
[1.293s] INFO:colcon.colcon_core.plugin_system:Skipping extension 'colcon_notification.desktop_notification.win32': Not used on non-Windows systems
[1.293s] INFO:colcon.colcon_notification.desktop_notification:Sending desktop notification using 'notify2'
[1.304s] DEBUG:colcon.colcon_core.event_reactor:joined thread
[1.304s] INFO:colcon.colcon_core.shell:Creating prefix script '/home/ryan/Desktop/FleetGlue/ros2_ws/install/local_setup.ps1'
[1.305s] INFO:colcon.colcon_core.shell:Creating prefix util module '/home/ryan/Desktop/FleetGlue/ros2_ws/install/_local_setup_util_ps1.py'
[1.306s] INFO:colcon.colcon_core.shell:Creating prefix chain script '/home/ryan/Desktop/FleetGlue/ros2_ws/install/setup.ps1'
[1.307s] INFO:colcon.colcon_core.shell:Creating prefix script '/home/ryan/Desktop/FleetGlue/ros2_ws/install/local_setup.sh'
[1.308s] INFO:colcon.colcon_core.shell:Creating prefix util module '/home/ryan/Desktop/FleetGlue/ros2_ws/install/_local_setup_util_sh.py'
[1.308s] INFO:colcon.colcon_core.shell:Creating prefix chain script '/home/ryan/Desktop/FleetGlue/ros2_ws/install/setup.sh'
[1.309s] INFO:colcon.colcon_core.shell:Creating prefix script '/home/ryan/Desktop/FleetGlue/ros2_ws/install/local_setup.bash'
[1.310s] INFO:colcon.colcon_core.shell:Creating prefix chain script '/home/ryan/Desktop/FleetGlue/ros2_ws/install/setup.bash'
[1.310s] INFO:colcon.colcon_core.shell:Creating prefix script '/home/ryan/Desktop/FleetGlue/ros2_ws/install/local_setup.zsh'
[1.311s] INFO:colcon.colcon_core.shell:Creating prefix chain script '/home/ryan/Desktop/FleetGlue/ros2_ws/install/setup.zsh'
