[0.078s] DEBUG:colcon:Command line arguments: ['/usr/bin/colcon', 'build']
[0.078s] DEBUG:colcon:Parsed command line arguments: Namespace(log_base=None, log_level=None, verb_name='build', build_base='build', install_base='install', merge_install=False, symlink_install=False, test_result_base=None, continue_on_error=False, executor='parallel', parallel_workers=16, event_handlers=None, ignore_user_meta=False, metas=['./colcon.meta'], base_paths=['.'], packages_ignore=None, packages_ignore_regex=None, paths=None, packages_up_to=None, packages_up_to_regex=None, packages_above=None, packages_above_and_dependencies=None, packages_above_depth=None, packages_select_by_dep=None, packages_skip_by_dep=None, packages_skip_up_to=None, packages_select_build_failed=False, packages_skip_build_finished=False, packages_select_test_failures=False, packages_skip_test_passed=False, packages_select=None, packages_skip=None, packages_select_regex=None, packages_skip_regex=None, packages_start=None, packages_end=None, allow_overriding=[], cmake_args=None, cmake_target=None, cmake_target_skip_unavailable=False, cmake_clean_cache=False, cmake_clean_first=False, cmake_force_configure=False, ament_cmake_args=None, catkin_cmake_args=None, catkin_skip_building_tests=False, verb_parser=<colcon_defaults.argument_parser.defaults.DefaultArgumentsDecorator object at 0x78c364e4d630>, verb_extension=<colcon_core.verb.build.BuildVerb object at 0x78c364e4d0c0>, main=<bound method BuildVerb.main of <colcon_core.verb.build.BuildVerb object at 0x78c364e4d0c0>>)
[0.211s] Level 1:colcon.colcon_core.package_discovery:discover_packages(colcon_meta) check parameters
[0.211s] Level 1:colcon.colcon_core.package_discovery:discover_packages(recursive) check parameters
[0.211s] Level 1:colcon.colcon_core.package_discovery:discover_packages(ignore) check parameters
[0.211s] Level 1:colcon.colcon_core.package_discovery:discover_packages(path) check parameters
[0.211s] Level 1:colcon.colcon_core.package_discovery:discover_packages(colcon_meta) discover
[0.211s] Level 1:colcon.colcon_core.package_discovery:discover_packages(recursive) discover
[0.211s] INFO:colcon.colcon_core.package_discovery:Crawling recursively for packages in '/home/ryan/Desktop/FleetGlue/ros2_ws'
[0.211s] Level 1:colcon.colcon_core.package_identification:_identify(.) by extensions ['ignore', 'ignore_ament_install']
[0.212s] Level 1:colcon.colcon_core.package_identification:_identify(.) by extension 'ignore'
[0.212s] Level 1:colcon.colcon_core.package_identification:_identify(.) by extension 'ignore_ament_install'
[0.212s] Level 1:colcon.colcon_core.package_identification:_identify(.) by extensions ['colcon_pkg']
[0.212s] Level 1:colcon.colcon_core.package_identification:_identify(.) by extension 'colcon_pkg'
[0.212s] Level 1:colcon.colcon_core.package_identification:_identify(.) by extensions ['colcon_meta']
[0.212s] Level 1:colcon.colcon_core.package_identification:_identify(.) by extension 'colcon_meta'
[0.212s] Level 1:colcon.colcon_core.package_identification:_identify(.) by extensions ['ros']
[0.212s] Level 1:colcon.colcon_core.package_identification:_identify(.) by extension 'ros'
[0.220s] Level 1:colcon.colcon_core.package_identification:_identify(.) by extensions ['cmake', 'python']
[0.220s] Level 1:colcon.colcon_core.package_identification:_identify(.) by extension 'cmake'
[0.220s] Level 1:colcon.colcon_core.package_identification:_identify(.) by extension 'python'
[0.220s] Level 1:colcon.colcon_core.package_identification:_identify(.) by extensions ['python_setup_py']
[0.220s] Level 1:colcon.colcon_core.package_identification:_identify(.) by extension 'python_setup_py'
[0.220s] Level 1:colcon.colcon_core.package_identification:_identify(build) by extensions ['ignore', 'ignore_ament_install']
[0.220s] Level 1:colcon.colcon_core.package_identification:_identify(build) by extension 'ignore'
[0.220s] Level 1:colcon.colcon_core.package_identification:_identify(build) ignored
[0.220s] Level 1:colcon.colcon_core.package_identification:_identify(install) by extensions ['ignore', 'ignore_ament_install']
[0.220s] Level 1:colcon.colcon_core.package_identification:_identify(install) by extension 'ignore'
[0.220s] Level 1:colcon.colcon_core.package_identification:_identify(install) ignored
[0.220s] Level 1:colcon.colcon_core.package_identification:_identify(log) by extensions ['ignore', 'ignore_ament_install']
[0.220s] Level 1:colcon.colcon_core.package_identification:_identify(log) by extension 'ignore'
[0.221s] Level 1:colcon.colcon_core.package_identification:_identify(log) ignored
[0.221s] Level 1:colcon.colcon_core.package_identification:_identify(src) by extensions ['ignore', 'ignore_ament_install']
[0.221s] Level 1:colcon.colcon_core.package_identification:_identify(src) by extension 'ignore'
[0.221s] Level 1:colcon.colcon_core.package_identification:_identify(src) by extension 'ignore_ament_install'
[0.221s] Level 1:colcon.colcon_core.package_identification:_identify(src) by extensions ['colcon_pkg']
[0.221s] Level 1:colcon.colcon_core.package_identification:_identify(src) by extension 'colcon_pkg'
[0.221s] Level 1:colcon.colcon_core.package_identification:_identify(src) by extensions ['colcon_meta']
[0.221s] Level 1:colcon.colcon_core.package_identification:_identify(src) by extension 'colcon_meta'
[0.221s] Level 1:colcon.colcon_core.package_identification:_identify(src) by extensions ['ros']
[0.221s] Level 1:colcon.colcon_core.package_identification:_identify(src) by extension 'ros'
[0.221s] Level 1:colcon.colcon_core.package_identification:_identify(src) by extensions ['cmake', 'python']
[0.221s] Level 1:colcon.colcon_core.package_identification:_identify(src) by extension 'cmake'
[0.221s] Level 1:colcon.colcon_core.package_identification:_identify(src) by extension 'python'
[0.221s] Level 1:colcon.colcon_core.package_identification:_identify(src) by extensions ['python_setup_py']
[0.221s] Level 1:colcon.colcon_core.package_identification:_identify(src) by extension 'python_setup_py'
[0.221s] Level 1:colcon.colcon_core.package_identification:_identify(src/custom_interfaces) by extensions ['ignore', 'ignore_ament_install']
[0.221s] Level 1:colcon.colcon_core.package_identification:_identify(src/custom_interfaces) by extension 'ignore'
[0.221s] Level 1:colcon.colcon_core.package_identification:_identify(src/custom_interfaces) by extension 'ignore_ament_install'
[0.221s] Level 1:colcon.colcon_core.package_identification:_identify(src/custom_interfaces) by extensions ['colcon_pkg']
[0.221s] Level 1:colcon.colcon_core.package_identification:_identify(src/custom_interfaces) by extension 'colcon_pkg'
[0.221s] Level 1:colcon.colcon_core.package_identification:_identify(src/custom_interfaces) by extensions ['colcon_meta']
[0.221s] Level 1:colcon.colcon_core.package_identification:_identify(src/custom_interfaces) by extension 'colcon_meta'
[0.221s] Level 1:colcon.colcon_core.package_identification:_identify(src/custom_interfaces) by extensions ['ros']
[0.222s] Level 1:colcon.colcon_core.package_identification:_identify(src/custom_interfaces) by extension 'ros'
[0.223s] DEBUG:colcon.colcon_core.package_identification:Package 'src/custom_interfaces' with type 'ros.ament_cmake' and name 'custom_interfaces'
[0.223s] Level 1:colcon.colcon_core.package_identification:_identify(src/poem_actions) by extensions ['ignore', 'ignore_ament_install']
[0.223s] Level 1:colcon.colcon_core.package_identification:_identify(src/poem_actions) by extension 'ignore'
[0.223s] Level 1:colcon.colcon_core.package_identification:_identify(src/poem_actions) by extension 'ignore_ament_install'
[0.223s] Level 1:colcon.colcon_core.package_identification:_identify(src/poem_actions) by extensions ['colcon_pkg']
[0.223s] Level 1:colcon.colcon_core.package_identification:_identify(src/poem_actions) by extension 'colcon_pkg'
[0.223s] Level 1:colcon.colcon_core.package_identification:_identify(src/poem_actions) by extensions ['colcon_meta']
[0.223s] Level 1:colcon.colcon_core.package_identification:_identify(src/poem_actions) by extension 'colcon_meta'
[0.223s] Level 1:colcon.colcon_core.package_identification:_identify(src/poem_actions) by extensions ['ros']
[0.224s] Level 1:colcon.colcon_core.package_identification:_identify(src/poem_actions) by extension 'ros'
[0.224s] DEBUG:colcon.colcon_core.package_identification:Package 'src/poem_actions' with type 'ros.ament_python' and name 'poem_actions'
[0.224s] Level 1:colcon.colcon_core.package_identification:_identify(src/poem_bringup) by extensions ['ignore', 'ignore_ament_install']
[0.224s] Level 1:colcon.colcon_core.package_identification:_identify(src/poem_bringup) by extension 'ignore'
[0.224s] Level 1:colcon.colcon_core.package_identification:_identify(src/poem_bringup) by extension 'ignore_ament_install'
[0.224s] Level 1:colcon.colcon_core.package_identification:_identify(src/poem_bringup) by extensions ['colcon_pkg']
[0.224s] Level 1:colcon.colcon_core.package_identification:_identify(src/poem_bringup) by extension 'colcon_pkg'
[0.224s] Level 1:colcon.colcon_core.package_identification:_identify(src/poem_bringup) by extensions ['colcon_meta']
[0.224s] Level 1:colcon.colcon_core.package_identification:_identify(src/poem_bringup) by extension 'colcon_meta'
[0.224s] Level 1:colcon.colcon_core.package_identification:_identify(src/poem_bringup) by extensions ['ros']
[0.224s] Level 1:colcon.colcon_core.package_identification:_identify(src/poem_bringup) by extension 'ros'
[0.225s] DEBUG:colcon.colcon_core.package_identification:Package 'src/poem_bringup' with type 'ros.ament_cmake' and name 'poem_bringup'
[0.225s] Level 1:colcon.colcon_core.package_discovery:discover_packages(recursive) using defaults
[0.225s] Level 1:colcon.colcon_core.package_discovery:discover_packages(ignore) discover
[0.225s] Level 1:colcon.colcon_core.package_discovery:discover_packages(ignore) using defaults
[0.225s] Level 1:colcon.colcon_core.package_discovery:discover_packages(path) discover
[0.225s] Level 1:colcon.colcon_core.package_discovery:discover_packages(path) using defaults
[0.250s] Level 1:colcon.colcon_core.package_discovery:discover_packages(prefix_path) check parameters
[0.250s] Level 1:colcon.colcon_core.package_discovery:discover_packages(prefix_path) discover
[0.250s] WARNING:colcon.colcon_core.prefix_path.colcon:The path '/home/ryan/Desktop/ROSPoems/ros2_ws/install' in the environment variable COLCON_PREFIX_PATH doesn't exist
[0.250s] WARNING:colcon.colcon_ros.prefix_path.ament:The path '/home/ryan/Desktop/ROSPoems/ros2_ws/install/poem_actions' in the environment variable AMENT_PREFIX_PATH doesn't exist
[0.251s] WARNING:colcon.colcon_ros.prefix_path.ament:The path '/home/ryan/Desktop/ROSPoems/ros2_ws/install/custom_interfaces' in the environment variable AMENT_PREFIX_PATH doesn't exist
[0.251s] WARNING:colcon.colcon_ros.prefix_path.catkin:The path '/home/ryan/Desktop/ROSPoems/ros2_ws/install/custom_interfaces' in the environment variable CMAKE_PREFIX_PATH doesn't exist
[0.252s] DEBUG:colcon.colcon_installed_package_information.package_discovery:Found 3 installed packages in /home/ryan/Desktop/FleetGlue/ros2_ws/install
[0.252s] DEBUG:colcon.colcon_installed_package_information.package_discovery:Found 4 installed packages in /home/ryan/ros2_ws/install
[0.253s] DEBUG:colcon.colcon_installed_package_information.package_discovery:Found 281 installed packages in /opt/ros/iron
[0.254s] Level 1:colcon.colcon_core.package_discovery:discover_packages(prefix_path) using defaults
[0.284s] Level 5:colcon.colcon_core.verb:set package 'custom_interfaces' build argument 'cmake_args' from command line to 'None'
[0.284s] Level 5:colcon.colcon_core.verb:set package 'custom_interfaces' build argument 'cmake_target' from command line to 'None'
[0.284s] Level 5:colcon.colcon_core.verb:set package 'custom_interfaces' build argument 'cmake_target_skip_unavailable' from command line to 'False'
[0.284s] Level 5:colcon.colcon_core.verb:set package 'custom_interfaces' build argument 'cmake_clean_cache' from command line to 'False'
[0.284s] Level 5:colcon.colcon_core.verb:set package 'custom_interfaces' build argument 'cmake_clean_first' from command line to 'False'
[0.284s] Level 5:colcon.colcon_core.verb:set package 'custom_interfaces' build argument 'cmake_force_configure' from command line to 'False'
[0.284s] Level 5:colcon.colcon_core.verb:set package 'custom_interfaces' build argument 'ament_cmake_args' from command line to 'None'
[0.285s] Level 5:colcon.colcon_core.verb:set package 'custom_interfaces' build argument 'catkin_cmake_args' from command line to 'None'
[0.285s] Level 5:colcon.colcon_core.verb:set package 'custom_interfaces' build argument 'catkin_skip_building_tests' from command line to 'False'
[0.285s] DEBUG:colcon.colcon_core.verb:Building package 'custom_interfaces' with the following arguments: {'ament_cmake_args': None, 'build_base': '/home/ryan/Desktop/FleetGlue/ros2_ws/build/custom_interfaces', 'catkin_cmake_args': None, 'catkin_skip_building_tests': False, 'cmake_args': None, 'cmake_clean_cache': False, 'cmake_clean_first': False, 'cmake_force_configure': False, 'cmake_target': None, 'cmake_target_skip_unavailable': False, 'install_base': '/home/ryan/Desktop/FleetGlue/ros2_ws/install/custom_interfaces', 'merge_install': False, 'path': '/home/ryan/Desktop/FleetGlue/ros2_ws/src/custom_interfaces', 'symlink_install': False, 'test_result_base': None}
[0.285s] Level 5:colcon.colcon_core.verb:set package 'poem_actions' build argument 'cmake_args' from command line to 'None'
[0.285s] Level 5:colcon.colcon_core.verb:set package 'poem_actions' build argument 'cmake_target' from command line to 'None'
[0.285s] Level 5:colcon.colcon_core.verb:set package 'poem_actions' build argument 'cmake_target_skip_unavailable' from command line to 'False'
[0.285s] Level 5:colcon.colcon_core.verb:set package 'poem_actions' build argument 'cmake_clean_cache' from command line to 'False'
[0.285s] Level 5:colcon.colcon_core.verb:set package 'poem_actions' build argument 'cmake_clean_first' from command line to 'False'
[0.285s] Level 5:colcon.colcon_core.verb:set package 'poem_actions' build argument 'cmake_force_configure' from command line to 'False'
[0.285s] Level 5:colcon.colcon_core.verb:set package 'poem_actions' build argument 'ament_cmake_args' from command line to 'None'
[0.285s] Level 5:colcon.colcon_core.verb:set package 'poem_actions' build argument 'catkin_cmake_args' from command line to 'None'
[0.285s] Level 5:colcon.colcon_core.verb:set package 'poem_actions' build argument 'catkin_skip_building_tests' from command line to 'False'
[0.285s] DEBUG:colcon.colcon_core.verb:Building package 'poem_actions' with the following arguments: {'ament_cmake_args': None, 'build_base': '/home/ryan/Desktop/FleetGlue/ros2_ws/build/poem_actions', 'catkin_cmake_args': None, 'catkin_skip_building_tests': False, 'cmake_args': None, 'cmake_clean_cache': False, 'cmake_clean_first': False, 'cmake_force_configure': False, 'cmake_target': None, 'cmake_target_skip_unavailable': False, 'install_base': '/home/ryan/Desktop/FleetGlue/ros2_ws/install/poem_actions', 'merge_install': False, 'path': '/home/ryan/Desktop/FleetGlue/ros2_ws/src/poem_actions', 'symlink_install': False, 'test_result_base': None}
[0.285s] Level 5:colcon.colcon_core.verb:set package 'poem_bringup' build argument 'cmake_args' from command line to 'None'
[0.285s] Level 5:colcon.colcon_core.verb:set package 'poem_bringup' build argument 'cmake_target' from command line to 'None'
[0.285s] Level 5:colcon.colcon_core.verb:set package 'poem_bringup' build argument 'cmake_target_skip_unavailable' from command line to 'False'
[0.285s] Level 5:colcon.colcon_core.verb:set package 'poem_bringup' build argument 'cmake_clean_cache' from command line to 'False'
[0.285s] Level 5:colcon.colcon_core.verb:set package 'poem_bringup' build argument 'cmake_clean_first' from command line to 'False'
[0.285s] Level 5:colcon.colcon_core.verb:set package 'poem_bringup' build argument 'cmake_force_configure' from command line to 'False'
[0.285s] Level 5:colcon.colcon_core.verb:set package 'poem_bringup' build argument 'ament_cmake_args' from command line to 'None'
[0.285s] Level 5:colcon.colcon_core.verb:set package 'poem_bringup' build argument 'catkin_cmake_args' from command line to 'None'
[0.285s] Level 5:colcon.colcon_core.verb:set package 'poem_bringup' build argument 'catkin_skip_building_tests' from command line to 'False'
[0.285s] DEBUG:colcon.colcon_core.verb:Building package 'poem_bringup' with the following arguments: {'ament_cmake_args': None, 'build_base': '/home/ryan/Desktop/FleetGlue/ros2_ws/build/poem_bringup', 'catkin_cmake_args': None, 'catkin_skip_building_tests': False, 'cmake_args': None, 'cmake_clean_cache': False, 'cmake_clean_first': False, 'cmake_force_configure': False, 'cmake_target': None, 'cmake_target_skip_unavailable': False, 'install_base': '/home/ryan/Desktop/FleetGlue/ros2_ws/install/poem_bringup', 'merge_install': False, 'path': '/home/ryan/Desktop/FleetGlue/ros2_ws/src/poem_bringup', 'symlink_install': False, 'test_result_base': None}
[0.286s] INFO:colcon.colcon_core.executor:Executing jobs using 'parallel' executor
[0.286s] DEBUG:colcon.colcon_parallel_executor.executor.parallel:run_until_complete
[0.286s] INFO:colcon.colcon_ros.task.ament_cmake.build:Building ROS package in '/home/ryan/Desktop/FleetGlue/ros2_ws/src/custom_interfaces' with build type 'ament_cmake'
[0.287s] INFO:colcon.colcon_cmake.task.cmake.build:Building CMake package in '/home/ryan/Desktop/FleetGlue/ros2_ws/src/custom_interfaces'
[0.288s] INFO:colcon.colcon_core.plugin_system:Skipping extension 'colcon_core.shell.bat': Not used on non-Windows systems
[0.288s] INFO:colcon.colcon_core.shell:Skip shell extension 'powershell' for command environment: Not usable outside of PowerShell
[0.288s] DEBUG:colcon.colcon_core.shell:Skip shell extension 'dsv' for command environment
[0.292s] INFO:colcon.colcon_ros.task.ament_python.build:Building ROS package in '/home/ryan/Desktop/FleetGlue/ros2_ws/src/poem_actions' with build type 'ament_python'
[0.292s] Level 1:colcon.colcon_core.shell:create_environment_hook('poem_actions', 'ament_prefix_path')
[0.292s] INFO:colcon.colcon_core.shell:Creating environment hook '/home/ryan/Desktop/FleetGlue/ros2_ws/install/poem_actions/share/poem_actions/hook/ament_prefix_path.ps1'
[0.293s] INFO:colcon.colcon_core.shell:Creating environment descriptor '/home/ryan/Desktop/FleetGlue/ros2_ws/install/poem_actions/share/poem_actions/hook/ament_prefix_path.dsv'
[0.293s] INFO:colcon.colcon_core.shell:Creating environment hook '/home/ryan/Desktop/FleetGlue/ros2_ws/install/poem_actions/share/poem_actions/hook/ament_prefix_path.sh'
[0.294s] INFO:colcon.colcon_core.shell:Skip shell extension 'powershell' for command environment: Not usable outside of PowerShell
[0.294s] DEBUG:colcon.colcon_core.shell:Skip shell extension 'dsv' for command environment
[0.297s] INFO:colcon.colcon_ros.task.ament_cmake.build:Building ROS package in '/home/ryan/Desktop/FleetGlue/ros2_ws/src/poem_bringup' with build type 'ament_cmake'
[0.297s] INFO:colcon.colcon_cmake.task.cmake.build:Building CMake package in '/home/ryan/Desktop/FleetGlue/ros2_ws/src/poem_bringup'
[0.297s] INFO:colcon.colcon_core.shell:Skip shell extension 'powershell' for command environment: Not usable outside of PowerShell
[0.297s] DEBUG:colcon.colcon_core.shell:Skip shell extension 'dsv' for command environment
[0.304s] DEBUG:colcon.colcon_core.event_handler.log_command:Invoking command in '/home/ryan/Desktop/FleetGlue/ros2_ws/build/custom_interfaces': CMAKE_PREFIX_PATH=${CMAKE_PREFIX_PATH}:/home/ryan/Desktop/ROSPoems/ros2_ws/install/poem_actions:/home/ryan/Desktop/FleetGlue/ros2_ws/install/poem_actions:/home/ryan/ros2_ws/install/actions_py:/home/ryan/ros2_ws/install/my_py_pkg:/opt/ros/iron CONDA_PROMPT_MODIFIER=(base) /usr/bin/cmake --build /home/ryan/Desktop/FleetGlue/ros2_ws/build/custom_interfaces -- -j16 -l16
[0.515s] INFO:colcon.colcon_core.task.python.build:Building Python package in '/home/ryan/Desktop/FleetGlue/ros2_ws/src/poem_actions'
[0.515s] INFO:colcon.colcon_core.shell:Skip shell extension 'powershell' for command environment: Not usable outside of PowerShell
[0.516s] DEBUG:colcon.colcon_core.shell:Skip shell extension 'dsv' for command environment
[0.524s] DEBUG:colcon.colcon_core.event_handler.log_command:Invoking command in '/home/ryan/Desktop/FleetGlue/ros2_ws/build/poem_bringup': CMAKE_PREFIX_PATH=${CMAKE_PREFIX_PATH}:/home/ryan/Desktop/ROSPoems/ros2_ws/install/poem_actions:/home/ryan/Desktop/FleetGlue/ros2_ws/install/poem_actions:/home/ryan/ros2_ws/install/actions_py:/home/ryan/ros2_ws/install/my_py_pkg:/opt/ros/iron CONDA_PROMPT_MODIFIER=(base) /usr/bin/cmake --build /home/ryan/Desktop/FleetGlue/ros2_ws/build/poem_bringup -- -j16 -l16
[0.561s] DEBUG:colcon.colcon_core.event_handler.log_command:Invoked command in '/home/ryan/Desktop/FleetGlue/ros2_ws/build/poem_bringup' returned '0': CMAKE_PREFIX_PATH=${CMAKE_PREFIX_PATH}:/home/ryan/Desktop/ROSPoems/ros2_ws/install/poem_actions:/home/ryan/Desktop/FleetGlue/ros2_ws/install/poem_actions:/home/ryan/ros2_ws/install/actions_py:/home/ryan/ros2_ws/install/my_py_pkg:/opt/ros/iron CONDA_PROMPT_MODIFIER=(base) /usr/bin/cmake --build /home/ryan/Desktop/FleetGlue/ros2_ws/build/poem_bringup -- -j16 -l16
[0.591s] DEBUG:colcon.colcon_core.event_handler.log_command:Invoking command in '/home/ryan/Desktop/FleetGlue/ros2_ws/build/poem_bringup': CMAKE_PREFIX_PATH=${CMAKE_PREFIX_PATH}:/home/ryan/Desktop/ROSPoems/ros2_ws/install/poem_actions:/home/ryan/Desktop/FleetGlue/ros2_ws/install/poem_actions:/home/ryan/ros2_ws/install/actions_py:/home/ryan/ros2_ws/install/my_py_pkg:/opt/ros/iron CONDA_PROMPT_MODIFIER=(base) /usr/bin/cmake --install /home/ryan/Desktop/FleetGlue/ros2_ws/build/poem_bringup
[0.599s] Level 1:colcon.colcon_core.environment:create_environment_scripts_only(poem_bringup)
[0.599s] DEBUG:colcon.colcon_core.event_handler.log_command:Invoked command in '/home/ryan/Desktop/FleetGlue/ros2_ws/build/poem_bringup' returned '0': CMAKE_PREFIX_PATH=${CMAKE_PREFIX_PATH}:/home/ryan/Desktop/ROSPoems/ros2_ws/install/poem_actions:/home/ryan/Desktop/FleetGlue/ros2_ws/install/poem_actions:/home/ryan/ros2_ws/install/actions_py:/home/ryan/ros2_ws/install/my_py_pkg:/opt/ros/iron CONDA_PROMPT_MODIFIER=(base) /usr/bin/cmake --install /home/ryan/Desktop/FleetGlue/ros2_ws/build/poem_bringup
[0.601s] Level 1:colcon.colcon_core.environment:checking '/home/ryan/Desktop/FleetGlue/ros2_ws/install/poem_bringup' for CMake module files
[0.601s] Level 1:colcon.colcon_core.environment:checking '/home/ryan/Desktop/FleetGlue/ros2_ws/install/poem_bringup' for CMake config files
[0.602s] Level 1:colcon.colcon_core.shell:create_environment_hook('poem_bringup', 'cmake_prefix_path')
[0.602s] INFO:colcon.colcon_core.shell:Creating environment hook '/home/ryan/Desktop/FleetGlue/ros2_ws/install/poem_bringup/share/poem_bringup/hook/cmake_prefix_path.ps1'
[0.602s] INFO:colcon.colcon_core.shell:Creating environment descriptor '/home/ryan/Desktop/FleetGlue/ros2_ws/install/poem_bringup/share/poem_bringup/hook/cmake_prefix_path.dsv'
[0.603s] INFO:colcon.colcon_core.shell:Creating environment hook '/home/ryan/Desktop/FleetGlue/ros2_ws/install/poem_bringup/share/poem_bringup/hook/cmake_prefix_path.sh'
[0.603s] Level 1:colcon.colcon_core.environment:checking '/home/ryan/Desktop/FleetGlue/ros2_ws/install/poem_bringup/bin'
[0.603s] Level 1:colcon.colcon_core.environment:checking '/home/ryan/Desktop/FleetGlue/ros2_ws/install/poem_bringup/lib/pkgconfig/poem_bringup.pc'
[0.604s] Level 1:colcon.colcon_core.environment:checking '/home/ryan/Desktop/FleetGlue/ros2_ws/install/poem_bringup/lib/python3.10/site-packages'
[0.604s] Level 1:colcon.colcon_core.environment:checking '/home/ryan/Desktop/FleetGlue/ros2_ws/install/poem_bringup/bin'
[0.604s] INFO:colcon.colcon_core.shell:Creating package script '/home/ryan/Desktop/FleetGlue/ros2_ws/install/poem_bringup/share/poem_bringup/package.ps1'
[0.605s] INFO:colcon.colcon_core.shell:Creating package descriptor '/home/ryan/Desktop/FleetGlue/ros2_ws/install/poem_bringup/share/poem_bringup/package.dsv'
[0.605s] INFO:colcon.colcon_core.shell:Creating package script '/home/ryan/Desktop/FleetGlue/ros2_ws/install/poem_bringup/share/poem_bringup/package.sh'
[0.605s] INFO:colcon.colcon_core.shell:Creating package script '/home/ryan/Desktop/FleetGlue/ros2_ws/install/poem_bringup/share/poem_bringup/package.bash'
[0.606s] INFO:colcon.colcon_core.shell:Creating package script '/home/ryan/Desktop/FleetGlue/ros2_ws/install/poem_bringup/share/poem_bringup/package.zsh'
[0.606s] Level 1:colcon.colcon_core.environment:create_file_with_runtime_dependencies(/home/ryan/Desktop/FleetGlue/ros2_ws/install/poem_bringup/share/colcon-core/packages/poem_bringup)
[0.608s] DEBUG:colcon.colcon_core.event_handler.log_command:Invoked command in '/home/ryan/Desktop/FleetGlue/ros2_ws/build/custom_interfaces' returned '0': CMAKE_PREFIX_PATH=${CMAKE_PREFIX_PATH}:/home/ryan/Desktop/ROSPoems/ros2_ws/install/poem_actions:/home/ryan/Desktop/FleetGlue/ros2_ws/install/poem_actions:/home/ryan/ros2_ws/install/actions_py:/home/ryan/ros2_ws/install/my_py_pkg:/opt/ros/iron CONDA_PROMPT_MODIFIER=(base) /usr/bin/cmake --build /home/ryan/Desktop/FleetGlue/ros2_ws/build/custom_interfaces -- -j16 -l16
[0.628s] Level 1:colcon.colcon_core.environment:create_environment_scripts_only(poem_bringup)
[0.628s] Level 1:colcon.colcon_core.environment:checking '/home/ryan/Desktop/FleetGlue/ros2_ws/install/poem_bringup' for CMake module files
[0.629s] Level 1:colcon.colcon_core.environment:checking '/home/ryan/Desktop/FleetGlue/ros2_ws/install/poem_bringup' for CMake config files
[0.629s] Level 1:colcon.colcon_core.shell:create_environment_hook('poem_bringup', 'cmake_prefix_path')
[0.629s] INFO:colcon.colcon_core.shell:Creating environment hook '/home/ryan/Desktop/FleetGlue/ros2_ws/install/poem_bringup/share/poem_bringup/hook/cmake_prefix_path.ps1'
[0.630s] INFO:colcon.colcon_core.shell:Creating environment descriptor '/home/ryan/Desktop/FleetGlue/ros2_ws/install/poem_bringup/share/poem_bringup/hook/cmake_prefix_path.dsv'
[0.630s] INFO:colcon.colcon_core.shell:Creating environment hook '/home/ryan/Desktop/FleetGlue/ros2_ws/install/poem_bringup/share/poem_bringup/hook/cmake_prefix_path.sh'
[0.630s] Level 1:colcon.colcon_core.environment:checking '/home/ryan/Desktop/FleetGlue/ros2_ws/install/poem_bringup/bin'
[0.630s] Level 1:colcon.colcon_core.environment:checking '/home/ryan/Desktop/FleetGlue/ros2_ws/install/poem_bringup/lib/pkgconfig/poem_bringup.pc'
[0.631s] Level 1:colcon.colcon_core.environment:checking '/home/ryan/Desktop/FleetGlue/ros2_ws/install/poem_bringup/lib/python3.10/site-packages'
[0.631s] Level 1:colcon.colcon_core.environment:checking '/home/ryan/Desktop/FleetGlue/ros2_ws/install/poem_bringup/bin'
[0.631s] INFO:colcon.colcon_core.shell:Creating package script '/home/ryan/Desktop/FleetGlue/ros2_ws/install/poem_bringup/share/poem_bringup/package.ps1'
[0.631s] INFO:colcon.colcon_core.shell:Creating package descriptor '/home/ryan/Desktop/FleetGlue/ros2_ws/install/poem_bringup/share/poem_bringup/package.dsv'
[0.632s] INFO:colcon.colcon_core.shell:Creating package script '/home/ryan/Desktop/FleetGlue/ros2_ws/install/poem_bringup/share/poem_bringup/package.sh'
[0.632s] INFO:colcon.colcon_core.shell:Creating package script '/home/ryan/Desktop/FleetGlue/ros2_ws/install/poem_bringup/share/poem_bringup/package.bash'
[0.632s] INFO:colcon.colcon_core.shell:Creating package script '/home/ryan/Desktop/FleetGlue/ros2_ws/install/poem_bringup/share/poem_bringup/package.zsh'
[0.633s] Level 1:colcon.colcon_core.environment:create_file_with_runtime_dependencies(/home/ryan/Desktop/FleetGlue/ros2_ws/install/poem_bringup/share/colcon-core/packages/poem_bringup)
[0.671s] DEBUG:colcon.colcon_core.event_handler.log_command:Invoking command in '/home/ryan/Desktop/FleetGlue/ros2_ws/build/custom_interfaces': CMAKE_PREFIX_PATH=${CMAKE_PREFIX_PATH}:/home/ryan/Desktop/ROSPoems/ros2_ws/install/poem_actions:/home/ryan/Desktop/FleetGlue/ros2_ws/install/poem_actions:/home/ryan/ros2_ws/install/actions_py:/home/ryan/ros2_ws/install/my_py_pkg:/opt/ros/iron CONDA_PROMPT_MODIFIER=(base) /usr/bin/cmake --install /home/ryan/Desktop/FleetGlue/ros2_ws/build/custom_interfaces
[0.720s] Level 1:colcon.colcon_core.environment:create_environment_scripts_only(custom_interfaces)
[0.721s] Level 1:colcon.colcon_core.environment:checking '/home/ryan/Desktop/FleetGlue/ros2_ws/install/custom_interfaces' for CMake module files
[0.721s] DEBUG:colcon.colcon_core.event_handler.log_command:Invoked command in '/home/ryan/Desktop/FleetGlue/ros2_ws/build/custom_interfaces' returned '0': CMAKE_PREFIX_PATH=${CMAKE_PREFIX_PATH}:/home/ryan/Desktop/ROSPoems/ros2_ws/install/poem_actions:/home/ryan/Desktop/FleetGlue/ros2_ws/install/poem_actions:/home/ryan/ros2_ws/install/actions_py:/home/ryan/ros2_ws/install/my_py_pkg:/opt/ros/iron CONDA_PROMPT_MODIFIER=(base) /usr/bin/cmake --install /home/ryan/Desktop/FleetGlue/ros2_ws/build/custom_interfaces
[0.721s] Level 1:colcon.colcon_core.environment:checking '/home/ryan/Desktop/FleetGlue/ros2_ws/install/custom_interfaces' for CMake config files
[0.722s] Level 1:colcon.colcon_core.shell:create_environment_hook('custom_interfaces', 'cmake_prefix_path')
[0.722s] INFO:colcon.colcon_core.shell:Creating environment hook '/home/ryan/Desktop/FleetGlue/ros2_ws/install/custom_interfaces/share/custom_interfaces/hook/cmake_prefix_path.ps1'
[0.722s] INFO:colcon.colcon_core.shell:Creating environment descriptor '/home/ryan/Desktop/FleetGlue/ros2_ws/install/custom_interfaces/share/custom_interfaces/hook/cmake_prefix_path.dsv'
[0.723s] INFO:colcon.colcon_core.shell:Creating environment hook '/home/ryan/Desktop/FleetGlue/ros2_ws/install/custom_interfaces/share/custom_interfaces/hook/cmake_prefix_path.sh'
[0.723s] Level 1:colcon.colcon_core.environment:checking '/home/ryan/Desktop/FleetGlue/ros2_ws/install/custom_interfaces/lib'
[0.723s] Level 1:colcon.colcon_core.shell:create_environment_hook('custom_interfaces', 'ld_library_path_lib')
[0.723s] INFO:colcon.colcon_core.shell:Creating environment hook '/home/ryan/Desktop/FleetGlue/ros2_ws/install/custom_interfaces/share/custom_interfaces/hook/ld_library_path_lib.ps1'
[0.724s] INFO:colcon.colcon_core.shell:Creating environment descriptor '/home/ryan/Desktop/FleetGlue/ros2_ws/install/custom_interfaces/share/custom_interfaces/hook/ld_library_path_lib.dsv'
[0.724s] INFO:colcon.colcon_core.shell:Creating environment hook '/home/ryan/Desktop/FleetGlue/ros2_ws/install/custom_interfaces/share/custom_interfaces/hook/ld_library_path_lib.sh'
[0.724s] Level 1:colcon.colcon_core.environment:checking '/home/ryan/Desktop/FleetGlue/ros2_ws/install/custom_interfaces/bin'
[0.724s] Level 1:colcon.colcon_core.environment:checking '/home/ryan/Desktop/FleetGlue/ros2_ws/install/custom_interfaces/lib/pkgconfig/custom_interfaces.pc'
[0.724s] Level 1:colcon.colcon_core.environment:checking '/home/ryan/Desktop/FleetGlue/ros2_ws/install/custom_interfaces/lib/python3.10/site-packages'
[0.724s] Level 1:colcon.colcon_core.shell:create_environment_hook('custom_interfaces', 'pythonpath')
[0.725s] INFO:colcon.colcon_core.shell:Creating environment hook '/home/ryan/Desktop/FleetGlue/ros2_ws/install/custom_interfaces/share/custom_interfaces/hook/pythonpath.ps1'
[0.725s] INFO:colcon.colcon_core.shell:Creating environment descriptor '/home/ryan/Desktop/FleetGlue/ros2_ws/install/custom_interfaces/share/custom_interfaces/hook/pythonpath.dsv'
[0.725s] INFO:colcon.colcon_core.shell:Creating environment hook '/home/ryan/Desktop/FleetGlue/ros2_ws/install/custom_interfaces/share/custom_interfaces/hook/pythonpath.sh'
[0.726s] Level 1:colcon.colcon_core.environment:checking '/home/ryan/Desktop/FleetGlue/ros2_ws/install/custom_interfaces/bin'
[0.726s] INFO:colcon.colcon_core.shell:Creating package script '/home/ryan/Desktop/FleetGlue/ros2_ws/install/custom_interfaces/share/custom_interfaces/package.ps1'
[0.726s] INFO:colcon.colcon_core.shell:Creating package descriptor '/home/ryan/Desktop/FleetGlue/ros2_ws/install/custom_interfaces/share/custom_interfaces/package.dsv'
[0.726s] INFO:colcon.colcon_core.shell:Creating package script '/home/ryan/Desktop/FleetGlue/ros2_ws/install/custom_interfaces/share/custom_interfaces/package.sh'
[0.727s] INFO:colcon.colcon_core.shell:Creating package script '/home/ryan/Desktop/FleetGlue/ros2_ws/install/custom_interfaces/share/custom_interfaces/package.bash'
[0.727s] INFO:colcon.colcon_core.shell:Creating package script '/home/ryan/Desktop/FleetGlue/ros2_ws/install/custom_interfaces/share/custom_interfaces/package.zsh'
[0.727s] Level 1:colcon.colcon_core.environment:create_file_with_runtime_dependencies(/home/ryan/Desktop/FleetGlue/ros2_ws/install/custom_interfaces/share/colcon-core/packages/custom_interfaces)
[0.792s] Level 1:colcon.colcon_core.environment:create_environment_scripts_only(custom_interfaces)
[0.792s] Level 1:colcon.colcon_core.environment:checking '/home/ryan/Desktop/FleetGlue/ros2_ws/install/custom_interfaces' for CMake module files
[0.792s] Level 1:colcon.colcon_core.environment:checking '/home/ryan/Desktop/FleetGlue/ros2_ws/install/custom_interfaces' for CMake config files
[0.793s] Level 1:colcon.colcon_core.shell:create_environment_hook('custom_interfaces', 'cmake_prefix_path')
[0.793s] INFO:colcon.colcon_core.shell:Creating environment hook '/home/ryan/Desktop/FleetGlue/ros2_ws/install/custom_interfaces/share/custom_interfaces/hook/cmake_prefix_path.ps1'
[0.793s] INFO:colcon.colcon_core.shell:Creating environment descriptor '/home/ryan/Desktop/FleetGlue/ros2_ws/install/custom_interfaces/share/custom_interfaces/hook/cmake_prefix_path.dsv'
[0.794s] INFO:colcon.colcon_core.shell:Creating environment hook '/home/ryan/Desktop/FleetGlue/ros2_ws/install/custom_interfaces/share/custom_interfaces/hook/cmake_prefix_path.sh'
[0.794s] Level 1:colcon.colcon_core.environment:checking '/home/ryan/Desktop/FleetGlue/ros2_ws/install/custom_interfaces/lib'
[0.794s] Level 1:colcon.colcon_core.shell:create_environment_hook('custom_interfaces', 'ld_library_path_lib')
[0.794s] INFO:colcon.colcon_core.shell:Creating environment hook '/home/ryan/Desktop/FleetGlue/ros2_ws/install/custom_interfaces/share/custom_interfaces/hook/ld_library_path_lib.ps1'
[0.795s] INFO:colcon.colcon_core.shell:Creating environment descriptor '/home/ryan/Desktop/FleetGlue/ros2_ws/install/custom_interfaces/share/custom_interfaces/hook/ld_library_path_lib.dsv'
[0.795s] INFO:colcon.colcon_core.shell:Creating environment hook '/home/ryan/Desktop/FleetGlue/ros2_ws/install/custom_interfaces/share/custom_interfaces/hook/ld_library_path_lib.sh'
[0.795s] Level 1:colcon.colcon_core.environment:checking '/home/ryan/Desktop/FleetGlue/ros2_ws/install/custom_interfaces/bin'
[0.795s] Level 1:colcon.colcon_core.environment:checking '/home/ryan/Desktop/FleetGlue/ros2_ws/install/custom_interfaces/lib/pkgconfig/custom_interfaces.pc'
[0.795s] Level 1:colcon.colcon_core.environment:checking '/home/ryan/Desktop/FleetGlue/ros2_ws/install/custom_interfaces/lib/python3.10/site-packages'
[0.796s] Level 1:colcon.colcon_core.shell:create_environment_hook('custom_interfaces', 'pythonpath')
[0.796s] INFO:colcon.colcon_core.shell:Creating environment hook '/home/ryan/Desktop/FleetGlue/ros2_ws/install/custom_interfaces/share/custom_interfaces/hook/pythonpath.ps1'
[0.796s] INFO:colcon.colcon_core.shell:Creating environment descriptor '/home/ryan/Desktop/FleetGlue/ros2_ws/install/custom_interfaces/share/custom_interfaces/hook/pythonpath.dsv'
[0.796s] INFO:colcon.colcon_core.shell:Creating environment hook '/home/ryan/Desktop/FleetGlue/ros2_ws/install/custom_interfaces/share/custom_interfaces/hook/pythonpath.sh'
[0.797s] Level 1:colcon.colcon_core.environment:checking '/home/ryan/Desktop/FleetGlue/ros2_ws/install/custom_interfaces/bin'
[0.797s] INFO:colcon.colcon_core.shell:Creating package script '/home/ryan/Desktop/FleetGlue/ros2_ws/install/custom_interfaces/share/custom_interfaces/package.ps1'
[0.797s] INFO:colcon.colcon_core.shell:Creating package descriptor '/home/ryan/Desktop/FleetGlue/ros2_ws/install/custom_interfaces/share/custom_interfaces/package.dsv'
[0.798s] INFO:colcon.colcon_core.shell:Creating package script '/home/ryan/Desktop/FleetGlue/ros2_ws/install/custom_interfaces/share/custom_interfaces/package.sh'
[0.798s] INFO:colcon.colcon_core.shell:Creating package script '/home/ryan/Desktop/FleetGlue/ros2_ws/install/custom_interfaces/share/custom_interfaces/package.bash'
[0.798s] INFO:colcon.colcon_core.shell:Creating package script '/home/ryan/Desktop/FleetGlue/ros2_ws/install/custom_interfaces/share/custom_interfaces/package.zsh'
[0.799s] Level 1:colcon.colcon_core.environment:create_file_with_runtime_dependencies(/home/ryan/Desktop/FleetGlue/ros2_ws/install/custom_interfaces/share/colcon-core/packages/custom_interfaces)
[0.801s] DEBUG:colcon.colcon_core.event_handler.log_command:Invoking command in '/home/ryan/Desktop/FleetGlue/ros2_ws/src/poem_actions': CONDA_PROMPT_MODIFIER=(base) PYTHONPATH=/home/ryan/Desktop/FleetGlue/ros2_ws/build/poem_actions/prefix_override:/usr/lib/python3/dist-packages/colcon_core/task/python/colcon_distutils_commands:/home/ryan/Desktop/FleetGlue/ros2_ws/install/poem_actions/lib/python3.10/site-packages:${PYTHONPATH} /usr/bin/python3 -W ignore:setup.py install is deprecated setup.py egg_info --egg-base ../../build/poem_actions build --build-base /home/ryan/Desktop/FleetGlue/ros2_ws/build/poem_actions/build install --record /home/ryan/Desktop/FleetGlue/ros2_ws/build/poem_actions/install.log --single-version-externally-managed install_data
[1.032s] Level 1:colcon.colcon_core.environment:checking '/home/ryan/Desktop/FleetGlue/ros2_ws/install/poem_actions' for CMake module files
[1.033s] DEBUG:colcon.colcon_core.event_handler.log_command:Invoked command in '/home/ryan/Desktop/FleetGlue/ros2_ws/src/poem_actions' returned '0': CONDA_PROMPT_MODIFIER=(base) PYTHONPATH=/home/ryan/Desktop/FleetGlue/ros2_ws/build/poem_actions/prefix_override:/usr/lib/python3/dist-packages/colcon_core/task/python/colcon_distutils_commands:/home/ryan/Desktop/FleetGlue/ros2_ws/install/poem_actions/lib/python3.10/site-packages:${PYTHONPATH} /usr/bin/python3 -W ignore:setup.py install is deprecated setup.py egg_info --egg-base ../../build/poem_actions build --build-base /home/ryan/Desktop/FleetGlue/ros2_ws/build/poem_actions/build install --record /home/ryan/Desktop/FleetGlue/ros2_ws/build/poem_actions/install.log --single-version-externally-managed install_data
[1.033s] Level 1:colcon.colcon_core.environment:checking '/home/ryan/Desktop/FleetGlue/ros2_ws/install/poem_actions' for CMake config files
[1.034s] Level 1:colcon.colcon_core.environment:checking '/home/ryan/Desktop/FleetGlue/ros2_ws/install/poem_actions/lib'
[1.034s] Level 1:colcon.colcon_core.environment:checking '/home/ryan/Desktop/FleetGlue/ros2_ws/install/poem_actions/bin'
[1.034s] Level 1:colcon.colcon_core.environment:checking '/home/ryan/Desktop/FleetGlue/ros2_ws/install/poem_actions/lib/pkgconfig/poem_actions.pc'
[1.034s] Level 1:colcon.colcon_core.environment:checking '/home/ryan/Desktop/FleetGlue/ros2_ws/install/poem_actions/lib/python3.10/site-packages'
[1.034s] Level 1:colcon.colcon_core.shell:create_environment_hook('poem_actions', 'pythonpath')
[1.034s] INFO:colcon.colcon_core.shell:Creating environment hook '/home/ryan/Desktop/FleetGlue/ros2_ws/install/poem_actions/share/poem_actions/hook/pythonpath.ps1'
[1.035s] INFO:colcon.colcon_core.shell:Creating environment descriptor '/home/ryan/Desktop/FleetGlue/ros2_ws/install/poem_actions/share/poem_actions/hook/pythonpath.dsv'
[1.035s] INFO:colcon.colcon_core.shell:Creating environment hook '/home/ryan/Desktop/FleetGlue/ros2_ws/install/poem_actions/share/poem_actions/hook/pythonpath.sh'
[1.035s] Level 1:colcon.colcon_core.environment:checking '/home/ryan/Desktop/FleetGlue/ros2_ws/install/poem_actions/bin'
[1.036s] Level 1:colcon.colcon_core.environment:create_environment_scripts_only(poem_actions)
[1.036s] INFO:colcon.colcon_core.shell:Creating package script '/home/ryan/Desktop/FleetGlue/ros2_ws/install/poem_actions/share/poem_actions/package.ps1'
[1.036s] INFO:colcon.colcon_core.shell:Creating package descriptor '/home/ryan/Desktop/FleetGlue/ros2_ws/install/poem_actions/share/poem_actions/package.dsv'
[1.036s] INFO:colcon.colcon_core.shell:Creating package script '/home/ryan/Desktop/FleetGlue/ros2_ws/install/poem_actions/share/poem_actions/package.sh'
[1.037s] INFO:colcon.colcon_core.shell:Creating package script '/home/ryan/Desktop/FleetGlue/ros2_ws/install/poem_actions/share/poem_actions/package.bash'
[1.037s] INFO:colcon.colcon_core.shell:Creating package script '/home/ryan/Desktop/FleetGlue/ros2_ws/install/poem_actions/share/poem_actions/package.zsh'
[1.037s] Level 1:colcon.colcon_core.environment:create_file_with_runtime_dependencies(/home/ryan/Desktop/FleetGlue/ros2_ws/install/poem_actions/share/colcon-core/packages/poem_actions)
[1.037s] DEBUG:colcon.colcon_parallel_executor.executor.parallel:closing loop
[1.038s] DEBUG:colcon.colcon_parallel_executor.executor.parallel:loop closed
[1.038s] DEBUG:colcon.colcon_parallel_executor.executor.parallel:run_until_complete finished with '0'
[1.038s] DEBUG:colcon.colcon_core.event_reactor:joining thread
[1.042s] INFO:colcon.colcon_core.plugin_system:Skipping extension 'colcon_notification.desktop_notification.terminal_notifier': Not used on non-Darwin systems
[1.042s] INFO:colcon.colcon_core.plugin_system:Skipping extension 'colcon_notification.desktop_notification.win32': Not used on non-Windows systems
[1.042s] INFO:colcon.colcon_notification.desktop_notification:Sending desktop notification using 'notify2'
[1.051s] DEBUG:colcon.colcon_core.event_reactor:joined thread
[1.051s] INFO:colcon.colcon_core.shell:Creating prefix script '/home/ryan/Desktop/FleetGlue/ros2_ws/install/local_setup.ps1'
[1.052s] INFO:colcon.colcon_core.shell:Creating prefix util module '/home/ryan/Desktop/FleetGlue/ros2_ws/install/_local_setup_util_ps1.py'
[1.053s] INFO:colcon.colcon_core.shell:Creating prefix chain script '/home/ryan/Desktop/FleetGlue/ros2_ws/install/setup.ps1'
[1.054s] INFO:colcon.colcon_core.shell:Creating prefix script '/home/ryan/Desktop/FleetGlue/ros2_ws/install/local_setup.sh'
[1.054s] INFO:colcon.colcon_core.shell:Creating prefix util module '/home/ryan/Desktop/FleetGlue/ros2_ws/install/_local_setup_util_sh.py'
[1.055s] INFO:colcon.colcon_core.shell:Creating prefix chain script '/home/ryan/Desktop/FleetGlue/ros2_ws/install/setup.sh'
[1.056s] INFO:colcon.colcon_core.shell:Creating prefix script '/home/ryan/Desktop/FleetGlue/ros2_ws/install/local_setup.bash'
[1.056s] INFO:colcon.colcon_core.shell:Creating prefix chain script '/home/ryan/Desktop/FleetGlue/ros2_ws/install/setup.bash'
[1.057s] INFO:colcon.colcon_core.shell:Creating prefix script '/home/ryan/Desktop/FleetGlue/ros2_ws/install/local_setup.zsh'
[1.057s] INFO:colcon.colcon_core.shell:Creating prefix chain script '/home/ryan/Desktop/FleetGlue/ros2_ws/install/setup.zsh'
