[0.012s] Invoking command in '/home/ryan/Desktop/ROSPoems/ros2_ws/build/custom_interfaces': CMAKE_PREFIX_PATH=${CMAKE_PREFIX_PATH}:/home/ryan/Desktop/FleetGlue/ros2_ws/install/poem_actions:/home/ryan/ros2_ws/install/actions_py:/home/ryan/ros2_ws/install/my_py_pkg:/opt/ros/iron /usr/bin/cmake /home/ryan/Desktop/ROSPoems/ros2_ws/src/custom_interfaces -DCMAKE_INSTALL_PREFIX=/home/ryan/Desktop/ROSPoems/ros2_ws/install/custom_interfaces
[0.178s] -- The C compiler identification is GNU 11.4.0
[0.238s] -- The CXX compiler identification is GNU 11.4.0
[0.251s] -- Detecting C compiler ABI info
[0.311s] -- Detecting C compiler ABI info - done
[0.317s] -- Check for working C compiler: /usr/bin/cc - skipped
[0.317s] -- Detecting C compile features
[0.317s] -- Detecting C compile features - done
[0.320s] -- Detecting CXX compiler ABI info
[0.394s] -- Detecting CXX compiler ABI info - done
[0.400s] -- Check for working CXX compiler: /usr/bin/c++ - skipped
[0.400s] -- Detecting CXX compile features
[0.400s] -- Detecting CXX compile features - done
[0.405s] -- Found ament_cmake: 2.0.6 (/opt/ros/iron/share/ament_cmake/cmake)
[0.574s] -- Found Python3: /usr/bin/python3.10 (found version "3.10.12") found components: Interpreter 
[0.670s] -- Found rosidl_default_generators: 1.5.0 (/opt/ros/iron/share/rosidl_default_generators/cmake)
[0.676s] -- Using all available rosidl_typesupport_c: rosidl_typesupport_fastrtps_c;rosidl_typesupport_introspection_c
[0.722s] -- Using all available rosidl_typesupport_cpp: rosidl_typesupport_fastrtps_cpp;rosidl_typesupport_introspection_cpp
[0.760s] -- Found rosidl_adapter: 4.0.1 (/opt/ros/iron/share/rosidl_adapter/cmake)
[1.139s] -- Found ament_cmake_ros: 0.11.2 (/opt/ros/iron/share/ament_cmake_ros/cmake)
[1.296s] -- Using all available rosidl_typesupport_c: rosidl_typesupport_fastrtps_c;rosidl_typesupport_introspection_c
[1.494s] -- Using all available rosidl_typesupport_cpp: rosidl_typesupport_fastrtps_cpp;rosidl_typesupport_introspection_cpp
[1.514s] -- Found PythonInterp: /usr/bin/python3 (found suitable version "3.10.12", minimum required is "3.6") 
[1.515s] -- Found python_cmake_module: 0.10.2 (/opt/ros/iron/share/python_cmake_module/cmake)
[1.538s] -- Found PythonLibs: /usr/lib/x86_64-linux-gnu/libpython3.10.so (found suitable version "3.10.12", minimum required is "3.5") 
[1.538s] -- Using PYTHON_EXECUTABLE: /usr/bin/python3
[1.538s] -- Using PYTHON_INCLUDE_DIRS: /usr/include/python3.10
[1.538s] -- Using PYTHON_LIBRARIES: /usr/lib/x86_64-linux-gnu/libpython3.10.so
[1.555s] -- Found PythonExtra: .so  
[1.592s] -- Found ament_lint_auto: 0.14.4 (/opt/ros/iron/share/ament_lint_auto/cmake)
[1.612s] -- Added test 'lint_cmake' to check CMake code style
[1.613s] -- Added test 'xmllint' to check XML markup files
[1.616s] -- Configuring done
[1.650s] -- Generating done
[1.652s] -- Build files have been written to: /home/ryan/Desktop/ROSPoems/ros2_ws/build/custom_interfaces
[1.662s] Invoked command in '/home/ryan/Desktop/ROSPoems/ros2_ws/build/custom_interfaces' returned '0': CMAKE_PREFIX_PATH=${CMAKE_PREFIX_PATH}:/home/ryan/Desktop/FleetGlue/ros2_ws/install/poem_actions:/home/ryan/ros2_ws/install/actions_py:/home/ryan/ros2_ws/install/my_py_pkg:/opt/ros/iron /usr/bin/cmake /home/ryan/Desktop/ROSPoems/ros2_ws/src/custom_interfaces -DCMAKE_INSTALL_PREFIX=/home/ryan/Desktop/ROSPoems/ros2_ws/install/custom_interfaces
[1.664s] Invoking command in '/home/ryan/Desktop/ROSPoems/ros2_ws/build/custom_interfaces': CMAKE_PREFIX_PATH=${CMAKE_PREFIX_PATH}:/home/ryan/Desktop/FleetGlue/ros2_ws/install/poem_actions:/home/ryan/ros2_ws/install/actions_py:/home/ryan/ros2_ws/install/my_py_pkg:/opt/ros/iron /usr/bin/cmake --build /home/ryan/Desktop/ROSPoems/ros2_ws/build/custom_interfaces -- -j16 -l16
[1.706s] [  2%] [34m[1mGenerating type hashes for ROS interfaces[0m
[1.714s] [  2%] Built target ament_cmake_python_copy_custom_interfaces
[1.876s] [  2%] Built target custom_interfaces__rosidl_generator_type_description
[1.886s] [  5%] [34m[1mGenerating C code for ROS interfaces[0m
[1.896s] [  8%] [34m[1mGenerating C++ code for ROS interfaces[0m
[1.912s] running egg_info
[1.912s] creating custom_interfaces.egg-info
[1.912s] writing custom_interfaces.egg-info/PKG-INFO
[1.913s] writing dependency_links to custom_interfaces.egg-info/dependency_links.txt
[1.913s] writing top-level names to custom_interfaces.egg-info/top_level.txt
[1.913s] writing manifest file 'custom_interfaces.egg-info/SOURCES.txt'
[1.915s] reading manifest file 'custom_interfaces.egg-info/SOURCES.txt'
[1.915s] writing manifest file 'custom_interfaces.egg-info/SOURCES.txt'
[1.947s] [  8%] Built target ament_cmake_python_build_custom_interfaces_egg
[2.265s] [  8%] Built target custom_interfaces__cpp
[2.298s] [ 17%] [32mBuilding C object CMakeFiles/custom_interfaces__rosidl_generator_c.dir/rosidl_generator_c/custom_interfaces/action/detail/poem__type_support.c.o[0m
[2.298s] [ 17%] [32mBuilding C object CMakeFiles/custom_interfaces__rosidl_generator_c.dir/rosidl_generator_c/custom_interfaces/action/detail/poem__description.c.o[0m
[2.298s] [ 17%] [32mBuilding C object CMakeFiles/custom_interfaces__rosidl_generator_c.dir/rosidl_generator_c/custom_interfaces/action/detail/poem__functions.c.o[0m
[2.426s] [ 20%] [32m[1mLinking C shared library libcustom_interfaces__rosidl_generator_c.so[0m
[2.461s] [ 20%] Built target custom_interfaces__rosidl_generator_c
[2.470s] [ 38%] [34m[1mGenerating C type support for eProsima Fast-RTPS[0m
[2.470s] [ 38%] [34m[1mGenerating C++ type support for eProsima Fast-RTPS[0m
[2.470s] [ 38%] [34m[1mGenerating C++ introspection for ROS interfaces[0m
[2.470s] [ 38%] [34m[1mGenerating C introspection for ROS interfaces[0m
[2.470s] [ 38%] [34m[1mGenerating C type support dispatch for ROS interfaces[0m
[2.471s] [ 38%] [34m[1mGenerating C++ type support dispatch for ROS interfaces[0m
[2.757s] [ 41%] [32mBuilding CXX object CMakeFiles/custom_interfaces__rosidl_typesupport_c.dir/rosidl_typesupport_c/custom_interfaces/action/poem__type_support.cpp.o[0m
[2.774s] [ 44%] [32mBuilding CXX object CMakeFiles/custom_interfaces__rosidl_typesupport_cpp.dir/rosidl_typesupport_cpp/custom_interfaces/action/poem__type_support.cpp.o[0m
[2.814s] [ 47%] [32mBuilding CXX object CMakeFiles/custom_interfaces__rosidl_typesupport_introspection_cpp.dir/rosidl_typesupport_introspection_cpp/custom_interfaces/action/detail/poem__type_support.cpp.o[0m
[2.822s] [ 50%] [32m[1mLinking CXX shared library libcustom_interfaces__rosidl_typesupport_c.so[0m
[2.850s] [ 52%] [32mBuilding C object CMakeFiles/custom_interfaces__rosidl_typesupport_introspection_c.dir/rosidl_typesupport_introspection_c/custom_interfaces/action/detail/poem__type_support.c.o[0m
[2.861s] [ 52%] Built target custom_interfaces__rosidl_typesupport_c
[2.864s] [ 55%] [32mBuilding CXX object CMakeFiles/custom_interfaces__rosidl_typesupport_fastrtps_c.dir/rosidl_typesupport_fastrtps_c/custom_interfaces/action/detail/poem__type_support_c.cpp.o[0m
[2.878s] [ 58%] [32mBuilding CXX object CMakeFiles/custom_interfaces__rosidl_typesupport_fastrtps_cpp.dir/rosidl_typesupport_fastrtps_cpp/custom_interfaces/action/detail/dds_fastrtps/poem__type_support.cpp.o[0m
[2.962s] [ 61%] [32m[1mLinking C shared library libcustom_interfaces__rosidl_typesupport_introspection_c.so[0m
[2.992s] [ 61%] Built target custom_interfaces__rosidl_typesupport_introspection_c
[3.372s] [ 64%] [32m[1mLinking CXX shared library libcustom_interfaces__rosidl_typesupport_fastrtps_c.so[0m
[3.441s] [ 64%] Built target custom_interfaces__rosidl_typesupport_fastrtps_c
[3.669s] [ 67%] [32m[1mLinking CXX shared library libcustom_interfaces__rosidl_typesupport_cpp.so[0m
[3.739s] [ 70%] [32m[1mLinking CXX shared library libcustom_interfaces__rosidl_typesupport_introspection_cpp.so[0m
[3.746s] [ 70%] Built target custom_interfaces__rosidl_typesupport_cpp
[3.808s] [ 70%] Built target custom_interfaces__rosidl_typesupport_introspection_cpp
[3.830s] [ 73%] [32m[1mLinking CXX shared library libcustom_interfaces__rosidl_typesupport_fastrtps_cpp.so[0m
[3.898s] [ 73%] Built target custom_interfaces__rosidl_typesupport_fastrtps_cpp
[3.915s] [ 73%] Built target custom_interfaces
[3.932s] [ 76%] [34m[1mGenerating Python code for ROS interfaces[0m
[4.553s] [ 76%] Built target custom_interfaces__py
[4.572s] [ 79%] [32mBuilding C object CMakeFiles/custom_interfaces__rosidl_generator_py.dir/rosidl_generator_py/custom_interfaces/action/_poem_s.c.o[0m
[4.722s] [ 82%] [32m[1mLinking C shared library rosidl_generator_py/custom_interfaces/libcustom_interfaces__rosidl_generator_py.so[0m
[4.758s] [ 82%] Built target custom_interfaces__rosidl_generator_py
[4.776s] [ 91%] [32mBuilding C object CMakeFiles/custom_interfaces__rosidl_typesupport_introspection_c__pyext.dir/rosidl_generator_py/custom_interfaces/_custom_interfaces_s.ep.rosidl_typesupport_introspection_c.c.o[0m
[4.777s] [ 91%] [32mBuilding C object CMakeFiles/custom_interfaces__rosidl_typesupport_c__pyext.dir/rosidl_generator_py/custom_interfaces/_custom_interfaces_s.ep.rosidl_typesupport_c.c.o[0m
[4.777s] [ 91%] [32mBuilding C object CMakeFiles/custom_interfaces__rosidl_typesupport_fastrtps_c__pyext.dir/rosidl_generator_py/custom_interfaces/_custom_interfaces_s.ep.rosidl_typesupport_fastrtps_c.c.o[0m
[4.879s] [100%] [32m[1mLinking C shared library rosidl_generator_py/custom_interfaces/custom_interfaces_s__rosidl_typesupport_c.cpython-310-x86_64-linux-gnu.so[0m
[4.879s] [100%] [32m[1mLinking C shared library rosidl_generator_py/custom_interfaces/custom_interfaces_s__rosidl_typesupport_introspection_c.cpython-310-x86_64-linux-gnu.so[0m
[4.879s] [100%] [32m[1mLinking C shared library rosidl_generator_py/custom_interfaces/custom_interfaces_s__rosidl_typesupport_fastrtps_c.cpython-310-x86_64-linux-gnu.so[0m
[4.917s] [100%] Built target custom_interfaces__rosidl_typesupport_introspection_c__pyext
[4.918s] [100%] Built target custom_interfaces__rosidl_typesupport_fastrtps_c__pyext
[4.918s] [100%] Built target custom_interfaces__rosidl_typesupport_c__pyext
[4.928s] Invoked command in '/home/ryan/Desktop/ROSPoems/ros2_ws/build/custom_interfaces' returned '0': CMAKE_PREFIX_PATH=${CMAKE_PREFIX_PATH}:/home/ryan/Desktop/FleetGlue/ros2_ws/install/poem_actions:/home/ryan/ros2_ws/install/actions_py:/home/ryan/ros2_ws/install/my_py_pkg:/opt/ros/iron /usr/bin/cmake --build /home/ryan/Desktop/ROSPoems/ros2_ws/build/custom_interfaces -- -j16 -l16
[4.996s] Invoking command in '/home/ryan/Desktop/ROSPoems/ros2_ws/build/custom_interfaces': CMAKE_PREFIX_PATH=${CMAKE_PREFIX_PATH}:/home/ryan/Desktop/FleetGlue/ros2_ws/install/poem_actions:/home/ryan/ros2_ws/install/actions_py:/home/ryan/ros2_ws/install/my_py_pkg:/opt/ros/iron /usr/bin/cmake --install /home/ryan/Desktop/ROSPoems/ros2_ws/build/custom_interfaces
[5.003s] -- Install configuration: ""
[5.003s] -- Installing: /home/ryan/Desktop/ROSPoems/ros2_ws/install/custom_interfaces/share/ament_index/resource_index/rosidl_interfaces/custom_interfaces
[5.003s] -- Installing: /home/ryan/Desktop/ROSPoems/ros2_ws/install/custom_interfaces/share/custom_interfaces/action/Poem.json
[5.003s] -- Installing: /home/ryan/Desktop/ROSPoems/ros2_ws/install/custom_interfaces/include/custom_interfaces/custom_interfaces
[5.003s] -- Installing: /home/ryan/Desktop/ROSPoems/ros2_ws/install/custom_interfaces/include/custom_interfaces/custom_interfaces/action
[5.003s] -- Installing: /home/ryan/Desktop/ROSPoems/ros2_ws/install/custom_interfaces/include/custom_interfaces/custom_interfaces/action/detail
[5.003s] -- Installing: /home/ryan/Desktop/ROSPoems/ros2_ws/install/custom_interfaces/include/custom_interfaces/custom_interfaces/action/detail/poem__functions.h
[5.004s] -- Installing: /home/ryan/Desktop/ROSPoems/ros2_ws/install/custom_interfaces/include/custom_interfaces/custom_interfaces/action/detail/poem__type_support.c
[5.004s] -- Installing: /home/ryan/Desktop/ROSPoems/ros2_ws/install/custom_interfaces/include/custom_interfaces/custom_interfaces/action/detail/poem__functions.c
[5.004s] -- Installing: /home/ryan/Desktop/ROSPoems/ros2_ws/install/custom_interfaces/include/custom_interfaces/custom_interfaces/action/detail/poem__type_support.h
[5.004s] -- Installing: /home/ryan/Desktop/ROSPoems/ros2_ws/install/custom_interfaces/include/custom_interfaces/custom_interfaces/action/detail/poem__struct.h
[5.004s] -- Installing: /home/ryan/Desktop/ROSPoems/ros2_ws/install/custom_interfaces/include/custom_interfaces/custom_interfaces/action/detail/poem__description.c
[5.004s] -- Installing: /home/ryan/Desktop/ROSPoems/ros2_ws/install/custom_interfaces/include/custom_interfaces/custom_interfaces/action/poem.h
[5.004s] -- Installing: /home/ryan/Desktop/ROSPoems/ros2_ws/install/custom_interfaces/include/custom_interfaces/custom_interfaces/msg
[5.004s] -- Installing: /home/ryan/Desktop/ROSPoems/ros2_ws/install/custom_interfaces/include/custom_interfaces/custom_interfaces/msg/rosidl_generator_c__visibility_control.h
[5.005s] -- Installing: /home/ryan/Desktop/ROSPoems/ros2_ws/install/custom_interfaces/share/custom_interfaces/environment/library_path.sh
[5.005s] -- Installing: /home/ryan/Desktop/ROSPoems/ros2_ws/install/custom_interfaces/share/custom_interfaces/environment/library_path.dsv
[5.005s] -- Installing: /home/ryan/Desktop/ROSPoems/ros2_ws/install/custom_interfaces/lib/libcustom_interfaces__rosidl_generator_c.so
[5.005s] -- Set runtime path of "/home/ryan/Desktop/ROSPoems/ros2_ws/install/custom_interfaces/lib/libcustom_interfaces__rosidl_generator_c.so" to ""
[5.005s] -- Up-to-date: /home/ryan/Desktop/ROSPoems/ros2_ws/install/custom_interfaces/include/custom_interfaces/custom_interfaces
[5.006s] -- Up-to-date: /home/ryan/Desktop/ROSPoems/ros2_ws/install/custom_interfaces/include/custom_interfaces/custom_interfaces/action
[5.006s] -- Up-to-date: /home/ryan/Desktop/ROSPoems/ros2_ws/install/custom_interfaces/include/custom_interfaces/custom_interfaces/action/detail
[5.006s] -- Installing: /home/ryan/Desktop/ROSPoems/ros2_ws/install/custom_interfaces/include/custom_interfaces/custom_interfaces/action/detail/poem__rosidl_typesupport_fastrtps_c.h
[5.006s] -- Up-to-date: /home/ryan/Desktop/ROSPoems/ros2_ws/install/custom_interfaces/include/custom_interfaces/custom_interfaces/msg
[5.006s] -- Installing: /home/ryan/Desktop/ROSPoems/ros2_ws/install/custom_interfaces/include/custom_interfaces/custom_interfaces/msg/rosidl_typesupport_fastrtps_c__visibility_control.h
[5.006s] -- Installing: /home/ryan/Desktop/ROSPoems/ros2_ws/install/custom_interfaces/lib/libcustom_interfaces__rosidl_typesupport_fastrtps_c.so
[5.006s] -- Set runtime path of "/home/ryan/Desktop/ROSPoems/ros2_ws/install/custom_interfaces/lib/libcustom_interfaces__rosidl_typesupport_fastrtps_c.so" to ""
[5.006s] -- Up-to-date: /home/ryan/Desktop/ROSPoems/ros2_ws/install/custom_interfaces/include/custom_interfaces/custom_interfaces
[5.006s] -- Up-to-date: /home/ryan/Desktop/ROSPoems/ros2_ws/install/custom_interfaces/include/custom_interfaces/custom_interfaces/action
[5.007s] -- Up-to-date: /home/ryan/Desktop/ROSPoems/ros2_ws/install/custom_interfaces/include/custom_interfaces/custom_interfaces/action/detail
[5.007s] -- Installing: /home/ryan/Desktop/ROSPoems/ros2_ws/install/custom_interfaces/include/custom_interfaces/custom_interfaces/action/detail/poem__rosidl_typesupport_introspection_c.h
[5.007s] -- Up-to-date: /home/ryan/Desktop/ROSPoems/ros2_ws/install/custom_interfaces/include/custom_interfaces/custom_interfaces/action/detail/poem__type_support.c
[5.007s] -- Up-to-date: /home/ryan/Desktop/ROSPoems/ros2_ws/install/custom_interfaces/include/custom_interfaces/custom_interfaces/msg
[5.007s] -- Installing: /home/ryan/Desktop/ROSPoems/ros2_ws/install/custom_interfaces/include/custom_interfaces/custom_interfaces/msg/rosidl_typesupport_introspection_c__visibility_control.h
[5.007s] -- Installing: /home/ryan/Desktop/ROSPoems/ros2_ws/install/custom_interfaces/lib/libcustom_interfaces__rosidl_typesupport_introspection_c.so
[5.007s] -- Set runtime path of "/home/ryan/Desktop/ROSPoems/ros2_ws/install/custom_interfaces/lib/libcustom_interfaces__rosidl_typesupport_introspection_c.so" to ""
[5.007s] -- Installing: /home/ryan/Desktop/ROSPoems/ros2_ws/install/custom_interfaces/lib/libcustom_interfaces__rosidl_typesupport_c.so
[5.007s] -- Set runtime path of "/home/ryan/Desktop/ROSPoems/ros2_ws/install/custom_interfaces/lib/libcustom_interfaces__rosidl_typesupport_c.so" to ""
[5.008s] -- Up-to-date: /home/ryan/Desktop/ROSPoems/ros2_ws/install/custom_interfaces/include/custom_interfaces/custom_interfaces
[5.008s] -- Up-to-date: /home/ryan/Desktop/ROSPoems/ros2_ws/install/custom_interfaces/include/custom_interfaces/custom_interfaces/action
[5.008s] -- Up-to-date: /home/ryan/Desktop/ROSPoems/ros2_ws/install/custom_interfaces/include/custom_interfaces/custom_interfaces/action/detail
[5.008s] -- Installing: /home/ryan/Desktop/ROSPoems/ros2_ws/install/custom_interfaces/include/custom_interfaces/custom_interfaces/action/detail/poem__struct.hpp
[5.008s] -- Installing: /home/ryan/Desktop/ROSPoems/ros2_ws/install/custom_interfaces/include/custom_interfaces/custom_interfaces/action/detail/poem__traits.hpp
[5.008s] -- Installing: /home/ryan/Desktop/ROSPoems/ros2_ws/install/custom_interfaces/include/custom_interfaces/custom_interfaces/action/detail/poem__builder.hpp
[5.008s] -- Installing: /home/ryan/Desktop/ROSPoems/ros2_ws/install/custom_interfaces/include/custom_interfaces/custom_interfaces/action/poem.hpp
[5.008s] -- Up-to-date: /home/ryan/Desktop/ROSPoems/ros2_ws/install/custom_interfaces/include/custom_interfaces/custom_interfaces
[5.008s] -- Up-to-date: /home/ryan/Desktop/ROSPoems/ros2_ws/install/custom_interfaces/include/custom_interfaces/custom_interfaces/action
[5.008s] -- Up-to-date: /home/ryan/Desktop/ROSPoems/ros2_ws/install/custom_interfaces/include/custom_interfaces/custom_interfaces/action/detail
[5.009s] -- Installing: /home/ryan/Desktop/ROSPoems/ros2_ws/install/custom_interfaces/include/custom_interfaces/custom_interfaces/action/detail/poem__rosidl_typesupport_fastrtps_cpp.hpp
[5.009s] -- Installing: /home/ryan/Desktop/ROSPoems/ros2_ws/install/custom_interfaces/include/custom_interfaces/custom_interfaces/action/detail/dds_fastrtps
[5.009s] -- Up-to-date: /home/ryan/Desktop/ROSPoems/ros2_ws/install/custom_interfaces/include/custom_interfaces/custom_interfaces/msg
[5.009s] -- Installing: /home/ryan/Desktop/ROSPoems/ros2_ws/install/custom_interfaces/include/custom_interfaces/custom_interfaces/msg/rosidl_typesupport_fastrtps_cpp__visibility_control.h
[5.009s] -- Installing: /home/ryan/Desktop/ROSPoems/ros2_ws/install/custom_interfaces/lib/libcustom_interfaces__rosidl_typesupport_fastrtps_cpp.so
[5.009s] -- Set runtime path of "/home/ryan/Desktop/ROSPoems/ros2_ws/install/custom_interfaces/lib/libcustom_interfaces__rosidl_typesupport_fastrtps_cpp.so" to ""
[5.009s] -- Up-to-date: /home/ryan/Desktop/ROSPoems/ros2_ws/install/custom_interfaces/include/custom_interfaces/custom_interfaces
[5.010s] -- Up-to-date: /home/ryan/Desktop/ROSPoems/ros2_ws/install/custom_interfaces/include/custom_interfaces/custom_interfaces/action
[5.010s] -- Up-to-date: /home/ryan/Desktop/ROSPoems/ros2_ws/install/custom_interfaces/include/custom_interfaces/custom_interfaces/action/detail
[5.010s] -- Installing: /home/ryan/Desktop/ROSPoems/ros2_ws/install/custom_interfaces/include/custom_interfaces/custom_interfaces/action/detail/poem__rosidl_typesupport_introspection_cpp.hpp
[5.010s] -- Installing: /home/ryan/Desktop/ROSPoems/ros2_ws/install/custom_interfaces/include/custom_interfaces/custom_interfaces/action/detail/poem__type_support.cpp
[5.010s] -- Installing: /home/ryan/Desktop/ROSPoems/ros2_ws/install/custom_interfaces/lib/libcustom_interfaces__rosidl_typesupport_introspection_cpp.so
[5.011s] -- Set runtime path of "/home/ryan/Desktop/ROSPoems/ros2_ws/install/custom_interfaces/lib/libcustom_interfaces__rosidl_typesupport_introspection_cpp.so" to ""
[5.011s] -- Installing: /home/ryan/Desktop/ROSPoems/ros2_ws/install/custom_interfaces/lib/libcustom_interfaces__rosidl_typesupport_cpp.so
[5.011s] -- Set runtime path of "/home/ryan/Desktop/ROSPoems/ros2_ws/install/custom_interfaces/lib/libcustom_interfaces__rosidl_typesupport_cpp.so" to ""
[5.012s] -- Installing: /home/ryan/Desktop/ROSPoems/ros2_ws/install/custom_interfaces/share/custom_interfaces/environment/pythonpath.sh
[5.012s] -- Installing: /home/ryan/Desktop/ROSPoems/ros2_ws/install/custom_interfaces/share/custom_interfaces/environment/pythonpath.dsv
[5.012s] -- Installing: /home/ryan/Desktop/ROSPoems/ros2_ws/install/custom_interfaces/lib/python3.10/site-packages/custom_interfaces-0.0.0-py3.10.egg-info
[5.012s] -- Installing: /home/ryan/Desktop/ROSPoems/ros2_ws/install/custom_interfaces/lib/python3.10/site-packages/custom_interfaces-0.0.0-py3.10.egg-info/dependency_links.txt
[5.012s] -- Installing: /home/ryan/Desktop/ROSPoems/ros2_ws/install/custom_interfaces/lib/python3.10/site-packages/custom_interfaces-0.0.0-py3.10.egg-info/SOURCES.txt
[5.012s] -- Installing: /home/ryan/Desktop/ROSPoems/ros2_ws/install/custom_interfaces/lib/python3.10/site-packages/custom_interfaces-0.0.0-py3.10.egg-info/top_level.txt
[5.012s] -- Installing: /home/ryan/Desktop/ROSPoems/ros2_ws/install/custom_interfaces/lib/python3.10/site-packages/custom_interfaces-0.0.0-py3.10.egg-info/PKG-INFO
[5.012s] -- Installing: /home/ryan/Desktop/ROSPoems/ros2_ws/install/custom_interfaces/lib/python3.10/site-packages/custom_interfaces
[5.013s] -- Installing: /home/ryan/Desktop/ROSPoems/ros2_ws/install/custom_interfaces/lib/python3.10/site-packages/custom_interfaces/_custom_interfaces_s.ep.rosidl_typesupport_c.c
[5.013s] -- Installing: /home/ryan/Desktop/ROSPoems/ros2_ws/install/custom_interfaces/lib/python3.10/site-packages/custom_interfaces/__init__.py
[5.013s] -- Installing: /home/ryan/Desktop/ROSPoems/ros2_ws/install/custom_interfaces/lib/python3.10/site-packages/custom_interfaces/_custom_interfaces_s.ep.rosidl_typesupport_fastrtps_c.c
[5.013s] -- Installing: /home/ryan/Desktop/ROSPoems/ros2_ws/install/custom_interfaces/lib/python3.10/site-packages/custom_interfaces/_custom_interfaces_s.ep.rosidl_typesupport_introspection_c.c
[5.013s] -- Installing: /home/ryan/Desktop/ROSPoems/ros2_ws/install/custom_interfaces/lib/python3.10/site-packages/custom_interfaces/custom_interfaces_s__rosidl_typesupport_c.cpython-310-x86_64-linux-gnu.so
[5.013s] -- Installing: /home/ryan/Desktop/ROSPoems/ros2_ws/install/custom_interfaces/lib/python3.10/site-packages/custom_interfaces/libcustom_interfaces__rosidl_generator_py.so
[5.013s] -- Installing: /home/ryan/Desktop/ROSPoems/ros2_ws/install/custom_interfaces/lib/python3.10/site-packages/custom_interfaces/custom_interfaces_s__rosidl_typesupport_fastrtps_c.cpython-310-x86_64-linux-gnu.so
[5.014s] -- Installing: /home/ryan/Desktop/ROSPoems/ros2_ws/install/custom_interfaces/lib/python3.10/site-packages/custom_interfaces/action
[5.014s] -- Installing: /home/ryan/Desktop/ROSPoems/ros2_ws/install/custom_interfaces/lib/python3.10/site-packages/custom_interfaces/action/_poem.py
[5.014s] -- Installing: /home/ryan/Desktop/ROSPoems/ros2_ws/install/custom_interfaces/lib/python3.10/site-packages/custom_interfaces/action/__init__.py
[5.014s] -- Installing: /home/ryan/Desktop/ROSPoems/ros2_ws/install/custom_interfaces/lib/python3.10/site-packages/custom_interfaces/action/_poem_s.c
[5.014s] -- Installing: /home/ryan/Desktop/ROSPoems/ros2_ws/install/custom_interfaces/lib/python3.10/site-packages/custom_interfaces/custom_interfaces_s__rosidl_typesupport_introspection_c.cpython-310-x86_64-linux-gnu.so
[5.049s] Listing '/home/ryan/Desktop/ROSPoems/ros2_ws/install/custom_interfaces/lib/python3.10/site-packages/custom_interfaces'...
[5.049s] Compiling '/home/ryan/Desktop/ROSPoems/ros2_ws/install/custom_interfaces/lib/python3.10/site-packages/custom_interfaces/__init__.py'...
[5.049s] Listing '/home/ryan/Desktop/ROSPoems/ros2_ws/install/custom_interfaces/lib/python3.10/site-packages/custom_interfaces/action'...
[5.049s] Compiling '/home/ryan/Desktop/ROSPoems/ros2_ws/install/custom_interfaces/lib/python3.10/site-packages/custom_interfaces/action/__init__.py'...
[5.049s] Compiling '/home/ryan/Desktop/ROSPoems/ros2_ws/install/custom_interfaces/lib/python3.10/site-packages/custom_interfaces/action/_poem.py'...
[5.052s] -- Installing: /home/ryan/Desktop/ROSPoems/ros2_ws/install/custom_interfaces/lib/python3.10/site-packages/custom_interfaces/custom_interfaces_s__rosidl_typesupport_fastrtps_c.cpython-310-x86_64-linux-gnu.so
[5.053s] -- Set runtime path of "/home/ryan/Desktop/ROSPoems/ros2_ws/install/custom_interfaces/lib/python3.10/site-packages/custom_interfaces/custom_interfaces_s__rosidl_typesupport_fastrtps_c.cpython-310-x86_64-linux-gnu.so" to ""
[5.053s] -- Installing: /home/ryan/Desktop/ROSPoems/ros2_ws/install/custom_interfaces/lib/python3.10/site-packages/custom_interfaces/custom_interfaces_s__rosidl_typesupport_introspection_c.cpython-310-x86_64-linux-gnu.so
[5.053s] -- Set runtime path of "/home/ryan/Desktop/ROSPoems/ros2_ws/install/custom_interfaces/lib/python3.10/site-packages/custom_interfaces/custom_interfaces_s__rosidl_typesupport_introspection_c.cpython-310-x86_64-linux-gnu.so" to ""
[5.054s] -- Installing: /home/ryan/Desktop/ROSPoems/ros2_ws/install/custom_interfaces/lib/python3.10/site-packages/custom_interfaces/custom_interfaces_s__rosidl_typesupport_c.cpython-310-x86_64-linux-gnu.so
[5.054s] -- Set runtime path of "/home/ryan/Desktop/ROSPoems/ros2_ws/install/custom_interfaces/lib/python3.10/site-packages/custom_interfaces/custom_interfaces_s__rosidl_typesupport_c.cpython-310-x86_64-linux-gnu.so" to ""
[5.054s] -- Installing: /home/ryan/Desktop/ROSPoems/ros2_ws/install/custom_interfaces/lib/libcustom_interfaces__rosidl_generator_py.so
[5.054s] -- Set runtime path of "/home/ryan/Desktop/ROSPoems/ros2_ws/install/custom_interfaces/lib/libcustom_interfaces__rosidl_generator_py.so" to ""
[5.055s] -- Installing: /home/ryan/Desktop/ROSPoems/ros2_ws/install/custom_interfaces/share/custom_interfaces/action/Poem.idl
[5.055s] -- Installing: /home/ryan/Desktop/ROSPoems/ros2_ws/install/custom_interfaces/share/custom_interfaces/action/Poem.action
[5.055s] -- Installing: /home/ryan/Desktop/ROSPoems/ros2_ws/install/custom_interfaces/share/ament_index/resource_index/package_run_dependencies/custom_interfaces
[5.055s] -- Installing: /home/ryan/Desktop/ROSPoems/ros2_ws/install/custom_interfaces/share/ament_index/resource_index/parent_prefix_path/custom_interfaces
[5.055s] -- Installing: /home/ryan/Desktop/ROSPoems/ros2_ws/install/custom_interfaces/share/custom_interfaces/environment/ament_prefix_path.sh
[5.055s] -- Installing: /home/ryan/Desktop/ROSPoems/ros2_ws/install/custom_interfaces/share/custom_interfaces/environment/ament_prefix_path.dsv
[5.055s] -- Installing: /home/ryan/Desktop/ROSPoems/ros2_ws/install/custom_interfaces/share/custom_interfaces/environment/path.sh
[5.056s] -- Installing: /home/ryan/Desktop/ROSPoems/ros2_ws/install/custom_interfaces/share/custom_interfaces/environment/path.dsv
[5.056s] -- Installing: /home/ryan/Desktop/ROSPoems/ros2_ws/install/custom_interfaces/share/custom_interfaces/local_setup.bash
[5.056s] -- Installing: /home/ryan/Desktop/ROSPoems/ros2_ws/install/custom_interfaces/share/custom_interfaces/local_setup.sh
[5.056s] -- Installing: /home/ryan/Desktop/ROSPoems/ros2_ws/install/custom_interfaces/share/custom_interfaces/local_setup.zsh
[5.056s] -- Installing: /home/ryan/Desktop/ROSPoems/ros2_ws/install/custom_interfaces/share/custom_interfaces/local_setup.dsv
[5.056s] -- Installing: /home/ryan/Desktop/ROSPoems/ros2_ws/install/custom_interfaces/share/custom_interfaces/package.dsv
[5.056s] -- Installing: /home/ryan/Desktop/ROSPoems/ros2_ws/install/custom_interfaces/share/ament_index/resource_index/packages/custom_interfaces
[5.057s] -- Installing: /home/ryan/Desktop/ROSPoems/ros2_ws/install/custom_interfaces/share/custom_interfaces/cmake/export_custom_interfaces__rosidl_generator_cExport.cmake
[5.057s] -- Installing: /home/ryan/Desktop/ROSPoems/ros2_ws/install/custom_interfaces/share/custom_interfaces/cmake/export_custom_interfaces__rosidl_generator_cExport-noconfig.cmake
[5.057s] -- Installing: /home/ryan/Desktop/ROSPoems/ros2_ws/install/custom_interfaces/share/custom_interfaces/cmake/export_custom_interfaces__rosidl_typesupport_fastrtps_cExport.cmake
[5.057s] -- Installing: /home/ryan/Desktop/ROSPoems/ros2_ws/install/custom_interfaces/share/custom_interfaces/cmake/export_custom_interfaces__rosidl_typesupport_fastrtps_cExport-noconfig.cmake
[5.057s] -- Installing: /home/ryan/Desktop/ROSPoems/ros2_ws/install/custom_interfaces/share/custom_interfaces/cmake/custom_interfaces__rosidl_typesupport_introspection_cExport.cmake
[5.057s] -- Installing: /home/ryan/Desktop/ROSPoems/ros2_ws/install/custom_interfaces/share/custom_interfaces/cmake/custom_interfaces__rosidl_typesupport_introspection_cExport-noconfig.cmake
[5.057s] -- Installing: /home/ryan/Desktop/ROSPoems/ros2_ws/install/custom_interfaces/share/custom_interfaces/cmake/custom_interfaces__rosidl_typesupport_cExport.cmake
[5.058s] -- Installing: /home/ryan/Desktop/ROSPoems/ros2_ws/install/custom_interfaces/share/custom_interfaces/cmake/custom_interfaces__rosidl_typesupport_cExport-noconfig.cmake
[5.058s] -- Installing: /home/ryan/Desktop/ROSPoems/ros2_ws/install/custom_interfaces/share/custom_interfaces/cmake/export_custom_interfaces__rosidl_generator_cppExport.cmake
[5.058s] -- Installing: /home/ryan/Desktop/ROSPoems/ros2_ws/install/custom_interfaces/share/custom_interfaces/cmake/export_custom_interfaces__rosidl_typesupport_fastrtps_cppExport.cmake
[5.058s] -- Installing: /home/ryan/Desktop/ROSPoems/ros2_ws/install/custom_interfaces/share/custom_interfaces/cmake/export_custom_interfaces__rosidl_typesupport_fastrtps_cppExport-noconfig.cmake
[5.058s] -- Installing: /home/ryan/Desktop/ROSPoems/ros2_ws/install/custom_interfaces/share/custom_interfaces/cmake/custom_interfaces__rosidl_typesupport_introspection_cppExport.cmake
[5.058s] -- Installing: /home/ryan/Desktop/ROSPoems/ros2_ws/install/custom_interfaces/share/custom_interfaces/cmake/custom_interfaces__rosidl_typesupport_introspection_cppExport-noconfig.cmake
[5.058s] -- Installing: /home/ryan/Desktop/ROSPoems/ros2_ws/install/custom_interfaces/share/custom_interfaces/cmake/custom_interfaces__rosidl_typesupport_cppExport.cmake
[5.059s] -- Installing: /home/ryan/Desktop/ROSPoems/ros2_ws/install/custom_interfaces/share/custom_interfaces/cmake/custom_interfaces__rosidl_typesupport_cppExport-noconfig.cmake
[5.059s] -- Installing: /home/ryan/Desktop/ROSPoems/ros2_ws/install/custom_interfaces/share/custom_interfaces/cmake/export_custom_interfaces__rosidl_generator_pyExport.cmake
[5.059s] -- Installing: /home/ryan/Desktop/ROSPoems/ros2_ws/install/custom_interfaces/share/custom_interfaces/cmake/export_custom_interfaces__rosidl_generator_pyExport-noconfig.cmake
[5.059s] -- Installing: /home/ryan/Desktop/ROSPoems/ros2_ws/install/custom_interfaces/share/custom_interfaces/cmake/rosidl_cmake-extras.cmake
[5.059s] -- Installing: /home/ryan/Desktop/ROSPoems/ros2_ws/install/custom_interfaces/share/custom_interfaces/cmake/ament_cmake_export_dependencies-extras.cmake
[5.059s] -- Installing: /home/ryan/Desktop/ROSPoems/ros2_ws/install/custom_interfaces/share/custom_interfaces/cmake/ament_cmake_export_include_directories-extras.cmake
[5.060s] -- Installing: /home/ryan/Desktop/ROSPoems/ros2_ws/install/custom_interfaces/share/custom_interfaces/cmake/ament_cmake_export_libraries-extras.cmake
[5.060s] -- Installing: /home/ryan/Desktop/ROSPoems/ros2_ws/install/custom_interfaces/share/custom_interfaces/cmake/ament_cmake_export_targets-extras.cmake
[5.060s] -- Installing: /home/ryan/Desktop/ROSPoems/ros2_ws/install/custom_interfaces/share/custom_interfaces/cmake/rosidl_cmake_export_typesupport_targets-extras.cmake
[5.060s] -- Installing: /home/ryan/Desktop/ROSPoems/ros2_ws/install/custom_interfaces/share/custom_interfaces/cmake/rosidl_cmake_export_typesupport_libraries-extras.cmake
[5.060s] -- Installing: /home/ryan/Desktop/ROSPoems/ros2_ws/install/custom_interfaces/share/custom_interfaces/cmake/custom_interfacesConfig.cmake
[5.060s] -- Installing: /home/ryan/Desktop/ROSPoems/ros2_ws/install/custom_interfaces/share/custom_interfaces/cmake/custom_interfacesConfig-version.cmake
[5.060s] -- Installing: /home/ryan/Desktop/ROSPoems/ros2_ws/install/custom_interfaces/share/custom_interfaces/package.xml
[5.063s] Invoked command in '/home/ryan/Desktop/ROSPoems/ros2_ws/build/custom_interfaces' returned '0': CMAKE_PREFIX_PATH=${CMAKE_PREFIX_PATH}:/home/ryan/Desktop/FleetGlue/ros2_ws/install/poem_actions:/home/ryan/ros2_ws/install/actions_py:/home/ryan/ros2_ws/install/my_py_pkg:/opt/ros/iron /usr/bin/cmake --install /home/ryan/Desktop/ROSPoems/ros2_ws/build/custom_interfaces
