[0.423s] Invoking command in '/home/ryan/Desktop/FleetGlue/ros2_ws/build/poem_bringup': CMAKE_PREFIX_PATH=${CMAKE_PREFIX_PATH}:/home/ryan/Desktop/FleetGlue/ros2_ws/install/action_server:/home/ryan/Desktop/FleetGlue/ros2_ws/install/action_client:/home/ryan/Desktop/ROSPoems/ros2_ws/install/poem_actions:/home/ryan/Desktop/FleetGlue/ros2_ws/install/poem_actions:/home/ryan/ros2_ws/install/actions_py:/home/ryan/ros2_ws/install/my_py_pkg:/opt/ros/iron CONDA_PROMPT_MODIFIER=(base) /usr/bin/cmake --build /home/ryan/Desktop/FleetGlue/ros2_ws/build/poem_bringup -- -j16 -l16
[0.460s] Invoked command in '/home/ryan/Desktop/FleetGlue/ros2_ws/build/poem_bringup' returned '0': CMAKE_PREFIX_PATH=${CMAKE_PREFIX_PATH}:/home/ryan/Desktop/FleetGlue/ros2_ws/install/action_server:/home/ryan/Desktop/FleetGlue/ros2_ws/install/action_client:/home/ryan/Desktop/ROSPoems/ros2_ws/install/poem_actions:/home/ryan/Desktop/FleetGlue/ros2_ws/install/poem_actions:/home/ryan/ros2_ws/install/actions_py:/home/ryan/ros2_ws/install/my_py_pkg:/opt/ros/iron CONDA_PROMPT_MODIFIER=(base) /usr/bin/cmake --build /home/ryan/Desktop/FleetGlue/ros2_ws/build/poem_bringup -- -j16 -l16
[0.490s] Invoking command in '/home/ryan/Desktop/FleetGlue/ros2_ws/build/poem_bringup': CMAKE_PREFIX_PATH=${CMAKE_PREFIX_PATH}:/home/ryan/Desktop/FleetGlue/ros2_ws/install/action_server:/home/ryan/Desktop/FleetGlue/ros2_ws/install/action_client:/home/ryan/Desktop/ROSPoems/ros2_ws/install/poem_actions:/home/ryan/Desktop/FleetGlue/ros2_ws/install/poem_actions:/home/ryan/ros2_ws/install/actions_py:/home/ryan/ros2_ws/install/my_py_pkg:/opt/ros/iron CONDA_PROMPT_MODIFIER=(base) /usr/bin/cmake --install /home/ryan/Desktop/FleetGlue/ros2_ws/build/poem_bringup
[0.499s] -- Install configuration: ""
[0.499s] -- Up-to-date: /home/ryan/Desktop/FleetGlue/ros2_ws/install/poem_bringup/share/poem_bringup/launch
[0.499s] -- Up-to-date: /home/ryan/Desktop/FleetGlue/ros2_ws/install/poem_bringup/share/poem_bringup/launch/poem_app.launch.py
[0.499s] -- Up-to-date: /home/ryan/Desktop/FleetGlue/ros2_ws/install/poem_bringup/share/ament_index/resource_index/package_run_dependencies/poem_bringup
[0.499s] -- Up-to-date: /home/ryan/Desktop/FleetGlue/ros2_ws/install/poem_bringup/share/ament_index/resource_index/parent_prefix_path/poem_bringup
[0.499s] -- Up-to-date: /home/ryan/Desktop/FleetGlue/ros2_ws/install/poem_bringup/share/poem_bringup/environment/ament_prefix_path.sh
[0.500s] -- Up-to-date: /home/ryan/Desktop/FleetGlue/ros2_ws/install/poem_bringup/share/poem_bringup/environment/ament_prefix_path.dsv
[0.500s] -- Up-to-date: /home/ryan/Desktop/FleetGlue/ros2_ws/install/poem_bringup/share/poem_bringup/environment/path.sh
[0.500s] -- Up-to-date: /home/ryan/Desktop/FleetGlue/ros2_ws/install/poem_bringup/share/poem_bringup/environment/path.dsv
[0.500s] -- Up-to-date: /home/ryan/Desktop/FleetGlue/ros2_ws/install/poem_bringup/share/poem_bringup/local_setup.bash
[0.500s] -- Up-to-date: /home/ryan/Desktop/FleetGlue/ros2_ws/install/poem_bringup/share/poem_bringup/local_setup.sh
[0.500s] -- Up-to-date: /home/ryan/Desktop/FleetGlue/ros2_ws/install/poem_bringup/share/poem_bringup/local_setup.zsh
[0.500s] -- Up-to-date: /home/ryan/Desktop/FleetGlue/ros2_ws/install/poem_bringup/share/poem_bringup/local_setup.dsv
[0.500s] -- Installing: /home/ryan/Desktop/FleetGlue/ros2_ws/install/poem_bringup/share/poem_bringup/package.dsv
[0.500s] -- Up-to-date: /home/ryan/Desktop/FleetGlue/ros2_ws/install/poem_bringup/share/ament_index/resource_index/packages/poem_bringup
[0.500s] -- Up-to-date: /home/ryan/Desktop/FleetGlue/ros2_ws/install/poem_bringup/share/poem_bringup/cmake/poem_bringupConfig.cmake
[0.500s] -- Up-to-date: /home/ryan/Desktop/FleetGlue/ros2_ws/install/poem_bringup/share/poem_bringup/cmake/poem_bringupConfig-version.cmake
[0.500s] -- Up-to-date: /home/ryan/Desktop/FleetGlue/ros2_ws/install/poem_bringup/share/poem_bringup/package.xml
[0.503s] Invoked command in '/home/ryan/Desktop/FleetGlue/ros2_ws/build/poem_bringup' returned '0': CMAKE_PREFIX_PATH=${CMAKE_PREFIX_PATH}:/home/ryan/Desktop/FleetGlue/ros2_ws/install/action_server:/home/ryan/Desktop/FleetGlue/ros2_ws/install/action_client:/home/ryan/Desktop/ROSPoems/ros2_ws/install/poem_actions:/home/ryan/Desktop/FleetGlue/ros2_ws/install/poem_actions:/home/ryan/ros2_ws/install/actions_py:/home/ryan/ros2_ws/install/my_py_pkg:/opt/ros/iron CONDA_PROMPT_MODIFIER=(base) /usr/bin/cmake --install /home/ryan/Desktop/FleetGlue/ros2_ws/build/poem_bringup
