[0.731s] Invoking command in '/home/ryan/Desktop/FleetGlue/ros2_ws/src/action_server': CONDA_PROMPT_MODIFIER=(base) PYTHONPATH=/home/ryan/Desktop/FleetGlue/ros2_ws/build/action_server/prefix_override:/usr/lib/python3/dist-packages/colcon_core/task/python/colcon_distutils_commands:/home/ryan/Desktop/FleetGlue/ros2_ws/install/action_server/lib/python3.10/site-packages:${PYTHONPATH} /usr/bin/python3 -W ignore:setup.py install is deprecated setup.py egg_info --egg-base ../../build/action_server build --build-base /home/ryan/Desktop/FleetGlue/ros2_ws/build/action_server/build install --record /home/ryan/Desktop/FleetGlue/ros2_ws/build/action_server/install.log --single-version-externally-managed install_data
[0.924s] running egg_info
[0.924s] writing ../../build/action_server/action_server.egg-info/PKG-INFO
[0.924s] writing dependency_links to ../../build/action_server/action_server.egg-info/dependency_links.txt
[0.925s] writing entry points to ../../build/action_server/action_server.egg-info/entry_points.txt
[0.925s] writing requirements to ../../build/action_server/action_server.egg-info/requires.txt
[0.925s] writing top-level names to ../../build/action_server/action_server.egg-info/top_level.txt
[0.926s] reading manifest file '../../build/action_server/action_server.egg-info/SOURCES.txt'
[0.927s] writing manifest file '../../build/action_server/action_server.egg-info/SOURCES.txt'
[0.927s] running build
[0.927s] running build_py
[0.927s] running install
[0.928s] running install_lib
[0.928s] running install_data
[0.929s] running install_egg_info
[0.930s] removing '/home/ryan/Desktop/FleetGlue/ros2_ws/install/action_server/lib/python3.10/site-packages/action_server-0.0.0-py3.10.egg-info' (and everything under it)
[0.930s] Copying ../../build/action_server/action_server.egg-info to /home/ryan/Desktop/FleetGlue/ros2_ws/install/action_server/lib/python3.10/site-packages/action_server-0.0.0-py3.10.egg-info
[0.931s] running install_scripts
[0.949s] Installing poems_server script to /home/ryan/Desktop/FleetGlue/ros2_ws/install/action_server/lib/action_server
[0.949s] writing list of installed files to '/home/ryan/Desktop/FleetGlue/ros2_ws/build/action_server/install.log'
[0.979s] Invoked command in '/home/ryan/Desktop/FleetGlue/ros2_ws/src/action_server' returned '0': CONDA_PROMPT_MODIFIER=(base) PYTHONPATH=/home/ryan/Desktop/FleetGlue/ros2_ws/build/action_server/prefix_override:/usr/lib/python3/dist-packages/colcon_core/task/python/colcon_distutils_commands:/home/ryan/Desktop/FleetGlue/ros2_ws/install/action_server/lib/python3.10/site-packages:${PYTHONPATH} /usr/bin/python3 -W ignore:setup.py install is deprecated setup.py egg_info --egg-base ../../build/action_server build --build-base /home/ryan/Desktop/FleetGlue/ros2_ws/build/action_server/build install --record /home/ryan/Desktop/FleetGlue/ros2_ws/build/action_server/install.log --single-version-externally-managed install_data
