[0.012s] Invoking command in '/home/ryan/Desktop/FleetGlue/ros2_ws/build/custom_interfaces': CMAKE_PREFIX_PATH=${CMAKE_PREFIX_PATH}:/home/ryan/Desktop/FleetGlue/ros2_ws/install/poem_actions:/home/ryan/ros2_ws/install/actions_py:/home/ryan/ros2_ws/install/my_py_pkg:/opt/ros/iron CONDA_PROMPT_MODIFIER=(base) /usr/bin/cmake /home/ryan/Desktop/FleetGlue/ros2_ws/src/custom_interfaces -DCMAKE_INSTALL_PREFIX=/home/ryan/Desktop/FleetGlue/ros2_ws/install/custom_interfaces
[0.057s] -- The C compiler identification is GNU 11.4.0
[0.101s] -- The CXX compiler identification is GNU 11.4.0
[0.107s] -- Detecting C compiler ABI info
[0.166s] -- Detecting C compiler ABI info - done
[0.171s] -- Check for working C compiler: /usr/bin/cc - skipped
[0.171s] -- Detecting C compile features
[0.171s] -- Detecting C compile features - done
[0.173s] -- Detecting CXX compiler ABI info
[0.242s] -- Detecting CXX compiler ABI info - done
[0.246s] -- Check for working CXX compiler: /usr/bin/c++ - skipped
[0.247s] -- Detecting CXX compile features
[0.247s] -- Detecting CXX compile features - done
[0.249s] -- Found ament_cmake: 2.0.6 (/opt/ros/iron/share/ament_cmake/cmake)
[0.413s] -- Found Python3: /usr/bin/python3.10 (found version "3.10.12") found components: Interpreter 
[0.494s] -- Found rosidl_default_generators: 1.5.0 (/opt/ros/iron/share/rosidl_default_generators/cmake)
[0.499s] -- Using all available rosidl_typesupport_c: rosidl_typesupport_fastrtps_c;rosidl_typesupport_introspection_c
[0.539s] -- Using all available rosidl_typesupport_cpp: rosidl_typesupport_fastrtps_cpp;rosidl_typesupport_introspection_cpp
[0.572s] -- Found rosidl_adapter: 4.0.1 (/opt/ros/iron/share/rosidl_adapter/cmake)
[0.940s] -- Found ament_cmake_ros: 0.11.2 (/opt/ros/iron/share/ament_cmake_ros/cmake)
[1.091s] -- Using all available rosidl_typesupport_c: rosidl_typesupport_fastrtps_c;rosidl_typesupport_introspection_c
[1.284s] -- Using all available rosidl_typesupport_cpp: rosidl_typesupport_fastrtps_cpp;rosidl_typesupport_introspection_cpp
[1.303s] -- Found PythonInterp: /home/ryan/anaconda3/bin/python3 (found suitable version "3.11.7", minimum required is "3.6") 
[1.304s] -- Found python_cmake_module: 0.10.2 (/opt/ros/iron/share/python_cmake_module/cmake)
[1.324s] -- Found PythonLibs: /home/ryan/anaconda3/lib/libpython3.11.so (found suitable version "3.11.7", minimum required is "3.5") 
[1.324s] -- Using PYTHON_EXECUTABLE: /home/ryan/anaconda3/bin/python3
[1.325s] -- Using PYTHON_INCLUDE_DIRS: /home/ryan/anaconda3/include/python3.11
[1.325s] -- Using PYTHON_LIBRARIES: /home/ryan/anaconda3/lib/libpython3.11.so
[1.342s] -- Found PythonExtra: .so  
[1.460s] -- Using numpy include directory: /home/ryan/anaconda3/lib/python3.11/site-packages/numpy/core/include
[1.471s] -- Found ament_lint_auto: 0.14.4 (/opt/ros/iron/share/ament_lint_auto/cmake)
[1.488s] -- Added test 'lint_cmake' to check CMake code style
[1.489s] -- Added test 'xmllint' to check XML markup files
[1.491s] -- Configuring done
[1.521s] -- Generating done
[1.524s] -- Build files have been written to: /home/ryan/Desktop/FleetGlue/ros2_ws/build/custom_interfaces
[1.533s] Invoked command in '/home/ryan/Desktop/FleetGlue/ros2_ws/build/custom_interfaces' returned '0': CMAKE_PREFIX_PATH=${CMAKE_PREFIX_PATH}:/home/ryan/Desktop/FleetGlue/ros2_ws/install/poem_actions:/home/ryan/ros2_ws/install/actions_py:/home/ryan/ros2_ws/install/my_py_pkg:/opt/ros/iron CONDA_PROMPT_MODIFIER=(base) /usr/bin/cmake /home/ryan/Desktop/FleetGlue/ros2_ws/src/custom_interfaces -DCMAKE_INSTALL_PREFIX=/home/ryan/Desktop/FleetGlue/ros2_ws/install/custom_interfaces
[1.535s] Invoking command in '/home/ryan/Desktop/FleetGlue/ros2_ws/build/custom_interfaces': CMAKE_PREFIX_PATH=${CMAKE_PREFIX_PATH}:/home/ryan/Desktop/FleetGlue/ros2_ws/install/poem_actions:/home/ryan/ros2_ws/install/actions_py:/home/ryan/ros2_ws/install/my_py_pkg:/opt/ros/iron CONDA_PROMPT_MODIFIER=(base) /usr/bin/cmake --build /home/ryan/Desktop/FleetGlue/ros2_ws/build/custom_interfaces -- -j16 -l16
[1.578s] [  2%] [34m[1mGenerating type hashes for ROS interfaces[0m
[1.586s] [  2%] Built target ament_cmake_python_copy_custom_interfaces
[1.749s] [  2%] Built target custom_interfaces__rosidl_generator_type_description
[1.758s] [  5%] [34m[1mGenerating C code for ROS interfaces[0m
[1.769s] [  8%] [34m[1mGenerating C++ code for ROS interfaces[0m
[1.784s] running egg_info
[1.784s] creating custom_interfaces.egg-info
[1.784s] writing custom_interfaces.egg-info/PKG-INFO
[1.785s] writing dependency_links to custom_interfaces.egg-info/dependency_links.txt
[1.785s] writing top-level names to custom_interfaces.egg-info/top_level.txt
[1.785s] writing manifest file 'custom_interfaces.egg-info/SOURCES.txt'
[1.787s] reading manifest file 'custom_interfaces.egg-info/SOURCES.txt'
[1.787s] writing manifest file 'custom_interfaces.egg-info/SOURCES.txt'
[1.814s] [  8%] Built target ament_cmake_python_build_custom_interfaces_egg
[2.137s] [  8%] Built target custom_interfaces__cpp
[2.169s] [ 17%] [32mBuilding C object CMakeFiles/custom_interfaces__rosidl_generator_c.dir/rosidl_generator_c/custom_interfaces/action/detail/poem__type_support.c.o[0m
[2.169s] [ 17%] [32mBuilding C object CMakeFiles/custom_interfaces__rosidl_generator_c.dir/rosidl_generator_c/custom_interfaces/action/detail/poem__functions.c.o[0m
[2.169s] [ 17%] [32mBuilding C object CMakeFiles/custom_interfaces__rosidl_generator_c.dir/rosidl_generator_c/custom_interfaces/action/detail/poem__description.c.o[0m
[2.277s] [ 20%] [32m[1mLinking C shared library libcustom_interfaces__rosidl_generator_c.so[0m
[2.309s] [ 20%] Built target custom_interfaces__rosidl_generator_c
[2.318s] [ 38%] [34m[1mGenerating C introspection for ROS interfaces[0m
[2.318s] [ 38%] [34m[1mGenerating C++ introspection for ROS interfaces[0m
[2.319s] [ 38%] [34m[1mGenerating C type support dispatch for ROS interfaces[0m
[2.319s] [ 38%] [34m[1mGenerating C++ type support for eProsima Fast-RTPS[0m
[2.319s] [ 38%] [34m[1mGenerating C type support for eProsima Fast-RTPS[0m
[2.319s] [ 38%] [34m[1mGenerating C++ type support dispatch for ROS interfaces[0m
[2.604s] [ 41%] [32mBuilding CXX object CMakeFiles/custom_interfaces__rosidl_typesupport_c.dir/rosidl_typesupport_c/custom_interfaces/action/poem__type_support.cpp.o[0m
[2.615s] [ 44%] [32mBuilding CXX object CMakeFiles/custom_interfaces__rosidl_typesupport_cpp.dir/rosidl_typesupport_cpp/custom_interfaces/action/poem__type_support.cpp.o[0m
[2.659s] [ 47%] [32m[1mLinking CXX shared library libcustom_interfaces__rosidl_typesupport_c.so[0m
[2.663s] [ 50%] [32mBuilding CXX object CMakeFiles/custom_interfaces__rosidl_typesupport_introspection_cpp.dir/rosidl_typesupport_introspection_cpp/custom_interfaces/action/detail/poem__type_support.cpp.o[0m
[2.694s] [ 52%] [32mBuilding C object CMakeFiles/custom_interfaces__rosidl_typesupport_introspection_c.dir/rosidl_typesupport_introspection_c/custom_interfaces/action/detail/poem__type_support.c.o[0m
[2.701s] [ 52%] Built target custom_interfaces__rosidl_typesupport_c
[2.756s] [ 58%] [32mBuilding CXX object CMakeFiles/custom_interfaces__rosidl_typesupport_fastrtps_c.dir/rosidl_typesupport_fastrtps_c/custom_interfaces/action/detail/poem__type_support_c.cpp.o[0m
[2.757s] [ 58%] [32m[1mLinking C shared library libcustom_interfaces__rosidl_typesupport_introspection_c.so[0m
[2.779s] [ 61%] [32mBuilding CXX object CMakeFiles/custom_interfaces__rosidl_typesupport_fastrtps_cpp.dir/rosidl_typesupport_fastrtps_cpp/custom_interfaces/action/detail/dds_fastrtps/poem__type_support.cpp.o[0m
[2.787s] [ 61%] Built target custom_interfaces__rosidl_typesupport_introspection_c
[3.086s] [ 64%] [32m[1mLinking CXX shared library libcustom_interfaces__rosidl_typesupport_fastrtps_c.so[0m
[3.167s] [ 64%] Built target custom_interfaces__rosidl_typesupport_fastrtps_c
[3.277s] [ 67%] [32m[1mLinking CXX shared library libcustom_interfaces__rosidl_typesupport_cpp.so[0m
[3.352s] [ 67%] Built target custom_interfaces__rosidl_typesupport_cpp
[3.387s] [ 70%] [32m[1mLinking CXX shared library libcustom_interfaces__rosidl_typesupport_introspection_cpp.so[0m
[3.459s] [ 70%] Built target custom_interfaces__rosidl_typesupport_introspection_cpp
[3.562s] [ 73%] [32m[1mLinking CXX shared library libcustom_interfaces__rosidl_typesupport_fastrtps_cpp.so[0m
[3.630s] [ 73%] Built target custom_interfaces__rosidl_typesupport_fastrtps_cpp
[3.649s] [ 73%] Built target custom_interfaces
[3.667s] [ 76%] [34m[1mGenerating Python code for ROS interfaces[0m
[4.144s] [ 76%] Built target custom_interfaces__py
[4.162s] [ 79%] [32mBuilding C object CMakeFiles/custom_interfaces__rosidl_generator_py.dir/rosidl_generator_py/custom_interfaces/action/_poem_s.c.o[0m
[4.279s] [ 82%] [32m[1mLinking C shared library rosidl_generator_py/custom_interfaces/libcustom_interfaces__rosidl_generator_py.so[0m
[4.314s] [ 82%] Built target custom_interfaces__rosidl_generator_py
[4.332s] [ 91%] [32mBuilding C object CMakeFiles/custom_interfaces__rosidl_typesupport_introspection_c__pyext.dir/rosidl_generator_py/custom_interfaces/_custom_interfaces_s.ep.rosidl_typesupport_introspection_c.c.o[0m
[4.333s] [ 91%] [32mBuilding C object CMakeFiles/custom_interfaces__rosidl_typesupport_fastrtps_c__pyext.dir/rosidl_generator_py/custom_interfaces/_custom_interfaces_s.ep.rosidl_typesupport_fastrtps_c.c.o[0m
[4.333s] [ 91%] [32mBuilding C object CMakeFiles/custom_interfaces__rosidl_typesupport_c__pyext.dir/rosidl_generator_py/custom_interfaces/_custom_interfaces_s.ep.rosidl_typesupport_c.c.o[0m
[4.440s] [ 97%] [32m[1mLinking C shared library rosidl_generator_py/custom_interfaces/custom_interfaces_s__rosidl_typesupport_introspection_c.cpython-311-x86_64-linux-gnu.so[0m
[4.440s] [ 97%] [32m[1mLinking C shared library rosidl_generator_py/custom_interfaces/custom_interfaces_s__rosidl_typesupport_c.cpython-311-x86_64-linux-gnu.so[0m
[4.444s] [100%] [32m[1mLinking C shared library rosidl_generator_py/custom_interfaces/custom_interfaces_s__rosidl_typesupport_fastrtps_c.cpython-311-x86_64-linux-gnu.so[0m
[4.477s] [100%] Built target custom_interfaces__rosidl_typesupport_introspection_c__pyext
[4.478s] [100%] Built target custom_interfaces__rosidl_typesupport_c__pyext
[4.482s] [100%] Built target custom_interfaces__rosidl_typesupport_fastrtps_c__pyext
[4.493s] Invoked command in '/home/ryan/Desktop/FleetGlue/ros2_ws/build/custom_interfaces' returned '0': CMAKE_PREFIX_PATH=${CMAKE_PREFIX_PATH}:/home/ryan/Desktop/FleetGlue/ros2_ws/install/poem_actions:/home/ryan/ros2_ws/install/actions_py:/home/ryan/ros2_ws/install/my_py_pkg:/opt/ros/iron CONDA_PROMPT_MODIFIER=(base) /usr/bin/cmake --build /home/ryan/Desktop/FleetGlue/ros2_ws/build/custom_interfaces -- -j16 -l16
[4.559s] Invoking command in '/home/ryan/Desktop/FleetGlue/ros2_ws/build/custom_interfaces': CMAKE_PREFIX_PATH=${CMAKE_PREFIX_PATH}:/home/ryan/Desktop/FleetGlue/ros2_ws/install/poem_actions:/home/ryan/ros2_ws/install/actions_py:/home/ryan/ros2_ws/install/my_py_pkg:/opt/ros/iron CONDA_PROMPT_MODIFIER=(base) /usr/bin/cmake --install /home/ryan/Desktop/FleetGlue/ros2_ws/build/custom_interfaces
[4.567s] -- Install configuration: ""
[4.567s] -- Installing: /home/ryan/Desktop/FleetGlue/ros2_ws/install/custom_interfaces/share/ament_index/resource_index/rosidl_interfaces/custom_interfaces
[4.567s] -- Installing: /home/ryan/Desktop/FleetGlue/ros2_ws/install/custom_interfaces/share/custom_interfaces/action/Poem.json
[4.567s] -- Installing: /home/ryan/Desktop/FleetGlue/ros2_ws/install/custom_interfaces/include/custom_interfaces/custom_interfaces
[4.567s] -- Installing: /home/ryan/Desktop/FleetGlue/ros2_ws/install/custom_interfaces/include/custom_interfaces/custom_interfaces/action
[4.568s] -- Installing: /home/ryan/Desktop/FleetGlue/ros2_ws/install/custom_interfaces/include/custom_interfaces/custom_interfaces/action/detail
[4.568s] -- Installing: /home/ryan/Desktop/FleetGlue/ros2_ws/install/custom_interfaces/include/custom_interfaces/custom_interfaces/action/detail/poem__functions.h
[4.568s] -- Installing: /home/ryan/Desktop/FleetGlue/ros2_ws/install/custom_interfaces/include/custom_interfaces/custom_interfaces/action/detail/poem__type_support.c
[4.568s] -- Installing: /home/ryan/Desktop/FleetGlue/ros2_ws/install/custom_interfaces/include/custom_interfaces/custom_interfaces/action/detail/poem__functions.c
[4.568s] -- Installing: /home/ryan/Desktop/FleetGlue/ros2_ws/install/custom_interfaces/include/custom_interfaces/custom_interfaces/action/detail/poem__type_support.h
[4.568s] -- Installing: /home/ryan/Desktop/FleetGlue/ros2_ws/install/custom_interfaces/include/custom_interfaces/custom_interfaces/action/detail/poem__struct.h
[4.568s] -- Installing: /home/ryan/Desktop/FleetGlue/ros2_ws/install/custom_interfaces/include/custom_interfaces/custom_interfaces/action/detail/poem__description.c
[4.568s] -- Installing: /home/ryan/Desktop/FleetGlue/ros2_ws/install/custom_interfaces/include/custom_interfaces/custom_interfaces/action/poem.h
[4.568s] -- Installing: /home/ryan/Desktop/FleetGlue/ros2_ws/install/custom_interfaces/include/custom_interfaces/custom_interfaces/msg
[4.569s] -- Installing: /home/ryan/Desktop/FleetGlue/ros2_ws/install/custom_interfaces/include/custom_interfaces/custom_interfaces/msg/rosidl_generator_c__visibility_control.h
[4.569s] -- Installing: /home/ryan/Desktop/FleetGlue/ros2_ws/install/custom_interfaces/share/custom_interfaces/environment/library_path.sh
[4.569s] -- Installing: /home/ryan/Desktop/FleetGlue/ros2_ws/install/custom_interfaces/share/custom_interfaces/environment/library_path.dsv
[4.569s] -- Installing: /home/ryan/Desktop/FleetGlue/ros2_ws/install/custom_interfaces/lib/libcustom_interfaces__rosidl_generator_c.so
[4.569s] -- Set runtime path of "/home/ryan/Desktop/FleetGlue/ros2_ws/install/custom_interfaces/lib/libcustom_interfaces__rosidl_generator_c.so" to ""
[4.570s] -- Up-to-date: /home/ryan/Desktop/FleetGlue/ros2_ws/install/custom_interfaces/include/custom_interfaces/custom_interfaces
[4.570s] -- Up-to-date: /home/ryan/Desktop/FleetGlue/ros2_ws/install/custom_interfaces/include/custom_interfaces/custom_interfaces/action
[4.570s] -- Up-to-date: /home/ryan/Desktop/FleetGlue/ros2_ws/install/custom_interfaces/include/custom_interfaces/custom_interfaces/action/detail
[4.570s] -- Installing: /home/ryan/Desktop/FleetGlue/ros2_ws/install/custom_interfaces/include/custom_interfaces/custom_interfaces/action/detail/poem__rosidl_typesupport_fastrtps_c.h
[4.570s] -- Up-to-date: /home/ryan/Desktop/FleetGlue/ros2_ws/install/custom_interfaces/include/custom_interfaces/custom_interfaces/msg
[4.570s] -- Installing: /home/ryan/Desktop/FleetGlue/ros2_ws/install/custom_interfaces/include/custom_interfaces/custom_interfaces/msg/rosidl_typesupport_fastrtps_c__visibility_control.h
[4.570s] -- Installing: /home/ryan/Desktop/FleetGlue/ros2_ws/install/custom_interfaces/lib/libcustom_interfaces__rosidl_typesupport_fastrtps_c.so
[4.571s] -- Set runtime path of "/home/ryan/Desktop/FleetGlue/ros2_ws/install/custom_interfaces/lib/libcustom_interfaces__rosidl_typesupport_fastrtps_c.so" to ""
[4.571s] -- Up-to-date: /home/ryan/Desktop/FleetGlue/ros2_ws/install/custom_interfaces/include/custom_interfaces/custom_interfaces
[4.571s] -- Up-to-date: /home/ryan/Desktop/FleetGlue/ros2_ws/install/custom_interfaces/include/custom_interfaces/custom_interfaces/action
[4.571s] -- Up-to-date: /home/ryan/Desktop/FleetGlue/ros2_ws/install/custom_interfaces/include/custom_interfaces/custom_interfaces/action/detail
[4.571s] -- Installing: /home/ryan/Desktop/FleetGlue/ros2_ws/install/custom_interfaces/include/custom_interfaces/custom_interfaces/action/detail/poem__rosidl_typesupport_introspection_c.h
[4.571s] -- Installing: /home/ryan/Desktop/FleetGlue/ros2_ws/install/custom_interfaces/include/custom_interfaces/custom_interfaces/action/detail/poem__type_support.c
[4.571s] -- Up-to-date: /home/ryan/Desktop/FleetGlue/ros2_ws/install/custom_interfaces/include/custom_interfaces/custom_interfaces/msg
[4.571s] -- Installing: /home/ryan/Desktop/FleetGlue/ros2_ws/install/custom_interfaces/include/custom_interfaces/custom_interfaces/msg/rosidl_typesupport_introspection_c__visibility_control.h
[4.571s] -- Installing: /home/ryan/Desktop/FleetGlue/ros2_ws/install/custom_interfaces/lib/libcustom_interfaces__rosidl_typesupport_introspection_c.so
[4.572s] -- Set runtime path of "/home/ryan/Desktop/FleetGlue/ros2_ws/install/custom_interfaces/lib/libcustom_interfaces__rosidl_typesupport_introspection_c.so" to ""
[4.572s] -- Installing: /home/ryan/Desktop/FleetGlue/ros2_ws/install/custom_interfaces/lib/libcustom_interfaces__rosidl_typesupport_c.so
[4.572s] -- Set runtime path of "/home/ryan/Desktop/FleetGlue/ros2_ws/install/custom_interfaces/lib/libcustom_interfaces__rosidl_typesupport_c.so" to ""
[4.572s] -- Up-to-date: /home/ryan/Desktop/FleetGlue/ros2_ws/install/custom_interfaces/include/custom_interfaces/custom_interfaces
[4.572s] -- Up-to-date: /home/ryan/Desktop/FleetGlue/ros2_ws/install/custom_interfaces/include/custom_interfaces/custom_interfaces/action
[4.572s] -- Up-to-date: /home/ryan/Desktop/FleetGlue/ros2_ws/install/custom_interfaces/include/custom_interfaces/custom_interfaces/action/detail
[4.572s] -- Installing: /home/ryan/Desktop/FleetGlue/ros2_ws/install/custom_interfaces/include/custom_interfaces/custom_interfaces/action/detail/poem__struct.hpp
[4.572s] -- Installing: /home/ryan/Desktop/FleetGlue/ros2_ws/install/custom_interfaces/include/custom_interfaces/custom_interfaces/action/detail/poem__traits.hpp
[4.572s] -- Installing: /home/ryan/Desktop/FleetGlue/ros2_ws/install/custom_interfaces/include/custom_interfaces/custom_interfaces/action/detail/poem__builder.hpp
[4.573s] -- Installing: /home/ryan/Desktop/FleetGlue/ros2_ws/install/custom_interfaces/include/custom_interfaces/custom_interfaces/action/poem.hpp
[4.573s] -- Up-to-date: /home/ryan/Desktop/FleetGlue/ros2_ws/install/custom_interfaces/include/custom_interfaces/custom_interfaces
[4.573s] -- Up-to-date: /home/ryan/Desktop/FleetGlue/ros2_ws/install/custom_interfaces/include/custom_interfaces/custom_interfaces/action
[4.573s] -- Up-to-date: /home/ryan/Desktop/FleetGlue/ros2_ws/install/custom_interfaces/include/custom_interfaces/custom_interfaces/action/detail
[4.573s] -- Installing: /home/ryan/Desktop/FleetGlue/ros2_ws/install/custom_interfaces/include/custom_interfaces/custom_interfaces/action/detail/poem__rosidl_typesupport_fastrtps_cpp.hpp
[4.573s] -- Installing: /home/ryan/Desktop/FleetGlue/ros2_ws/install/custom_interfaces/include/custom_interfaces/custom_interfaces/action/detail/dds_fastrtps
[4.573s] -- Up-to-date: /home/ryan/Desktop/FleetGlue/ros2_ws/install/custom_interfaces/include/custom_interfaces/custom_interfaces/msg
[4.573s] -- Installing: /home/ryan/Desktop/FleetGlue/ros2_ws/install/custom_interfaces/include/custom_interfaces/custom_interfaces/msg/rosidl_typesupport_fastrtps_cpp__visibility_control.h
[4.573s] -- Installing: /home/ryan/Desktop/FleetGlue/ros2_ws/install/custom_interfaces/lib/libcustom_interfaces__rosidl_typesupport_fastrtps_cpp.so
[4.574s] -- Set runtime path of "/home/ryan/Desktop/FleetGlue/ros2_ws/install/custom_interfaces/lib/libcustom_interfaces__rosidl_typesupport_fastrtps_cpp.so" to ""
[4.574s] -- Up-to-date: /home/ryan/Desktop/FleetGlue/ros2_ws/install/custom_interfaces/include/custom_interfaces/custom_interfaces
[4.574s] -- Up-to-date: /home/ryan/Desktop/FleetGlue/ros2_ws/install/custom_interfaces/include/custom_interfaces/custom_interfaces/action
[4.574s] -- Up-to-date: /home/ryan/Desktop/FleetGlue/ros2_ws/install/custom_interfaces/include/custom_interfaces/custom_interfaces/action/detail
[4.574s] -- Installing: /home/ryan/Desktop/FleetGlue/ros2_ws/install/custom_interfaces/include/custom_interfaces/custom_interfaces/action/detail/poem__rosidl_typesupport_introspection_cpp.hpp
[4.574s] -- Installing: /home/ryan/Desktop/FleetGlue/ros2_ws/install/custom_interfaces/include/custom_interfaces/custom_interfaces/action/detail/poem__type_support.cpp
[4.574s] -- Installing: /home/ryan/Desktop/FleetGlue/ros2_ws/install/custom_interfaces/lib/libcustom_interfaces__rosidl_typesupport_introspection_cpp.so
[4.575s] -- Set runtime path of "/home/ryan/Desktop/FleetGlue/ros2_ws/install/custom_interfaces/lib/libcustom_interfaces__rosidl_typesupport_introspection_cpp.so" to ""
[4.575s] -- Installing: /home/ryan/Desktop/FleetGlue/ros2_ws/install/custom_interfaces/lib/libcustom_interfaces__rosidl_typesupport_cpp.so
[4.576s] -- Set runtime path of "/home/ryan/Desktop/FleetGlue/ros2_ws/install/custom_interfaces/lib/libcustom_interfaces__rosidl_typesupport_cpp.so" to ""
[4.576s] -- Installing: /home/ryan/Desktop/FleetGlue/ros2_ws/install/custom_interfaces/share/custom_interfaces/environment/pythonpath.sh
[4.576s] -- Installing: /home/ryan/Desktop/FleetGlue/ros2_ws/install/custom_interfaces/share/custom_interfaces/environment/pythonpath.dsv
[4.576s] -- Installing: /home/ryan/Desktop/FleetGlue/ros2_ws/install/custom_interfaces/lib/python3.10/site-packages/custom_interfaces-0.0.0-py3.10.egg-info
[4.576s] -- Installing: /home/ryan/Desktop/FleetGlue/ros2_ws/install/custom_interfaces/lib/python3.10/site-packages/custom_interfaces-0.0.0-py3.10.egg-info/dependency_links.txt
[4.576s] -- Installing: /home/ryan/Desktop/FleetGlue/ros2_ws/install/custom_interfaces/lib/python3.10/site-packages/custom_interfaces-0.0.0-py3.10.egg-info/SOURCES.txt
[4.577s] -- Installing: /home/ryan/Desktop/FleetGlue/ros2_ws/install/custom_interfaces/lib/python3.10/site-packages/custom_interfaces-0.0.0-py3.10.egg-info/top_level.txt
[4.577s] -- Installing: /home/ryan/Desktop/FleetGlue/ros2_ws/install/custom_interfaces/lib/python3.10/site-packages/custom_interfaces-0.0.0-py3.10.egg-info/PKG-INFO
[4.577s] -- Installing: /home/ryan/Desktop/FleetGlue/ros2_ws/install/custom_interfaces/lib/python3.10/site-packages/custom_interfaces
[4.577s] -- Installing: /home/ryan/Desktop/FleetGlue/ros2_ws/install/custom_interfaces/lib/python3.10/site-packages/custom_interfaces/_custom_interfaces_s.ep.rosidl_typesupport_c.c
[4.577s] -- Installing: /home/ryan/Desktop/FleetGlue/ros2_ws/install/custom_interfaces/lib/python3.10/site-packages/custom_interfaces/custom_interfaces_s__rosidl_typesupport_introspection_c.cpython-311-x86_64-linux-gnu.so
[4.577s] -- Installing: /home/ryan/Desktop/FleetGlue/ros2_ws/install/custom_interfaces/lib/python3.10/site-packages/custom_interfaces/__init__.py
[4.578s] -- Installing: /home/ryan/Desktop/FleetGlue/ros2_ws/install/custom_interfaces/lib/python3.10/site-packages/custom_interfaces/_custom_interfaces_s.ep.rosidl_typesupport_fastrtps_c.c
[4.578s] -- Installing: /home/ryan/Desktop/FleetGlue/ros2_ws/install/custom_interfaces/lib/python3.10/site-packages/custom_interfaces/_custom_interfaces_s.ep.rosidl_typesupport_introspection_c.c
[4.578s] -- Installing: /home/ryan/Desktop/FleetGlue/ros2_ws/install/custom_interfaces/lib/python3.10/site-packages/custom_interfaces/libcustom_interfaces__rosidl_generator_py.so
[4.578s] -- Installing: /home/ryan/Desktop/FleetGlue/ros2_ws/install/custom_interfaces/lib/python3.10/site-packages/custom_interfaces/action
[4.578s] -- Installing: /home/ryan/Desktop/FleetGlue/ros2_ws/install/custom_interfaces/lib/python3.10/site-packages/custom_interfaces/action/_poem.py
[4.578s] -- Installing: /home/ryan/Desktop/FleetGlue/ros2_ws/install/custom_interfaces/lib/python3.10/site-packages/custom_interfaces/action/__init__.py
[4.578s] -- Installing: /home/ryan/Desktop/FleetGlue/ros2_ws/install/custom_interfaces/lib/python3.10/site-packages/custom_interfaces/action/_poem_s.c
[4.579s] -- Installing: /home/ryan/Desktop/FleetGlue/ros2_ws/install/custom_interfaces/lib/python3.10/site-packages/custom_interfaces/custom_interfaces_s__rosidl_typesupport_c.cpython-311-x86_64-linux-gnu.so
[4.579s] -- Installing: /home/ryan/Desktop/FleetGlue/ros2_ws/install/custom_interfaces/lib/python3.10/site-packages/custom_interfaces/custom_interfaces_s__rosidl_typesupport_fastrtps_c.cpython-311-x86_64-linux-gnu.so
[4.613s] Listing '/home/ryan/Desktop/FleetGlue/ros2_ws/install/custom_interfaces/lib/python3.10/site-packages/custom_interfaces'...
[4.613s] Compiling '/home/ryan/Desktop/FleetGlue/ros2_ws/install/custom_interfaces/lib/python3.10/site-packages/custom_interfaces/__init__.py'...
[4.613s] Listing '/home/ryan/Desktop/FleetGlue/ros2_ws/install/custom_interfaces/lib/python3.10/site-packages/custom_interfaces/action'...
[4.613s] Compiling '/home/ryan/Desktop/FleetGlue/ros2_ws/install/custom_interfaces/lib/python3.10/site-packages/custom_interfaces/action/__init__.py'...
[4.613s] Compiling '/home/ryan/Desktop/FleetGlue/ros2_ws/install/custom_interfaces/lib/python3.10/site-packages/custom_interfaces/action/_poem.py'...
[4.617s] -- Installing: /home/ryan/Desktop/FleetGlue/ros2_ws/install/custom_interfaces/lib/python3.10/site-packages/custom_interfaces/custom_interfaces_s__rosidl_typesupport_fastrtps_c.cpython-311-x86_64-linux-gnu.so
[4.617s] -- Set runtime path of "/home/ryan/Desktop/FleetGlue/ros2_ws/install/custom_interfaces/lib/python3.10/site-packages/custom_interfaces/custom_interfaces_s__rosidl_typesupport_fastrtps_c.cpython-311-x86_64-linux-gnu.so" to ""
[4.617s] -- Installing: /home/ryan/Desktop/FleetGlue/ros2_ws/install/custom_interfaces/lib/python3.10/site-packages/custom_interfaces/custom_interfaces_s__rosidl_typesupport_introspection_c.cpython-311-x86_64-linux-gnu.so
[4.618s] -- Set runtime path of "/home/ryan/Desktop/FleetGlue/ros2_ws/install/custom_interfaces/lib/python3.10/site-packages/custom_interfaces/custom_interfaces_s__rosidl_typesupport_introspection_c.cpython-311-x86_64-linux-gnu.so" to ""
[4.618s] -- Installing: /home/ryan/Desktop/FleetGlue/ros2_ws/install/custom_interfaces/lib/python3.10/site-packages/custom_interfaces/custom_interfaces_s__rosidl_typesupport_c.cpython-311-x86_64-linux-gnu.so
[4.618s] -- Set runtime path of "/home/ryan/Desktop/FleetGlue/ros2_ws/install/custom_interfaces/lib/python3.10/site-packages/custom_interfaces/custom_interfaces_s__rosidl_typesupport_c.cpython-311-x86_64-linux-gnu.so" to ""
[4.618s] -- Installing: /home/ryan/Desktop/FleetGlue/ros2_ws/install/custom_interfaces/lib/libcustom_interfaces__rosidl_generator_py.so
[4.619s] -- Set runtime path of "/home/ryan/Desktop/FleetGlue/ros2_ws/install/custom_interfaces/lib/libcustom_interfaces__rosidl_generator_py.so" to ""
[4.619s] -- Installing: /home/ryan/Desktop/FleetGlue/ros2_ws/install/custom_interfaces/share/custom_interfaces/action/Poem.idl
[4.619s] -- Installing: /home/ryan/Desktop/FleetGlue/ros2_ws/install/custom_interfaces/share/custom_interfaces/action/Poem.action
[4.619s] -- Installing: /home/ryan/Desktop/FleetGlue/ros2_ws/install/custom_interfaces/share/ament_index/resource_index/package_run_dependencies/custom_interfaces
[4.619s] -- Installing: /home/ryan/Desktop/FleetGlue/ros2_ws/install/custom_interfaces/share/ament_index/resource_index/parent_prefix_path/custom_interfaces
[4.620s] -- Installing: /home/ryan/Desktop/FleetGlue/ros2_ws/install/custom_interfaces/share/custom_interfaces/environment/ament_prefix_path.sh
[4.620s] -- Installing: /home/ryan/Desktop/FleetGlue/ros2_ws/install/custom_interfaces/share/custom_interfaces/environment/ament_prefix_path.dsv
[4.620s] -- Installing: /home/ryan/Desktop/FleetGlue/ros2_ws/install/custom_interfaces/share/custom_interfaces/environment/path.sh
[4.620s] -- Installing: /home/ryan/Desktop/FleetGlue/ros2_ws/install/custom_interfaces/share/custom_interfaces/environment/path.dsv
[4.620s] -- Installing: /home/ryan/Desktop/FleetGlue/ros2_ws/install/custom_interfaces/share/custom_interfaces/local_setup.bash
[4.620s] -- Installing: /home/ryan/Desktop/FleetGlue/ros2_ws/install/custom_interfaces/share/custom_interfaces/local_setup.sh
[4.620s] -- Installing: /home/ryan/Desktop/FleetGlue/ros2_ws/install/custom_interfaces/share/custom_interfaces/local_setup.zsh
[4.620s] -- Installing: /home/ryan/Desktop/FleetGlue/ros2_ws/install/custom_interfaces/share/custom_interfaces/local_setup.dsv
[4.621s] -- Installing: /home/ryan/Desktop/FleetGlue/ros2_ws/install/custom_interfaces/share/custom_interfaces/package.dsv
[4.621s] -- Installing: /home/ryan/Desktop/FleetGlue/ros2_ws/install/custom_interfaces/share/ament_index/resource_index/packages/custom_interfaces
[4.621s] -- Installing: /home/ryan/Desktop/FleetGlue/ros2_ws/install/custom_interfaces/share/custom_interfaces/cmake/export_custom_interfaces__rosidl_generator_cExport.cmake
[4.621s] -- Installing: /home/ryan/Desktop/FleetGlue/ros2_ws/install/custom_interfaces/share/custom_interfaces/cmake/export_custom_interfaces__rosidl_generator_cExport-noconfig.cmake
[4.621s] -- Installing: /home/ryan/Desktop/FleetGlue/ros2_ws/install/custom_interfaces/share/custom_interfaces/cmake/export_custom_interfaces__rosidl_typesupport_fastrtps_cExport.cmake
[4.621s] -- Installing: /home/ryan/Desktop/FleetGlue/ros2_ws/install/custom_interfaces/share/custom_interfaces/cmake/export_custom_interfaces__rosidl_typesupport_fastrtps_cExport-noconfig.cmake
[4.622s] -- Installing: /home/ryan/Desktop/FleetGlue/ros2_ws/install/custom_interfaces/share/custom_interfaces/cmake/custom_interfaces__rosidl_typesupport_introspection_cExport.cmake
[4.622s] -- Installing: /home/ryan/Desktop/FleetGlue/ros2_ws/install/custom_interfaces/share/custom_interfaces/cmake/custom_interfaces__rosidl_typesupport_introspection_cExport-noconfig.cmake
[4.622s] -- Installing: /home/ryan/Desktop/FleetGlue/ros2_ws/install/custom_interfaces/share/custom_interfaces/cmake/custom_interfaces__rosidl_typesupport_cExport.cmake
[4.622s] -- Installing: /home/ryan/Desktop/FleetGlue/ros2_ws/install/custom_interfaces/share/custom_interfaces/cmake/custom_interfaces__rosidl_typesupport_cExport-noconfig.cmake
[4.622s] -- Installing: /home/ryan/Desktop/FleetGlue/ros2_ws/install/custom_interfaces/share/custom_interfaces/cmake/export_custom_interfaces__rosidl_generator_cppExport.cmake
[4.622s] -- Installing: /home/ryan/Desktop/FleetGlue/ros2_ws/install/custom_interfaces/share/custom_interfaces/cmake/export_custom_interfaces__rosidl_typesupport_fastrtps_cppExport.cmake
[4.622s] -- Installing: /home/ryan/Desktop/FleetGlue/ros2_ws/install/custom_interfaces/share/custom_interfaces/cmake/export_custom_interfaces__rosidl_typesupport_fastrtps_cppExport-noconfig.cmake
[4.623s] -- Installing: /home/ryan/Desktop/FleetGlue/ros2_ws/install/custom_interfaces/share/custom_interfaces/cmake/custom_interfaces__rosidl_typesupport_introspection_cppExport.cmake
[4.623s] -- Installing: /home/ryan/Desktop/FleetGlue/ros2_ws/install/custom_interfaces/share/custom_interfaces/cmake/custom_interfaces__rosidl_typesupport_introspection_cppExport-noconfig.cmake
[4.623s] -- Installing: /home/ryan/Desktop/FleetGlue/ros2_ws/install/custom_interfaces/share/custom_interfaces/cmake/custom_interfaces__rosidl_typesupport_cppExport.cmake
[4.623s] -- Installing: /home/ryan/Desktop/FleetGlue/ros2_ws/install/custom_interfaces/share/custom_interfaces/cmake/custom_interfaces__rosidl_typesupport_cppExport-noconfig.cmake
[4.623s] -- Installing: /home/ryan/Desktop/FleetGlue/ros2_ws/install/custom_interfaces/share/custom_interfaces/cmake/export_custom_interfaces__rosidl_generator_pyExport.cmake
[4.623s] -- Installing: /home/ryan/Desktop/FleetGlue/ros2_ws/install/custom_interfaces/share/custom_interfaces/cmake/export_custom_interfaces__rosidl_generator_pyExport-noconfig.cmake
[4.623s] -- Installing: /home/ryan/Desktop/FleetGlue/ros2_ws/install/custom_interfaces/share/custom_interfaces/cmake/rosidl_cmake-extras.cmake
[4.624s] -- Installing: /home/ryan/Desktop/FleetGlue/ros2_ws/install/custom_interfaces/share/custom_interfaces/cmake/ament_cmake_export_dependencies-extras.cmake
[4.624s] -- Installing: /home/ryan/Desktop/FleetGlue/ros2_ws/install/custom_interfaces/share/custom_interfaces/cmake/ament_cmake_export_include_directories-extras.cmake
[4.624s] -- Installing: /home/ryan/Desktop/FleetGlue/ros2_ws/install/custom_interfaces/share/custom_interfaces/cmake/ament_cmake_export_libraries-extras.cmake
[4.624s] -- Installing: /home/ryan/Desktop/FleetGlue/ros2_ws/install/custom_interfaces/share/custom_interfaces/cmake/ament_cmake_export_targets-extras.cmake
[4.624s] -- Installing: /home/ryan/Desktop/FleetGlue/ros2_ws/install/custom_interfaces/share/custom_interfaces/cmake/rosidl_cmake_export_typesupport_targets-extras.cmake
[4.624s] -- Installing: /home/ryan/Desktop/FleetGlue/ros2_ws/install/custom_interfaces/share/custom_interfaces/cmake/rosidl_cmake_export_typesupport_libraries-extras.cmake
[4.624s] -- Installing: /home/ryan/Desktop/FleetGlue/ros2_ws/install/custom_interfaces/share/custom_interfaces/cmake/custom_interfacesConfig.cmake
[4.625s] -- Installing: /home/ryan/Desktop/FleetGlue/ros2_ws/install/custom_interfaces/share/custom_interfaces/cmake/custom_interfacesConfig-version.cmake
[4.625s] -- Installing: /home/ryan/Desktop/FleetGlue/ros2_ws/install/custom_interfaces/share/custom_interfaces/package.xml
[4.628s] Invoked command in '/home/ryan/Desktop/FleetGlue/ros2_ws/build/custom_interfaces' returned '0': CMAKE_PREFIX_PATH=${CMAKE_PREFIX_PATH}:/home/ryan/Desktop/FleetGlue/ros2_ws/install/poem_actions:/home/ryan/ros2_ws/install/actions_py:/home/ryan/ros2_ws/install/my_py_pkg:/opt/ros/iron CONDA_PROMPT_MODIFIER=(base) /usr/bin/cmake --install /home/ryan/Desktop/FleetGlue/ros2_ws/build/custom_interfaces
