[0.457s] Invoking command in '/home/ryan/Desktop/FleetGlue/ros2_ws/build/poem_actions': CONDA_PROMPT_MODIFIER=(base) PYTHONPATH=/home/ryan/Desktop/FleetGlue/ros2_ws/build/poem_actions/prefix_override:/usr/lib/python3/dist-packages/colcon_core/task/python/colcon_distutils_commands:/home/ryan/Desktop/FleetGlue/ros2_ws/install/poem_actions/lib/python3.10/site-packages:${PYTHONPATH} /usr/bin/python3 -W ignore:setup.py install is deprecated setup.py develop --editable --build-directory /home/ryan/Desktop/FleetGlue/ros2_ws/build/poem_actions/build --no-deps symlink_data --force
[0.656s] running develop
[0.657s] /usr/lib/python3/dist-packages/setuptools/command/easy_install.py:158: EasyInstallDeprecationWarning: easy_install command is deprecated. Use build and pip and other standards-based tools.
[0.657s]   warnings.warn(
[0.790s] running egg_info
[0.791s] writing poem_actions.egg-info/PKG-INFO
[0.791s] writing dependency_links to poem_actions.egg-info/dependency_links.txt
[0.791s] writing entry points to poem_actions.egg-info/entry_points.txt
[0.791s] writing requirements to poem_actions.egg-info/requires.txt
[0.791s] writing top-level names to poem_actions.egg-info/top_level.txt
[0.792s] reading manifest file 'poem_actions.egg-info/SOURCES.txt'
[0.800s] writing manifest file 'poem_actions.egg-info/SOURCES.txt'
[0.802s] running build_ext
[0.802s] Creating /home/ryan/Desktop/FleetGlue/ros2_ws/install/poem_actions/lib/python3.10/site-packages/poem-actions.egg-link (link to .)
[0.802s] 
[0.803s] Installed /home/ryan/Desktop/FleetGlue/ros2_ws/build/poem_actions
[0.803s] running symlink_data
[0.803s] symbolically linking /home/ryan/Desktop/FleetGlue/ros2_ws/build/poem_actions/resource/poem_actions -> /home/ryan/Desktop/FleetGlue/ros2_ws/install/poem_actions/share/ament_index/resource_index/packages
[0.803s] symbolically linking /home/ryan/Desktop/FleetGlue/ros2_ws/build/poem_actions/package.xml -> /home/ryan/Desktop/FleetGlue/ros2_ws/install/poem_actions/share/poem_actions
[0.832s] Invoked command in '/home/ryan/Desktop/FleetGlue/ros2_ws/build/poem_actions' returned '0': CONDA_PROMPT_MODIFIER=(base) PYTHONPATH=/home/ryan/Desktop/FleetGlue/ros2_ws/build/poem_actions/prefix_override:/usr/lib/python3/dist-packages/colcon_core/task/python/colcon_distutils_commands:/home/ryan/Desktop/FleetGlue/ros2_ws/install/poem_actions/lib/python3.10/site-packages:${PYTHONPATH} /usr/bin/python3 -W ignore:setup.py install is deprecated setup.py develop --editable --build-directory /home/ryan/Desktop/FleetGlue/ros2_ws/build/poem_actions/build --no-deps symlink_data --force
