-- The C compiler identification is GNU 11.4.0
-- The CXX compiler identification is GNU 11.4.0
-- Detecting C compiler ABI info
-- Detecting C compiler ABI info - done
-- Check for working C compiler: /usr/bin/cc - skipped
-- Detecting C compile features
-- Detecting C compile features - done
-- Detecting CXX compiler ABI info
-- Detecting CXX compiler ABI info - done
-- Check for working CXX compiler: /usr/bin/c++ - skipped
-- Detecting CXX compile features
-- Detecting CXX compile features - done
-- Found ament_cmake: 2.0.6 (/opt/ros/iron/share/ament_cmake/cmake)
-- Found Python3: /usr/bin/python3.10 (found version "3.10.12") found components: Interpreter 
-- Found rosidl_default_generators: 1.5.0 (/opt/ros/iron/share/rosidl_default_generators/cmake)
-- Using all available rosidl_typesupport_c: rosidl_typesupport_fastrtps_c;rosidl_typesupport_introspection_c
-- Using all available rosidl_typesupport_cpp: rosidl_typesupport_fastrtps_cpp;rosidl_typesupport_introspection_cpp
-- Found rosidl_adapter: 4.0.1 (/opt/ros/iron/share/rosidl_adapter/cmake)
-- Found ament_cmake_ros: 0.11.2 (/opt/ros/iron/share/ament_cmake_ros/cmake)
-- Using all available rosidl_typesupport_c: rosidl_typesupport_fastrtps_c;rosidl_typesupport_introspection_c
-- Using all available rosidl_typesupport_cpp: rosidl_typesupport_fastrtps_cpp;rosidl_typesupport_introspection_cpp
-- Found PythonInterp: /home/ryan/anaconda3/bin/python3 (found suitable version "3.11.7", minimum required is "3.6") 
-- Found python_cmake_module: 0.10.2 (/opt/ros/iron/share/python_cmake_module/cmake)
-- Found PythonLibs: /home/ryan/anaconda3/lib/libpython3.11.so (found suitable version "3.11.7", minimum required is "3.5") 
-- Using PYTHON_EXECUTABLE: /home/ryan/anaconda3/bin/python3
-- Using PYTHON_INCLUDE_DIRS: /home/ryan/anaconda3/include/python3.11
-- Using PYTHON_LIBRARIES: /home/ryan/anaconda3/lib/libpython3.11.so
-- Found PythonExtra: .so  
-- Using numpy include directory: /home/ryan/anaconda3/lib/python3.11/site-packages/numpy/core/include
-- Found ament_lint_auto: 0.14.4 (/opt/ros/iron/share/ament_lint_auto/cmake)
-- Added test 'lint_cmake' to check CMake code style
-- Added test 'xmllint' to check XML markup files
-- Configuring done
-- Generating done
-- Build files have been written to: /home/ryan/Desktop/FleetGlue/ros2_ws/build/my_robot_interfaces
[  2%] [34m[1mGenerating type hashes for ROS interfaces[0m
[  2%] Built target ament_cmake_python_copy_my_robot_interfaces
[  2%] Built target my_robot_interfaces__rosidl_generator_type_description
[  5%] [34m[1mGenerating C code for ROS interfaces[0m
[  8%] [34m[1mGenerating C++ code for ROS interfaces[0m
running egg_info
creating my_robot_interfaces.egg-info
writing my_robot_interfaces.egg-info/PKG-INFO
writing dependency_links to my_robot_interfaces.egg-info/dependency_links.txt
writing top-level names to my_robot_interfaces.egg-info/top_level.txt
writing manifest file 'my_robot_interfaces.egg-info/SOURCES.txt'
reading manifest file 'my_robot_interfaces.egg-info/SOURCES.txt'
writing manifest file 'my_robot_interfaces.egg-info/SOURCES.txt'
[  8%] Built target ament_cmake_python_build_my_robot_interfaces_egg
[  8%] Built target my_robot_interfaces__cpp
[ 14%] [32mBuilding C object CMakeFiles/my_robot_interfaces__rosidl_generator_c.dir/rosidl_generator_c/my_robot_interfaces/action/detail/poem__functions.c.o[0m
[ 14%] [32mBuilding C object CMakeFiles/my_robot_interfaces__rosidl_generator_c.dir/rosidl_generator_c/my_robot_interfaces/action/detail/poem__description.c.o[0m
[ 17%] [32mBuilding C object CMakeFiles/my_robot_interfaces__rosidl_generator_c.dir/rosidl_generator_c/my_robot_interfaces/action/detail/poem__type_support.c.o[0m
[ 20%] [32m[1mLinking C shared library libmy_robot_interfaces__rosidl_generator_c.so[0m
[ 20%] Built target my_robot_interfaces__rosidl_generator_c
[ 38%] [34m[1mGenerating C type support dispatch for ROS interfaces[0m
[ 38%] [34m[1mGenerating C++ introspection for ROS interfaces[0m
[ 38%] [34m[1mGenerating C++ type support dispatch for ROS interfaces[0m
[ 38%] [34m[1mGenerating C type support for eProsima Fast-RTPS[0m
[ 38%] [34m[1mGenerating C++ type support for eProsima Fast-RTPS[0m
[ 38%] [34m[1mGenerating C introspection for ROS interfaces[0m
[ 41%] [32mBuilding CXX object CMakeFiles/my_robot_interfaces__rosidl_typesupport_c.dir/rosidl_typesupport_c/my_robot_interfaces/action/poem__type_support.cpp.o[0m
[ 44%] [32mBuilding CXX object CMakeFiles/my_robot_interfaces__rosidl_typesupport_cpp.dir/rosidl_typesupport_cpp/my_robot_interfaces/action/poem__type_support.cpp.o[0m
[ 47%] [32mBuilding CXX object CMakeFiles/my_robot_interfaces__rosidl_typesupport_introspection_cpp.dir/rosidl_typesupport_introspection_cpp/my_robot_interfaces/action/detail/poem__type_support.cpp.o[0m
[ 50%] [32mBuilding C object CMakeFiles/my_robot_interfaces__rosidl_typesupport_introspection_c.dir/rosidl_typesupport_introspection_c/my_robot_interfaces/action/detail/poem__type_support.c.o[0m
[ 55%] [32mBuilding CXX object CMakeFiles/my_robot_interfaces__rosidl_typesupport_fastrtps_cpp.dir/rosidl_typesupport_fastrtps_cpp/my_robot_interfaces/action/detail/dds_fastrtps/poem__type_support.cpp.o[0m
[ 55%] [32mBuilding CXX object CMakeFiles/my_robot_interfaces__rosidl_typesupport_fastrtps_c.dir/rosidl_typesupport_fastrtps_c/my_robot_interfaces/action/detail/poem__type_support_c.cpp.o[0m
[ 58%] [32m[1mLinking CXX shared library libmy_robot_interfaces__rosidl_typesupport_c.so[0m
[ 61%] [32m[1mLinking C shared library libmy_robot_interfaces__rosidl_typesupport_introspection_c.so[0m
[ 61%] Built target my_robot_interfaces__rosidl_typesupport_c
[ 61%] Built target my_robot_interfaces__rosidl_typesupport_introspection_c
[ 64%] [32m[1mLinking CXX shared library libmy_robot_interfaces__rosidl_typesupport_fastrtps_c.so[0m
[ 64%] Built target my_robot_interfaces__rosidl_typesupport_fastrtps_c
[ 67%] [32m[1mLinking CXX shared library libmy_robot_interfaces__rosidl_typesupport_cpp.so[0m
[ 70%] [32m[1mLinking CXX shared library libmy_robot_interfaces__rosidl_typesupport_introspection_cpp.so[0m
[ 70%] Built target my_robot_interfaces__rosidl_typesupport_cpp
[ 73%] [32m[1mLinking CXX shared library libmy_robot_interfaces__rosidl_typesupport_fastrtps_cpp.so[0m
[ 73%] Built target my_robot_interfaces__rosidl_typesupport_introspection_cpp
[ 73%] Built target my_robot_interfaces__rosidl_typesupport_fastrtps_cpp
[ 73%] Built target my_robot_interfaces
[ 76%] [34m[1mGenerating Python code for ROS interfaces[0m
[ 76%] Built target my_robot_interfaces__py
[ 79%] [32mBuilding C object CMakeFiles/my_robot_interfaces__rosidl_generator_py.dir/rosidl_generator_py/my_robot_interfaces/action/_poem_s.c.o[0m
[ 82%] [32m[1mLinking C shared library rosidl_generator_py/my_robot_interfaces/libmy_robot_interfaces__rosidl_generator_py.so[0m
[ 82%] Built target my_robot_interfaces__rosidl_generator_py
[ 91%] [32mBuilding C object CMakeFiles/my_robot_interfaces__rosidl_typesupport_introspection_c__pyext.dir/rosidl_generator_py/my_robot_interfaces/_my_robot_interfaces_s.ep.rosidl_typesupport_introspection_c.c.o[0m
[ 91%] [32mBuilding C object CMakeFiles/my_robot_interfaces__rosidl_typesupport_c__pyext.dir/rosidl_generator_py/my_robot_interfaces/_my_robot_interfaces_s.ep.rosidl_typesupport_c.c.o[0m
[ 91%] [32mBuilding C object CMakeFiles/my_robot_interfaces__rosidl_typesupport_fastrtps_c__pyext.dir/rosidl_generator_py/my_robot_interfaces/_my_robot_interfaces_s.ep.rosidl_typesupport_fastrtps_c.c.o[0m
[100%] [32m[1mLinking C shared library rosidl_generator_py/my_robot_interfaces/my_robot_interfaces_s__rosidl_typesupport_fastrtps_c.cpython-311-x86_64-linux-gnu.so[0m
[100%] [32m[1mLinking C shared library rosidl_generator_py/my_robot_interfaces/my_robot_interfaces_s__rosidl_typesupport_c.cpython-311-x86_64-linux-gnu.so[0m
[100%] [32m[1mLinking C shared library rosidl_generator_py/my_robot_interfaces/my_robot_interfaces_s__rosidl_typesupport_introspection_c.cpython-311-x86_64-linux-gnu.so[0m
[100%] Built target my_robot_interfaces__rosidl_typesupport_introspection_c__pyext
[100%] Built target my_robot_interfaces__rosidl_typesupport_c__pyext
[100%] Built target my_robot_interfaces__rosidl_typesupport_fastrtps_c__pyext
-- Install configuration: ""
-- Installing: /home/ryan/Desktop/FleetGlue/ros2_ws/install/my_robot_interfaces/share/ament_index/resource_index/rosidl_interfaces/my_robot_interfaces
-- Installing: /home/ryan/Desktop/FleetGlue/ros2_ws/install/my_robot_interfaces/share/my_robot_interfaces/action/Poem.json
-- Installing: /home/ryan/Desktop/FleetGlue/ros2_ws/install/my_robot_interfaces/include/my_robot_interfaces/my_robot_interfaces
-- Installing: /home/ryan/Desktop/FleetGlue/ros2_ws/install/my_robot_interfaces/include/my_robot_interfaces/my_robot_interfaces/action
-- Installing: /home/ryan/Desktop/FleetGlue/ros2_ws/install/my_robot_interfaces/include/my_robot_interfaces/my_robot_interfaces/action/detail
-- Installing: /home/ryan/Desktop/FleetGlue/ros2_ws/install/my_robot_interfaces/include/my_robot_interfaces/my_robot_interfaces/action/detail/poem__functions.h
-- Installing: /home/ryan/Desktop/FleetGlue/ros2_ws/install/my_robot_interfaces/include/my_robot_interfaces/my_robot_interfaces/action/detail/poem__type_support.c
-- Installing: /home/ryan/Desktop/FleetGlue/ros2_ws/install/my_robot_interfaces/include/my_robot_interfaces/my_robot_interfaces/action/detail/poem__functions.c
-- Installing: /home/ryan/Desktop/FleetGlue/ros2_ws/install/my_robot_interfaces/include/my_robot_interfaces/my_robot_interfaces/action/detail/poem__type_support.h
-- Installing: /home/ryan/Desktop/FleetGlue/ros2_ws/install/my_robot_interfaces/include/my_robot_interfaces/my_robot_interfaces/action/detail/poem__struct.h
-- Installing: /home/ryan/Desktop/FleetGlue/ros2_ws/install/my_robot_interfaces/include/my_robot_interfaces/my_robot_interfaces/action/detail/poem__description.c
-- Installing: /home/ryan/Desktop/FleetGlue/ros2_ws/install/my_robot_interfaces/include/my_robot_interfaces/my_robot_interfaces/action/poem.h
-- Installing: /home/ryan/Desktop/FleetGlue/ros2_ws/install/my_robot_interfaces/include/my_robot_interfaces/my_robot_interfaces/msg
-- Installing: /home/ryan/Desktop/FleetGlue/ros2_ws/install/my_robot_interfaces/include/my_robot_interfaces/my_robot_interfaces/msg/rosidl_generator_c__visibility_control.h
-- Installing: /home/ryan/Desktop/FleetGlue/ros2_ws/install/my_robot_interfaces/share/my_robot_interfaces/environment/library_path.sh
-- Installing: /home/ryan/Desktop/FleetGlue/ros2_ws/install/my_robot_interfaces/share/my_robot_interfaces/environment/library_path.dsv
-- Installing: /home/ryan/Desktop/FleetGlue/ros2_ws/install/my_robot_interfaces/lib/libmy_robot_interfaces__rosidl_generator_c.so
-- Set runtime path of "/home/ryan/Desktop/FleetGlue/ros2_ws/install/my_robot_interfaces/lib/libmy_robot_interfaces__rosidl_generator_c.so" to ""
-- Up-to-date: /home/ryan/Desktop/FleetGlue/ros2_ws/install/my_robot_interfaces/include/my_robot_interfaces/my_robot_interfaces
-- Up-to-date: /home/ryan/Desktop/FleetGlue/ros2_ws/install/my_robot_interfaces/include/my_robot_interfaces/my_robot_interfaces/action
-- Up-to-date: /home/ryan/Desktop/FleetGlue/ros2_ws/install/my_robot_interfaces/include/my_robot_interfaces/my_robot_interfaces/action/detail
-- Installing: /home/ryan/Desktop/FleetGlue/ros2_ws/install/my_robot_interfaces/include/my_robot_interfaces/my_robot_interfaces/action/detail/poem__rosidl_typesupport_fastrtps_c.h
-- Up-to-date: /home/ryan/Desktop/FleetGlue/ros2_ws/install/my_robot_interfaces/include/my_robot_interfaces/my_robot_interfaces/msg
-- Installing: /home/ryan/Desktop/FleetGlue/ros2_ws/install/my_robot_interfaces/include/my_robot_interfaces/my_robot_interfaces/msg/rosidl_typesupport_fastrtps_c__visibility_control.h
-- Installing: /home/ryan/Desktop/FleetGlue/ros2_ws/install/my_robot_interfaces/lib/libmy_robot_interfaces__rosidl_typesupport_fastrtps_c.so
-- Set runtime path of "/home/ryan/Desktop/FleetGlue/ros2_ws/install/my_robot_interfaces/lib/libmy_robot_interfaces__rosidl_typesupport_fastrtps_c.so" to ""
-- Up-to-date: /home/ryan/Desktop/FleetGlue/ros2_ws/install/my_robot_interfaces/include/my_robot_interfaces/my_robot_interfaces
-- Up-to-date: /home/ryan/Desktop/FleetGlue/ros2_ws/install/my_robot_interfaces/include/my_robot_interfaces/my_robot_interfaces/action
-- Up-to-date: /home/ryan/Desktop/FleetGlue/ros2_ws/install/my_robot_interfaces/include/my_robot_interfaces/my_robot_interfaces/action/detail
-- Installing: /home/ryan/Desktop/FleetGlue/ros2_ws/install/my_robot_interfaces/include/my_robot_interfaces/my_robot_interfaces/action/detail/poem__rosidl_typesupport_introspection_c.h
-- Installing: /home/ryan/Desktop/FleetGlue/ros2_ws/install/my_robot_interfaces/include/my_robot_interfaces/my_robot_interfaces/action/detail/poem__type_support.c
-- Up-to-date: /home/ryan/Desktop/FleetGlue/ros2_ws/install/my_robot_interfaces/include/my_robot_interfaces/my_robot_interfaces/msg
-- Installing: /home/ryan/Desktop/FleetGlue/ros2_ws/install/my_robot_interfaces/include/my_robot_interfaces/my_robot_interfaces/msg/rosidl_typesupport_introspection_c__visibility_control.h
-- Installing: /home/ryan/Desktop/FleetGlue/ros2_ws/install/my_robot_interfaces/lib/libmy_robot_interfaces__rosidl_typesupport_introspection_c.so
-- Set runtime path of "/home/ryan/Desktop/FleetGlue/ros2_ws/install/my_robot_interfaces/lib/libmy_robot_interfaces__rosidl_typesupport_introspection_c.so" to ""
-- Installing: /home/ryan/Desktop/FleetGlue/ros2_ws/install/my_robot_interfaces/lib/libmy_robot_interfaces__rosidl_typesupport_c.so
-- Set runtime path of "/home/ryan/Desktop/FleetGlue/ros2_ws/install/my_robot_interfaces/lib/libmy_robot_interfaces__rosidl_typesupport_c.so" to ""
-- Up-to-date: /home/ryan/Desktop/FleetGlue/ros2_ws/install/my_robot_interfaces/include/my_robot_interfaces/my_robot_interfaces
-- Up-to-date: /home/ryan/Desktop/FleetGlue/ros2_ws/install/my_robot_interfaces/include/my_robot_interfaces/my_robot_interfaces/action
-- Up-to-date: /home/ryan/Desktop/FleetGlue/ros2_ws/install/my_robot_interfaces/include/my_robot_interfaces/my_robot_interfaces/action/detail
-- Installing: /home/ryan/Desktop/FleetGlue/ros2_ws/install/my_robot_interfaces/include/my_robot_interfaces/my_robot_interfaces/action/detail/poem__struct.hpp
-- Installing: /home/ryan/Desktop/FleetGlue/ros2_ws/install/my_robot_interfaces/include/my_robot_interfaces/my_robot_interfaces/action/detail/poem__traits.hpp
-- Installing: /home/ryan/Desktop/FleetGlue/ros2_ws/install/my_robot_interfaces/include/my_robot_interfaces/my_robot_interfaces/action/detail/poem__builder.hpp
-- Installing: /home/ryan/Desktop/FleetGlue/ros2_ws/install/my_robot_interfaces/include/my_robot_interfaces/my_robot_interfaces/action/poem.hpp
-- Up-to-date: /home/ryan/Desktop/FleetGlue/ros2_ws/install/my_robot_interfaces/include/my_robot_interfaces/my_robot_interfaces
-- Up-to-date: /home/ryan/Desktop/FleetGlue/ros2_ws/install/my_robot_interfaces/include/my_robot_interfaces/my_robot_interfaces/action
-- Up-to-date: /home/ryan/Desktop/FleetGlue/ros2_ws/install/my_robot_interfaces/include/my_robot_interfaces/my_robot_interfaces/action/detail
-- Installing: /home/ryan/Desktop/FleetGlue/ros2_ws/install/my_robot_interfaces/include/my_robot_interfaces/my_robot_interfaces/action/detail/poem__rosidl_typesupport_fastrtps_cpp.hpp
-- Installing: /home/ryan/Desktop/FleetGlue/ros2_ws/install/my_robot_interfaces/include/my_robot_interfaces/my_robot_interfaces/action/detail/dds_fastrtps
-- Up-to-date: /home/ryan/Desktop/FleetGlue/ros2_ws/install/my_robot_interfaces/include/my_robot_interfaces/my_robot_interfaces/msg
-- Installing: /home/ryan/Desktop/FleetGlue/ros2_ws/install/my_robot_interfaces/include/my_robot_interfaces/my_robot_interfaces/msg/rosidl_typesupport_fastrtps_cpp__visibility_control.h
-- Installing: /home/ryan/Desktop/FleetGlue/ros2_ws/install/my_robot_interfaces/lib/libmy_robot_interfaces__rosidl_typesupport_fastrtps_cpp.so
-- Set runtime path of "/home/ryan/Desktop/FleetGlue/ros2_ws/install/my_robot_interfaces/lib/libmy_robot_interfaces__rosidl_typesupport_fastrtps_cpp.so" to ""
-- Up-to-date: /home/ryan/Desktop/FleetGlue/ros2_ws/install/my_robot_interfaces/include/my_robot_interfaces/my_robot_interfaces
-- Up-to-date: /home/ryan/Desktop/FleetGlue/ros2_ws/install/my_robot_interfaces/include/my_robot_interfaces/my_robot_interfaces/action
-- Up-to-date: /home/ryan/Desktop/FleetGlue/ros2_ws/install/my_robot_interfaces/include/my_robot_interfaces/my_robot_interfaces/action/detail
-- Installing: /home/ryan/Desktop/FleetGlue/ros2_ws/install/my_robot_interfaces/include/my_robot_interfaces/my_robot_interfaces/action/detail/poem__rosidl_typesupport_introspection_cpp.hpp
-- Installing: /home/ryan/Desktop/FleetGlue/ros2_ws/install/my_robot_interfaces/include/my_robot_interfaces/my_robot_interfaces/action/detail/poem__type_support.cpp
-- Installing: /home/ryan/Desktop/FleetGlue/ros2_ws/install/my_robot_interfaces/lib/libmy_robot_interfaces__rosidl_typesupport_introspection_cpp.so
-- Set runtime path of "/home/ryan/Desktop/FleetGlue/ros2_ws/install/my_robot_interfaces/lib/libmy_robot_interfaces__rosidl_typesupport_introspection_cpp.so" to ""
-- Installing: /home/ryan/Desktop/FleetGlue/ros2_ws/install/my_robot_interfaces/lib/libmy_robot_interfaces__rosidl_typesupport_cpp.so
-- Set runtime path of "/home/ryan/Desktop/FleetGlue/ros2_ws/install/my_robot_interfaces/lib/libmy_robot_interfaces__rosidl_typesupport_cpp.so" to ""
-- Installing: /home/ryan/Desktop/FleetGlue/ros2_ws/install/my_robot_interfaces/share/my_robot_interfaces/environment/pythonpath.sh
-- Installing: /home/ryan/Desktop/FleetGlue/ros2_ws/install/my_robot_interfaces/share/my_robot_interfaces/environment/pythonpath.dsv
-- Installing: /home/ryan/Desktop/FleetGlue/ros2_ws/install/my_robot_interfaces/lib/python3.10/site-packages/my_robot_interfaces-0.0.0-py3.10.egg-info
-- Installing: /home/ryan/Desktop/FleetGlue/ros2_ws/install/my_robot_interfaces/lib/python3.10/site-packages/my_robot_interfaces-0.0.0-py3.10.egg-info/dependency_links.txt
-- Installing: /home/ryan/Desktop/FleetGlue/ros2_ws/install/my_robot_interfaces/lib/python3.10/site-packages/my_robot_interfaces-0.0.0-py3.10.egg-info/SOURCES.txt
-- Installing: /home/ryan/Desktop/FleetGlue/ros2_ws/install/my_robot_interfaces/lib/python3.10/site-packages/my_robot_interfaces-0.0.0-py3.10.egg-info/top_level.txt
-- Installing: /home/ryan/Desktop/FleetGlue/ros2_ws/install/my_robot_interfaces/lib/python3.10/site-packages/my_robot_interfaces-0.0.0-py3.10.egg-info/PKG-INFO
-- Installing: /home/ryan/Desktop/FleetGlue/ros2_ws/install/my_robot_interfaces/lib/python3.10/site-packages/my_robot_interfaces
-- Installing: /home/ryan/Desktop/FleetGlue/ros2_ws/install/my_robot_interfaces/lib/python3.10/site-packages/my_robot_interfaces/my_robot_interfaces_s__rosidl_typesupport_c.cpython-311-x86_64-linux-gnu.so
-- Installing: /home/ryan/Desktop/FleetGlue/ros2_ws/install/my_robot_interfaces/lib/python3.10/site-packages/my_robot_interfaces/libmy_robot_interfaces__rosidl_generator_py.so
-- Installing: /home/ryan/Desktop/FleetGlue/ros2_ws/install/my_robot_interfaces/lib/python3.10/site-packages/my_robot_interfaces/_my_robot_interfaces_s.ep.rosidl_typesupport_fastrtps_c.c
-- Installing: /home/ryan/Desktop/FleetGlue/ros2_ws/install/my_robot_interfaces/lib/python3.10/site-packages/my_robot_interfaces/__init__.py
-- Installing: /home/ryan/Desktop/FleetGlue/ros2_ws/install/my_robot_interfaces/lib/python3.10/site-packages/my_robot_interfaces/_my_robot_interfaces_s.ep.rosidl_typesupport_c.c
-- Installing: /home/ryan/Desktop/FleetGlue/ros2_ws/install/my_robot_interfaces/lib/python3.10/site-packages/my_robot_interfaces/my_robot_interfaces_s__rosidl_typesupport_fastrtps_c.cpython-311-x86_64-linux-gnu.so
-- Installing: /home/ryan/Desktop/FleetGlue/ros2_ws/install/my_robot_interfaces/lib/python3.10/site-packages/my_robot_interfaces/action
-- Installing: /home/ryan/Desktop/FleetGlue/ros2_ws/install/my_robot_interfaces/lib/python3.10/site-packages/my_robot_interfaces/action/_poem.py
-- Installing: /home/ryan/Desktop/FleetGlue/ros2_ws/install/my_robot_interfaces/lib/python3.10/site-packages/my_robot_interfaces/action/__init__.py
-- Installing: /home/ryan/Desktop/FleetGlue/ros2_ws/install/my_robot_interfaces/lib/python3.10/site-packages/my_robot_interfaces/action/_poem_s.c
-- Installing: /home/ryan/Desktop/FleetGlue/ros2_ws/install/my_robot_interfaces/lib/python3.10/site-packages/my_robot_interfaces/my_robot_interfaces_s__rosidl_typesupport_introspection_c.cpython-311-x86_64-linux-gnu.so
-- Installing: /home/ryan/Desktop/FleetGlue/ros2_ws/install/my_robot_interfaces/lib/python3.10/site-packages/my_robot_interfaces/_my_robot_interfaces_s.ep.rosidl_typesupport_introspection_c.c
Listing '/home/ryan/Desktop/FleetGlue/ros2_ws/install/my_robot_interfaces/lib/python3.10/site-packages/my_robot_interfaces'...
Compiling '/home/ryan/Desktop/FleetGlue/ros2_ws/install/my_robot_interfaces/lib/python3.10/site-packages/my_robot_interfaces/__init__.py'...
Listing '/home/ryan/Desktop/FleetGlue/ros2_ws/install/my_robot_interfaces/lib/python3.10/site-packages/my_robot_interfaces/action'...
Compiling '/home/ryan/Desktop/FleetGlue/ros2_ws/install/my_robot_interfaces/lib/python3.10/site-packages/my_robot_interfaces/action/__init__.py'...
Compiling '/home/ryan/Desktop/FleetGlue/ros2_ws/install/my_robot_interfaces/lib/python3.10/site-packages/my_robot_interfaces/action/_poem.py'...
-- Installing: /home/ryan/Desktop/FleetGlue/ros2_ws/install/my_robot_interfaces/lib/python3.10/site-packages/my_robot_interfaces/my_robot_interfaces_s__rosidl_typesupport_fastrtps_c.cpython-311-x86_64-linux-gnu.so
-- Set runtime path of "/home/ryan/Desktop/FleetGlue/ros2_ws/install/my_robot_interfaces/lib/python3.10/site-packages/my_robot_interfaces/my_robot_interfaces_s__rosidl_typesupport_fastrtps_c.cpython-311-x86_64-linux-gnu.so" to ""
-- Installing: /home/ryan/Desktop/FleetGlue/ros2_ws/install/my_robot_interfaces/lib/python3.10/site-packages/my_robot_interfaces/my_robot_interfaces_s__rosidl_typesupport_introspection_c.cpython-311-x86_64-linux-gnu.so
-- Set runtime path of "/home/ryan/Desktop/FleetGlue/ros2_ws/install/my_robot_interfaces/lib/python3.10/site-packages/my_robot_interfaces/my_robot_interfaces_s__rosidl_typesupport_introspection_c.cpython-311-x86_64-linux-gnu.so" to ""
-- Installing: /home/ryan/Desktop/FleetGlue/ros2_ws/install/my_robot_interfaces/lib/python3.10/site-packages/my_robot_interfaces/my_robot_interfaces_s__rosidl_typesupport_c.cpython-311-x86_64-linux-gnu.so
-- Set runtime path of "/home/ryan/Desktop/FleetGlue/ros2_ws/install/my_robot_interfaces/lib/python3.10/site-packages/my_robot_interfaces/my_robot_interfaces_s__rosidl_typesupport_c.cpython-311-x86_64-linux-gnu.so" to ""
-- Installing: /home/ryan/Desktop/FleetGlue/ros2_ws/install/my_robot_interfaces/lib/libmy_robot_interfaces__rosidl_generator_py.so
-- Set runtime path of "/home/ryan/Desktop/FleetGlue/ros2_ws/install/my_robot_interfaces/lib/libmy_robot_interfaces__rosidl_generator_py.so" to ""
-- Installing: /home/ryan/Desktop/FleetGlue/ros2_ws/install/my_robot_interfaces/share/my_robot_interfaces/action/Poem.idl
-- Installing: /home/ryan/Desktop/FleetGlue/ros2_ws/install/my_robot_interfaces/share/my_robot_interfaces/action/Poem.action
-- Installing: /home/ryan/Desktop/FleetGlue/ros2_ws/install/my_robot_interfaces/share/ament_index/resource_index/package_run_dependencies/my_robot_interfaces
-- Installing: /home/ryan/Desktop/FleetGlue/ros2_ws/install/my_robot_interfaces/share/ament_index/resource_index/parent_prefix_path/my_robot_interfaces
-- Installing: /home/ryan/Desktop/FleetGlue/ros2_ws/install/my_robot_interfaces/share/my_robot_interfaces/environment/ament_prefix_path.sh
-- Installing: /home/ryan/Desktop/FleetGlue/ros2_ws/install/my_robot_interfaces/share/my_robot_interfaces/environment/ament_prefix_path.dsv
-- Installing: /home/ryan/Desktop/FleetGlue/ros2_ws/install/my_robot_interfaces/share/my_robot_interfaces/environment/path.sh
-- Installing: /home/ryan/Desktop/FleetGlue/ros2_ws/install/my_robot_interfaces/share/my_robot_interfaces/environment/path.dsv
-- Installing: /home/ryan/Desktop/FleetGlue/ros2_ws/install/my_robot_interfaces/share/my_robot_interfaces/local_setup.bash
-- Installing: /home/ryan/Desktop/FleetGlue/ros2_ws/install/my_robot_interfaces/share/my_robot_interfaces/local_setup.sh
-- Installing: /home/ryan/Desktop/FleetGlue/ros2_ws/install/my_robot_interfaces/share/my_robot_interfaces/local_setup.zsh
-- Installing: /home/ryan/Desktop/FleetGlue/ros2_ws/install/my_robot_interfaces/share/my_robot_interfaces/local_setup.dsv
-- Installing: /home/ryan/Desktop/FleetGlue/ros2_ws/install/my_robot_interfaces/share/my_robot_interfaces/package.dsv
-- Installing: /home/ryan/Desktop/FleetGlue/ros2_ws/install/my_robot_interfaces/share/ament_index/resource_index/packages/my_robot_interfaces
-- Installing: /home/ryan/Desktop/FleetGlue/ros2_ws/install/my_robot_interfaces/share/my_robot_interfaces/cmake/export_my_robot_interfaces__rosidl_generator_cExport.cmake
-- Installing: /home/ryan/Desktop/FleetGlue/ros2_ws/install/my_robot_interfaces/share/my_robot_interfaces/cmake/export_my_robot_interfaces__rosidl_generator_cExport-noconfig.cmake
-- Installing: /home/ryan/Desktop/FleetGlue/ros2_ws/install/my_robot_interfaces/share/my_robot_interfaces/cmake/export_my_robot_interfaces__rosidl_typesupport_fastrtps_cExport.cmake
-- Installing: /home/ryan/Desktop/FleetGlue/ros2_ws/install/my_robot_interfaces/share/my_robot_interfaces/cmake/export_my_robot_interfaces__rosidl_typesupport_fastrtps_cExport-noconfig.cmake
-- Installing: /home/ryan/Desktop/FleetGlue/ros2_ws/install/my_robot_interfaces/share/my_robot_interfaces/cmake/my_robot_interfaces__rosidl_typesupport_introspection_cExport.cmake
-- Installing: /home/ryan/Desktop/FleetGlue/ros2_ws/install/my_robot_interfaces/share/my_robot_interfaces/cmake/my_robot_interfaces__rosidl_typesupport_introspection_cExport-noconfig.cmake
-- Installing: /home/ryan/Desktop/FleetGlue/ros2_ws/install/my_robot_interfaces/share/my_robot_interfaces/cmake/my_robot_interfaces__rosidl_typesupport_cExport.cmake
-- Installing: /home/ryan/Desktop/FleetGlue/ros2_ws/install/my_robot_interfaces/share/my_robot_interfaces/cmake/my_robot_interfaces__rosidl_typesupport_cExport-noconfig.cmake
-- Installing: /home/ryan/Desktop/FleetGlue/ros2_ws/install/my_robot_interfaces/share/my_robot_interfaces/cmake/export_my_robot_interfaces__rosidl_generator_cppExport.cmake
-- Installing: /home/ryan/Desktop/FleetGlue/ros2_ws/install/my_robot_interfaces/share/my_robot_interfaces/cmake/export_my_robot_interfaces__rosidl_typesupport_fastrtps_cppExport.cmake
-- Installing: /home/ryan/Desktop/FleetGlue/ros2_ws/install/my_robot_interfaces/share/my_robot_interfaces/cmake/export_my_robot_interfaces__rosidl_typesupport_fastrtps_cppExport-noconfig.cmake
-- Installing: /home/ryan/Desktop/FleetGlue/ros2_ws/install/my_robot_interfaces/share/my_robot_interfaces/cmake/my_robot_interfaces__rosidl_typesupport_introspection_cppExport.cmake
-- Installing: /home/ryan/Desktop/FleetGlue/ros2_ws/install/my_robot_interfaces/share/my_robot_interfaces/cmake/my_robot_interfaces__rosidl_typesupport_introspection_cppExport-noconfig.cmake
-- Installing: /home/ryan/Desktop/FleetGlue/ros2_ws/install/my_robot_interfaces/share/my_robot_interfaces/cmake/my_robot_interfaces__rosidl_typesupport_cppExport.cmake
-- Installing: /home/ryan/Desktop/FleetGlue/ros2_ws/install/my_robot_interfaces/share/my_robot_interfaces/cmake/my_robot_interfaces__rosidl_typesupport_cppExport-noconfig.cmake
-- Installing: /home/ryan/Desktop/FleetGlue/ros2_ws/install/my_robot_interfaces/share/my_robot_interfaces/cmake/export_my_robot_interfaces__rosidl_generator_pyExport.cmake
-- Installing: /home/ryan/Desktop/FleetGlue/ros2_ws/install/my_robot_interfaces/share/my_robot_interfaces/cmake/export_my_robot_interfaces__rosidl_generator_pyExport-noconfig.cmake
-- Installing: /home/ryan/Desktop/FleetGlue/ros2_ws/install/my_robot_interfaces/share/my_robot_interfaces/cmake/rosidl_cmake-extras.cmake
-- Installing: /home/ryan/Desktop/FleetGlue/ros2_ws/install/my_robot_interfaces/share/my_robot_interfaces/cmake/ament_cmake_export_dependencies-extras.cmake
-- Installing: /home/ryan/Desktop/FleetGlue/ros2_ws/install/my_robot_interfaces/share/my_robot_interfaces/cmake/ament_cmake_export_include_directories-extras.cmake
-- Installing: /home/ryan/Desktop/FleetGlue/ros2_ws/install/my_robot_interfaces/share/my_robot_interfaces/cmake/ament_cmake_export_libraries-extras.cmake
-- Installing: /home/ryan/Desktop/FleetGlue/ros2_ws/install/my_robot_interfaces/share/my_robot_interfaces/cmake/ament_cmake_export_targets-extras.cmake
-- Installing: /home/ryan/Desktop/FleetGlue/ros2_ws/install/my_robot_interfaces/share/my_robot_interfaces/cmake/rosidl_cmake_export_typesupport_targets-extras.cmake
-- Installing: /home/ryan/Desktop/FleetGlue/ros2_ws/install/my_robot_interfaces/share/my_robot_interfaces/cmake/rosidl_cmake_export_typesupport_libraries-extras.cmake
-- Installing: /home/ryan/Desktop/FleetGlue/ros2_ws/install/my_robot_interfaces/share/my_robot_interfaces/cmake/my_robot_interfacesConfig.cmake
-- Installing: /home/ryan/Desktop/FleetGlue/ros2_ws/install/my_robot_interfaces/share/my_robot_interfaces/cmake/my_robot_interfacesConfig-version.cmake
-- Installing: /home/ryan/Desktop/FleetGlue/ros2_ws/install/my_robot_interfaces/share/my_robot_interfaces/package.xml
