[0.010s] Invoking command in '/home/ryan/Desktop/FleetGlue/ros2_ws/build/my_robot_interfaces': CMAKE_PREFIX_PATH=${CMAKE_PREFIX_PATH}:/home/ryan/ros2_ws/install/actions_py:/home/ryan/ros2_ws/install/my_py_pkg:/opt/ros/iron CONDA_PROMPT_MODIFIER=(base) /usr/bin/cmake /home/ryan/Desktop/FleetGlue/ros2_ws/src/poem_interfaces -DCMAKE_INSTALL_PREFIX=/home/ryan/Desktop/FleetGlue/ros2_ws/install/my_robot_interfaces
[0.492s] -- The C compiler identification is GNU 11.4.0
[0.715s] -- The CXX compiler identification is GNU 11.4.0
[0.735s] -- Detecting C compiler ABI info
[0.818s] -- Detecting C compiler ABI info - done
[0.823s] -- Check for working C compiler: /usr/bin/cc - skipped
[0.823s] -- Detecting C compile features
[0.826s] -- Detecting C compile features - done
[0.832s] -- Detecting CXX compiler ABI info
[0.904s] -- Detecting CXX compiler ABI info - done
[0.909s] -- Check for working CXX compiler: /usr/bin/c++ - skipped
[0.910s] -- Detecting CXX compile features
[0.910s] -- Detecting CXX compile features - done
[0.929s] -- Found ament_cmake: 2.0.6 (/opt/ros/iron/share/ament_cmake/cmake)
[1.128s] -- Found Python3: /usr/bin/python3.10 (found version "3.10.12") found components: Interpreter 
[1.217s] -- Found rosidl_default_generators: 1.5.0 (/opt/ros/iron/share/rosidl_default_generators/cmake)
[1.225s] -- Using all available rosidl_typesupport_c: rosidl_typesupport_fastrtps_c;rosidl_typesupport_introspection_c
[1.280s] -- Using all available rosidl_typesupport_cpp: rosidl_typesupport_fastrtps_cpp;rosidl_typesupport_introspection_cpp
[1.320s] -- Found rosidl_adapter: 4.0.1 (/opt/ros/iron/share/rosidl_adapter/cmake)
[1.798s] -- Found ament_cmake_ros: 0.11.2 (/opt/ros/iron/share/ament_cmake_ros/cmake)
[1.976s] -- Using all available rosidl_typesupport_c: rosidl_typesupport_fastrtps_c;rosidl_typesupport_introspection_c
[2.181s] -- Using all available rosidl_typesupport_cpp: rosidl_typesupport_fastrtps_cpp;rosidl_typesupport_introspection_cpp
[2.201s] -- Found PythonInterp: /home/ryan/anaconda3/bin/python3 (found suitable version "3.11.7", minimum required is "3.6") 
[2.203s] -- Found python_cmake_module: 0.10.2 (/opt/ros/iron/share/python_cmake_module/cmake)
[2.239s] -- Found PythonLibs: /home/ryan/anaconda3/lib/libpython3.11.so (found suitable version "3.11.7", minimum required is "3.5") 
[2.239s] -- Using PYTHON_EXECUTABLE: /home/ryan/anaconda3/bin/python3
[2.239s] -- Using PYTHON_INCLUDE_DIRS: /home/ryan/anaconda3/include/python3.11
[2.239s] -- Using PYTHON_LIBRARIES: /home/ryan/anaconda3/lib/libpython3.11.so
[2.258s] -- Found PythonExtra: .so  
[2.748s] -- Using numpy include directory: /home/ryan/anaconda3/lib/python3.11/site-packages/numpy/core/include
[2.759s] -- Found ament_lint_auto: 0.14.4 (/opt/ros/iron/share/ament_lint_auto/cmake)
[2.798s] -- Added test 'lint_cmake' to check CMake code style
[2.799s] -- Added test 'xmllint' to check XML markup files
[2.803s] -- Configuring done
[2.839s] -- Generating done
[2.843s] -- Build files have been written to: /home/ryan/Desktop/FleetGlue/ros2_ws/build/my_robot_interfaces
[2.854s] Invoked command in '/home/ryan/Desktop/FleetGlue/ros2_ws/build/my_robot_interfaces' returned '0': CMAKE_PREFIX_PATH=${CMAKE_PREFIX_PATH}:/home/ryan/ros2_ws/install/actions_py:/home/ryan/ros2_ws/install/my_py_pkg:/opt/ros/iron CONDA_PROMPT_MODIFIER=(base) /usr/bin/cmake /home/ryan/Desktop/FleetGlue/ros2_ws/src/poem_interfaces -DCMAKE_INSTALL_PREFIX=/home/ryan/Desktop/FleetGlue/ros2_ws/install/my_robot_interfaces
[2.856s] Invoking command in '/home/ryan/Desktop/FleetGlue/ros2_ws/build/my_robot_interfaces': CMAKE_PREFIX_PATH=${CMAKE_PREFIX_PATH}:/home/ryan/ros2_ws/install/actions_py:/home/ryan/ros2_ws/install/my_py_pkg:/opt/ros/iron CONDA_PROMPT_MODIFIER=(base) /usr/bin/cmake --build /home/ryan/Desktop/FleetGlue/ros2_ws/build/my_robot_interfaces -- -j16 -l16
[2.900s] [  2%] [34m[1mGenerating type hashes for ROS interfaces[0m
[2.907s] [  2%] Built target ament_cmake_python_copy_my_robot_interfaces
[3.086s] [  2%] Built target my_robot_interfaces__rosidl_generator_type_description
[3.095s] [  5%] [34m[1mGenerating C code for ROS interfaces[0m
[3.104s] [  8%] [34m[1mGenerating C++ code for ROS interfaces[0m
[3.107s] running egg_info
[3.107s] creating my_robot_interfaces.egg-info
[3.108s] writing my_robot_interfaces.egg-info/PKG-INFO
[3.108s] writing dependency_links to my_robot_interfaces.egg-info/dependency_links.txt
[3.108s] writing top-level names to my_robot_interfaces.egg-info/top_level.txt
[3.108s] writing manifest file 'my_robot_interfaces.egg-info/SOURCES.txt'
[3.110s] reading manifest file 'my_robot_interfaces.egg-info/SOURCES.txt'
[3.110s] writing manifest file 'my_robot_interfaces.egg-info/SOURCES.txt'
[3.136s] [  8%] Built target ament_cmake_python_build_my_robot_interfaces_egg
[3.473s] [  8%] Built target my_robot_interfaces__cpp
[3.498s] [ 14%] [32mBuilding C object CMakeFiles/my_robot_interfaces__rosidl_generator_c.dir/rosidl_generator_c/my_robot_interfaces/action/detail/poem__functions.c.o[0m
[3.498s] [ 14%] [32mBuilding C object CMakeFiles/my_robot_interfaces__rosidl_generator_c.dir/rosidl_generator_c/my_robot_interfaces/action/detail/poem__description.c.o[0m
[3.498s] [ 17%] [32mBuilding C object CMakeFiles/my_robot_interfaces__rosidl_generator_c.dir/rosidl_generator_c/my_robot_interfaces/action/detail/poem__type_support.c.o[0m
[3.629s] [ 20%] [32m[1mLinking C shared library libmy_robot_interfaces__rosidl_generator_c.so[0m
[3.665s] [ 20%] Built target my_robot_interfaces__rosidl_generator_c
[3.674s] [ 38%] [34m[1mGenerating C type support dispatch for ROS interfaces[0m
[3.674s] [ 38%] [34m[1mGenerating C++ introspection for ROS interfaces[0m
[3.674s] [ 38%] [34m[1mGenerating C++ type support dispatch for ROS interfaces[0m
[3.674s] [ 38%] [34m[1mGenerating C type support for eProsima Fast-RTPS[0m
[3.674s] [ 38%] [34m[1mGenerating C++ type support for eProsima Fast-RTPS[0m
[3.674s] [ 38%] [34m[1mGenerating C introspection for ROS interfaces[0m
[3.945s] [ 41%] [32mBuilding CXX object CMakeFiles/my_robot_interfaces__rosidl_typesupport_c.dir/rosidl_typesupport_c/my_robot_interfaces/action/poem__type_support.cpp.o[0m
[3.954s] [ 44%] [32mBuilding CXX object CMakeFiles/my_robot_interfaces__rosidl_typesupport_cpp.dir/rosidl_typesupport_cpp/my_robot_interfaces/action/poem__type_support.cpp.o[0m
[4.011s] [ 47%] [32mBuilding CXX object CMakeFiles/my_robot_interfaces__rosidl_typesupport_introspection_cpp.dir/rosidl_typesupport_introspection_cpp/my_robot_interfaces/action/detail/poem__type_support.cpp.o[0m
[4.042s] [ 50%] [32mBuilding C object CMakeFiles/my_robot_interfaces__rosidl_typesupport_introspection_c.dir/rosidl_typesupport_introspection_c/my_robot_interfaces/action/detail/poem__type_support.c.o[0m
[4.057s] [ 55%] [32mBuilding CXX object CMakeFiles/my_robot_interfaces__rosidl_typesupport_fastrtps_cpp.dir/rosidl_typesupport_fastrtps_cpp/my_robot_interfaces/action/detail/dds_fastrtps/poem__type_support.cpp.o[0m
[4.057s] [ 55%] [32mBuilding CXX object CMakeFiles/my_robot_interfaces__rosidl_typesupport_fastrtps_c.dir/rosidl_typesupport_fastrtps_c/my_robot_interfaces/action/detail/poem__type_support_c.cpp.o[0m
[4.074s] [ 58%] [32m[1mLinking CXX shared library libmy_robot_interfaces__rosidl_typesupport_c.so[0m
[4.105s] [ 61%] [32m[1mLinking C shared library libmy_robot_interfaces__rosidl_typesupport_introspection_c.so[0m
[4.113s] [ 61%] Built target my_robot_interfaces__rosidl_typesupport_c
[4.138s] [ 61%] Built target my_robot_interfaces__rosidl_typesupport_introspection_c
[4.513s] [ 64%] [32m[1mLinking CXX shared library libmy_robot_interfaces__rosidl_typesupport_fastrtps_c.so[0m
[4.583s] [ 64%] Built target my_robot_interfaces__rosidl_typesupport_fastrtps_c
[4.768s] [ 67%] [32m[1mLinking CXX shared library libmy_robot_interfaces__rosidl_typesupport_cpp.so[0m
[4.843s] [ 70%] [32m[1mLinking CXX shared library libmy_robot_interfaces__rosidl_typesupport_introspection_cpp.so[0m
[4.849s] [ 70%] Built target my_robot_interfaces__rosidl_typesupport_cpp
[4.904s] [ 73%] [32m[1mLinking CXX shared library libmy_robot_interfaces__rosidl_typesupport_fastrtps_cpp.so[0m
[4.909s] [ 73%] Built target my_robot_interfaces__rosidl_typesupport_introspection_cpp
[4.973s] [ 73%] Built target my_robot_interfaces__rosidl_typesupport_fastrtps_cpp
[4.990s] [ 73%] Built target my_robot_interfaces
[5.006s] [ 76%] [34m[1mGenerating Python code for ROS interfaces[0m
[5.590s] [ 76%] Built target my_robot_interfaces__py
[5.606s] [ 79%] [32mBuilding C object CMakeFiles/my_robot_interfaces__rosidl_generator_py.dir/rosidl_generator_py/my_robot_interfaces/action/_poem_s.c.o[0m
[5.789s] [ 82%] [32m[1mLinking C shared library rosidl_generator_py/my_robot_interfaces/libmy_robot_interfaces__rosidl_generator_py.so[0m
[5.827s] [ 82%] Built target my_robot_interfaces__rosidl_generator_py
[5.845s] [ 91%] [32mBuilding C object CMakeFiles/my_robot_interfaces__rosidl_typesupport_introspection_c__pyext.dir/rosidl_generator_py/my_robot_interfaces/_my_robot_interfaces_s.ep.rosidl_typesupport_introspection_c.c.o[0m
[5.845s] [ 91%] [32mBuilding C object CMakeFiles/my_robot_interfaces__rosidl_typesupport_c__pyext.dir/rosidl_generator_py/my_robot_interfaces/_my_robot_interfaces_s.ep.rosidl_typesupport_c.c.o[0m
[5.845s] [ 91%] [32mBuilding C object CMakeFiles/my_robot_interfaces__rosidl_typesupport_fastrtps_c__pyext.dir/rosidl_generator_py/my_robot_interfaces/_my_robot_interfaces_s.ep.rosidl_typesupport_fastrtps_c.c.o[0m
[5.950s] [100%] [32m[1mLinking C shared library rosidl_generator_py/my_robot_interfaces/my_robot_interfaces_s__rosidl_typesupport_fastrtps_c.cpython-311-x86_64-linux-gnu.so[0m
[5.950s] [100%] [32m[1mLinking C shared library rosidl_generator_py/my_robot_interfaces/my_robot_interfaces_s__rosidl_typesupport_c.cpython-311-x86_64-linux-gnu.so[0m
[5.950s] [100%] [32m[1mLinking C shared library rosidl_generator_py/my_robot_interfaces/my_robot_interfaces_s__rosidl_typesupport_introspection_c.cpython-311-x86_64-linux-gnu.so[0m
[5.987s] [100%] Built target my_robot_interfaces__rosidl_typesupport_introspection_c__pyext
[5.987s] [100%] Built target my_robot_interfaces__rosidl_typesupport_c__pyext
[5.987s] [100%] Built target my_robot_interfaces__rosidl_typesupport_fastrtps_c__pyext
[5.997s] Invoked command in '/home/ryan/Desktop/FleetGlue/ros2_ws/build/my_robot_interfaces' returned '0': CMAKE_PREFIX_PATH=${CMAKE_PREFIX_PATH}:/home/ryan/ros2_ws/install/actions_py:/home/ryan/ros2_ws/install/my_py_pkg:/opt/ros/iron CONDA_PROMPT_MODIFIER=(base) /usr/bin/cmake --build /home/ryan/Desktop/FleetGlue/ros2_ws/build/my_robot_interfaces -- -j16 -l16
[6.062s] Invoking command in '/home/ryan/Desktop/FleetGlue/ros2_ws/build/my_robot_interfaces': CMAKE_PREFIX_PATH=${CMAKE_PREFIX_PATH}:/home/ryan/ros2_ws/install/actions_py:/home/ryan/ros2_ws/install/my_py_pkg:/opt/ros/iron CONDA_PROMPT_MODIFIER=(base) /usr/bin/cmake --install /home/ryan/Desktop/FleetGlue/ros2_ws/build/my_robot_interfaces
[6.068s] -- Install configuration: ""
[6.069s] -- Installing: /home/ryan/Desktop/FleetGlue/ros2_ws/install/my_robot_interfaces/share/ament_index/resource_index/rosidl_interfaces/my_robot_interfaces
[6.069s] -- Installing: /home/ryan/Desktop/FleetGlue/ros2_ws/install/my_robot_interfaces/share/my_robot_interfaces/action/Poem.json
[6.069s] -- Installing: /home/ryan/Desktop/FleetGlue/ros2_ws/install/my_robot_interfaces/include/my_robot_interfaces/my_robot_interfaces
[6.069s] -- Installing: /home/ryan/Desktop/FleetGlue/ros2_ws/install/my_robot_interfaces/include/my_robot_interfaces/my_robot_interfaces/action
[6.069s] -- Installing: /home/ryan/Desktop/FleetGlue/ros2_ws/install/my_robot_interfaces/include/my_robot_interfaces/my_robot_interfaces/action/detail
[6.069s] -- Installing: /home/ryan/Desktop/FleetGlue/ros2_ws/install/my_robot_interfaces/include/my_robot_interfaces/my_robot_interfaces/action/detail/poem__functions.h
[6.070s] -- Installing: /home/ryan/Desktop/FleetGlue/ros2_ws/install/my_robot_interfaces/include/my_robot_interfaces/my_robot_interfaces/action/detail/poem__type_support.c
[6.070s] -- Installing: /home/ryan/Desktop/FleetGlue/ros2_ws/install/my_robot_interfaces/include/my_robot_interfaces/my_robot_interfaces/action/detail/poem__functions.c
[6.070s] -- Installing: /home/ryan/Desktop/FleetGlue/ros2_ws/install/my_robot_interfaces/include/my_robot_interfaces/my_robot_interfaces/action/detail/poem__type_support.h
[6.070s] -- Installing: /home/ryan/Desktop/FleetGlue/ros2_ws/install/my_robot_interfaces/include/my_robot_interfaces/my_robot_interfaces/action/detail/poem__struct.h
[6.070s] -- Installing: /home/ryan/Desktop/FleetGlue/ros2_ws/install/my_robot_interfaces/include/my_robot_interfaces/my_robot_interfaces/action/detail/poem__description.c
[6.070s] -- Installing: /home/ryan/Desktop/FleetGlue/ros2_ws/install/my_robot_interfaces/include/my_robot_interfaces/my_robot_interfaces/action/poem.h
[6.070s] -- Installing: /home/ryan/Desktop/FleetGlue/ros2_ws/install/my_robot_interfaces/include/my_robot_interfaces/my_robot_interfaces/msg
[6.070s] -- Installing: /home/ryan/Desktop/FleetGlue/ros2_ws/install/my_robot_interfaces/include/my_robot_interfaces/my_robot_interfaces/msg/rosidl_generator_c__visibility_control.h
[6.070s] -- Installing: /home/ryan/Desktop/FleetGlue/ros2_ws/install/my_robot_interfaces/share/my_robot_interfaces/environment/library_path.sh
[6.071s] -- Installing: /home/ryan/Desktop/FleetGlue/ros2_ws/install/my_robot_interfaces/share/my_robot_interfaces/environment/library_path.dsv
[6.071s] -- Installing: /home/ryan/Desktop/FleetGlue/ros2_ws/install/my_robot_interfaces/lib/libmy_robot_interfaces__rosidl_generator_c.so
[6.071s] -- Set runtime path of "/home/ryan/Desktop/FleetGlue/ros2_ws/install/my_robot_interfaces/lib/libmy_robot_interfaces__rosidl_generator_c.so" to ""
[6.071s] -- Up-to-date: /home/ryan/Desktop/FleetGlue/ros2_ws/install/my_robot_interfaces/include/my_robot_interfaces/my_robot_interfaces
[6.071s] -- Up-to-date: /home/ryan/Desktop/FleetGlue/ros2_ws/install/my_robot_interfaces/include/my_robot_interfaces/my_robot_interfaces/action
[6.072s] -- Up-to-date: /home/ryan/Desktop/FleetGlue/ros2_ws/install/my_robot_interfaces/include/my_robot_interfaces/my_robot_interfaces/action/detail
[6.072s] -- Installing: /home/ryan/Desktop/FleetGlue/ros2_ws/install/my_robot_interfaces/include/my_robot_interfaces/my_robot_interfaces/action/detail/poem__rosidl_typesupport_fastrtps_c.h
[6.072s] -- Up-to-date: /home/ryan/Desktop/FleetGlue/ros2_ws/install/my_robot_interfaces/include/my_robot_interfaces/my_robot_interfaces/msg
[6.072s] -- Installing: /home/ryan/Desktop/FleetGlue/ros2_ws/install/my_robot_interfaces/include/my_robot_interfaces/my_robot_interfaces/msg/rosidl_typesupport_fastrtps_c__visibility_control.h
[6.072s] -- Installing: /home/ryan/Desktop/FleetGlue/ros2_ws/install/my_robot_interfaces/lib/libmy_robot_interfaces__rosidl_typesupport_fastrtps_c.so
[6.072s] -- Set runtime path of "/home/ryan/Desktop/FleetGlue/ros2_ws/install/my_robot_interfaces/lib/libmy_robot_interfaces__rosidl_typesupport_fastrtps_c.so" to ""
[6.073s] -- Up-to-date: /home/ryan/Desktop/FleetGlue/ros2_ws/install/my_robot_interfaces/include/my_robot_interfaces/my_robot_interfaces
[6.073s] -- Up-to-date: /home/ryan/Desktop/FleetGlue/ros2_ws/install/my_robot_interfaces/include/my_robot_interfaces/my_robot_interfaces/action
[6.073s] -- Up-to-date: /home/ryan/Desktop/FleetGlue/ros2_ws/install/my_robot_interfaces/include/my_robot_interfaces/my_robot_interfaces/action/detail
[6.073s] -- Installing: /home/ryan/Desktop/FleetGlue/ros2_ws/install/my_robot_interfaces/include/my_robot_interfaces/my_robot_interfaces/action/detail/poem__rosidl_typesupport_introspection_c.h
[6.073s] -- Installing: /home/ryan/Desktop/FleetGlue/ros2_ws/install/my_robot_interfaces/include/my_robot_interfaces/my_robot_interfaces/action/detail/poem__type_support.c
[6.073s] -- Up-to-date: /home/ryan/Desktop/FleetGlue/ros2_ws/install/my_robot_interfaces/include/my_robot_interfaces/my_robot_interfaces/msg
[6.073s] -- Installing: /home/ryan/Desktop/FleetGlue/ros2_ws/install/my_robot_interfaces/include/my_robot_interfaces/my_robot_interfaces/msg/rosidl_typesupport_introspection_c__visibility_control.h
[6.073s] -- Installing: /home/ryan/Desktop/FleetGlue/ros2_ws/install/my_robot_interfaces/lib/libmy_robot_interfaces__rosidl_typesupport_introspection_c.so
[6.073s] -- Set runtime path of "/home/ryan/Desktop/FleetGlue/ros2_ws/install/my_robot_interfaces/lib/libmy_robot_interfaces__rosidl_typesupport_introspection_c.so" to ""
[6.073s] -- Installing: /home/ryan/Desktop/FleetGlue/ros2_ws/install/my_robot_interfaces/lib/libmy_robot_interfaces__rosidl_typesupport_c.so
[6.074s] -- Set runtime path of "/home/ryan/Desktop/FleetGlue/ros2_ws/install/my_robot_interfaces/lib/libmy_robot_interfaces__rosidl_typesupport_c.so" to ""
[6.074s] -- Up-to-date: /home/ryan/Desktop/FleetGlue/ros2_ws/install/my_robot_interfaces/include/my_robot_interfaces/my_robot_interfaces
[6.074s] -- Up-to-date: /home/ryan/Desktop/FleetGlue/ros2_ws/install/my_robot_interfaces/include/my_robot_interfaces/my_robot_interfaces/action
[6.074s] -- Up-to-date: /home/ryan/Desktop/FleetGlue/ros2_ws/install/my_robot_interfaces/include/my_robot_interfaces/my_robot_interfaces/action/detail
[6.074s] -- Installing: /home/ryan/Desktop/FleetGlue/ros2_ws/install/my_robot_interfaces/include/my_robot_interfaces/my_robot_interfaces/action/detail/poem__struct.hpp
[6.074s] -- Installing: /home/ryan/Desktop/FleetGlue/ros2_ws/install/my_robot_interfaces/include/my_robot_interfaces/my_robot_interfaces/action/detail/poem__traits.hpp
[6.074s] -- Installing: /home/ryan/Desktop/FleetGlue/ros2_ws/install/my_robot_interfaces/include/my_robot_interfaces/my_robot_interfaces/action/detail/poem__builder.hpp
[6.074s] -- Installing: /home/ryan/Desktop/FleetGlue/ros2_ws/install/my_robot_interfaces/include/my_robot_interfaces/my_robot_interfaces/action/poem.hpp
[6.074s] -- Up-to-date: /home/ryan/Desktop/FleetGlue/ros2_ws/install/my_robot_interfaces/include/my_robot_interfaces/my_robot_interfaces
[6.074s] -- Up-to-date: /home/ryan/Desktop/FleetGlue/ros2_ws/install/my_robot_interfaces/include/my_robot_interfaces/my_robot_interfaces/action
[6.074s] -- Up-to-date: /home/ryan/Desktop/FleetGlue/ros2_ws/install/my_robot_interfaces/include/my_robot_interfaces/my_robot_interfaces/action/detail
[6.074s] -- Installing: /home/ryan/Desktop/FleetGlue/ros2_ws/install/my_robot_interfaces/include/my_robot_interfaces/my_robot_interfaces/action/detail/poem__rosidl_typesupport_fastrtps_cpp.hpp
[6.075s] -- Installing: /home/ryan/Desktop/FleetGlue/ros2_ws/install/my_robot_interfaces/include/my_robot_interfaces/my_robot_interfaces/action/detail/dds_fastrtps
[6.075s] -- Up-to-date: /home/ryan/Desktop/FleetGlue/ros2_ws/install/my_robot_interfaces/include/my_robot_interfaces/my_robot_interfaces/msg
[6.075s] -- Installing: /home/ryan/Desktop/FleetGlue/ros2_ws/install/my_robot_interfaces/include/my_robot_interfaces/my_robot_interfaces/msg/rosidl_typesupport_fastrtps_cpp__visibility_control.h
[6.075s] -- Installing: /home/ryan/Desktop/FleetGlue/ros2_ws/install/my_robot_interfaces/lib/libmy_robot_interfaces__rosidl_typesupport_fastrtps_cpp.so
[6.076s] -- Set runtime path of "/home/ryan/Desktop/FleetGlue/ros2_ws/install/my_robot_interfaces/lib/libmy_robot_interfaces__rosidl_typesupport_fastrtps_cpp.so" to ""
[6.076s] -- Up-to-date: /home/ryan/Desktop/FleetGlue/ros2_ws/install/my_robot_interfaces/include/my_robot_interfaces/my_robot_interfaces
[6.076s] -- Up-to-date: /home/ryan/Desktop/FleetGlue/ros2_ws/install/my_robot_interfaces/include/my_robot_interfaces/my_robot_interfaces/action
[6.076s] -- Up-to-date: /home/ryan/Desktop/FleetGlue/ros2_ws/install/my_robot_interfaces/include/my_robot_interfaces/my_robot_interfaces/action/detail
[6.076s] -- Installing: /home/ryan/Desktop/FleetGlue/ros2_ws/install/my_robot_interfaces/include/my_robot_interfaces/my_robot_interfaces/action/detail/poem__rosidl_typesupport_introspection_cpp.hpp
[6.076s] -- Installing: /home/ryan/Desktop/FleetGlue/ros2_ws/install/my_robot_interfaces/include/my_robot_interfaces/my_robot_interfaces/action/detail/poem__type_support.cpp
[6.076s] -- Installing: /home/ryan/Desktop/FleetGlue/ros2_ws/install/my_robot_interfaces/lib/libmy_robot_interfaces__rosidl_typesupport_introspection_cpp.so
[6.077s] -- Set runtime path of "/home/ryan/Desktop/FleetGlue/ros2_ws/install/my_robot_interfaces/lib/libmy_robot_interfaces__rosidl_typesupport_introspection_cpp.so" to ""
[6.077s] -- Installing: /home/ryan/Desktop/FleetGlue/ros2_ws/install/my_robot_interfaces/lib/libmy_robot_interfaces__rosidl_typesupport_cpp.so
[6.077s] -- Set runtime path of "/home/ryan/Desktop/FleetGlue/ros2_ws/install/my_robot_interfaces/lib/libmy_robot_interfaces__rosidl_typesupport_cpp.so" to ""
[6.078s] -- Installing: /home/ryan/Desktop/FleetGlue/ros2_ws/install/my_robot_interfaces/share/my_robot_interfaces/environment/pythonpath.sh
[6.078s] -- Installing: /home/ryan/Desktop/FleetGlue/ros2_ws/install/my_robot_interfaces/share/my_robot_interfaces/environment/pythonpath.dsv
[6.078s] -- Installing: /home/ryan/Desktop/FleetGlue/ros2_ws/install/my_robot_interfaces/lib/python3.10/site-packages/my_robot_interfaces-0.0.0-py3.10.egg-info
[6.078s] -- Installing: /home/ryan/Desktop/FleetGlue/ros2_ws/install/my_robot_interfaces/lib/python3.10/site-packages/my_robot_interfaces-0.0.0-py3.10.egg-info/dependency_links.txt
[6.078s] -- Installing: /home/ryan/Desktop/FleetGlue/ros2_ws/install/my_robot_interfaces/lib/python3.10/site-packages/my_robot_interfaces-0.0.0-py3.10.egg-info/SOURCES.txt
[6.078s] -- Installing: /home/ryan/Desktop/FleetGlue/ros2_ws/install/my_robot_interfaces/lib/python3.10/site-packages/my_robot_interfaces-0.0.0-py3.10.egg-info/top_level.txt
[6.078s] -- Installing: /home/ryan/Desktop/FleetGlue/ros2_ws/install/my_robot_interfaces/lib/python3.10/site-packages/my_robot_interfaces-0.0.0-py3.10.egg-info/PKG-INFO
[6.078s] -- Installing: /home/ryan/Desktop/FleetGlue/ros2_ws/install/my_robot_interfaces/lib/python3.10/site-packages/my_robot_interfaces
[6.079s] -- Installing: /home/ryan/Desktop/FleetGlue/ros2_ws/install/my_robot_interfaces/lib/python3.10/site-packages/my_robot_interfaces/my_robot_interfaces_s__rosidl_typesupport_c.cpython-311-x86_64-linux-gnu.so
[6.079s] -- Installing: /home/ryan/Desktop/FleetGlue/ros2_ws/install/my_robot_interfaces/lib/python3.10/site-packages/my_robot_interfaces/libmy_robot_interfaces__rosidl_generator_py.so
[6.079s] -- Installing: /home/ryan/Desktop/FleetGlue/ros2_ws/install/my_robot_interfaces/lib/python3.10/site-packages/my_robot_interfaces/_my_robot_interfaces_s.ep.rosidl_typesupport_fastrtps_c.c
[6.079s] -- Installing: /home/ryan/Desktop/FleetGlue/ros2_ws/install/my_robot_interfaces/lib/python3.10/site-packages/my_robot_interfaces/__init__.py
[6.079s] -- Installing: /home/ryan/Desktop/FleetGlue/ros2_ws/install/my_robot_interfaces/lib/python3.10/site-packages/my_robot_interfaces/_my_robot_interfaces_s.ep.rosidl_typesupport_c.c
[6.080s] -- Installing: /home/ryan/Desktop/FleetGlue/ros2_ws/install/my_robot_interfaces/lib/python3.10/site-packages/my_robot_interfaces/my_robot_interfaces_s__rosidl_typesupport_fastrtps_c.cpython-311-x86_64-linux-gnu.so
[6.080s] -- Installing: /home/ryan/Desktop/FleetGlue/ros2_ws/install/my_robot_interfaces/lib/python3.10/site-packages/my_robot_interfaces/action
[6.080s] -- Installing: /home/ryan/Desktop/FleetGlue/ros2_ws/install/my_robot_interfaces/lib/python3.10/site-packages/my_robot_interfaces/action/_poem.py
[6.080s] -- Installing: /home/ryan/Desktop/FleetGlue/ros2_ws/install/my_robot_interfaces/lib/python3.10/site-packages/my_robot_interfaces/action/__init__.py
[6.080s] -- Installing: /home/ryan/Desktop/FleetGlue/ros2_ws/install/my_robot_interfaces/lib/python3.10/site-packages/my_robot_interfaces/action/_poem_s.c
[6.080s] -- Installing: /home/ryan/Desktop/FleetGlue/ros2_ws/install/my_robot_interfaces/lib/python3.10/site-packages/my_robot_interfaces/my_robot_interfaces_s__rosidl_typesupport_introspection_c.cpython-311-x86_64-linux-gnu.so
[6.080s] -- Installing: /home/ryan/Desktop/FleetGlue/ros2_ws/install/my_robot_interfaces/lib/python3.10/site-packages/my_robot_interfaces/_my_robot_interfaces_s.ep.rosidl_typesupport_introspection_c.c
[6.114s] Listing '/home/ryan/Desktop/FleetGlue/ros2_ws/install/my_robot_interfaces/lib/python3.10/site-packages/my_robot_interfaces'...
[6.114s] Compiling '/home/ryan/Desktop/FleetGlue/ros2_ws/install/my_robot_interfaces/lib/python3.10/site-packages/my_robot_interfaces/__init__.py'...
[6.114s] Listing '/home/ryan/Desktop/FleetGlue/ros2_ws/install/my_robot_interfaces/lib/python3.10/site-packages/my_robot_interfaces/action'...
[6.114s] Compiling '/home/ryan/Desktop/FleetGlue/ros2_ws/install/my_robot_interfaces/lib/python3.10/site-packages/my_robot_interfaces/action/__init__.py'...
[6.114s] Compiling '/home/ryan/Desktop/FleetGlue/ros2_ws/install/my_robot_interfaces/lib/python3.10/site-packages/my_robot_interfaces/action/_poem.py'...
[6.117s] -- Installing: /home/ryan/Desktop/FleetGlue/ros2_ws/install/my_robot_interfaces/lib/python3.10/site-packages/my_robot_interfaces/my_robot_interfaces_s__rosidl_typesupport_fastrtps_c.cpython-311-x86_64-linux-gnu.so
[6.118s] -- Set runtime path of "/home/ryan/Desktop/FleetGlue/ros2_ws/install/my_robot_interfaces/lib/python3.10/site-packages/my_robot_interfaces/my_robot_interfaces_s__rosidl_typesupport_fastrtps_c.cpython-311-x86_64-linux-gnu.so" to ""
[6.118s] -- Installing: /home/ryan/Desktop/FleetGlue/ros2_ws/install/my_robot_interfaces/lib/python3.10/site-packages/my_robot_interfaces/my_robot_interfaces_s__rosidl_typesupport_introspection_c.cpython-311-x86_64-linux-gnu.so
[6.118s] -- Set runtime path of "/home/ryan/Desktop/FleetGlue/ros2_ws/install/my_robot_interfaces/lib/python3.10/site-packages/my_robot_interfaces/my_robot_interfaces_s__rosidl_typesupport_introspection_c.cpython-311-x86_64-linux-gnu.so" to ""
[6.118s] -- Installing: /home/ryan/Desktop/FleetGlue/ros2_ws/install/my_robot_interfaces/lib/python3.10/site-packages/my_robot_interfaces/my_robot_interfaces_s__rosidl_typesupport_c.cpython-311-x86_64-linux-gnu.so
[6.119s] -- Set runtime path of "/home/ryan/Desktop/FleetGlue/ros2_ws/install/my_robot_interfaces/lib/python3.10/site-packages/my_robot_interfaces/my_robot_interfaces_s__rosidl_typesupport_c.cpython-311-x86_64-linux-gnu.so" to ""
[6.119s] -- Installing: /home/ryan/Desktop/FleetGlue/ros2_ws/install/my_robot_interfaces/lib/libmy_robot_interfaces__rosidl_generator_py.so
[6.119s] -- Set runtime path of "/home/ryan/Desktop/FleetGlue/ros2_ws/install/my_robot_interfaces/lib/libmy_robot_interfaces__rosidl_generator_py.so" to ""
[6.119s] -- Installing: /home/ryan/Desktop/FleetGlue/ros2_ws/install/my_robot_interfaces/share/my_robot_interfaces/action/Poem.idl
[6.119s] -- Installing: /home/ryan/Desktop/FleetGlue/ros2_ws/install/my_robot_interfaces/share/my_robot_interfaces/action/Poem.action
[6.119s] -- Installing: /home/ryan/Desktop/FleetGlue/ros2_ws/install/my_robot_interfaces/share/ament_index/resource_index/package_run_dependencies/my_robot_interfaces
[6.120s] -- Installing: /home/ryan/Desktop/FleetGlue/ros2_ws/install/my_robot_interfaces/share/ament_index/resource_index/parent_prefix_path/my_robot_interfaces
[6.120s] -- Installing: /home/ryan/Desktop/FleetGlue/ros2_ws/install/my_robot_interfaces/share/my_robot_interfaces/environment/ament_prefix_path.sh
[6.120s] -- Installing: /home/ryan/Desktop/FleetGlue/ros2_ws/install/my_robot_interfaces/share/my_robot_interfaces/environment/ament_prefix_path.dsv
[6.120s] -- Installing: /home/ryan/Desktop/FleetGlue/ros2_ws/install/my_robot_interfaces/share/my_robot_interfaces/environment/path.sh
[6.120s] -- Installing: /home/ryan/Desktop/FleetGlue/ros2_ws/install/my_robot_interfaces/share/my_robot_interfaces/environment/path.dsv
[6.120s] -- Installing: /home/ryan/Desktop/FleetGlue/ros2_ws/install/my_robot_interfaces/share/my_robot_interfaces/local_setup.bash
[6.120s] -- Installing: /home/ryan/Desktop/FleetGlue/ros2_ws/install/my_robot_interfaces/share/my_robot_interfaces/local_setup.sh
[6.121s] -- Installing: /home/ryan/Desktop/FleetGlue/ros2_ws/install/my_robot_interfaces/share/my_robot_interfaces/local_setup.zsh
[6.121s] -- Installing: /home/ryan/Desktop/FleetGlue/ros2_ws/install/my_robot_interfaces/share/my_robot_interfaces/local_setup.dsv
[6.121s] -- Installing: /home/ryan/Desktop/FleetGlue/ros2_ws/install/my_robot_interfaces/share/my_robot_interfaces/package.dsv
[6.121s] -- Installing: /home/ryan/Desktop/FleetGlue/ros2_ws/install/my_robot_interfaces/share/ament_index/resource_index/packages/my_robot_interfaces
[6.121s] -- Installing: /home/ryan/Desktop/FleetGlue/ros2_ws/install/my_robot_interfaces/share/my_robot_interfaces/cmake/export_my_robot_interfaces__rosidl_generator_cExport.cmake
[6.121s] -- Installing: /home/ryan/Desktop/FleetGlue/ros2_ws/install/my_robot_interfaces/share/my_robot_interfaces/cmake/export_my_robot_interfaces__rosidl_generator_cExport-noconfig.cmake
[6.122s] -- Installing: /home/ryan/Desktop/FleetGlue/ros2_ws/install/my_robot_interfaces/share/my_robot_interfaces/cmake/export_my_robot_interfaces__rosidl_typesupport_fastrtps_cExport.cmake
[6.122s] -- Installing: /home/ryan/Desktop/FleetGlue/ros2_ws/install/my_robot_interfaces/share/my_robot_interfaces/cmake/export_my_robot_interfaces__rosidl_typesupport_fastrtps_cExport-noconfig.cmake
[6.122s] -- Installing: /home/ryan/Desktop/FleetGlue/ros2_ws/install/my_robot_interfaces/share/my_robot_interfaces/cmake/my_robot_interfaces__rosidl_typesupport_introspection_cExport.cmake
[6.122s] -- Installing: /home/ryan/Desktop/FleetGlue/ros2_ws/install/my_robot_interfaces/share/my_robot_interfaces/cmake/my_robot_interfaces__rosidl_typesupport_introspection_cExport-noconfig.cmake
[6.122s] -- Installing: /home/ryan/Desktop/FleetGlue/ros2_ws/install/my_robot_interfaces/share/my_robot_interfaces/cmake/my_robot_interfaces__rosidl_typesupport_cExport.cmake
[6.122s] -- Installing: /home/ryan/Desktop/FleetGlue/ros2_ws/install/my_robot_interfaces/share/my_robot_interfaces/cmake/my_robot_interfaces__rosidl_typesupport_cExport-noconfig.cmake
[6.122s] -- Installing: /home/ryan/Desktop/FleetGlue/ros2_ws/install/my_robot_interfaces/share/my_robot_interfaces/cmake/export_my_robot_interfaces__rosidl_generator_cppExport.cmake
[6.123s] -- Installing: /home/ryan/Desktop/FleetGlue/ros2_ws/install/my_robot_interfaces/share/my_robot_interfaces/cmake/export_my_robot_interfaces__rosidl_typesupport_fastrtps_cppExport.cmake
[6.123s] -- Installing: /home/ryan/Desktop/FleetGlue/ros2_ws/install/my_robot_interfaces/share/my_robot_interfaces/cmake/export_my_robot_interfaces__rosidl_typesupport_fastrtps_cppExport-noconfig.cmake
[6.123s] -- Installing: /home/ryan/Desktop/FleetGlue/ros2_ws/install/my_robot_interfaces/share/my_robot_interfaces/cmake/my_robot_interfaces__rosidl_typesupport_introspection_cppExport.cmake
[6.123s] -- Installing: /home/ryan/Desktop/FleetGlue/ros2_ws/install/my_robot_interfaces/share/my_robot_interfaces/cmake/my_robot_interfaces__rosidl_typesupport_introspection_cppExport-noconfig.cmake
[6.123s] -- Installing: /home/ryan/Desktop/FleetGlue/ros2_ws/install/my_robot_interfaces/share/my_robot_interfaces/cmake/my_robot_interfaces__rosidl_typesupport_cppExport.cmake
[6.123s] -- Installing: /home/ryan/Desktop/FleetGlue/ros2_ws/install/my_robot_interfaces/share/my_robot_interfaces/cmake/my_robot_interfaces__rosidl_typesupport_cppExport-noconfig.cmake
[6.123s] -- Installing: /home/ryan/Desktop/FleetGlue/ros2_ws/install/my_robot_interfaces/share/my_robot_interfaces/cmake/export_my_robot_interfaces__rosidl_generator_pyExport.cmake
[6.124s] -- Installing: /home/ryan/Desktop/FleetGlue/ros2_ws/install/my_robot_interfaces/share/my_robot_interfaces/cmake/export_my_robot_interfaces__rosidl_generator_pyExport-noconfig.cmake
[6.124s] -- Installing: /home/ryan/Desktop/FleetGlue/ros2_ws/install/my_robot_interfaces/share/my_robot_interfaces/cmake/rosidl_cmake-extras.cmake
[6.124s] -- Installing: /home/ryan/Desktop/FleetGlue/ros2_ws/install/my_robot_interfaces/share/my_robot_interfaces/cmake/ament_cmake_export_dependencies-extras.cmake
[6.124s] -- Installing: /home/ryan/Desktop/FleetGlue/ros2_ws/install/my_robot_interfaces/share/my_robot_interfaces/cmake/ament_cmake_export_include_directories-extras.cmake
[6.124s] -- Installing: /home/ryan/Desktop/FleetGlue/ros2_ws/install/my_robot_interfaces/share/my_robot_interfaces/cmake/ament_cmake_export_libraries-extras.cmake
[6.124s] -- Installing: /home/ryan/Desktop/FleetGlue/ros2_ws/install/my_robot_interfaces/share/my_robot_interfaces/cmake/ament_cmake_export_targets-extras.cmake
[6.124s] -- Installing: /home/ryan/Desktop/FleetGlue/ros2_ws/install/my_robot_interfaces/share/my_robot_interfaces/cmake/rosidl_cmake_export_typesupport_targets-extras.cmake
[6.125s] -- Installing: /home/ryan/Desktop/FleetGlue/ros2_ws/install/my_robot_interfaces/share/my_robot_interfaces/cmake/rosidl_cmake_export_typesupport_libraries-extras.cmake
[6.125s] -- Installing: /home/ryan/Desktop/FleetGlue/ros2_ws/install/my_robot_interfaces/share/my_robot_interfaces/cmake/my_robot_interfacesConfig.cmake
[6.125s] -- Installing: /home/ryan/Desktop/FleetGlue/ros2_ws/install/my_robot_interfaces/share/my_robot_interfaces/cmake/my_robot_interfacesConfig-version.cmake
[6.125s] -- Installing: /home/ryan/Desktop/FleetGlue/ros2_ws/install/my_robot_interfaces/share/my_robot_interfaces/package.xml
[6.128s] Invoked command in '/home/ryan/Desktop/FleetGlue/ros2_ws/build/my_robot_interfaces' returned '0': CMAKE_PREFIX_PATH=${CMAKE_PREFIX_PATH}:/home/ryan/ros2_ws/install/actions_py:/home/ryan/ros2_ws/install/my_py_pkg:/opt/ros/iron CONDA_PROMPT_MODIFIER=(base) /usr/bin/cmake --install /home/ryan/Desktop/FleetGlue/ros2_ws/build/my_robot_interfaces
