[0.016s] Invoking command in '/home/ryan/Desktop/FleetGlue/ros2_ws/build/custom_interfaces': CMAKE_PREFIX_PATH=${CMAKE_PREFIX_PATH}:/home/ryan/Desktop/ROSPoems/ros2_ws/install/poem_actions:/home/ryan/Desktop/FleetGlue/ros2_ws/install/poem_actions:/home/ryan/ros2_ws/install/actions_py:/home/ryan/ros2_ws/install/my_py_pkg:/opt/ros/iron CONDA_PROMPT_MODIFIER=(base) /usr/bin/cmake --build /home/ryan/Desktop/FleetGlue/ros2_ws/build/custom_interfaces -- -j16 -l16
[0.244s] [  2%] Built target custom_interfaces__rosidl_generator_type_description
[0.244s] [  2%] Built target ament_cmake_python_copy_custom_interfaces
[0.245s] [35m[1mConsolidate compiler generated dependencies of target custom_interfaces__rosidl_generator_c[0m
[0.245s] [  5%] Built target custom_interfaces__cpp
[0.246s] [ 20%] Built target custom_interfaces__rosidl_generator_c
[0.246s] [35m[1mConsolidate compiler generated dependencies of target custom_interfaces__rosidl_typesupport_introspection_c[0m
[0.246s] [35m[1mConsolidate compiler generated dependencies of target custom_interfaces__rosidl_typesupport_c[0m
[0.246s] [35m[1mConsolidate compiler generated dependencies of target custom_interfaces__rosidl_typesupport_fastrtps_c[0m
[0.246s] [35m[1mConsolidate compiler generated dependencies of target custom_interfaces__rosidl_typesupport_cpp[0m
[0.247s] [35m[1mConsolidate compiler generated dependencies of target custom_interfaces__rosidl_typesupport_introspection_cpp[0m
[0.247s] [35m[1mConsolidate compiler generated dependencies of target custom_interfaces__rosidl_typesupport_fastrtps_cpp[0m
[0.248s] [ 29%] Built target custom_interfaces__rosidl_typesupport_introspection_c
[0.248s] [ 44%] Built target custom_interfaces__rosidl_typesupport_fastrtps_cpp
[0.248s] [ 52%] Built target custom_interfaces__rosidl_typesupport_introspection_cpp
[0.248s] [ 64%] Built target custom_interfaces__rosidl_typesupport_cpp
[0.248s] [ 64%] Built target custom_interfaces__rosidl_typesupport_fastrtps_c
[0.248s] [ 73%] Built target custom_interfaces__rosidl_typesupport_c
[0.248s] [ 73%] Built target custom_interfaces
[0.248s] [ 76%] Built target custom_interfaces__py
[0.248s] [35m[1mConsolidate compiler generated dependencies of target custom_interfaces__rosidl_generator_py[0m
[0.248s] [ 82%] Built target custom_interfaces__rosidl_generator_py
[0.249s] [35m[1mConsolidate compiler generated dependencies of target custom_interfaces__rosidl_typesupport_introspection_c__pyext[0m
[0.249s] [35m[1mConsolidate compiler generated dependencies of target custom_interfaces__rosidl_typesupport_c__pyext[0m
[0.249s] [35m[1mConsolidate compiler generated dependencies of target custom_interfaces__rosidl_typesupport_fastrtps_c__pyext[0m
[0.249s] [100%] Built target custom_interfaces__rosidl_typesupport_c__pyext
[0.249s] [100%] Built target custom_interfaces__rosidl_typesupport_introspection_c__pyext
[0.249s] [100%] Built target custom_interfaces__rosidl_typesupport_fastrtps_c__pyext
[0.293s] running egg_info
[0.293s] writing custom_interfaces.egg-info/PKG-INFO
[0.293s] writing dependency_links to custom_interfaces.egg-info/dependency_links.txt
[0.293s] writing top-level names to custom_interfaces.egg-info/top_level.txt
[0.295s] reading manifest file 'custom_interfaces.egg-info/SOURCES.txt'
[0.296s] writing manifest file 'custom_interfaces.egg-info/SOURCES.txt'
[0.323s] [100%] Built target ament_cmake_python_build_custom_interfaces_egg
[0.335s] Invoked command in '/home/ryan/Desktop/FleetGlue/ros2_ws/build/custom_interfaces' returned '0': CMAKE_PREFIX_PATH=${CMAKE_PREFIX_PATH}:/home/ryan/Desktop/ROSPoems/ros2_ws/install/poem_actions:/home/ryan/Desktop/FleetGlue/ros2_ws/install/poem_actions:/home/ryan/ros2_ws/install/actions_py:/home/ryan/ros2_ws/install/my_py_pkg:/opt/ros/iron CONDA_PROMPT_MODIFIER=(base) /usr/bin/cmake --build /home/ryan/Desktop/FleetGlue/ros2_ws/build/custom_interfaces -- -j16 -l16
[0.410s] Invoking command in '/home/ryan/Desktop/FleetGlue/ros2_ws/build/custom_interfaces': CMAKE_PREFIX_PATH=${CMAKE_PREFIX_PATH}:/home/ryan/Desktop/ROSPoems/ros2_ws/install/poem_actions:/home/ryan/Desktop/FleetGlue/ros2_ws/install/poem_actions:/home/ryan/ros2_ws/install/actions_py:/home/ryan/ros2_ws/install/my_py_pkg:/opt/ros/iron CONDA_PROMPT_MODIFIER=(base) /usr/bin/cmake --install /home/ryan/Desktop/FleetGlue/ros2_ws/build/custom_interfaces
[0.417s] -- Install configuration: ""
[0.418s] -- Up-to-date: /home/ryan/Desktop/FleetGlue/ros2_ws/install/custom_interfaces/share/ament_index/resource_index/rosidl_interfaces/custom_interfaces
[0.418s] -- Up-to-date: /home/ryan/Desktop/FleetGlue/ros2_ws/install/custom_interfaces/share/custom_interfaces/action/Poem.json
[0.418s] -- Up-to-date: /home/ryan/Desktop/FleetGlue/ros2_ws/install/custom_interfaces/include/custom_interfaces/custom_interfaces
[0.418s] -- Up-to-date: /home/ryan/Desktop/FleetGlue/ros2_ws/install/custom_interfaces/include/custom_interfaces/custom_interfaces/action
[0.418s] -- Up-to-date: /home/ryan/Desktop/FleetGlue/ros2_ws/install/custom_interfaces/include/custom_interfaces/custom_interfaces/action/detail
[0.418s] -- Up-to-date: /home/ryan/Desktop/FleetGlue/ros2_ws/install/custom_interfaces/include/custom_interfaces/custom_interfaces/action/detail/poem__functions.h
[0.418s] -- Up-to-date: /home/ryan/Desktop/FleetGlue/ros2_ws/install/custom_interfaces/include/custom_interfaces/custom_interfaces/action/detail/poem__type_support.c
[0.418s] -- Up-to-date: /home/ryan/Desktop/FleetGlue/ros2_ws/install/custom_interfaces/include/custom_interfaces/custom_interfaces/action/detail/poem__functions.c
[0.418s] -- Up-to-date: /home/ryan/Desktop/FleetGlue/ros2_ws/install/custom_interfaces/include/custom_interfaces/custom_interfaces/action/detail/poem__type_support.h
[0.418s] -- Up-to-date: /home/ryan/Desktop/FleetGlue/ros2_ws/install/custom_interfaces/include/custom_interfaces/custom_interfaces/action/detail/poem__struct.h
[0.418s] -- Up-to-date: /home/ryan/Desktop/FleetGlue/ros2_ws/install/custom_interfaces/include/custom_interfaces/custom_interfaces/action/detail/poem__description.c
[0.419s] -- Up-to-date: /home/ryan/Desktop/FleetGlue/ros2_ws/install/custom_interfaces/include/custom_interfaces/custom_interfaces/action/poem.h
[0.419s] -- Up-to-date: /home/ryan/Desktop/FleetGlue/ros2_ws/install/custom_interfaces/include/custom_interfaces/custom_interfaces/msg
[0.419s] -- Up-to-date: /home/ryan/Desktop/FleetGlue/ros2_ws/install/custom_interfaces/include/custom_interfaces/custom_interfaces/msg/rosidl_generator_c__visibility_control.h
[0.419s] -- Up-to-date: /home/ryan/Desktop/FleetGlue/ros2_ws/install/custom_interfaces/share/custom_interfaces/environment/library_path.sh
[0.419s] -- Up-to-date: /home/ryan/Desktop/FleetGlue/ros2_ws/install/custom_interfaces/share/custom_interfaces/environment/library_path.dsv
[0.419s] -- Up-to-date: /home/ryan/Desktop/FleetGlue/ros2_ws/install/custom_interfaces/lib/libcustom_interfaces__rosidl_generator_c.so
[0.419s] -- Up-to-date: /home/ryan/Desktop/FleetGlue/ros2_ws/install/custom_interfaces/include/custom_interfaces/custom_interfaces
[0.419s] -- Up-to-date: /home/ryan/Desktop/FleetGlue/ros2_ws/install/custom_interfaces/include/custom_interfaces/custom_interfaces/action
[0.419s] -- Up-to-date: /home/ryan/Desktop/FleetGlue/ros2_ws/install/custom_interfaces/include/custom_interfaces/custom_interfaces/action/detail
[0.420s] -- Up-to-date: /home/ryan/Desktop/FleetGlue/ros2_ws/install/custom_interfaces/include/custom_interfaces/custom_interfaces/action/detail/poem__rosidl_typesupport_fastrtps_c.h
[0.420s] -- Up-to-date: /home/ryan/Desktop/FleetGlue/ros2_ws/install/custom_interfaces/include/custom_interfaces/custom_interfaces/msg
[0.420s] -- Up-to-date: /home/ryan/Desktop/FleetGlue/ros2_ws/install/custom_interfaces/include/custom_interfaces/custom_interfaces/msg/rosidl_typesupport_fastrtps_c__visibility_control.h
[0.420s] -- Up-to-date: /home/ryan/Desktop/FleetGlue/ros2_ws/install/custom_interfaces/lib/libcustom_interfaces__rosidl_typesupport_fastrtps_c.so
[0.420s] -- Up-to-date: /home/ryan/Desktop/FleetGlue/ros2_ws/install/custom_interfaces/include/custom_interfaces/custom_interfaces
[0.420s] -- Up-to-date: /home/ryan/Desktop/FleetGlue/ros2_ws/install/custom_interfaces/include/custom_interfaces/custom_interfaces/action
[0.420s] -- Up-to-date: /home/ryan/Desktop/FleetGlue/ros2_ws/install/custom_interfaces/include/custom_interfaces/custom_interfaces/action/detail
[0.420s] -- Up-to-date: /home/ryan/Desktop/FleetGlue/ros2_ws/install/custom_interfaces/include/custom_interfaces/custom_interfaces/action/detail/poem__rosidl_typesupport_introspection_c.h
[0.420s] -- Up-to-date: /home/ryan/Desktop/FleetGlue/ros2_ws/install/custom_interfaces/include/custom_interfaces/custom_interfaces/action/detail/poem__type_support.c
[0.420s] -- Up-to-date: /home/ryan/Desktop/FleetGlue/ros2_ws/install/custom_interfaces/include/custom_interfaces/custom_interfaces/msg
[0.421s] -- Up-to-date: /home/ryan/Desktop/FleetGlue/ros2_ws/install/custom_interfaces/include/custom_interfaces/custom_interfaces/msg/rosidl_typesupport_introspection_c__visibility_control.h
[0.421s] -- Up-to-date: /home/ryan/Desktop/FleetGlue/ros2_ws/install/custom_interfaces/lib/libcustom_interfaces__rosidl_typesupport_introspection_c.so
[0.421s] -- Up-to-date: /home/ryan/Desktop/FleetGlue/ros2_ws/install/custom_interfaces/lib/libcustom_interfaces__rosidl_typesupport_c.so
[0.421s] -- Up-to-date: /home/ryan/Desktop/FleetGlue/ros2_ws/install/custom_interfaces/include/custom_interfaces/custom_interfaces
[0.421s] -- Up-to-date: /home/ryan/Desktop/FleetGlue/ros2_ws/install/custom_interfaces/include/custom_interfaces/custom_interfaces/action
[0.421s] -- Up-to-date: /home/ryan/Desktop/FleetGlue/ros2_ws/install/custom_interfaces/include/custom_interfaces/custom_interfaces/action/detail
[0.421s] -- Up-to-date: /home/ryan/Desktop/FleetGlue/ros2_ws/install/custom_interfaces/include/custom_interfaces/custom_interfaces/action/detail/poem__struct.hpp
[0.421s] -- Up-to-date: /home/ryan/Desktop/FleetGlue/ros2_ws/install/custom_interfaces/include/custom_interfaces/custom_interfaces/action/detail/poem__traits.hpp
[0.421s] -- Up-to-date: /home/ryan/Desktop/FleetGlue/ros2_ws/install/custom_interfaces/include/custom_interfaces/custom_interfaces/action/detail/poem__builder.hpp
[0.421s] -- Up-to-date: /home/ryan/Desktop/FleetGlue/ros2_ws/install/custom_interfaces/include/custom_interfaces/custom_interfaces/action/poem.hpp
[0.422s] -- Up-to-date: /home/ryan/Desktop/FleetGlue/ros2_ws/install/custom_interfaces/include/custom_interfaces/custom_interfaces
[0.422s] -- Up-to-date: /home/ryan/Desktop/FleetGlue/ros2_ws/install/custom_interfaces/include/custom_interfaces/custom_interfaces/action
[0.422s] -- Up-to-date: /home/ryan/Desktop/FleetGlue/ros2_ws/install/custom_interfaces/include/custom_interfaces/custom_interfaces/action/detail
[0.422s] -- Up-to-date: /home/ryan/Desktop/FleetGlue/ros2_ws/install/custom_interfaces/include/custom_interfaces/custom_interfaces/action/detail/poem__rosidl_typesupport_fastrtps_cpp.hpp
[0.422s] -- Up-to-date: /home/ryan/Desktop/FleetGlue/ros2_ws/install/custom_interfaces/include/custom_interfaces/custom_interfaces/action/detail/dds_fastrtps
[0.422s] -- Up-to-date: /home/ryan/Desktop/FleetGlue/ros2_ws/install/custom_interfaces/include/custom_interfaces/custom_interfaces/msg
[0.422s] -- Up-to-date: /home/ryan/Desktop/FleetGlue/ros2_ws/install/custom_interfaces/include/custom_interfaces/custom_interfaces/msg/rosidl_typesupport_fastrtps_cpp__visibility_control.h
[0.422s] -- Up-to-date: /home/ryan/Desktop/FleetGlue/ros2_ws/install/custom_interfaces/lib/libcustom_interfaces__rosidl_typesupport_fastrtps_cpp.so
[0.422s] -- Up-to-date: /home/ryan/Desktop/FleetGlue/ros2_ws/install/custom_interfaces/include/custom_interfaces/custom_interfaces
[0.422s] -- Up-to-date: /home/ryan/Desktop/FleetGlue/ros2_ws/install/custom_interfaces/include/custom_interfaces/custom_interfaces/action
[0.422s] -- Up-to-date: /home/ryan/Desktop/FleetGlue/ros2_ws/install/custom_interfaces/include/custom_interfaces/custom_interfaces/action/detail
[0.423s] -- Up-to-date: /home/ryan/Desktop/FleetGlue/ros2_ws/install/custom_interfaces/include/custom_interfaces/custom_interfaces/action/detail/poem__rosidl_typesupport_introspection_cpp.hpp
[0.423s] -- Up-to-date: /home/ryan/Desktop/FleetGlue/ros2_ws/install/custom_interfaces/include/custom_interfaces/custom_interfaces/action/detail/poem__type_support.cpp
[0.423s] -- Up-to-date: /home/ryan/Desktop/FleetGlue/ros2_ws/install/custom_interfaces/lib/libcustom_interfaces__rosidl_typesupport_introspection_cpp.so
[0.423s] -- Up-to-date: /home/ryan/Desktop/FleetGlue/ros2_ws/install/custom_interfaces/lib/libcustom_interfaces__rosidl_typesupport_cpp.so
[0.423s] -- Up-to-date: /home/ryan/Desktop/FleetGlue/ros2_ws/install/custom_interfaces/share/custom_interfaces/environment/pythonpath.sh
[0.423s] -- Up-to-date: /home/ryan/Desktop/FleetGlue/ros2_ws/install/custom_interfaces/share/custom_interfaces/environment/pythonpath.dsv
[0.423s] -- Up-to-date: /home/ryan/Desktop/FleetGlue/ros2_ws/install/custom_interfaces/lib/python3.10/site-packages/custom_interfaces-0.0.0-py3.10.egg-info
[0.423s] -- Installing: /home/ryan/Desktop/FleetGlue/ros2_ws/install/custom_interfaces/lib/python3.10/site-packages/custom_interfaces-0.0.0-py3.10.egg-info/dependency_links.txt
[0.423s] -- Installing: /home/ryan/Desktop/FleetGlue/ros2_ws/install/custom_interfaces/lib/python3.10/site-packages/custom_interfaces-0.0.0-py3.10.egg-info/SOURCES.txt
[0.423s] -- Installing: /home/ryan/Desktop/FleetGlue/ros2_ws/install/custom_interfaces/lib/python3.10/site-packages/custom_interfaces-0.0.0-py3.10.egg-info/top_level.txt
[0.423s] -- Installing: /home/ryan/Desktop/FleetGlue/ros2_ws/install/custom_interfaces/lib/python3.10/site-packages/custom_interfaces-0.0.0-py3.10.egg-info/PKG-INFO
[0.424s] -- Up-to-date: /home/ryan/Desktop/FleetGlue/ros2_ws/install/custom_interfaces/lib/python3.10/site-packages/custom_interfaces
[0.424s] -- Up-to-date: /home/ryan/Desktop/FleetGlue/ros2_ws/install/custom_interfaces/lib/python3.10/site-packages/custom_interfaces/_custom_interfaces_s.ep.rosidl_typesupport_c.c
[0.424s] -- Up-to-date: /home/ryan/Desktop/FleetGlue/ros2_ws/install/custom_interfaces/lib/python3.10/site-packages/custom_interfaces/__init__.py
[0.424s] -- Up-to-date: /home/ryan/Desktop/FleetGlue/ros2_ws/install/custom_interfaces/lib/python3.10/site-packages/custom_interfaces/_custom_interfaces_s.ep.rosidl_typesupport_fastrtps_c.c
[0.424s] -- Up-to-date: /home/ryan/Desktop/FleetGlue/ros2_ws/install/custom_interfaces/lib/python3.10/site-packages/custom_interfaces/_custom_interfaces_s.ep.rosidl_typesupport_introspection_c.c
[0.424s] -- Up-to-date: /home/ryan/Desktop/FleetGlue/ros2_ws/install/custom_interfaces/lib/python3.10/site-packages/custom_interfaces/custom_interfaces_s__rosidl_typesupport_c.cpython-310-x86_64-linux-gnu.so
[0.424s] -- Up-to-date: /home/ryan/Desktop/FleetGlue/ros2_ws/install/custom_interfaces/lib/python3.10/site-packages/custom_interfaces/libcustom_interfaces__rosidl_generator_py.so
[0.424s] -- Up-to-date: /home/ryan/Desktop/FleetGlue/ros2_ws/install/custom_interfaces/lib/python3.10/site-packages/custom_interfaces/custom_interfaces_s__rosidl_typesupport_fastrtps_c.cpython-310-x86_64-linux-gnu.so
[0.424s] -- Up-to-date: /home/ryan/Desktop/FleetGlue/ros2_ws/install/custom_interfaces/lib/python3.10/site-packages/custom_interfaces/action
[0.424s] -- Up-to-date: /home/ryan/Desktop/FleetGlue/ros2_ws/install/custom_interfaces/lib/python3.10/site-packages/custom_interfaces/action/_poem.py
[0.424s] -- Up-to-date: /home/ryan/Desktop/FleetGlue/ros2_ws/install/custom_interfaces/lib/python3.10/site-packages/custom_interfaces/action/__init__.py
[0.425s] -- Up-to-date: /home/ryan/Desktop/FleetGlue/ros2_ws/install/custom_interfaces/lib/python3.10/site-packages/custom_interfaces/action/_poem_s.c
[0.425s] -- Up-to-date: /home/ryan/Desktop/FleetGlue/ros2_ws/install/custom_interfaces/lib/python3.10/site-packages/custom_interfaces/custom_interfaces_s__rosidl_typesupport_introspection_c.cpython-310-x86_64-linux-gnu.so
[0.449s] Listing '/home/ryan/Desktop/FleetGlue/ros2_ws/install/custom_interfaces/lib/python3.10/site-packages/custom_interfaces'...
[0.450s] Listing '/home/ryan/Desktop/FleetGlue/ros2_ws/install/custom_interfaces/lib/python3.10/site-packages/custom_interfaces/action'...
[0.454s] -- Up-to-date: /home/ryan/Desktop/FleetGlue/ros2_ws/install/custom_interfaces/lib/python3.10/site-packages/custom_interfaces/custom_interfaces_s__rosidl_typesupport_fastrtps_c.cpython-310-x86_64-linux-gnu.so
[0.454s] -- Up-to-date: /home/ryan/Desktop/FleetGlue/ros2_ws/install/custom_interfaces/lib/python3.10/site-packages/custom_interfaces/custom_interfaces_s__rosidl_typesupport_introspection_c.cpython-310-x86_64-linux-gnu.so
[0.454s] -- Up-to-date: /home/ryan/Desktop/FleetGlue/ros2_ws/install/custom_interfaces/lib/python3.10/site-packages/custom_interfaces/custom_interfaces_s__rosidl_typesupport_c.cpython-310-x86_64-linux-gnu.so
[0.454s] -- Up-to-date: /home/ryan/Desktop/FleetGlue/ros2_ws/install/custom_interfaces/lib/libcustom_interfaces__rosidl_generator_py.so
[0.454s] -- Up-to-date: /home/ryan/Desktop/FleetGlue/ros2_ws/install/custom_interfaces/share/custom_interfaces/action/Poem.idl
[0.455s] -- Up-to-date: /home/ryan/Desktop/FleetGlue/ros2_ws/install/custom_interfaces/share/custom_interfaces/action/Poem.action
[0.455s] -- Up-to-date: /home/ryan/Desktop/FleetGlue/ros2_ws/install/custom_interfaces/share/ament_index/resource_index/package_run_dependencies/custom_interfaces
[0.455s] -- Up-to-date: /home/ryan/Desktop/FleetGlue/ros2_ws/install/custom_interfaces/share/ament_index/resource_index/parent_prefix_path/custom_interfaces
[0.455s] -- Up-to-date: /home/ryan/Desktop/FleetGlue/ros2_ws/install/custom_interfaces/share/custom_interfaces/environment/ament_prefix_path.sh
[0.455s] -- Up-to-date: /home/ryan/Desktop/FleetGlue/ros2_ws/install/custom_interfaces/share/custom_interfaces/environment/ament_prefix_path.dsv
[0.455s] -- Up-to-date: /home/ryan/Desktop/FleetGlue/ros2_ws/install/custom_interfaces/share/custom_interfaces/environment/path.sh
[0.455s] -- Up-to-date: /home/ryan/Desktop/FleetGlue/ros2_ws/install/custom_interfaces/share/custom_interfaces/environment/path.dsv
[0.455s] -- Up-to-date: /home/ryan/Desktop/FleetGlue/ros2_ws/install/custom_interfaces/share/custom_interfaces/local_setup.bash
[0.455s] -- Up-to-date: /home/ryan/Desktop/FleetGlue/ros2_ws/install/custom_interfaces/share/custom_interfaces/local_setup.sh
[0.456s] -- Up-to-date: /home/ryan/Desktop/FleetGlue/ros2_ws/install/custom_interfaces/share/custom_interfaces/local_setup.zsh
[0.456s] -- Up-to-date: /home/ryan/Desktop/FleetGlue/ros2_ws/install/custom_interfaces/share/custom_interfaces/local_setup.dsv
[0.456s] -- Installing: /home/ryan/Desktop/FleetGlue/ros2_ws/install/custom_interfaces/share/custom_interfaces/package.dsv
[0.456s] -- Up-to-date: /home/ryan/Desktop/FleetGlue/ros2_ws/install/custom_interfaces/share/ament_index/resource_index/packages/custom_interfaces
[0.456s] -- Up-to-date: /home/ryan/Desktop/FleetGlue/ros2_ws/install/custom_interfaces/share/custom_interfaces/cmake/export_custom_interfaces__rosidl_generator_cExport.cmake
[0.456s] -- Up-to-date: /home/ryan/Desktop/FleetGlue/ros2_ws/install/custom_interfaces/share/custom_interfaces/cmake/export_custom_interfaces__rosidl_generator_cExport-noconfig.cmake
[0.456s] -- Up-to-date: /home/ryan/Desktop/FleetGlue/ros2_ws/install/custom_interfaces/share/custom_interfaces/cmake/export_custom_interfaces__rosidl_typesupport_fastrtps_cExport.cmake
[0.456s] -- Up-to-date: /home/ryan/Desktop/FleetGlue/ros2_ws/install/custom_interfaces/share/custom_interfaces/cmake/export_custom_interfaces__rosidl_typesupport_fastrtps_cExport-noconfig.cmake
[0.456s] -- Up-to-date: /home/ryan/Desktop/FleetGlue/ros2_ws/install/custom_interfaces/share/custom_interfaces/cmake/custom_interfaces__rosidl_typesupport_introspection_cExport.cmake
[0.457s] -- Up-to-date: /home/ryan/Desktop/FleetGlue/ros2_ws/install/custom_interfaces/share/custom_interfaces/cmake/custom_interfaces__rosidl_typesupport_introspection_cExport-noconfig.cmake
[0.457s] -- Up-to-date: /home/ryan/Desktop/FleetGlue/ros2_ws/install/custom_interfaces/share/custom_interfaces/cmake/custom_interfaces__rosidl_typesupport_cExport.cmake
[0.457s] -- Up-to-date: /home/ryan/Desktop/FleetGlue/ros2_ws/install/custom_interfaces/share/custom_interfaces/cmake/custom_interfaces__rosidl_typesupport_cExport-noconfig.cmake
[0.457s] -- Up-to-date: /home/ryan/Desktop/FleetGlue/ros2_ws/install/custom_interfaces/share/custom_interfaces/cmake/export_custom_interfaces__rosidl_generator_cppExport.cmake
[0.457s] -- Up-to-date: /home/ryan/Desktop/FleetGlue/ros2_ws/install/custom_interfaces/share/custom_interfaces/cmake/export_custom_interfaces__rosidl_typesupport_fastrtps_cppExport.cmake
[0.457s] -- Up-to-date: /home/ryan/Desktop/FleetGlue/ros2_ws/install/custom_interfaces/share/custom_interfaces/cmake/export_custom_interfaces__rosidl_typesupport_fastrtps_cppExport-noconfig.cmake
[0.457s] -- Up-to-date: /home/ryan/Desktop/FleetGlue/ros2_ws/install/custom_interfaces/share/custom_interfaces/cmake/custom_interfaces__rosidl_typesupport_introspection_cppExport.cmake
[0.457s] -- Up-to-date: /home/ryan/Desktop/FleetGlue/ros2_ws/install/custom_interfaces/share/custom_interfaces/cmake/custom_interfaces__rosidl_typesupport_introspection_cppExport-noconfig.cmake
[0.457s] -- Up-to-date: /home/ryan/Desktop/FleetGlue/ros2_ws/install/custom_interfaces/share/custom_interfaces/cmake/custom_interfaces__rosidl_typesupport_cppExport.cmake
[0.457s] -- Up-to-date: /home/ryan/Desktop/FleetGlue/ros2_ws/install/custom_interfaces/share/custom_interfaces/cmake/custom_interfaces__rosidl_typesupport_cppExport-noconfig.cmake
[0.457s] -- Up-to-date: /home/ryan/Desktop/FleetGlue/ros2_ws/install/custom_interfaces/share/custom_interfaces/cmake/export_custom_interfaces__rosidl_generator_pyExport.cmake
[0.457s] -- Up-to-date: /home/ryan/Desktop/FleetGlue/ros2_ws/install/custom_interfaces/share/custom_interfaces/cmake/export_custom_interfaces__rosidl_generator_pyExport-noconfig.cmake
[0.458s] -- Up-to-date: /home/ryan/Desktop/FleetGlue/ros2_ws/install/custom_interfaces/share/custom_interfaces/cmake/rosidl_cmake-extras.cmake
[0.458s] -- Up-to-date: /home/ryan/Desktop/FleetGlue/ros2_ws/install/custom_interfaces/share/custom_interfaces/cmake/ament_cmake_export_dependencies-extras.cmake
[0.458s] -- Up-to-date: /home/ryan/Desktop/FleetGlue/ros2_ws/install/custom_interfaces/share/custom_interfaces/cmake/ament_cmake_export_include_directories-extras.cmake
[0.458s] -- Up-to-date: /home/ryan/Desktop/FleetGlue/ros2_ws/install/custom_interfaces/share/custom_interfaces/cmake/ament_cmake_export_libraries-extras.cmake
[0.458s] -- Up-to-date: /home/ryan/Desktop/FleetGlue/ros2_ws/install/custom_interfaces/share/custom_interfaces/cmake/ament_cmake_export_targets-extras.cmake
[0.458s] -- Up-to-date: /home/ryan/Desktop/FleetGlue/ros2_ws/install/custom_interfaces/share/custom_interfaces/cmake/rosidl_cmake_export_typesupport_targets-extras.cmake
[0.458s] -- Up-to-date: /home/ryan/Desktop/FleetGlue/ros2_ws/install/custom_interfaces/share/custom_interfaces/cmake/rosidl_cmake_export_typesupport_libraries-extras.cmake
[0.458s] -- Up-to-date: /home/ryan/Desktop/FleetGlue/ros2_ws/install/custom_interfaces/share/custom_interfaces/cmake/custom_interfacesConfig.cmake
[0.458s] -- Up-to-date: /home/ryan/Desktop/FleetGlue/ros2_ws/install/custom_interfaces/share/custom_interfaces/cmake/custom_interfacesConfig-version.cmake
[0.458s] -- Up-to-date: /home/ryan/Desktop/FleetGlue/ros2_ws/install/custom_interfaces/share/custom_interfaces/package.xml
[0.460s] Invoked command in '/home/ryan/Desktop/FleetGlue/ros2_ws/build/custom_interfaces' returned '0': CMAKE_PREFIX_PATH=${CMAKE_PREFIX_PATH}:/home/ryan/Desktop/ROSPoems/ros2_ws/install/poem_actions:/home/ryan/Desktop/FleetGlue/ros2_ws/install/poem_actions:/home/ryan/ros2_ws/install/actions_py:/home/ryan/ros2_ws/install/my_py_pkg:/opt/ros/iron CONDA_PROMPT_MODIFIER=(base) /usr/bin/cmake --install /home/ryan/Desktop/FleetGlue/ros2_ws/build/custom_interfaces
