running egg_info
creating ../../build/action_client/action_client.egg-info
writing ../../build/action_client/action_client.egg-info/PKG-INFO
writing dependency_links to ../../build/action_client/action_client.egg-info/dependency_links.txt
writing entry points to ../../build/action_client/action_client.egg-info/entry_points.txt
writing requirements to ../../build/action_client/action_client.egg-info/requires.txt
writing top-level names to ../../build/action_client/action_client.egg-info/top_level.txt
writing manifest file '../../build/action_client/action_client.egg-info/SOURCES.txt'
reading manifest file '../../build/action_client/action_client.egg-info/SOURCES.txt'
writing manifest file '../../build/action_client/action_client.egg-info/SOURCES.txt'
running build
running build_py
creating /home/ryan/Desktop/FleetGlue/ros2_ws/build/action_client/build
creating /home/ryan/Desktop/FleetGlue/ros2_ws/build/action_client/build/lib
creating /home/ryan/Desktop/FleetGlue/ros2_ws/build/action_client/build/lib/action_client
copying action_client/__init__.py -> /home/ryan/Desktop/FleetGlue/ros2_ws/build/action_client/build/lib/action_client
copying action_client/action_client.py -> /home/ryan/Desktop/FleetGlue/ros2_ws/build/action_client/build/lib/action_client
running install
running install_lib
creating /home/ryan/Desktop/FleetGlue/ros2_ws/install/action_client/lib/python3.10/site-packages/action_client
copying /home/ryan/Desktop/FleetGlue/ros2_ws/build/action_client/build/lib/action_client/__init__.py -> /home/ryan/Desktop/FleetGlue/ros2_ws/install/action_client/lib/python3.10/site-packages/action_client
copying /home/ryan/Desktop/FleetGlue/ros2_ws/build/action_client/build/lib/action_client/action_client.py -> /home/ryan/Desktop/FleetGlue/ros2_ws/install/action_client/lib/python3.10/site-packages/action_client
byte-compiling /home/ryan/Desktop/FleetGlue/ros2_ws/install/action_client/lib/python3.10/site-packages/action_client/__init__.py to __init__.cpython-310.pyc
byte-compiling /home/ryan/Desktop/FleetGlue/ros2_ws/install/action_client/lib/python3.10/site-packages/action_client/action_client.py to action_client.cpython-310.pyc
running install_data
creating /home/ryan/Desktop/FleetGlue/ros2_ws/install/action_client/share/ament_index
creating /home/ryan/Desktop/FleetGlue/ros2_ws/install/action_client/share/ament_index/resource_index
creating /home/ryan/Desktop/FleetGlue/ros2_ws/install/action_client/share/ament_index/resource_index/packages
copying resource/action_client -> /home/ryan/Desktop/FleetGlue/ros2_ws/install/action_client/share/ament_index/resource_index/packages
copying package.xml -> /home/ryan/Desktop/FleetGlue/ros2_ws/install/action_client/share/action_client
running install_egg_info
Copying ../../build/action_client/action_client.egg-info to /home/ryan/Desktop/FleetGlue/ros2_ws/install/action_client/lib/python3.10/site-packages/action_client-0.0.0-py3.10.egg-info
running install_scripts
Installing poems_client script to /home/ryan/Desktop/FleetGlue/ros2_ws/install/action_client/lib/action_client
writing list of installed files to '/home/ryan/Desktop/FleetGlue/ros2_ws/build/action_client/install.log'
