[0.995s] Invoking command in '/home/ryan/Desktop/FleetGlue/ros2_ws/src/action_client': PYTHONPATH=/home/ryan/Desktop/FleetGlue/ros2_ws/build/action_client/prefix_override:/usr/lib/python3/dist-packages/colcon_core/task/python/colcon_distutils_commands:/home/ryan/Desktop/FleetGlue/ros2_ws/install/action_client/lib/python3.10/site-packages:${PYTHONPATH} /usr/bin/python3 -W ignore:setup.py install is deprecated setup.py egg_info --egg-base ../../build/action_client build --build-base /home/ryan/Desktop/FleetGlue/ros2_ws/build/action_client/build install --record /home/ryan/Desktop/FleetGlue/ros2_ws/build/action_client/install.log --single-version-externally-managed install_data
[1.184s] running egg_info
[1.184s] creating ../../build/action_client/action_client.egg-info
[1.185s] writing ../../build/action_client/action_client.egg-info/PKG-INFO
[1.196s] writing dependency_links to ../../build/action_client/action_client.egg-info/dependency_links.txt
[1.196s] writing entry points to ../../build/action_client/action_client.egg-info/entry_points.txt
[1.197s] writing requirements to ../../build/action_client/action_client.egg-info/requires.txt
[1.197s] writing top-level names to ../../build/action_client/action_client.egg-info/top_level.txt
[1.197s] writing manifest file '../../build/action_client/action_client.egg-info/SOURCES.txt'
[1.198s] reading manifest file '../../build/action_client/action_client.egg-info/SOURCES.txt'
[1.198s] writing manifest file '../../build/action_client/action_client.egg-info/SOURCES.txt'
[1.198s] running build
[1.199s] running build_py
[1.199s] creating /home/ryan/Desktop/FleetGlue/ros2_ws/build/action_client/build
[1.199s] creating /home/ryan/Desktop/FleetGlue/ros2_ws/build/action_client/build/lib
[1.199s] creating /home/ryan/Desktop/FleetGlue/ros2_ws/build/action_client/build/lib/action_client
[1.199s] copying action_client/__init__.py -> /home/ryan/Desktop/FleetGlue/ros2_ws/build/action_client/build/lib/action_client
[1.199s] copying action_client/action_client.py -> /home/ryan/Desktop/FleetGlue/ros2_ws/build/action_client/build/lib/action_client
[1.199s] running install
[1.200s] running install_lib
[1.200s] creating /home/ryan/Desktop/FleetGlue/ros2_ws/install/action_client/lib/python3.10/site-packages/action_client
[1.200s] copying /home/ryan/Desktop/FleetGlue/ros2_ws/build/action_client/build/lib/action_client/__init__.py -> /home/ryan/Desktop/FleetGlue/ros2_ws/install/action_client/lib/python3.10/site-packages/action_client
[1.200s] copying /home/ryan/Desktop/FleetGlue/ros2_ws/build/action_client/build/lib/action_client/action_client.py -> /home/ryan/Desktop/FleetGlue/ros2_ws/install/action_client/lib/python3.10/site-packages/action_client
[1.200s] byte-compiling /home/ryan/Desktop/FleetGlue/ros2_ws/install/action_client/lib/python3.10/site-packages/action_client/__init__.py to __init__.cpython-310.pyc
[1.201s] byte-compiling /home/ryan/Desktop/FleetGlue/ros2_ws/install/action_client/lib/python3.10/site-packages/action_client/action_client.py to action_client.cpython-310.pyc
[1.201s] running install_data
[1.201s] creating /home/ryan/Desktop/FleetGlue/ros2_ws/install/action_client/share/ament_index
[1.202s] creating /home/ryan/Desktop/FleetGlue/ros2_ws/install/action_client/share/ament_index/resource_index
[1.202s] creating /home/ryan/Desktop/FleetGlue/ros2_ws/install/action_client/share/ament_index/resource_index/packages
[1.202s] copying resource/action_client -> /home/ryan/Desktop/FleetGlue/ros2_ws/install/action_client/share/ament_index/resource_index/packages
[1.202s] copying package.xml -> /home/ryan/Desktop/FleetGlue/ros2_ws/install/action_client/share/action_client
[1.202s] running install_egg_info
[1.203s] Copying ../../build/action_client/action_client.egg-info to /home/ryan/Desktop/FleetGlue/ros2_ws/install/action_client/lib/python3.10/site-packages/action_client-0.0.0-py3.10.egg-info
[1.204s] running install_scripts
[1.221s] Installing poems_client script to /home/ryan/Desktop/FleetGlue/ros2_ws/install/action_client/lib/action_client
[1.221s] writing list of installed files to '/home/ryan/Desktop/FleetGlue/ros2_ws/build/action_client/install.log'
[1.255s] Invoked command in '/home/ryan/Desktop/FleetGlue/ros2_ws/src/action_client' returned '0': PYTHONPATH=/home/ryan/Desktop/FleetGlue/ros2_ws/build/action_client/prefix_override:/usr/lib/python3/dist-packages/colcon_core/task/python/colcon_distutils_commands:/home/ryan/Desktop/FleetGlue/ros2_ws/install/action_client/lib/python3.10/site-packages:${PYTHONPATH} /usr/bin/python3 -W ignore:setup.py install is deprecated setup.py egg_info --egg-base ../../build/action_client build --build-base /home/ryan/Desktop/FleetGlue/ros2_ws/build/action_client/build install --record /home/ryan/Desktop/FleetGlue/ros2_ws/build/action_client/install.log --single-version-externally-managed install_data
