[0.445s] Invoking command in '/home/ryan/Desktop/FleetGlue/ros2_ws/build/poem_bringup': CMAKE_PREFIX_PATH=${CMAKE_PREFIX_PATH}:/home/ryan/Desktop/ROSPoems/ros2_ws/install/poem_actions:/home/ryan/Desktop/FleetGlue/ros2_ws/install/poem_actions:/home/ryan/ros2_ws/install/actions_py:/home/ryan/ros2_ws/install/my_py_pkg:/opt/ros/iron /usr/bin/cmake /home/ryan/Desktop/FleetGlue/ros2_ws/src/poem_bringup -DCMAKE_INSTALL_PREFIX=/home/ryan/Desktop/FleetGlue/ros2_ws/install/poem_bringup
[0.971s] -- The C compiler identification is GNU 11.4.0
[1.094s] -- The CXX compiler identification is GNU 11.4.0
[1.103s] -- Detecting C compiler ABI info
[1.182s] -- Detecting C compiler ABI info - done
[1.187s] -- Check for working C compiler: /usr/bin/cc - skipped
[1.192s] -- Detecting C compile features
[1.193s] -- Detecting C compile features - done
[1.196s] -- Detecting CXX compiler ABI info
[1.269s] -- Detecting CXX compiler ABI info - done
[1.275s] -- Check for working CXX compiler: /usr/bin/c++ - skipped
[1.275s] -- Detecting CXX compile features
[1.275s] -- Detecting CXX compile features - done
[1.304s] -- Found ament_cmake: 2.0.6 (/opt/ros/iron/share/ament_cmake/cmake)
[1.472s] -- Found Python3: /usr/bin/python3.10 (found version "3.10.12") found components: Interpreter 
[1.576s] -- Found ament_lint_auto: 0.14.4 (/opt/ros/iron/share/ament_lint_auto/cmake)
[1.649s] -- Added test 'flake8' to check Python code syntax and style conventions
[1.649s] -- Configured 'flake8' exclude dirs and/or files: 
[1.650s] -- Added test 'lint_cmake' to check CMake code style
[1.650s] -- Added test 'pep257' to check Python code against some of the docstring style conventions in PEP 257
[1.652s] -- Added test 'xmllint' to check XML markup files
[1.654s] -- Configuring done
[1.658s] -- Generating done
[1.660s] -- Build files have been written to: /home/ryan/Desktop/FleetGlue/ros2_ws/build/poem_bringup
[1.666s] Invoked command in '/home/ryan/Desktop/FleetGlue/ros2_ws/build/poem_bringup' returned '0': CMAKE_PREFIX_PATH=${CMAKE_PREFIX_PATH}:/home/ryan/Desktop/ROSPoems/ros2_ws/install/poem_actions:/home/ryan/Desktop/FleetGlue/ros2_ws/install/poem_actions:/home/ryan/ros2_ws/install/actions_py:/home/ryan/ros2_ws/install/my_py_pkg:/opt/ros/iron /usr/bin/cmake /home/ryan/Desktop/FleetGlue/ros2_ws/src/poem_bringup -DCMAKE_INSTALL_PREFIX=/home/ryan/Desktop/FleetGlue/ros2_ws/install/poem_bringup
[1.667s] Invoking command in '/home/ryan/Desktop/FleetGlue/ros2_ws/build/poem_bringup': CMAKE_PREFIX_PATH=${CMAKE_PREFIX_PATH}:/home/ryan/Desktop/ROSPoems/ros2_ws/install/poem_actions:/home/ryan/Desktop/FleetGlue/ros2_ws/install/poem_actions:/home/ryan/ros2_ws/install/actions_py:/home/ryan/ros2_ws/install/my_py_pkg:/opt/ros/iron /usr/bin/cmake --build /home/ryan/Desktop/FleetGlue/ros2_ws/build/poem_bringup -- -j16 -l16
[1.706s] Invoked command in '/home/ryan/Desktop/FleetGlue/ros2_ws/build/poem_bringup' returned '0': CMAKE_PREFIX_PATH=${CMAKE_PREFIX_PATH}:/home/ryan/Desktop/ROSPoems/ros2_ws/install/poem_actions:/home/ryan/Desktop/FleetGlue/ros2_ws/install/poem_actions:/home/ryan/ros2_ws/install/actions_py:/home/ryan/ros2_ws/install/my_py_pkg:/opt/ros/iron /usr/bin/cmake --build /home/ryan/Desktop/FleetGlue/ros2_ws/build/poem_bringup -- -j16 -l16
[1.739s] Invoking command in '/home/ryan/Desktop/FleetGlue/ros2_ws/build/poem_bringup': CMAKE_PREFIX_PATH=${CMAKE_PREFIX_PATH}:/home/ryan/Desktop/ROSPoems/ros2_ws/install/poem_actions:/home/ryan/Desktop/FleetGlue/ros2_ws/install/poem_actions:/home/ryan/ros2_ws/install/actions_py:/home/ryan/ros2_ws/install/my_py_pkg:/opt/ros/iron /usr/bin/cmake --install /home/ryan/Desktop/FleetGlue/ros2_ws/build/poem_bringup
[1.747s] -- Install configuration: ""
[1.748s] -- Installing: /home/ryan/Desktop/FleetGlue/ros2_ws/install/poem_bringup/share/poem_bringup/launch
[1.748s] -- Installing: /home/ryan/Desktop/FleetGlue/ros2_ws/install/poem_bringup/share/poem_bringup/launch/poem_app.launch.py
[1.748s] -- Installing: /home/ryan/Desktop/FleetGlue/ros2_ws/install/poem_bringup/share/ament_index/resource_index/package_run_dependencies/poem_bringup
[1.748s] -- Installing: /home/ryan/Desktop/FleetGlue/ros2_ws/install/poem_bringup/share/ament_index/resource_index/parent_prefix_path/poem_bringup
[1.748s] -- Installing: /home/ryan/Desktop/FleetGlue/ros2_ws/install/poem_bringup/share/poem_bringup/environment/ament_prefix_path.sh
[1.749s] -- Installing: /home/ryan/Desktop/FleetGlue/ros2_ws/install/poem_bringup/share/poem_bringup/environment/ament_prefix_path.dsv
[1.749s] -- Installing: /home/ryan/Desktop/FleetGlue/ros2_ws/install/poem_bringup/share/poem_bringup/environment/path.sh
[1.749s] -- Installing: /home/ryan/Desktop/FleetGlue/ros2_ws/install/poem_bringup/share/poem_bringup/environment/path.dsv
[1.749s] -- Installing: /home/ryan/Desktop/FleetGlue/ros2_ws/install/poem_bringup/share/poem_bringup/local_setup.bash
[1.749s] -- Installing: /home/ryan/Desktop/FleetGlue/ros2_ws/install/poem_bringup/share/poem_bringup/local_setup.sh
[1.749s] -- Installing: /home/ryan/Desktop/FleetGlue/ros2_ws/install/poem_bringup/share/poem_bringup/local_setup.zsh
[1.749s] -- Installing: /home/ryan/Desktop/FleetGlue/ros2_ws/install/poem_bringup/share/poem_bringup/local_setup.dsv
[1.750s] -- Installing: /home/ryan/Desktop/FleetGlue/ros2_ws/install/poem_bringup/share/poem_bringup/package.dsv
[1.750s] -- Installing: /home/ryan/Desktop/FleetGlue/ros2_ws/install/poem_bringup/share/ament_index/resource_index/packages/poem_bringup
[1.750s] -- Installing: /home/ryan/Desktop/FleetGlue/ros2_ws/install/poem_bringup/share/poem_bringup/cmake/poem_bringupConfig.cmake
[1.750s] -- Installing: /home/ryan/Desktop/FleetGlue/ros2_ws/install/poem_bringup/share/poem_bringup/cmake/poem_bringupConfig-version.cmake
[1.750s] -- Installing: /home/ryan/Desktop/FleetGlue/ros2_ws/install/poem_bringup/share/poem_bringup/package.xml
[1.753s] Invoked command in '/home/ryan/Desktop/FleetGlue/ros2_ws/build/poem_bringup' returned '0': CMAKE_PREFIX_PATH=${CMAKE_PREFIX_PATH}:/home/ryan/Desktop/ROSPoems/ros2_ws/install/poem_actions:/home/ryan/Desktop/FleetGlue/ros2_ws/install/poem_actions:/home/ryan/ros2_ws/install/actions_py:/home/ryan/ros2_ws/install/my_py_pkg:/opt/ros/iron /usr/bin/cmake --install /home/ryan/Desktop/FleetGlue/ros2_ws/build/poem_bringup
