[0.436s] Invoking command in '/home/ryan/Desktop/FleetGlue/ros2_ws/build/custom_interfaces': CMAKE_PREFIX_PATH=${CMAKE_PREFIX_PATH}:/home/ryan/Desktop/ROSPoems/ros2_ws/install/poem_actions:/home/ryan/Desktop/FleetGlue/ros2_ws/install/poem_actions:/home/ryan/ros2_ws/install/actions_py:/home/ryan/ros2_ws/install/my_py_pkg:/opt/ros/iron /usr/bin/cmake /home/ryan/Desktop/FleetGlue/ros2_ws/src/custom_interfaces -DCMAKE_INSTALL_PREFIX=/home/ryan/Desktop/FleetGlue/ros2_ws/install/custom_interfaces
[0.974s] -- The C compiler identification is GNU 11.4.0
[1.096s] -- The CXX compiler identification is GNU 11.4.0
[1.105s] -- Detecting C compiler ABI info
[1.185s] -- Detecting C compiler ABI info - done
[1.192s] -- Check for working C compiler: /usr/bin/cc - skipped
[1.195s] -- Detecting C compile features
[1.195s] -- Detecting C compile features - done
[1.199s] -- Detecting CXX compiler ABI info
[1.272s] -- Detecting CXX compiler ABI info - done
[1.277s] -- Check for working CXX compiler: /usr/bin/c++ - skipped
[1.278s] -- Detecting CXX compile features
[1.278s] -- Detecting CXX compile features - done
[1.307s] -- Found ament_cmake: 2.0.6 (/opt/ros/iron/share/ament_cmake/cmake)
[1.478s] -- Found Python3: /usr/bin/python3.10 (found version "3.10.12") found components: Interpreter 
[1.579s] -- Found rosidl_default_generators: 1.5.0 (/opt/ros/iron/share/rosidl_default_generators/cmake)
[1.587s] -- Using all available rosidl_typesupport_c: rosidl_typesupport_fastrtps_c;rosidl_typesupport_introspection_c
[1.649s] -- Using all available rosidl_typesupport_cpp: rosidl_typesupport_fastrtps_cpp;rosidl_typesupport_introspection_cpp
[1.695s] -- Found rosidl_adapter: 4.0.1 (/opt/ros/iron/share/rosidl_adapter/cmake)
[2.122s] -- Found ament_cmake_ros: 0.11.2 (/opt/ros/iron/share/ament_cmake_ros/cmake)
[2.295s] -- Using all available rosidl_typesupport_c: rosidl_typesupport_fastrtps_c;rosidl_typesupport_introspection_c
[2.495s] -- Using all available rosidl_typesupport_cpp: rosidl_typesupport_fastrtps_cpp;rosidl_typesupport_introspection_cpp
[2.514s] -- Found PythonInterp: /usr/bin/python3 (found suitable version "3.10.12", minimum required is "3.6") 
[2.516s] -- Found python_cmake_module: 0.10.2 (/opt/ros/iron/share/python_cmake_module/cmake)
[2.540s] -- Found PythonLibs: /usr/lib/x86_64-linux-gnu/libpython3.10.so (found suitable version "3.10.12", minimum required is "3.5") 
[2.540s] -- Using PYTHON_EXECUTABLE: /usr/bin/python3
[2.540s] -- Using PYTHON_INCLUDE_DIRS: /usr/include/python3.10
[2.540s] -- Using PYTHON_LIBRARIES: /usr/lib/x86_64-linux-gnu/libpython3.10.so
[2.557s] -- Found PythonExtra: .so  
[2.595s] -- Found ament_lint_auto: 0.14.4 (/opt/ros/iron/share/ament_lint_auto/cmake)
[2.613s] -- Added test 'lint_cmake' to check CMake code style
[2.614s] -- Added test 'xmllint' to check XML markup files
[2.616s] -- Configuring done
[2.647s] -- Generating done
[2.650s] -- Build files have been written to: /home/ryan/Desktop/FleetGlue/ros2_ws/build/custom_interfaces
[2.658s] Invoked command in '/home/ryan/Desktop/FleetGlue/ros2_ws/build/custom_interfaces' returned '0': CMAKE_PREFIX_PATH=${CMAKE_PREFIX_PATH}:/home/ryan/Desktop/ROSPoems/ros2_ws/install/poem_actions:/home/ryan/Desktop/FleetGlue/ros2_ws/install/poem_actions:/home/ryan/ros2_ws/install/actions_py:/home/ryan/ros2_ws/install/my_py_pkg:/opt/ros/iron /usr/bin/cmake /home/ryan/Desktop/FleetGlue/ros2_ws/src/custom_interfaces -DCMAKE_INSTALL_PREFIX=/home/ryan/Desktop/FleetGlue/ros2_ws/install/custom_interfaces
[2.660s] Invoking command in '/home/ryan/Desktop/FleetGlue/ros2_ws/build/custom_interfaces': CMAKE_PREFIX_PATH=${CMAKE_PREFIX_PATH}:/home/ryan/Desktop/ROSPoems/ros2_ws/install/poem_actions:/home/ryan/Desktop/FleetGlue/ros2_ws/install/poem_actions:/home/ryan/ros2_ws/install/actions_py:/home/ryan/ros2_ws/install/my_py_pkg:/opt/ros/iron /usr/bin/cmake --build /home/ryan/Desktop/FleetGlue/ros2_ws/build/custom_interfaces -- -j16 -l16
[2.705s] [  2%] [34m[1mGenerating type hashes for ROS interfaces[0m
[2.713s] [  2%] Built target ament_cmake_python_copy_custom_interfaces
[2.883s] [  2%] Built target custom_interfaces__rosidl_generator_type_description
[2.893s] [  5%] [34m[1mGenerating C code for ROS interfaces[0m
[2.903s] [  8%] [34m[1mGenerating C++ code for ROS interfaces[0m
[2.917s] running egg_info
[2.918s] creating custom_interfaces.egg-info
[2.918s] writing custom_interfaces.egg-info/PKG-INFO
[2.919s] writing dependency_links to custom_interfaces.egg-info/dependency_links.txt
[2.919s] writing top-level names to custom_interfaces.egg-info/top_level.txt
[2.919s] writing manifest file 'custom_interfaces.egg-info/SOURCES.txt'
[2.922s] reading manifest file 'custom_interfaces.egg-info/SOURCES.txt'
[2.922s] writing manifest file 'custom_interfaces.egg-info/SOURCES.txt'
[2.958s] [  8%] Built target ament_cmake_python_build_custom_interfaces_egg
[3.277s] [  8%] Built target custom_interfaces__cpp
[3.320s] [ 17%] [32mBuilding C object CMakeFiles/custom_interfaces__rosidl_generator_c.dir/rosidl_generator_c/custom_interfaces/action/detail/poem__functions.c.o[0m
[3.320s] [ 17%] [32mBuilding C object CMakeFiles/custom_interfaces__rosidl_generator_c.dir/rosidl_generator_c/custom_interfaces/action/detail/poem__type_support.c.o[0m
[3.320s] [ 17%] [32mBuilding C object CMakeFiles/custom_interfaces__rosidl_generator_c.dir/rosidl_generator_c/custom_interfaces/action/detail/poem__description.c.o[0m
[3.443s] [ 20%] [32m[1mLinking C shared library libcustom_interfaces__rosidl_generator_c.so[0m
[3.477s] [ 20%] Built target custom_interfaces__rosidl_generator_c
[3.486s] [ 38%] [34m[1mGenerating C type support dispatch for ROS interfaces[0m
[3.486s] [ 38%] [34m[1mGenerating C++ type support for eProsima Fast-RTPS[0m
[3.486s] [ 38%] [34m[1mGenerating C++ introspection for ROS interfaces[0m
[3.486s] [ 38%] [34m[1mGenerating C introspection for ROS interfaces[0m
[3.486s] [ 38%] [34m[1mGenerating C type support for eProsima Fast-RTPS[0m
[3.486s] [ 38%] [34m[1mGenerating C++ type support dispatch for ROS interfaces[0m
[3.769s] [ 44%] [32mBuilding CXX object CMakeFiles/custom_interfaces__rosidl_typesupport_cpp.dir/rosidl_typesupport_cpp/custom_interfaces/action/poem__type_support.cpp.o[0m
[3.770s] [ 44%] [32mBuilding CXX object CMakeFiles/custom_interfaces__rosidl_typesupport_c.dir/rosidl_typesupport_c/custom_interfaces/action/poem__type_support.cpp.o[0m
[3.831s] [ 47%] [32mBuilding CXX object CMakeFiles/custom_interfaces__rosidl_typesupport_introspection_cpp.dir/rosidl_typesupport_introspection_cpp/custom_interfaces/action/detail/poem__type_support.cpp.o[0m
[3.842s] [ 50%] [32mBuilding C object CMakeFiles/custom_interfaces__rosidl_typesupport_introspection_c.dir/rosidl_typesupport_introspection_c/custom_interfaces/action/detail/poem__type_support.c.o[0m
[3.868s] [ 52%] [32mBuilding CXX object CMakeFiles/custom_interfaces__rosidl_typesupport_fastrtps_c.dir/rosidl_typesupport_fastrtps_c/custom_interfaces/action/detail/poem__type_support_c.cpp.o[0m
[3.876s] [ 55%] [32mBuilding CXX object CMakeFiles/custom_interfaces__rosidl_typesupport_fastrtps_cpp.dir/rosidl_typesupport_fastrtps_cpp/custom_interfaces/action/detail/dds_fastrtps/poem__type_support.cpp.o[0m
[3.903s] [ 58%] [32m[1mLinking CXX shared library libcustom_interfaces__rosidl_typesupport_c.so[0m
[3.919s] [ 61%] [32m[1mLinking C shared library libcustom_interfaces__rosidl_typesupport_introspection_c.so[0m
[3.943s] [ 61%] Built target custom_interfaces__rosidl_typesupport_c
[3.951s] [ 61%] Built target custom_interfaces__rosidl_typesupport_introspection_c
[4.320s] [ 64%] [32m[1mLinking CXX shared library libcustom_interfaces__rosidl_typesupport_fastrtps_c.so[0m
[4.426s] [ 64%] Built target custom_interfaces__rosidl_typesupport_fastrtps_c
[4.610s] [ 67%] [32m[1mLinking CXX shared library libcustom_interfaces__rosidl_typesupport_cpp.so[0m
[4.681s] [ 70%] [32m[1mLinking CXX shared library libcustom_interfaces__rosidl_typesupport_introspection_cpp.so[0m
[4.681s] [ 70%] Built target custom_interfaces__rosidl_typesupport_cpp
[4.751s] [ 73%] [32m[1mLinking CXX shared library libcustom_interfaces__rosidl_typesupport_fastrtps_cpp.so[0m
[4.751s] [ 73%] Built target custom_interfaces__rosidl_typesupport_introspection_cpp
[4.815s] [ 73%] Built target custom_interfaces__rosidl_typesupport_fastrtps_cpp
[4.833s] [ 73%] Built target custom_interfaces
[4.851s] [ 76%] [34m[1mGenerating Python code for ROS interfaces[0m
[5.489s] [ 76%] Built target custom_interfaces__py
[5.507s] [ 79%] [32mBuilding C object CMakeFiles/custom_interfaces__rosidl_generator_py.dir/rosidl_generator_py/custom_interfaces/action/_poem_s.c.o[0m
[5.669s] [ 82%] [32m[1mLinking C shared library rosidl_generator_py/custom_interfaces/libcustom_interfaces__rosidl_generator_py.so[0m
[5.706s] [ 82%] Built target custom_interfaces__rosidl_generator_py
[5.724s] [ 91%] [32mBuilding C object CMakeFiles/custom_interfaces__rosidl_typesupport_fastrtps_c__pyext.dir/rosidl_generator_py/custom_interfaces/_custom_interfaces_s.ep.rosidl_typesupport_fastrtps_c.c.o[0m
[5.724s] [ 91%] [32mBuilding C object CMakeFiles/custom_interfaces__rosidl_typesupport_c__pyext.dir/rosidl_generator_py/custom_interfaces/_custom_interfaces_s.ep.rosidl_typesupport_c.c.o[0m
[5.724s] [ 91%] [32mBuilding C object CMakeFiles/custom_interfaces__rosidl_typesupport_introspection_c__pyext.dir/rosidl_generator_py/custom_interfaces/_custom_interfaces_s.ep.rosidl_typesupport_introspection_c.c.o[0m
[5.831s] [100%] [32m[1mLinking C shared library rosidl_generator_py/custom_interfaces/custom_interfaces_s__rosidl_typesupport_introspection_c.cpython-310-x86_64-linux-gnu.so[0m
[5.831s] [100%] [32m[1mLinking C shared library rosidl_generator_py/custom_interfaces/custom_interfaces_s__rosidl_typesupport_fastrtps_c.cpython-310-x86_64-linux-gnu.so[0m
[5.831s] [100%] [32m[1mLinking C shared library rosidl_generator_py/custom_interfaces/custom_interfaces_s__rosidl_typesupport_c.cpython-310-x86_64-linux-gnu.so[0m
[5.868s] [100%] Built target custom_interfaces__rosidl_typesupport_introspection_c__pyext
[5.868s] [100%] Built target custom_interfaces__rosidl_typesupport_fastrtps_c__pyext
[5.868s] [100%] Built target custom_interfaces__rosidl_typesupport_c__pyext
[5.879s] Invoked command in '/home/ryan/Desktop/FleetGlue/ros2_ws/build/custom_interfaces' returned '0': CMAKE_PREFIX_PATH=${CMAKE_PREFIX_PATH}:/home/ryan/Desktop/ROSPoems/ros2_ws/install/poem_actions:/home/ryan/Desktop/FleetGlue/ros2_ws/install/poem_actions:/home/ryan/ros2_ws/install/actions_py:/home/ryan/ros2_ws/install/my_py_pkg:/opt/ros/iron /usr/bin/cmake --build /home/ryan/Desktop/FleetGlue/ros2_ws/build/custom_interfaces -- -j16 -l16
[5.941s] Invoking command in '/home/ryan/Desktop/FleetGlue/ros2_ws/build/custom_interfaces': CMAKE_PREFIX_PATH=${CMAKE_PREFIX_PATH}:/home/ryan/Desktop/ROSPoems/ros2_ws/install/poem_actions:/home/ryan/Desktop/FleetGlue/ros2_ws/install/poem_actions:/home/ryan/ros2_ws/install/actions_py:/home/ryan/ros2_ws/install/my_py_pkg:/opt/ros/iron /usr/bin/cmake --install /home/ryan/Desktop/FleetGlue/ros2_ws/build/custom_interfaces
[5.949s] -- Install configuration: ""
[5.949s] -- Installing: /home/ryan/Desktop/FleetGlue/ros2_ws/install/custom_interfaces/share/ament_index/resource_index/rosidl_interfaces/custom_interfaces
[5.949s] -- Installing: /home/ryan/Desktop/FleetGlue/ros2_ws/install/custom_interfaces/share/custom_interfaces/action/Poem.json
[5.949s] -- Installing: /home/ryan/Desktop/FleetGlue/ros2_ws/install/custom_interfaces/include/custom_interfaces/custom_interfaces
[5.949s] -- Installing: /home/ryan/Desktop/FleetGlue/ros2_ws/install/custom_interfaces/include/custom_interfaces/custom_interfaces/action
[5.949s] -- Installing: /home/ryan/Desktop/FleetGlue/ros2_ws/install/custom_interfaces/include/custom_interfaces/custom_interfaces/action/detail
[5.949s] -- Installing: /home/ryan/Desktop/FleetGlue/ros2_ws/install/custom_interfaces/include/custom_interfaces/custom_interfaces/action/detail/poem__functions.h
[5.950s] -- Installing: /home/ryan/Desktop/FleetGlue/ros2_ws/install/custom_interfaces/include/custom_interfaces/custom_interfaces/action/detail/poem__type_support.c
[5.950s] -- Installing: /home/ryan/Desktop/FleetGlue/ros2_ws/install/custom_interfaces/include/custom_interfaces/custom_interfaces/action/detail/poem__functions.c
[5.950s] -- Installing: /home/ryan/Desktop/FleetGlue/ros2_ws/install/custom_interfaces/include/custom_interfaces/custom_interfaces/action/detail/poem__type_support.h
[5.950s] -- Installing: /home/ryan/Desktop/FleetGlue/ros2_ws/install/custom_interfaces/include/custom_interfaces/custom_interfaces/action/detail/poem__struct.h
[5.950s] -- Installing: /home/ryan/Desktop/FleetGlue/ros2_ws/install/custom_interfaces/include/custom_interfaces/custom_interfaces/action/detail/poem__description.c
[5.950s] -- Installing: /home/ryan/Desktop/FleetGlue/ros2_ws/install/custom_interfaces/include/custom_interfaces/custom_interfaces/action/poem.h
[5.950s] -- Installing: /home/ryan/Desktop/FleetGlue/ros2_ws/install/custom_interfaces/include/custom_interfaces/custom_interfaces/msg
[5.951s] -- Installing: /home/ryan/Desktop/FleetGlue/ros2_ws/install/custom_interfaces/include/custom_interfaces/custom_interfaces/msg/rosidl_generator_c__visibility_control.h
[5.951s] -- Installing: /home/ryan/Desktop/FleetGlue/ros2_ws/install/custom_interfaces/share/custom_interfaces/environment/library_path.sh
[5.951s] -- Installing: /home/ryan/Desktop/FleetGlue/ros2_ws/install/custom_interfaces/share/custom_interfaces/environment/library_path.dsv
[5.951s] -- Installing: /home/ryan/Desktop/FleetGlue/ros2_ws/install/custom_interfaces/lib/libcustom_interfaces__rosidl_generator_c.so
[5.951s] -- Set runtime path of "/home/ryan/Desktop/FleetGlue/ros2_ws/install/custom_interfaces/lib/libcustom_interfaces__rosidl_generator_c.so" to ""
[5.952s] -- Up-to-date: /home/ryan/Desktop/FleetGlue/ros2_ws/install/custom_interfaces/include/custom_interfaces/custom_interfaces
[5.952s] -- Up-to-date: /home/ryan/Desktop/FleetGlue/ros2_ws/install/custom_interfaces/include/custom_interfaces/custom_interfaces/action
[5.952s] -- Up-to-date: /home/ryan/Desktop/FleetGlue/ros2_ws/install/custom_interfaces/include/custom_interfaces/custom_interfaces/action/detail
[5.952s] -- Installing: /home/ryan/Desktop/FleetGlue/ros2_ws/install/custom_interfaces/include/custom_interfaces/custom_interfaces/action/detail/poem__rosidl_typesupport_fastrtps_c.h
[5.952s] -- Up-to-date: /home/ryan/Desktop/FleetGlue/ros2_ws/install/custom_interfaces/include/custom_interfaces/custom_interfaces/msg
[5.952s] -- Installing: /home/ryan/Desktop/FleetGlue/ros2_ws/install/custom_interfaces/include/custom_interfaces/custom_interfaces/msg/rosidl_typesupport_fastrtps_c__visibility_control.h
[5.952s] -- Installing: /home/ryan/Desktop/FleetGlue/ros2_ws/install/custom_interfaces/lib/libcustom_interfaces__rosidl_typesupport_fastrtps_c.so
[5.952s] -- Set runtime path of "/home/ryan/Desktop/FleetGlue/ros2_ws/install/custom_interfaces/lib/libcustom_interfaces__rosidl_typesupport_fastrtps_c.so" to ""
[5.952s] -- Up-to-date: /home/ryan/Desktop/FleetGlue/ros2_ws/install/custom_interfaces/include/custom_interfaces/custom_interfaces
[5.952s] -- Up-to-date: /home/ryan/Desktop/FleetGlue/ros2_ws/install/custom_interfaces/include/custom_interfaces/custom_interfaces/action
[5.953s] -- Up-to-date: /home/ryan/Desktop/FleetGlue/ros2_ws/install/custom_interfaces/include/custom_interfaces/custom_interfaces/action/detail
[5.953s] -- Installing: /home/ryan/Desktop/FleetGlue/ros2_ws/install/custom_interfaces/include/custom_interfaces/custom_interfaces/action/detail/poem__rosidl_typesupport_introspection_c.h
[5.953s] -- Up-to-date: /home/ryan/Desktop/FleetGlue/ros2_ws/install/custom_interfaces/include/custom_interfaces/custom_interfaces/action/detail/poem__type_support.c
[5.953s] -- Up-to-date: /home/ryan/Desktop/FleetGlue/ros2_ws/install/custom_interfaces/include/custom_interfaces/custom_interfaces/msg
[5.953s] -- Installing: /home/ryan/Desktop/FleetGlue/ros2_ws/install/custom_interfaces/include/custom_interfaces/custom_interfaces/msg/rosidl_typesupport_introspection_c__visibility_control.h
[5.953s] -- Installing: /home/ryan/Desktop/FleetGlue/ros2_ws/install/custom_interfaces/lib/libcustom_interfaces__rosidl_typesupport_introspection_c.so
[5.953s] -- Set runtime path of "/home/ryan/Desktop/FleetGlue/ros2_ws/install/custom_interfaces/lib/libcustom_interfaces__rosidl_typesupport_introspection_c.so" to ""
[5.953s] -- Installing: /home/ryan/Desktop/FleetGlue/ros2_ws/install/custom_interfaces/lib/libcustom_interfaces__rosidl_typesupport_c.so
[5.954s] -- Set runtime path of "/home/ryan/Desktop/FleetGlue/ros2_ws/install/custom_interfaces/lib/libcustom_interfaces__rosidl_typesupport_c.so" to ""
[5.954s] -- Up-to-date: /home/ryan/Desktop/FleetGlue/ros2_ws/install/custom_interfaces/include/custom_interfaces/custom_interfaces
[5.954s] -- Up-to-date: /home/ryan/Desktop/FleetGlue/ros2_ws/install/custom_interfaces/include/custom_interfaces/custom_interfaces/action
[5.954s] -- Up-to-date: /home/ryan/Desktop/FleetGlue/ros2_ws/install/custom_interfaces/include/custom_interfaces/custom_interfaces/action/detail
[5.954s] -- Installing: /home/ryan/Desktop/FleetGlue/ros2_ws/install/custom_interfaces/include/custom_interfaces/custom_interfaces/action/detail/poem__struct.hpp
[5.954s] -- Installing: /home/ryan/Desktop/FleetGlue/ros2_ws/install/custom_interfaces/include/custom_interfaces/custom_interfaces/action/detail/poem__traits.hpp
[5.954s] -- Installing: /home/ryan/Desktop/FleetGlue/ros2_ws/install/custom_interfaces/include/custom_interfaces/custom_interfaces/action/detail/poem__builder.hpp
[5.954s] -- Installing: /home/ryan/Desktop/FleetGlue/ros2_ws/install/custom_interfaces/include/custom_interfaces/custom_interfaces/action/poem.hpp
[5.954s] -- Up-to-date: /home/ryan/Desktop/FleetGlue/ros2_ws/install/custom_interfaces/include/custom_interfaces/custom_interfaces
[5.954s] -- Up-to-date: /home/ryan/Desktop/FleetGlue/ros2_ws/install/custom_interfaces/include/custom_interfaces/custom_interfaces/action
[5.954s] -- Up-to-date: /home/ryan/Desktop/FleetGlue/ros2_ws/install/custom_interfaces/include/custom_interfaces/custom_interfaces/action/detail
[5.955s] -- Installing: /home/ryan/Desktop/FleetGlue/ros2_ws/install/custom_interfaces/include/custom_interfaces/custom_interfaces/action/detail/poem__rosidl_typesupport_fastrtps_cpp.hpp
[5.955s] -- Installing: /home/ryan/Desktop/FleetGlue/ros2_ws/install/custom_interfaces/include/custom_interfaces/custom_interfaces/action/detail/dds_fastrtps
[5.955s] -- Up-to-date: /home/ryan/Desktop/FleetGlue/ros2_ws/install/custom_interfaces/include/custom_interfaces/custom_interfaces/msg
[5.955s] -- Installing: /home/ryan/Desktop/FleetGlue/ros2_ws/install/custom_interfaces/include/custom_interfaces/custom_interfaces/msg/rosidl_typesupport_fastrtps_cpp__visibility_control.h
[5.955s] -- Installing: /home/ryan/Desktop/FleetGlue/ros2_ws/install/custom_interfaces/lib/libcustom_interfaces__rosidl_typesupport_fastrtps_cpp.so
[5.956s] -- Set runtime path of "/home/ryan/Desktop/FleetGlue/ros2_ws/install/custom_interfaces/lib/libcustom_interfaces__rosidl_typesupport_fastrtps_cpp.so" to ""
[5.956s] -- Up-to-date: /home/ryan/Desktop/FleetGlue/ros2_ws/install/custom_interfaces/include/custom_interfaces/custom_interfaces
[5.956s] -- Up-to-date: /home/ryan/Desktop/FleetGlue/ros2_ws/install/custom_interfaces/include/custom_interfaces/custom_interfaces/action
[5.956s] -- Up-to-date: /home/ryan/Desktop/FleetGlue/ros2_ws/install/custom_interfaces/include/custom_interfaces/custom_interfaces/action/detail
[5.956s] -- Installing: /home/ryan/Desktop/FleetGlue/ros2_ws/install/custom_interfaces/include/custom_interfaces/custom_interfaces/action/detail/poem__rosidl_typesupport_introspection_cpp.hpp
[5.956s] -- Installing: /home/ryan/Desktop/FleetGlue/ros2_ws/install/custom_interfaces/include/custom_interfaces/custom_interfaces/action/detail/poem__type_support.cpp
[5.956s] -- Installing: /home/ryan/Desktop/FleetGlue/ros2_ws/install/custom_interfaces/lib/libcustom_interfaces__rosidl_typesupport_introspection_cpp.so
[5.957s] -- Set runtime path of "/home/ryan/Desktop/FleetGlue/ros2_ws/install/custom_interfaces/lib/libcustom_interfaces__rosidl_typesupport_introspection_cpp.so" to ""
[5.957s] -- Installing: /home/ryan/Desktop/FleetGlue/ros2_ws/install/custom_interfaces/lib/libcustom_interfaces__rosidl_typesupport_cpp.so
[5.957s] -- Set runtime path of "/home/ryan/Desktop/FleetGlue/ros2_ws/install/custom_interfaces/lib/libcustom_interfaces__rosidl_typesupport_cpp.so" to ""
[5.958s] -- Installing: /home/ryan/Desktop/FleetGlue/ros2_ws/install/custom_interfaces/share/custom_interfaces/environment/pythonpath.sh
[5.958s] -- Installing: /home/ryan/Desktop/FleetGlue/ros2_ws/install/custom_interfaces/share/custom_interfaces/environment/pythonpath.dsv
[5.958s] -- Installing: /home/ryan/Desktop/FleetGlue/ros2_ws/install/custom_interfaces/lib/python3.10/site-packages/custom_interfaces-0.0.0-py3.10.egg-info
[5.958s] -- Installing: /home/ryan/Desktop/FleetGlue/ros2_ws/install/custom_interfaces/lib/python3.10/site-packages/custom_interfaces-0.0.0-py3.10.egg-info/dependency_links.txt
[5.958s] -- Installing: /home/ryan/Desktop/FleetGlue/ros2_ws/install/custom_interfaces/lib/python3.10/site-packages/custom_interfaces-0.0.0-py3.10.egg-info/SOURCES.txt
[5.958s] -- Installing: /home/ryan/Desktop/FleetGlue/ros2_ws/install/custom_interfaces/lib/python3.10/site-packages/custom_interfaces-0.0.0-py3.10.egg-info/top_level.txt
[5.958s] -- Installing: /home/ryan/Desktop/FleetGlue/ros2_ws/install/custom_interfaces/lib/python3.10/site-packages/custom_interfaces-0.0.0-py3.10.egg-info/PKG-INFO
[5.958s] -- Installing: /home/ryan/Desktop/FleetGlue/ros2_ws/install/custom_interfaces/lib/python3.10/site-packages/custom_interfaces
[5.959s] -- Installing: /home/ryan/Desktop/FleetGlue/ros2_ws/install/custom_interfaces/lib/python3.10/site-packages/custom_interfaces/_custom_interfaces_s.ep.rosidl_typesupport_c.c
[5.959s] -- Installing: /home/ryan/Desktop/FleetGlue/ros2_ws/install/custom_interfaces/lib/python3.10/site-packages/custom_interfaces/__init__.py
[5.959s] -- Installing: /home/ryan/Desktop/FleetGlue/ros2_ws/install/custom_interfaces/lib/python3.10/site-packages/custom_interfaces/_custom_interfaces_s.ep.rosidl_typesupport_fastrtps_c.c
[5.959s] -- Installing: /home/ryan/Desktop/FleetGlue/ros2_ws/install/custom_interfaces/lib/python3.10/site-packages/custom_interfaces/_custom_interfaces_s.ep.rosidl_typesupport_introspection_c.c
[5.959s] -- Installing: /home/ryan/Desktop/FleetGlue/ros2_ws/install/custom_interfaces/lib/python3.10/site-packages/custom_interfaces/custom_interfaces_s__rosidl_typesupport_c.cpython-310-x86_64-linux-gnu.so
[5.959s] -- Installing: /home/ryan/Desktop/FleetGlue/ros2_ws/install/custom_interfaces/lib/python3.10/site-packages/custom_interfaces/libcustom_interfaces__rosidl_generator_py.so
[5.960s] -- Installing: /home/ryan/Desktop/FleetGlue/ros2_ws/install/custom_interfaces/lib/python3.10/site-packages/custom_interfaces/custom_interfaces_s__rosidl_typesupport_fastrtps_c.cpython-310-x86_64-linux-gnu.so
[5.960s] -- Installing: /home/ryan/Desktop/FleetGlue/ros2_ws/install/custom_interfaces/lib/python3.10/site-packages/custom_interfaces/action
[5.960s] -- Installing: /home/ryan/Desktop/FleetGlue/ros2_ws/install/custom_interfaces/lib/python3.10/site-packages/custom_interfaces/action/_poem.py
[5.960s] -- Installing: /home/ryan/Desktop/FleetGlue/ros2_ws/install/custom_interfaces/lib/python3.10/site-packages/custom_interfaces/action/__init__.py
[5.960s] -- Installing: /home/ryan/Desktop/FleetGlue/ros2_ws/install/custom_interfaces/lib/python3.10/site-packages/custom_interfaces/action/_poem_s.c
[5.960s] -- Installing: /home/ryan/Desktop/FleetGlue/ros2_ws/install/custom_interfaces/lib/python3.10/site-packages/custom_interfaces/custom_interfaces_s__rosidl_typesupport_introspection_c.cpython-310-x86_64-linux-gnu.so
[6.004s] Listing '/home/ryan/Desktop/FleetGlue/ros2_ws/install/custom_interfaces/lib/python3.10/site-packages/custom_interfaces'...
[6.004s] Compiling '/home/ryan/Desktop/FleetGlue/ros2_ws/install/custom_interfaces/lib/python3.10/site-packages/custom_interfaces/__init__.py'...
[6.004s] Listing '/home/ryan/Desktop/FleetGlue/ros2_ws/install/custom_interfaces/lib/python3.10/site-packages/custom_interfaces/action'...
[6.004s] Compiling '/home/ryan/Desktop/FleetGlue/ros2_ws/install/custom_interfaces/lib/python3.10/site-packages/custom_interfaces/action/__init__.py'...
[6.004s] Compiling '/home/ryan/Desktop/FleetGlue/ros2_ws/install/custom_interfaces/lib/python3.10/site-packages/custom_interfaces/action/_poem.py'...
[6.008s] -- Installing: /home/ryan/Desktop/FleetGlue/ros2_ws/install/custom_interfaces/lib/python3.10/site-packages/custom_interfaces/custom_interfaces_s__rosidl_typesupport_fastrtps_c.cpython-310-x86_64-linux-gnu.so
[6.008s] -- Set runtime path of "/home/ryan/Desktop/FleetGlue/ros2_ws/install/custom_interfaces/lib/python3.10/site-packages/custom_interfaces/custom_interfaces_s__rosidl_typesupport_fastrtps_c.cpython-310-x86_64-linux-gnu.so" to ""
[6.008s] -- Installing: /home/ryan/Desktop/FleetGlue/ros2_ws/install/custom_interfaces/lib/python3.10/site-packages/custom_interfaces/custom_interfaces_s__rosidl_typesupport_introspection_c.cpython-310-x86_64-linux-gnu.so
[6.009s] -- Set runtime path of "/home/ryan/Desktop/FleetGlue/ros2_ws/install/custom_interfaces/lib/python3.10/site-packages/custom_interfaces/custom_interfaces_s__rosidl_typesupport_introspection_c.cpython-310-x86_64-linux-gnu.so" to ""
[6.009s] -- Installing: /home/ryan/Desktop/FleetGlue/ros2_ws/install/custom_interfaces/lib/python3.10/site-packages/custom_interfaces/custom_interfaces_s__rosidl_typesupport_c.cpython-310-x86_64-linux-gnu.so
[6.009s] -- Set runtime path of "/home/ryan/Desktop/FleetGlue/ros2_ws/install/custom_interfaces/lib/python3.10/site-packages/custom_interfaces/custom_interfaces_s__rosidl_typesupport_c.cpython-310-x86_64-linux-gnu.so" to ""
[6.009s] -- Installing: /home/ryan/Desktop/FleetGlue/ros2_ws/install/custom_interfaces/lib/libcustom_interfaces__rosidl_generator_py.so
[6.010s] -- Set runtime path of "/home/ryan/Desktop/FleetGlue/ros2_ws/install/custom_interfaces/lib/libcustom_interfaces__rosidl_generator_py.so" to ""
[6.010s] -- Installing: /home/ryan/Desktop/FleetGlue/ros2_ws/install/custom_interfaces/share/custom_interfaces/action/Poem.idl
[6.010s] -- Installing: /home/ryan/Desktop/FleetGlue/ros2_ws/install/custom_interfaces/share/custom_interfaces/action/Poem.action
[6.010s] -- Installing: /home/ryan/Desktop/FleetGlue/ros2_ws/install/custom_interfaces/share/ament_index/resource_index/package_run_dependencies/custom_interfaces
[6.010s] -- Installing: /home/ryan/Desktop/FleetGlue/ros2_ws/install/custom_interfaces/share/ament_index/resource_index/parent_prefix_path/custom_interfaces
[6.010s] -- Installing: /home/ryan/Desktop/FleetGlue/ros2_ws/install/custom_interfaces/share/custom_interfaces/environment/ament_prefix_path.sh
[6.010s] -- Installing: /home/ryan/Desktop/FleetGlue/ros2_ws/install/custom_interfaces/share/custom_interfaces/environment/ament_prefix_path.dsv
[6.011s] -- Installing: /home/ryan/Desktop/FleetGlue/ros2_ws/install/custom_interfaces/share/custom_interfaces/environment/path.sh
[6.011s] -- Installing: /home/ryan/Desktop/FleetGlue/ros2_ws/install/custom_interfaces/share/custom_interfaces/environment/path.dsv
[6.011s] -- Installing: /home/ryan/Desktop/FleetGlue/ros2_ws/install/custom_interfaces/share/custom_interfaces/local_setup.bash
[6.011s] -- Installing: /home/ryan/Desktop/FleetGlue/ros2_ws/install/custom_interfaces/share/custom_interfaces/local_setup.sh
[6.011s] -- Installing: /home/ryan/Desktop/FleetGlue/ros2_ws/install/custom_interfaces/share/custom_interfaces/local_setup.zsh
[6.011s] -- Installing: /home/ryan/Desktop/FleetGlue/ros2_ws/install/custom_interfaces/share/custom_interfaces/local_setup.dsv
[6.011s] -- Installing: /home/ryan/Desktop/FleetGlue/ros2_ws/install/custom_interfaces/share/custom_interfaces/package.dsv
[6.012s] -- Installing: /home/ryan/Desktop/FleetGlue/ros2_ws/install/custom_interfaces/share/ament_index/resource_index/packages/custom_interfaces
[6.012s] -- Installing: /home/ryan/Desktop/FleetGlue/ros2_ws/install/custom_interfaces/share/custom_interfaces/cmake/export_custom_interfaces__rosidl_generator_cExport.cmake
[6.012s] -- Installing: /home/ryan/Desktop/FleetGlue/ros2_ws/install/custom_interfaces/share/custom_interfaces/cmake/export_custom_interfaces__rosidl_generator_cExport-noconfig.cmake
[6.012s] -- Installing: /home/ryan/Desktop/FleetGlue/ros2_ws/install/custom_interfaces/share/custom_interfaces/cmake/export_custom_interfaces__rosidl_typesupport_fastrtps_cExport.cmake
[6.012s] -- Installing: /home/ryan/Desktop/FleetGlue/ros2_ws/install/custom_interfaces/share/custom_interfaces/cmake/export_custom_interfaces__rosidl_typesupport_fastrtps_cExport-noconfig.cmake
[6.012s] -- Installing: /home/ryan/Desktop/FleetGlue/ros2_ws/install/custom_interfaces/share/custom_interfaces/cmake/custom_interfaces__rosidl_typesupport_introspection_cExport.cmake
[6.012s] -- Installing: /home/ryan/Desktop/FleetGlue/ros2_ws/install/custom_interfaces/share/custom_interfaces/cmake/custom_interfaces__rosidl_typesupport_introspection_cExport-noconfig.cmake
[6.013s] -- Installing: /home/ryan/Desktop/FleetGlue/ros2_ws/install/custom_interfaces/share/custom_interfaces/cmake/custom_interfaces__rosidl_typesupport_cExport.cmake
[6.013s] -- Installing: /home/ryan/Desktop/FleetGlue/ros2_ws/install/custom_interfaces/share/custom_interfaces/cmake/custom_interfaces__rosidl_typesupport_cExport-noconfig.cmake
[6.013s] -- Installing: /home/ryan/Desktop/FleetGlue/ros2_ws/install/custom_interfaces/share/custom_interfaces/cmake/export_custom_interfaces__rosidl_generator_cppExport.cmake
[6.013s] -- Installing: /home/ryan/Desktop/FleetGlue/ros2_ws/install/custom_interfaces/share/custom_interfaces/cmake/export_custom_interfaces__rosidl_typesupport_fastrtps_cppExport.cmake
[6.013s] -- Installing: /home/ryan/Desktop/FleetGlue/ros2_ws/install/custom_interfaces/share/custom_interfaces/cmake/export_custom_interfaces__rosidl_typesupport_fastrtps_cppExport-noconfig.cmake
[6.013s] -- Installing: /home/ryan/Desktop/FleetGlue/ros2_ws/install/custom_interfaces/share/custom_interfaces/cmake/custom_interfaces__rosidl_typesupport_introspection_cppExport.cmake
[6.013s] -- Installing: /home/ryan/Desktop/FleetGlue/ros2_ws/install/custom_interfaces/share/custom_interfaces/cmake/custom_interfaces__rosidl_typesupport_introspection_cppExport-noconfig.cmake
[6.014s] -- Installing: /home/ryan/Desktop/FleetGlue/ros2_ws/install/custom_interfaces/share/custom_interfaces/cmake/custom_interfaces__rosidl_typesupport_cppExport.cmake
[6.014s] -- Installing: /home/ryan/Desktop/FleetGlue/ros2_ws/install/custom_interfaces/share/custom_interfaces/cmake/custom_interfaces__rosidl_typesupport_cppExport-noconfig.cmake
[6.014s] -- Installing: /home/ryan/Desktop/FleetGlue/ros2_ws/install/custom_interfaces/share/custom_interfaces/cmake/export_custom_interfaces__rosidl_generator_pyExport.cmake
[6.014s] -- Installing: /home/ryan/Desktop/FleetGlue/ros2_ws/install/custom_interfaces/share/custom_interfaces/cmake/export_custom_interfaces__rosidl_generator_pyExport-noconfig.cmake
[6.014s] -- Installing: /home/ryan/Desktop/FleetGlue/ros2_ws/install/custom_interfaces/share/custom_interfaces/cmake/rosidl_cmake-extras.cmake
[6.014s] -- Installing: /home/ryan/Desktop/FleetGlue/ros2_ws/install/custom_interfaces/share/custom_interfaces/cmake/ament_cmake_export_dependencies-extras.cmake
[6.014s] -- Installing: /home/ryan/Desktop/FleetGlue/ros2_ws/install/custom_interfaces/share/custom_interfaces/cmake/ament_cmake_export_include_directories-extras.cmake
[6.015s] -- Installing: /home/ryan/Desktop/FleetGlue/ros2_ws/install/custom_interfaces/share/custom_interfaces/cmake/ament_cmake_export_libraries-extras.cmake
[6.015s] -- Installing: /home/ryan/Desktop/FleetGlue/ros2_ws/install/custom_interfaces/share/custom_interfaces/cmake/ament_cmake_export_targets-extras.cmake
[6.015s] -- Installing: /home/ryan/Desktop/FleetGlue/ros2_ws/install/custom_interfaces/share/custom_interfaces/cmake/rosidl_cmake_export_typesupport_targets-extras.cmake
[6.015s] -- Installing: /home/ryan/Desktop/FleetGlue/ros2_ws/install/custom_interfaces/share/custom_interfaces/cmake/rosidl_cmake_export_typesupport_libraries-extras.cmake
[6.015s] -- Installing: /home/ryan/Desktop/FleetGlue/ros2_ws/install/custom_interfaces/share/custom_interfaces/cmake/custom_interfacesConfig.cmake
[6.015s] -- Installing: /home/ryan/Desktop/FleetGlue/ros2_ws/install/custom_interfaces/share/custom_interfaces/cmake/custom_interfacesConfig-version.cmake
[6.015s] -- Installing: /home/ryan/Desktop/FleetGlue/ros2_ws/install/custom_interfaces/share/custom_interfaces/package.xml
[6.018s] Invoked command in '/home/ryan/Desktop/FleetGlue/ros2_ws/build/custom_interfaces' returned '0': CMAKE_PREFIX_PATH=${CMAKE_PREFIX_PATH}:/home/ryan/Desktop/ROSPoems/ros2_ws/install/poem_actions:/home/ryan/Desktop/FleetGlue/ros2_ws/install/poem_actions:/home/ryan/ros2_ws/install/actions_py:/home/ryan/ros2_ws/install/my_py_pkg:/opt/ros/iron /usr/bin/cmake --install /home/ryan/Desktop/FleetGlue/ros2_ws/build/custom_interfaces
