[0.985s] Invoking command in '/home/ryan/Desktop/FleetGlue/ros2_ws/src/action_server': PYTHONPATH=/home/ryan/Desktop/FleetGlue/ros2_ws/build/action_server/prefix_override:/usr/lib/python3/dist-packages/colcon_core/task/python/colcon_distutils_commands:/home/ryan/Desktop/FleetGlue/ros2_ws/install/action_server/lib/python3.10/site-packages:${PYTHONPATH} /usr/bin/python3 -W ignore:setup.py install is deprecated setup.py egg_info --egg-base ../../build/action_server build --build-base /home/ryan/Desktop/FleetGlue/ros2_ws/build/action_server/build install --record /home/ryan/Desktop/FleetGlue/ros2_ws/build/action_server/install.log --single-version-externally-managed install_data
[1.176s] running egg_info
[1.176s] creating ../../build/action_server/action_server.egg-info
[1.187s] writing ../../build/action_server/action_server.egg-info/PKG-INFO
[1.188s] writing dependency_links to ../../build/action_server/action_server.egg-info/dependency_links.txt
[1.188s] writing entry points to ../../build/action_server/action_server.egg-info/entry_points.txt
[1.188s] writing requirements to ../../build/action_server/action_server.egg-info/requires.txt
[1.188s] writing top-level names to ../../build/action_server/action_server.egg-info/top_level.txt
[1.188s] writing manifest file '../../build/action_server/action_server.egg-info/SOURCES.txt'
[1.190s] reading manifest file '../../build/action_server/action_server.egg-info/SOURCES.txt'
[1.190s] writing manifest file '../../build/action_server/action_server.egg-info/SOURCES.txt'
[1.191s] running build
[1.191s] running build_py
[1.191s] creating /home/ryan/Desktop/FleetGlue/ros2_ws/build/action_server/build
[1.191s] creating /home/ryan/Desktop/FleetGlue/ros2_ws/build/action_server/build/lib
[1.191s] creating /home/ryan/Desktop/FleetGlue/ros2_ws/build/action_server/build/lib/action_server
[1.191s] copying action_server/__init__.py -> /home/ryan/Desktop/FleetGlue/ros2_ws/build/action_server/build/lib/action_server
[1.191s] copying action_server/action_server.py -> /home/ryan/Desktop/FleetGlue/ros2_ws/build/action_server/build/lib/action_server
[1.191s] running install
[1.192s] running install_lib
[1.192s] creating /home/ryan/Desktop/FleetGlue/ros2_ws/install/action_server/lib/python3.10/site-packages/action_server
[1.192s] copying /home/ryan/Desktop/FleetGlue/ros2_ws/build/action_server/build/lib/action_server/__init__.py -> /home/ryan/Desktop/FleetGlue/ros2_ws/install/action_server/lib/python3.10/site-packages/action_server
[1.192s] copying /home/ryan/Desktop/FleetGlue/ros2_ws/build/action_server/build/lib/action_server/action_server.py -> /home/ryan/Desktop/FleetGlue/ros2_ws/install/action_server/lib/python3.10/site-packages/action_server
[1.193s] byte-compiling /home/ryan/Desktop/FleetGlue/ros2_ws/install/action_server/lib/python3.10/site-packages/action_server/__init__.py to __init__.cpython-310.pyc
[1.193s] byte-compiling /home/ryan/Desktop/FleetGlue/ros2_ws/install/action_server/lib/python3.10/site-packages/action_server/action_server.py to action_server.cpython-310.pyc
[1.194s] running install_data
[1.194s] creating /home/ryan/Desktop/FleetGlue/ros2_ws/install/action_server/share/ament_index
[1.194s] creating /home/ryan/Desktop/FleetGlue/ros2_ws/install/action_server/share/ament_index/resource_index
[1.194s] creating /home/ryan/Desktop/FleetGlue/ros2_ws/install/action_server/share/ament_index/resource_index/packages
[1.194s] copying resource/action_server -> /home/ryan/Desktop/FleetGlue/ros2_ws/install/action_server/share/ament_index/resource_index/packages
[1.194s] copying package.xml -> /home/ryan/Desktop/FleetGlue/ros2_ws/install/action_server/share/action_server
[1.194s] running install_egg_info
[1.196s] Copying ../../build/action_server/action_server.egg-info to /home/ryan/Desktop/FleetGlue/ros2_ws/install/action_server/lib/python3.10/site-packages/action_server-0.0.0-py3.10.egg-info
[1.197s] running install_scripts
[1.214s] Installing poems_server script to /home/ryan/Desktop/FleetGlue/ros2_ws/install/action_server/lib/action_server
[1.215s] writing list of installed files to '/home/ryan/Desktop/FleetGlue/ros2_ws/build/action_server/install.log'
[1.260s] Invoked command in '/home/ryan/Desktop/FleetGlue/ros2_ws/src/action_server' returned '0': PYTHONPATH=/home/ryan/Desktop/FleetGlue/ros2_ws/build/action_server/prefix_override:/usr/lib/python3/dist-packages/colcon_core/task/python/colcon_distutils_commands:/home/ryan/Desktop/FleetGlue/ros2_ws/install/action_server/lib/python3.10/site-packages:${PYTHONPATH} /usr/bin/python3 -W ignore:setup.py install is deprecated setup.py egg_info --egg-base ../../build/action_server build --build-base /home/ryan/Desktop/FleetGlue/ros2_ws/build/action_server/build install --record /home/ryan/Desktop/FleetGlue/ros2_ws/build/action_server/install.log --single-version-externally-managed install_data
