running egg_info
creating ../../build/poem_actions/poem_actions.egg-info
writing ../../build/poem_actions/poem_actions.egg-info/PKG-INFO
writing dependency_links to ../../build/poem_actions/poem_actions.egg-info/dependency_links.txt
writing entry points to ../../build/poem_actions/poem_actions.egg-info/entry_points.txt
writing requirements to ../../build/poem_actions/poem_actions.egg-info/requires.txt
writing top-level names to ../../build/poem_actions/poem_actions.egg-info/top_level.txt
writing manifest file '../../build/poem_actions/poem_actions.egg-info/SOURCES.txt'
reading manifest file '../../build/poem_actions/poem_actions.egg-info/SOURCES.txt'
writing manifest file '../../build/poem_actions/poem_actions.egg-info/SOURCES.txt'
running build
running build_py
creating /home/ryan/Desktop/FleetGlue/ros2_ws/build/poem_actions/build
creating /home/ryan/Desktop/FleetGlue/ros2_ws/build/poem_actions/build/lib
creating /home/ryan/Desktop/FleetGlue/ros2_ws/build/poem_actions/build/lib/poem_actions
copying poem_actions/__init__.py -> /home/ryan/Desktop/FleetGlue/ros2_ws/build/poem_actions/build/lib/poem_actions
copying poem_actions/action_client.py -> /home/ryan/Desktop/FleetGlue/ros2_ws/build/poem_actions/build/lib/poem_actions
copying poem_actions/action_server.py -> /home/ryan/Desktop/FleetGlue/ros2_ws/build/poem_actions/build/lib/poem_actions
running install
running install_lib
creating /home/ryan/Desktop/FleetGlue/ros2_ws/install/poem_actions/lib/python3.10/site-packages/poem_actions
copying /home/ryan/Desktop/FleetGlue/ros2_ws/build/poem_actions/build/lib/poem_actions/__init__.py -> /home/ryan/Desktop/FleetGlue/ros2_ws/install/poem_actions/lib/python3.10/site-packages/poem_actions
copying /home/ryan/Desktop/FleetGlue/ros2_ws/build/poem_actions/build/lib/poem_actions/action_client.py -> /home/ryan/Desktop/FleetGlue/ros2_ws/install/poem_actions/lib/python3.10/site-packages/poem_actions
copying /home/ryan/Desktop/FleetGlue/ros2_ws/build/poem_actions/build/lib/poem_actions/action_server.py -> /home/ryan/Desktop/FleetGlue/ros2_ws/install/poem_actions/lib/python3.10/site-packages/poem_actions
byte-compiling /home/ryan/Desktop/FleetGlue/ros2_ws/install/poem_actions/lib/python3.10/site-packages/poem_actions/__init__.py to __init__.cpython-310.pyc
byte-compiling /home/ryan/Desktop/FleetGlue/ros2_ws/install/poem_actions/lib/python3.10/site-packages/poem_actions/action_client.py to action_client.cpython-310.pyc
byte-compiling /home/ryan/Desktop/FleetGlue/ros2_ws/install/poem_actions/lib/python3.10/site-packages/poem_actions/action_server.py to action_server.cpython-310.pyc
running install_data
creating /home/ryan/Desktop/FleetGlue/ros2_ws/install/poem_actions/share/ament_index
creating /home/ryan/Desktop/FleetGlue/ros2_ws/install/poem_actions/share/ament_index/resource_index
creating /home/ryan/Desktop/FleetGlue/ros2_ws/install/poem_actions/share/ament_index/resource_index/packages
copying resource/poem_actions -> /home/ryan/Desktop/FleetGlue/ros2_ws/install/poem_actions/share/ament_index/resource_index/packages
copying package.xml -> /home/ryan/Desktop/FleetGlue/ros2_ws/install/poem_actions/share/poem_actions
running install_egg_info
Copying ../../build/poem_actions/poem_actions.egg-info to /home/ryan/Desktop/FleetGlue/ros2_ws/install/poem_actions/lib/python3.10/site-packages/poem_actions-0.0.0-py3.10.egg-info
running install_scripts
writing list of installed files to '/home/ryan/Desktop/FleetGlue/ros2_ws/build/poem_actions/install.log'
