[0.012s] Invoking command in '/home/ryan/Desktop/FleetGlue/ros2_ws/build/custom_interfaces': CMAKE_PREFIX_PATH=${CMAKE_PREFIX_PATH}:/home/ryan/Desktop/FleetGlue/ros2_ws/install/poem_actions:/home/ryan/ros2_ws/install/actions_py:/home/ryan/ros2_ws/install/my_py_pkg:/opt/ros/iron /usr/bin/cmake /home/ryan/Desktop/FleetGlue/ros2_ws/src/custom_interfaces -DCMAKE_INSTALL_PREFIX=/home/ryan/Desktop/FleetGlue/ros2_ws/install/custom_interfaces
[0.058s] -- The C compiler identification is GNU 11.4.0
[0.102s] -- The CXX compiler identification is GNU 11.4.0
[0.108s] -- Detecting C compiler ABI info
[0.170s] -- Detecting C compiler ABI info - done
[0.178s] -- Check for working C compiler: /usr/bin/cc - skipped
[0.178s] -- Detecting C compile features
[0.178s] -- Detecting C compile features - done
[0.181s] -- Detecting CXX compiler ABI info
[0.252s] -- Detecting CXX compiler ABI info - done
[0.258s] -- Check for working CXX compiler: /usr/bin/c++ - skipped
[0.258s] -- Detecting CXX compile features
[0.258s] -- Detecting CXX compile features - done
[0.261s] -- Found ament_cmake: 2.0.6 (/opt/ros/iron/share/ament_cmake/cmake)
[0.403s] -- Found Python3: /usr/bin/python3.10 (found version "3.10.12") found components: Interpreter 
[0.479s] -- Found rosidl_default_generators: 1.5.0 (/opt/ros/iron/share/rosidl_default_generators/cmake)
[0.483s] -- Using all available rosidl_typesupport_c: rosidl_typesupport_fastrtps_c;rosidl_typesupport_introspection_c
[0.530s] -- Using all available rosidl_typesupport_cpp: rosidl_typesupport_fastrtps_cpp;rosidl_typesupport_introspection_cpp
[0.565s] -- Found rosidl_adapter: 4.0.1 (/opt/ros/iron/share/rosidl_adapter/cmake)
[0.945s] -- Found ament_cmake_ros: 0.11.2 (/opt/ros/iron/share/ament_cmake_ros/cmake)
[1.101s] -- Using all available rosidl_typesupport_c: rosidl_typesupport_fastrtps_c;rosidl_typesupport_introspection_c
[1.310s] -- Using all available rosidl_typesupport_cpp: rosidl_typesupport_fastrtps_cpp;rosidl_typesupport_introspection_cpp
[1.330s] -- Found PythonInterp: /usr/bin/python3 (found suitable version "3.10.12", minimum required is "3.6") 
[1.331s] -- Found python_cmake_module: 0.10.2 (/opt/ros/iron/share/python_cmake_module/cmake)
[1.355s] -- Found PythonLibs: /usr/lib/x86_64-linux-gnu/libpython3.10.so (found suitable version "3.10.12", minimum required is "3.5") 
[1.355s] -- Using PYTHON_EXECUTABLE: /usr/bin/python3
[1.355s] -- Using PYTHON_INCLUDE_DIRS: /usr/include/python3.10
[1.355s] -- Using PYTHON_LIBRARIES: /usr/lib/x86_64-linux-gnu/libpython3.10.so
[1.372s] -- Found PythonExtra: .so  
[1.408s] -- Found ament_lint_auto: 0.14.4 (/opt/ros/iron/share/ament_lint_auto/cmake)
[1.425s] -- Added test 'lint_cmake' to check CMake code style
[1.425s] -- Added test 'xmllint' to check XML markup files
[1.428s] -- Configuring done
[1.458s] -- Generating done
[1.461s] -- Build files have been written to: /home/ryan/Desktop/FleetGlue/ros2_ws/build/custom_interfaces
[1.470s] Invoked command in '/home/ryan/Desktop/FleetGlue/ros2_ws/build/custom_interfaces' returned '0': CMAKE_PREFIX_PATH=${CMAKE_PREFIX_PATH}:/home/ryan/Desktop/FleetGlue/ros2_ws/install/poem_actions:/home/ryan/ros2_ws/install/actions_py:/home/ryan/ros2_ws/install/my_py_pkg:/opt/ros/iron /usr/bin/cmake /home/ryan/Desktop/FleetGlue/ros2_ws/src/custom_interfaces -DCMAKE_INSTALL_PREFIX=/home/ryan/Desktop/FleetGlue/ros2_ws/install/custom_interfaces
[1.472s] Invoking command in '/home/ryan/Desktop/FleetGlue/ros2_ws/build/custom_interfaces': CMAKE_PREFIX_PATH=${CMAKE_PREFIX_PATH}:/home/ryan/Desktop/FleetGlue/ros2_ws/install/poem_actions:/home/ryan/ros2_ws/install/actions_py:/home/ryan/ros2_ws/install/my_py_pkg:/opt/ros/iron /usr/bin/cmake --build /home/ryan/Desktop/FleetGlue/ros2_ws/build/custom_interfaces -- -j16 -l16
[1.517s] [  2%] [34m[1mGenerating type hashes for ROS interfaces[0m
[1.525s] [  2%] Built target ament_cmake_python_copy_custom_interfaces
[1.691s] [  2%] Built target custom_interfaces__rosidl_generator_type_description
[1.701s] [  5%] [34m[1mGenerating C code for ROS interfaces[0m
[1.710s] [  8%] [34m[1mGenerating C++ code for ROS interfaces[0m
[1.727s] running egg_info
[1.727s] creating custom_interfaces.egg-info
[1.727s] writing custom_interfaces.egg-info/PKG-INFO
[1.728s] writing dependency_links to custom_interfaces.egg-info/dependency_links.txt
[1.728s] writing top-level names to custom_interfaces.egg-info/top_level.txt
[1.728s] writing manifest file 'custom_interfaces.egg-info/SOURCES.txt'
[1.731s] reading manifest file 'custom_interfaces.egg-info/SOURCES.txt'
[1.731s] writing manifest file 'custom_interfaces.egg-info/SOURCES.txt'
[1.763s] [  8%] Built target ament_cmake_python_build_custom_interfaces_egg
[2.082s] [  8%] Built target custom_interfaces__cpp
[2.109s] [ 17%] [32mBuilding C object CMakeFiles/custom_interfaces__rosidl_generator_c.dir/rosidl_generator_c/custom_interfaces/action/detail/poem__description.c.o[0m
[2.109s] [ 17%] [32mBuilding C object CMakeFiles/custom_interfaces__rosidl_generator_c.dir/rosidl_generator_c/custom_interfaces/action/detail/poem__functions.c.o[0m
[2.109s] [ 17%] [32mBuilding C object CMakeFiles/custom_interfaces__rosidl_generator_c.dir/rosidl_generator_c/custom_interfaces/action/detail/poem__type_support.c.o[0m
[2.220s] [ 20%] [32m[1mLinking C shared library libcustom_interfaces__rosidl_generator_c.so[0m
[2.253s] [ 20%] Built target custom_interfaces__rosidl_generator_c
[2.263s] [ 38%] [34m[1mGenerating C++ introspection for ROS interfaces[0m
[2.263s] [ 38%] [34m[1mGenerating C++ type support dispatch for ROS interfaces[0m
[2.263s] [ 38%] [34m[1mGenerating C type support dispatch for ROS interfaces[0m
[2.263s] [ 38%] [34m[1mGenerating C type support for eProsima Fast-RTPS[0m
[2.263s] [ 38%] [34m[1mGenerating C++ type support for eProsima Fast-RTPS[0m
[2.263s] [ 38%] [34m[1mGenerating C introspection for ROS interfaces[0m
[2.544s] [ 41%] [32mBuilding CXX object CMakeFiles/custom_interfaces__rosidl_typesupport_c.dir/rosidl_typesupport_c/custom_interfaces/action/poem__type_support.cpp.o[0m
[2.555s] [ 44%] [32mBuilding CXX object CMakeFiles/custom_interfaces__rosidl_typesupport_cpp.dir/rosidl_typesupport_cpp/custom_interfaces/action/poem__type_support.cpp.o[0m
[2.598s] [ 47%] [32m[1mLinking CXX shared library libcustom_interfaces__rosidl_typesupport_c.so[0m
[2.598s] [ 50%] [32mBuilding CXX object CMakeFiles/custom_interfaces__rosidl_typesupport_introspection_cpp.dir/rosidl_typesupport_introspection_cpp/custom_interfaces/action/detail/poem__type_support.cpp.o[0m
[2.629s] [ 52%] [32mBuilding C object CMakeFiles/custom_interfaces__rosidl_typesupport_introspection_c.dir/rosidl_typesupport_introspection_c/custom_interfaces/action/detail/poem__type_support.c.o[0m
[2.639s] [ 52%] Built target custom_interfaces__rosidl_typesupport_c
[2.648s] [ 55%] [32mBuilding CXX object CMakeFiles/custom_interfaces__rosidl_typesupport_fastrtps_c.dir/rosidl_typesupport_fastrtps_c/custom_interfaces/action/detail/poem__type_support_c.cpp.o[0m
[2.666s] [ 58%] [32mBuilding CXX object CMakeFiles/custom_interfaces__rosidl_typesupport_fastrtps_cpp.dir/rosidl_typesupport_fastrtps_cpp/custom_interfaces/action/detail/dds_fastrtps/poem__type_support.cpp.o[0m
[2.692s] [ 61%] [32m[1mLinking C shared library libcustom_interfaces__rosidl_typesupport_introspection_c.so[0m
[2.724s] [ 61%] Built target custom_interfaces__rosidl_typesupport_introspection_c
[2.989s] [ 64%] [32m[1mLinking CXX shared library libcustom_interfaces__rosidl_typesupport_fastrtps_c.so[0m
[3.068s] [ 64%] Built target custom_interfaces__rosidl_typesupport_fastrtps_c
[3.214s] [ 67%] [32m[1mLinking CXX shared library libcustom_interfaces__rosidl_typesupport_cpp.so[0m
[3.289s] [ 67%] Built target custom_interfaces__rosidl_typesupport_cpp
[3.322s] [ 70%] [32m[1mLinking CXX shared library libcustom_interfaces__rosidl_typesupport_introspection_cpp.so[0m
[3.390s] [ 70%] Built target custom_interfaces__rosidl_typesupport_introspection_cpp
[3.468s] [ 73%] [32m[1mLinking CXX shared library libcustom_interfaces__rosidl_typesupport_fastrtps_cpp.so[0m
[3.534s] [ 73%] Built target custom_interfaces__rosidl_typesupport_fastrtps_cpp
[3.553s] [ 73%] Built target custom_interfaces
[3.570s] [ 76%] [34m[1mGenerating Python code for ROS interfaces[0m
[4.168s] [ 76%] Built target custom_interfaces__py
[4.186s] [ 79%] [32mBuilding C object CMakeFiles/custom_interfaces__rosidl_generator_py.dir/rosidl_generator_py/custom_interfaces/action/_poem_s.c.o[0m
[4.338s] [ 82%] [32m[1mLinking C shared library rosidl_generator_py/custom_interfaces/libcustom_interfaces__rosidl_generator_py.so[0m
[4.374s] [ 82%] Built target custom_interfaces__rosidl_generator_py
[4.393s] [ 91%] [32mBuilding C object CMakeFiles/custom_interfaces__rosidl_typesupport_c__pyext.dir/rosidl_generator_py/custom_interfaces/_custom_interfaces_s.ep.rosidl_typesupport_c.c.o[0m
[4.393s] [ 91%] [32mBuilding C object CMakeFiles/custom_interfaces__rosidl_typesupport_introspection_c__pyext.dir/rosidl_generator_py/custom_interfaces/_custom_interfaces_s.ep.rosidl_typesupport_introspection_c.c.o[0m
[4.393s] [ 91%] [32mBuilding C object CMakeFiles/custom_interfaces__rosidl_typesupport_fastrtps_c__pyext.dir/rosidl_generator_py/custom_interfaces/_custom_interfaces_s.ep.rosidl_typesupport_fastrtps_c.c.o[0m
[4.501s] [ 97%] [32m[1mLinking C shared library rosidl_generator_py/custom_interfaces/custom_interfaces_s__rosidl_typesupport_fastrtps_c.cpython-310-x86_64-linux-gnu.so[0m
[4.501s] [ 97%] [32m[1mLinking C shared library rosidl_generator_py/custom_interfaces/custom_interfaces_s__rosidl_typesupport_c.cpython-310-x86_64-linux-gnu.so[0m
[4.504s] [100%] [32m[1mLinking C shared library rosidl_generator_py/custom_interfaces/custom_interfaces_s__rosidl_typesupport_introspection_c.cpython-310-x86_64-linux-gnu.so[0m
[4.541s] [100%] Built target custom_interfaces__rosidl_typesupport_fastrtps_c__pyext
[4.541s] [100%] Built target custom_interfaces__rosidl_typesupport_c__pyext
[4.541s] [100%] Built target custom_interfaces__rosidl_typesupport_introspection_c__pyext
[4.553s] Invoked command in '/home/ryan/Desktop/FleetGlue/ros2_ws/build/custom_interfaces' returned '0': CMAKE_PREFIX_PATH=${CMAKE_PREFIX_PATH}:/home/ryan/Desktop/FleetGlue/ros2_ws/install/poem_actions:/home/ryan/ros2_ws/install/actions_py:/home/ryan/ros2_ws/install/my_py_pkg:/opt/ros/iron /usr/bin/cmake --build /home/ryan/Desktop/FleetGlue/ros2_ws/build/custom_interfaces -- -j16 -l16
[4.623s] Invoking command in '/home/ryan/Desktop/FleetGlue/ros2_ws/build/custom_interfaces': CMAKE_PREFIX_PATH=${CMAKE_PREFIX_PATH}:/home/ryan/Desktop/FleetGlue/ros2_ws/install/poem_actions:/home/ryan/ros2_ws/install/actions_py:/home/ryan/ros2_ws/install/my_py_pkg:/opt/ros/iron /usr/bin/cmake --install /home/ryan/Desktop/FleetGlue/ros2_ws/build/custom_interfaces
[4.630s] -- Install configuration: ""
[4.631s] -- Installing: /home/ryan/Desktop/FleetGlue/ros2_ws/install/custom_interfaces/share/ament_index/resource_index/rosidl_interfaces/custom_interfaces
[4.631s] -- Installing: /home/ryan/Desktop/FleetGlue/ros2_ws/install/custom_interfaces/share/custom_interfaces/action/Poem.json
[4.631s] -- Installing: /home/ryan/Desktop/FleetGlue/ros2_ws/install/custom_interfaces/include/custom_interfaces/custom_interfaces
[4.631s] -- Installing: /home/ryan/Desktop/FleetGlue/ros2_ws/install/custom_interfaces/include/custom_interfaces/custom_interfaces/action
[4.631s] -- Installing: /home/ryan/Desktop/FleetGlue/ros2_ws/install/custom_interfaces/include/custom_interfaces/custom_interfaces/action/detail
[4.632s] -- Installing: /home/ryan/Desktop/FleetGlue/ros2_ws/install/custom_interfaces/include/custom_interfaces/custom_interfaces/action/detail/poem__functions.h
[4.632s] -- Installing: /home/ryan/Desktop/FleetGlue/ros2_ws/install/custom_interfaces/include/custom_interfaces/custom_interfaces/action/detail/poem__type_support.c
[4.632s] -- Installing: /home/ryan/Desktop/FleetGlue/ros2_ws/install/custom_interfaces/include/custom_interfaces/custom_interfaces/action/detail/poem__functions.c
[4.632s] -- Installing: /home/ryan/Desktop/FleetGlue/ros2_ws/install/custom_interfaces/include/custom_interfaces/custom_interfaces/action/detail/poem__type_support.h
[4.633s] -- Installing: /home/ryan/Desktop/FleetGlue/ros2_ws/install/custom_interfaces/include/custom_interfaces/custom_interfaces/action/detail/poem__struct.h
[4.633s] -- Installing: /home/ryan/Desktop/FleetGlue/ros2_ws/install/custom_interfaces/include/custom_interfaces/custom_interfaces/action/detail/poem__description.c
[4.633s] -- Installing: /home/ryan/Desktop/FleetGlue/ros2_ws/install/custom_interfaces/include/custom_interfaces/custom_interfaces/action/poem.h
[4.633s] -- Installing: /home/ryan/Desktop/FleetGlue/ros2_ws/install/custom_interfaces/include/custom_interfaces/custom_interfaces/msg
[4.633s] -- Installing: /home/ryan/Desktop/FleetGlue/ros2_ws/install/custom_interfaces/include/custom_interfaces/custom_interfaces/msg/rosidl_generator_c__visibility_control.h
[4.634s] -- Installing: /home/ryan/Desktop/FleetGlue/ros2_ws/install/custom_interfaces/share/custom_interfaces/environment/library_path.sh
[4.634s] -- Installing: /home/ryan/Desktop/FleetGlue/ros2_ws/install/custom_interfaces/share/custom_interfaces/environment/library_path.dsv
[4.634s] -- Installing: /home/ryan/Desktop/FleetGlue/ros2_ws/install/custom_interfaces/lib/libcustom_interfaces__rosidl_generator_c.so
[4.635s] -- Set runtime path of "/home/ryan/Desktop/FleetGlue/ros2_ws/install/custom_interfaces/lib/libcustom_interfaces__rosidl_generator_c.so" to ""
[4.635s] -- Up-to-date: /home/ryan/Desktop/FleetGlue/ros2_ws/install/custom_interfaces/include/custom_interfaces/custom_interfaces
[4.635s] -- Up-to-date: /home/ryan/Desktop/FleetGlue/ros2_ws/install/custom_interfaces/include/custom_interfaces/custom_interfaces/action
[4.635s] -- Up-to-date: /home/ryan/Desktop/FleetGlue/ros2_ws/install/custom_interfaces/include/custom_interfaces/custom_interfaces/action/detail
[4.635s] -- Installing: /home/ryan/Desktop/FleetGlue/ros2_ws/install/custom_interfaces/include/custom_interfaces/custom_interfaces/action/detail/poem__rosidl_typesupport_fastrtps_c.h
[4.635s] -- Up-to-date: /home/ryan/Desktop/FleetGlue/ros2_ws/install/custom_interfaces/include/custom_interfaces/custom_interfaces/msg
[4.635s] -- Installing: /home/ryan/Desktop/FleetGlue/ros2_ws/install/custom_interfaces/include/custom_interfaces/custom_interfaces/msg/rosidl_typesupport_fastrtps_c__visibility_control.h
[4.635s] -- Installing: /home/ryan/Desktop/FleetGlue/ros2_ws/install/custom_interfaces/lib/libcustom_interfaces__rosidl_typesupport_fastrtps_c.so
[4.636s] -- Set runtime path of "/home/ryan/Desktop/FleetGlue/ros2_ws/install/custom_interfaces/lib/libcustom_interfaces__rosidl_typesupport_fastrtps_c.so" to ""
[4.636s] -- Up-to-date: /home/ryan/Desktop/FleetGlue/ros2_ws/install/custom_interfaces/include/custom_interfaces/custom_interfaces
[4.636s] -- Up-to-date: /home/ryan/Desktop/FleetGlue/ros2_ws/install/custom_interfaces/include/custom_interfaces/custom_interfaces/action
[4.636s] -- Up-to-date: /home/ryan/Desktop/FleetGlue/ros2_ws/install/custom_interfaces/include/custom_interfaces/custom_interfaces/action/detail
[4.637s] -- Installing: /home/ryan/Desktop/FleetGlue/ros2_ws/install/custom_interfaces/include/custom_interfaces/custom_interfaces/action/detail/poem__rosidl_typesupport_introspection_c.h
[4.637s] -- Installing: /home/ryan/Desktop/FleetGlue/ros2_ws/install/custom_interfaces/include/custom_interfaces/custom_interfaces/action/detail/poem__type_support.c
[4.637s] -- Up-to-date: /home/ryan/Desktop/FleetGlue/ros2_ws/install/custom_interfaces/include/custom_interfaces/custom_interfaces/msg
[4.637s] -- Installing: /home/ryan/Desktop/FleetGlue/ros2_ws/install/custom_interfaces/include/custom_interfaces/custom_interfaces/msg/rosidl_typesupport_introspection_c__visibility_control.h
[4.637s] -- Installing: /home/ryan/Desktop/FleetGlue/ros2_ws/install/custom_interfaces/lib/libcustom_interfaces__rosidl_typesupport_introspection_c.so
[4.638s] -- Set runtime path of "/home/ryan/Desktop/FleetGlue/ros2_ws/install/custom_interfaces/lib/libcustom_interfaces__rosidl_typesupport_introspection_c.so" to ""
[4.638s] -- Installing: /home/ryan/Desktop/FleetGlue/ros2_ws/install/custom_interfaces/lib/libcustom_interfaces__rosidl_typesupport_c.so
[4.639s] -- Set runtime path of "/home/ryan/Desktop/FleetGlue/ros2_ws/install/custom_interfaces/lib/libcustom_interfaces__rosidl_typesupport_c.so" to ""
[4.639s] -- Up-to-date: /home/ryan/Desktop/FleetGlue/ros2_ws/install/custom_interfaces/include/custom_interfaces/custom_interfaces
[4.639s] -- Up-to-date: /home/ryan/Desktop/FleetGlue/ros2_ws/install/custom_interfaces/include/custom_interfaces/custom_interfaces/action
[4.639s] -- Up-to-date: /home/ryan/Desktop/FleetGlue/ros2_ws/install/custom_interfaces/include/custom_interfaces/custom_interfaces/action/detail
[4.639s] -- Installing: /home/ryan/Desktop/FleetGlue/ros2_ws/install/custom_interfaces/include/custom_interfaces/custom_interfaces/action/detail/poem__struct.hpp
[4.639s] -- Installing: /home/ryan/Desktop/FleetGlue/ros2_ws/install/custom_interfaces/include/custom_interfaces/custom_interfaces/action/detail/poem__traits.hpp
[4.639s] -- Installing: /home/ryan/Desktop/FleetGlue/ros2_ws/install/custom_interfaces/include/custom_interfaces/custom_interfaces/action/detail/poem__builder.hpp
[4.639s] -- Installing: /home/ryan/Desktop/FleetGlue/ros2_ws/install/custom_interfaces/include/custom_interfaces/custom_interfaces/action/poem.hpp
[4.640s] -- Up-to-date: /home/ryan/Desktop/FleetGlue/ros2_ws/install/custom_interfaces/include/custom_interfaces/custom_interfaces
[4.640s] -- Up-to-date: /home/ryan/Desktop/FleetGlue/ros2_ws/install/custom_interfaces/include/custom_interfaces/custom_interfaces/action
[4.640s] -- Up-to-date: /home/ryan/Desktop/FleetGlue/ros2_ws/install/custom_interfaces/include/custom_interfaces/custom_interfaces/action/detail
[4.640s] -- Installing: /home/ryan/Desktop/FleetGlue/ros2_ws/install/custom_interfaces/include/custom_interfaces/custom_interfaces/action/detail/poem__rosidl_typesupport_fastrtps_cpp.hpp
[4.640s] -- Installing: /home/ryan/Desktop/FleetGlue/ros2_ws/install/custom_interfaces/include/custom_interfaces/custom_interfaces/action/detail/dds_fastrtps
[4.640s] -- Up-to-date: /home/ryan/Desktop/FleetGlue/ros2_ws/install/custom_interfaces/include/custom_interfaces/custom_interfaces/msg
[4.640s] -- Installing: /home/ryan/Desktop/FleetGlue/ros2_ws/install/custom_interfaces/include/custom_interfaces/custom_interfaces/msg/rosidl_typesupport_fastrtps_cpp__visibility_control.h
[4.640s] -- Installing: /home/ryan/Desktop/FleetGlue/ros2_ws/install/custom_interfaces/lib/libcustom_interfaces__rosidl_typesupport_fastrtps_cpp.so
[4.641s] -- Set runtime path of "/home/ryan/Desktop/FleetGlue/ros2_ws/install/custom_interfaces/lib/libcustom_interfaces__rosidl_typesupport_fastrtps_cpp.so" to ""
[4.641s] -- Up-to-date: /home/ryan/Desktop/FleetGlue/ros2_ws/install/custom_interfaces/include/custom_interfaces/custom_interfaces
[4.641s] -- Up-to-date: /home/ryan/Desktop/FleetGlue/ros2_ws/install/custom_interfaces/include/custom_interfaces/custom_interfaces/action
[4.641s] -- Up-to-date: /home/ryan/Desktop/FleetGlue/ros2_ws/install/custom_interfaces/include/custom_interfaces/custom_interfaces/action/detail
[4.641s] -- Installing: /home/ryan/Desktop/FleetGlue/ros2_ws/install/custom_interfaces/include/custom_interfaces/custom_interfaces/action/detail/poem__rosidl_typesupport_introspection_cpp.hpp
[4.641s] -- Installing: /home/ryan/Desktop/FleetGlue/ros2_ws/install/custom_interfaces/include/custom_interfaces/custom_interfaces/action/detail/poem__type_support.cpp
[4.642s] -- Installing: /home/ryan/Desktop/FleetGlue/ros2_ws/install/custom_interfaces/lib/libcustom_interfaces__rosidl_typesupport_introspection_cpp.so
[4.642s] -- Set runtime path of "/home/ryan/Desktop/FleetGlue/ros2_ws/install/custom_interfaces/lib/libcustom_interfaces__rosidl_typesupport_introspection_cpp.so" to ""
[4.642s] -- Installing: /home/ryan/Desktop/FleetGlue/ros2_ws/install/custom_interfaces/lib/libcustom_interfaces__rosidl_typesupport_cpp.so
[4.643s] -- Set runtime path of "/home/ryan/Desktop/FleetGlue/ros2_ws/install/custom_interfaces/lib/libcustom_interfaces__rosidl_typesupport_cpp.so" to ""
[4.643s] -- Installing: /home/ryan/Desktop/FleetGlue/ros2_ws/install/custom_interfaces/share/custom_interfaces/environment/pythonpath.sh
[4.643s] -- Installing: /home/ryan/Desktop/FleetGlue/ros2_ws/install/custom_interfaces/share/custom_interfaces/environment/pythonpath.dsv
[4.643s] -- Installing: /home/ryan/Desktop/FleetGlue/ros2_ws/install/custom_interfaces/lib/python3.10/site-packages/custom_interfaces-0.0.0-py3.10.egg-info
[4.644s] -- Installing: /home/ryan/Desktop/FleetGlue/ros2_ws/install/custom_interfaces/lib/python3.10/site-packages/custom_interfaces-0.0.0-py3.10.egg-info/dependency_links.txt
[4.644s] -- Installing: /home/ryan/Desktop/FleetGlue/ros2_ws/install/custom_interfaces/lib/python3.10/site-packages/custom_interfaces-0.0.0-py3.10.egg-info/SOURCES.txt
[4.644s] -- Installing: /home/ryan/Desktop/FleetGlue/ros2_ws/install/custom_interfaces/lib/python3.10/site-packages/custom_interfaces-0.0.0-py3.10.egg-info/top_level.txt
[4.644s] -- Installing: /home/ryan/Desktop/FleetGlue/ros2_ws/install/custom_interfaces/lib/python3.10/site-packages/custom_interfaces-0.0.0-py3.10.egg-info/PKG-INFO
[4.644s] -- Installing: /home/ryan/Desktop/FleetGlue/ros2_ws/install/custom_interfaces/lib/python3.10/site-packages/custom_interfaces
[4.645s] -- Installing: /home/ryan/Desktop/FleetGlue/ros2_ws/install/custom_interfaces/lib/python3.10/site-packages/custom_interfaces/_custom_interfaces_s.ep.rosidl_typesupport_c.c
[4.645s] -- Installing: /home/ryan/Desktop/FleetGlue/ros2_ws/install/custom_interfaces/lib/python3.10/site-packages/custom_interfaces/__init__.py
[4.645s] -- Installing: /home/ryan/Desktop/FleetGlue/ros2_ws/install/custom_interfaces/lib/python3.10/site-packages/custom_interfaces/_custom_interfaces_s.ep.rosidl_typesupport_fastrtps_c.c
[4.645s] -- Installing: /home/ryan/Desktop/FleetGlue/ros2_ws/install/custom_interfaces/lib/python3.10/site-packages/custom_interfaces/_custom_interfaces_s.ep.rosidl_typesupport_introspection_c.c
[4.645s] -- Installing: /home/ryan/Desktop/FleetGlue/ros2_ws/install/custom_interfaces/lib/python3.10/site-packages/custom_interfaces/custom_interfaces_s__rosidl_typesupport_c.cpython-310-x86_64-linux-gnu.so
[4.645s] -- Installing: /home/ryan/Desktop/FleetGlue/ros2_ws/install/custom_interfaces/lib/python3.10/site-packages/custom_interfaces/libcustom_interfaces__rosidl_generator_py.so
[4.646s] -- Installing: /home/ryan/Desktop/FleetGlue/ros2_ws/install/custom_interfaces/lib/python3.10/site-packages/custom_interfaces/custom_interfaces_s__rosidl_typesupport_fastrtps_c.cpython-310-x86_64-linux-gnu.so
[4.646s] -- Installing: /home/ryan/Desktop/FleetGlue/ros2_ws/install/custom_interfaces/lib/python3.10/site-packages/custom_interfaces/action
[4.646s] -- Installing: /home/ryan/Desktop/FleetGlue/ros2_ws/install/custom_interfaces/lib/python3.10/site-packages/custom_interfaces/action/_poem.py
[4.646s] -- Installing: /home/ryan/Desktop/FleetGlue/ros2_ws/install/custom_interfaces/lib/python3.10/site-packages/custom_interfaces/action/__init__.py
[4.646s] -- Installing: /home/ryan/Desktop/FleetGlue/ros2_ws/install/custom_interfaces/lib/python3.10/site-packages/custom_interfaces/action/_poem_s.c
[4.646s] -- Installing: /home/ryan/Desktop/FleetGlue/ros2_ws/install/custom_interfaces/lib/python3.10/site-packages/custom_interfaces/custom_interfaces_s__rosidl_typesupport_introspection_c.cpython-310-x86_64-linux-gnu.so
[4.683s] Listing '/home/ryan/Desktop/FleetGlue/ros2_ws/install/custom_interfaces/lib/python3.10/site-packages/custom_interfaces'...
[4.683s] Compiling '/home/ryan/Desktop/FleetGlue/ros2_ws/install/custom_interfaces/lib/python3.10/site-packages/custom_interfaces/__init__.py'...
[4.683s] Listing '/home/ryan/Desktop/FleetGlue/ros2_ws/install/custom_interfaces/lib/python3.10/site-packages/custom_interfaces/action'...
[4.683s] Compiling '/home/ryan/Desktop/FleetGlue/ros2_ws/install/custom_interfaces/lib/python3.10/site-packages/custom_interfaces/action/__init__.py'...
[4.683s] Compiling '/home/ryan/Desktop/FleetGlue/ros2_ws/install/custom_interfaces/lib/python3.10/site-packages/custom_interfaces/action/_poem.py'...
[4.687s] -- Installing: /home/ryan/Desktop/FleetGlue/ros2_ws/install/custom_interfaces/lib/python3.10/site-packages/custom_interfaces/custom_interfaces_s__rosidl_typesupport_fastrtps_c.cpython-310-x86_64-linux-gnu.so
[4.688s] -- Set runtime path of "/home/ryan/Desktop/FleetGlue/ros2_ws/install/custom_interfaces/lib/python3.10/site-packages/custom_interfaces/custom_interfaces_s__rosidl_typesupport_fastrtps_c.cpython-310-x86_64-linux-gnu.so" to ""
[4.688s] -- Installing: /home/ryan/Desktop/FleetGlue/ros2_ws/install/custom_interfaces/lib/python3.10/site-packages/custom_interfaces/custom_interfaces_s__rosidl_typesupport_introspection_c.cpython-310-x86_64-linux-gnu.so
[4.688s] -- Set runtime path of "/home/ryan/Desktop/FleetGlue/ros2_ws/install/custom_interfaces/lib/python3.10/site-packages/custom_interfaces/custom_interfaces_s__rosidl_typesupport_introspection_c.cpython-310-x86_64-linux-gnu.so" to ""
[4.689s] -- Installing: /home/ryan/Desktop/FleetGlue/ros2_ws/install/custom_interfaces/lib/python3.10/site-packages/custom_interfaces/custom_interfaces_s__rosidl_typesupport_c.cpython-310-x86_64-linux-gnu.so
[4.689s] -- Set runtime path of "/home/ryan/Desktop/FleetGlue/ros2_ws/install/custom_interfaces/lib/python3.10/site-packages/custom_interfaces/custom_interfaces_s__rosidl_typesupport_c.cpython-310-x86_64-linux-gnu.so" to ""
[4.689s] -- Installing: /home/ryan/Desktop/FleetGlue/ros2_ws/install/custom_interfaces/lib/libcustom_interfaces__rosidl_generator_py.so
[4.689s] -- Set runtime path of "/home/ryan/Desktop/FleetGlue/ros2_ws/install/custom_interfaces/lib/libcustom_interfaces__rosidl_generator_py.so" to ""
[4.689s] -- Installing: /home/ryan/Desktop/FleetGlue/ros2_ws/install/custom_interfaces/share/custom_interfaces/action/Poem.idl
[4.690s] -- Installing: /home/ryan/Desktop/FleetGlue/ros2_ws/install/custom_interfaces/share/custom_interfaces/action/Poem.action
[4.690s] -- Installing: /home/ryan/Desktop/FleetGlue/ros2_ws/install/custom_interfaces/share/ament_index/resource_index/package_run_dependencies/custom_interfaces
[4.690s] -- Installing: /home/ryan/Desktop/FleetGlue/ros2_ws/install/custom_interfaces/share/ament_index/resource_index/parent_prefix_path/custom_interfaces
[4.690s] -- Installing: /home/ryan/Desktop/FleetGlue/ros2_ws/install/custom_interfaces/share/custom_interfaces/environment/ament_prefix_path.sh
[4.690s] -- Installing: /home/ryan/Desktop/FleetGlue/ros2_ws/install/custom_interfaces/share/custom_interfaces/environment/ament_prefix_path.dsv
[4.690s] -- Installing: /home/ryan/Desktop/FleetGlue/ros2_ws/install/custom_interfaces/share/custom_interfaces/environment/path.sh
[4.691s] -- Installing: /home/ryan/Desktop/FleetGlue/ros2_ws/install/custom_interfaces/share/custom_interfaces/environment/path.dsv
[4.691s] -- Installing: /home/ryan/Desktop/FleetGlue/ros2_ws/install/custom_interfaces/share/custom_interfaces/local_setup.bash
[4.691s] -- Installing: /home/ryan/Desktop/FleetGlue/ros2_ws/install/custom_interfaces/share/custom_interfaces/local_setup.sh
[4.691s] -- Installing: /home/ryan/Desktop/FleetGlue/ros2_ws/install/custom_interfaces/share/custom_interfaces/local_setup.zsh
[4.691s] -- Installing: /home/ryan/Desktop/FleetGlue/ros2_ws/install/custom_interfaces/share/custom_interfaces/local_setup.dsv
[4.691s] -- Installing: /home/ryan/Desktop/FleetGlue/ros2_ws/install/custom_interfaces/share/custom_interfaces/package.dsv
[4.692s] -- Installing: /home/ryan/Desktop/FleetGlue/ros2_ws/install/custom_interfaces/share/ament_index/resource_index/packages/custom_interfaces
[4.692s] -- Installing: /home/ryan/Desktop/FleetGlue/ros2_ws/install/custom_interfaces/share/custom_interfaces/cmake/export_custom_interfaces__rosidl_generator_cExport.cmake
[4.692s] -- Installing: /home/ryan/Desktop/FleetGlue/ros2_ws/install/custom_interfaces/share/custom_interfaces/cmake/export_custom_interfaces__rosidl_generator_cExport-noconfig.cmake
[4.692s] -- Installing: /home/ryan/Desktop/FleetGlue/ros2_ws/install/custom_interfaces/share/custom_interfaces/cmake/export_custom_interfaces__rosidl_typesupport_fastrtps_cExport.cmake
[4.692s] -- Installing: /home/ryan/Desktop/FleetGlue/ros2_ws/install/custom_interfaces/share/custom_interfaces/cmake/export_custom_interfaces__rosidl_typesupport_fastrtps_cExport-noconfig.cmake
[4.692s] -- Installing: /home/ryan/Desktop/FleetGlue/ros2_ws/install/custom_interfaces/share/custom_interfaces/cmake/custom_interfaces__rosidl_typesupport_introspection_cExport.cmake
[4.693s] -- Installing: /home/ryan/Desktop/FleetGlue/ros2_ws/install/custom_interfaces/share/custom_interfaces/cmake/custom_interfaces__rosidl_typesupport_introspection_cExport-noconfig.cmake
[4.693s] -- Installing: /home/ryan/Desktop/FleetGlue/ros2_ws/install/custom_interfaces/share/custom_interfaces/cmake/custom_interfaces__rosidl_typesupport_cExport.cmake
[4.693s] -- Installing: /home/ryan/Desktop/FleetGlue/ros2_ws/install/custom_interfaces/share/custom_interfaces/cmake/custom_interfaces__rosidl_typesupport_cExport-noconfig.cmake
[4.693s] -- Installing: /home/ryan/Desktop/FleetGlue/ros2_ws/install/custom_interfaces/share/custom_interfaces/cmake/export_custom_interfaces__rosidl_generator_cppExport.cmake
[4.693s] -- Installing: /home/ryan/Desktop/FleetGlue/ros2_ws/install/custom_interfaces/share/custom_interfaces/cmake/export_custom_interfaces__rosidl_typesupport_fastrtps_cppExport.cmake
[4.693s] -- Installing: /home/ryan/Desktop/FleetGlue/ros2_ws/install/custom_interfaces/share/custom_interfaces/cmake/export_custom_interfaces__rosidl_typesupport_fastrtps_cppExport-noconfig.cmake
[4.694s] -- Installing: /home/ryan/Desktop/FleetGlue/ros2_ws/install/custom_interfaces/share/custom_interfaces/cmake/custom_interfaces__rosidl_typesupport_introspection_cppExport.cmake
[4.694s] -- Installing: /home/ryan/Desktop/FleetGlue/ros2_ws/install/custom_interfaces/share/custom_interfaces/cmake/custom_interfaces__rosidl_typesupport_introspection_cppExport-noconfig.cmake
[4.694s] -- Installing: /home/ryan/Desktop/FleetGlue/ros2_ws/install/custom_interfaces/share/custom_interfaces/cmake/custom_interfaces__rosidl_typesupport_cppExport.cmake
[4.694s] -- Installing: /home/ryan/Desktop/FleetGlue/ros2_ws/install/custom_interfaces/share/custom_interfaces/cmake/custom_interfaces__rosidl_typesupport_cppExport-noconfig.cmake
[4.694s] -- Installing: /home/ryan/Desktop/FleetGlue/ros2_ws/install/custom_interfaces/share/custom_interfaces/cmake/export_custom_interfaces__rosidl_generator_pyExport.cmake
[4.695s] -- Installing: /home/ryan/Desktop/FleetGlue/ros2_ws/install/custom_interfaces/share/custom_interfaces/cmake/export_custom_interfaces__rosidl_generator_pyExport-noconfig.cmake
[4.695s] -- Installing: /home/ryan/Desktop/FleetGlue/ros2_ws/install/custom_interfaces/share/custom_interfaces/cmake/rosidl_cmake-extras.cmake
[4.695s] -- Installing: /home/ryan/Desktop/FleetGlue/ros2_ws/install/custom_interfaces/share/custom_interfaces/cmake/ament_cmake_export_dependencies-extras.cmake
[4.695s] -- Installing: /home/ryan/Desktop/FleetGlue/ros2_ws/install/custom_interfaces/share/custom_interfaces/cmake/ament_cmake_export_include_directories-extras.cmake
[4.695s] -- Installing: /home/ryan/Desktop/FleetGlue/ros2_ws/install/custom_interfaces/share/custom_interfaces/cmake/ament_cmake_export_libraries-extras.cmake
[4.695s] -- Installing: /home/ryan/Desktop/FleetGlue/ros2_ws/install/custom_interfaces/share/custom_interfaces/cmake/ament_cmake_export_targets-extras.cmake
[4.696s] -- Installing: /home/ryan/Desktop/FleetGlue/ros2_ws/install/custom_interfaces/share/custom_interfaces/cmake/rosidl_cmake_export_typesupport_targets-extras.cmake
[4.696s] -- Installing: /home/ryan/Desktop/FleetGlue/ros2_ws/install/custom_interfaces/share/custom_interfaces/cmake/rosidl_cmake_export_typesupport_libraries-extras.cmake
[4.696s] -- Installing: /home/ryan/Desktop/FleetGlue/ros2_ws/install/custom_interfaces/share/custom_interfaces/cmake/custom_interfacesConfig.cmake
[4.696s] -- Installing: /home/ryan/Desktop/FleetGlue/ros2_ws/install/custom_interfaces/share/custom_interfaces/cmake/custom_interfacesConfig-version.cmake
[4.696s] -- Installing: /home/ryan/Desktop/FleetGlue/ros2_ws/install/custom_interfaces/share/custom_interfaces/package.xml
[4.699s] Invoked command in '/home/ryan/Desktop/FleetGlue/ros2_ws/build/custom_interfaces' returned '0': CMAKE_PREFIX_PATH=${CMAKE_PREFIX_PATH}:/home/ryan/Desktop/FleetGlue/ros2_ws/install/poem_actions:/home/ryan/ros2_ws/install/actions_py:/home/ryan/ros2_ws/install/my_py_pkg:/opt/ros/iron /usr/bin/cmake --install /home/ryan/Desktop/FleetGlue/ros2_ws/build/custom_interfaces
