[0.086s] DEBUG:colcon:Command line arguments: ['/usr/bin/colcon', 'build']
[0.086s] DEBUG:colcon:Parsed command line arguments: Namespace(log_base=None, log_level=None, verb_name='build', build_base='build', install_base='install', merge_install=False, symlink_install=False, test_result_base=None, continue_on_error=False, executor='parallel', parallel_workers=16, event_handlers=None, ignore_user_meta=False, metas=['./colcon.meta'], base_paths=['.'], packages_ignore=None, packages_ignore_regex=None, paths=None, packages_up_to=None, packages_up_to_regex=None, packages_above=None, packages_above_and_dependencies=None, packages_above_depth=None, packages_select_by_dep=None, packages_skip_by_dep=None, packages_skip_up_to=None, packages_select_build_failed=False, packages_skip_build_finished=False, packages_select_test_failures=False, packages_skip_test_passed=False, packages_select=None, packages_skip=None, packages_select_regex=None, packages_skip_regex=None, packages_start=None, packages_end=None, allow_overriding=[], cmake_args=None, cmake_target=None, cmake_target_skip_unavailable=False, cmake_clean_cache=False, cmake_clean_first=False, cmake_force_configure=False, ament_cmake_args=None, catkin_cmake_args=None, catkin_skip_building_tests=False, verb_parser=<colcon_defaults.argument_parser.defaults.DefaultArgumentsDecorator object at 0x78ac0213c7c0>, verb_extension=<colcon_core.verb.build.BuildVerb object at 0x78ac0213c250>, main=<bound method BuildVerb.main of <colcon_core.verb.build.BuildVerb object at 0x78ac0213c250>>)
[0.217s] Level 1:colcon.colcon_core.package_discovery:discover_packages(colcon_meta) check parameters
[0.217s] Level 1:colcon.colcon_core.package_discovery:discover_packages(recursive) check parameters
[0.217s] Level 1:colcon.colcon_core.package_discovery:discover_packages(ignore) check parameters
[0.217s] Level 1:colcon.colcon_core.package_discovery:discover_packages(path) check parameters
[0.217s] Level 1:colcon.colcon_core.package_discovery:discover_packages(colcon_meta) discover
[0.217s] Level 1:colcon.colcon_core.package_discovery:discover_packages(recursive) discover
[0.217s] INFO:colcon.colcon_core.package_discovery:Crawling recursively for packages in '/home/ryan/Desktop/FleetGlue/ros2_ws'
[0.217s] Level 1:colcon.colcon_core.package_identification:_identify(.) by extensions ['ignore', 'ignore_ament_install']
[0.218s] Level 1:colcon.colcon_core.package_identification:_identify(.) by extension 'ignore'
[0.218s] Level 1:colcon.colcon_core.package_identification:_identify(.) by extension 'ignore_ament_install'
[0.218s] Level 1:colcon.colcon_core.package_identification:_identify(.) by extensions ['colcon_pkg']
[0.218s] Level 1:colcon.colcon_core.package_identification:_identify(.) by extension 'colcon_pkg'
[0.218s] Level 1:colcon.colcon_core.package_identification:_identify(.) by extensions ['colcon_meta']
[0.218s] Level 1:colcon.colcon_core.package_identification:_identify(.) by extension 'colcon_meta'
[0.218s] Level 1:colcon.colcon_core.package_identification:_identify(.) by extensions ['ros']
[0.218s] Level 1:colcon.colcon_core.package_identification:_identify(.) by extension 'ros'
[0.225s] Level 1:colcon.colcon_core.package_identification:_identify(.) by extensions ['cmake', 'python']
[0.226s] Level 1:colcon.colcon_core.package_identification:_identify(.) by extension 'cmake'
[0.226s] Level 1:colcon.colcon_core.package_identification:_identify(.) by extension 'python'
[0.226s] Level 1:colcon.colcon_core.package_identification:_identify(.) by extensions ['python_setup_py']
[0.226s] Level 1:colcon.colcon_core.package_identification:_identify(.) by extension 'python_setup_py'
[0.226s] Level 1:colcon.colcon_core.package_identification:_identify(build) by extensions ['ignore', 'ignore_ament_install']
[0.226s] Level 1:colcon.colcon_core.package_identification:_identify(build) by extension 'ignore'
[0.226s] Level 1:colcon.colcon_core.package_identification:_identify(build) ignored
[0.226s] Level 1:colcon.colcon_core.package_identification:_identify(install) by extensions ['ignore', 'ignore_ament_install']
[0.226s] Level 1:colcon.colcon_core.package_identification:_identify(install) by extension 'ignore'
[0.226s] Level 1:colcon.colcon_core.package_identification:_identify(install) ignored
[0.226s] Level 1:colcon.colcon_core.package_identification:_identify(log) by extensions ['ignore', 'ignore_ament_install']
[0.226s] Level 1:colcon.colcon_core.package_identification:_identify(log) by extension 'ignore'
[0.226s] Level 1:colcon.colcon_core.package_identification:_identify(log) ignored
[0.226s] Level 1:colcon.colcon_core.package_identification:_identify(src) by extensions ['ignore', 'ignore_ament_install']
[0.226s] Level 1:colcon.colcon_core.package_identification:_identify(src) by extension 'ignore'
[0.226s] Level 1:colcon.colcon_core.package_identification:_identify(src) by extension 'ignore_ament_install'
[0.226s] Level 1:colcon.colcon_core.package_identification:_identify(src) by extensions ['colcon_pkg']
[0.226s] Level 1:colcon.colcon_core.package_identification:_identify(src) by extension 'colcon_pkg'
[0.227s] Level 1:colcon.colcon_core.package_identification:_identify(src) by extensions ['colcon_meta']
[0.227s] Level 1:colcon.colcon_core.package_identification:_identify(src) by extension 'colcon_meta'
[0.227s] Level 1:colcon.colcon_core.package_identification:_identify(src) by extensions ['ros']
[0.227s] Level 1:colcon.colcon_core.package_identification:_identify(src) by extension 'ros'
[0.227s] Level 1:colcon.colcon_core.package_identification:_identify(src) by extensions ['cmake', 'python']
[0.227s] Level 1:colcon.colcon_core.package_identification:_identify(src) by extension 'cmake'
[0.227s] Level 1:colcon.colcon_core.package_identification:_identify(src) by extension 'python'
[0.227s] Level 1:colcon.colcon_core.package_identification:_identify(src) by extensions ['python_setup_py']
[0.227s] Level 1:colcon.colcon_core.package_identification:_identify(src) by extension 'python_setup_py'
[0.227s] Level 1:colcon.colcon_core.package_identification:_identify(src/custom_interfaces) by extensions ['ignore', 'ignore_ament_install']
[0.227s] Level 1:colcon.colcon_core.package_identification:_identify(src/custom_interfaces) by extension 'ignore'
[0.227s] Level 1:colcon.colcon_core.package_identification:_identify(src/custom_interfaces) by extension 'ignore_ament_install'
[0.227s] Level 1:colcon.colcon_core.package_identification:_identify(src/custom_interfaces) by extensions ['colcon_pkg']
[0.227s] Level 1:colcon.colcon_core.package_identification:_identify(src/custom_interfaces) by extension 'colcon_pkg'
[0.227s] Level 1:colcon.colcon_core.package_identification:_identify(src/custom_interfaces) by extensions ['colcon_meta']
[0.227s] Level 1:colcon.colcon_core.package_identification:_identify(src/custom_interfaces) by extension 'colcon_meta'
[0.227s] Level 1:colcon.colcon_core.package_identification:_identify(src/custom_interfaces) by extensions ['ros']
[0.227s] Level 1:colcon.colcon_core.package_identification:_identify(src/custom_interfaces) by extension 'ros'
[0.229s] DEBUG:colcon.colcon_core.package_identification:Package 'src/custom_interfaces' with type 'ros.ament_cmake' and name 'custom_interfaces'
[0.229s] Level 1:colcon.colcon_core.package_identification:_identify(src/poem_actions) by extensions ['ignore', 'ignore_ament_install']
[0.229s] Level 1:colcon.colcon_core.package_identification:_identify(src/poem_actions) by extension 'ignore'
[0.229s] Level 1:colcon.colcon_core.package_identification:_identify(src/poem_actions) by extension 'ignore_ament_install'
[0.229s] Level 1:colcon.colcon_core.package_identification:_identify(src/poem_actions) by extensions ['colcon_pkg']
[0.229s] Level 1:colcon.colcon_core.package_identification:_identify(src/poem_actions) by extension 'colcon_pkg'
[0.229s] Level 1:colcon.colcon_core.package_identification:_identify(src/poem_actions) by extensions ['colcon_meta']
[0.229s] Level 1:colcon.colcon_core.package_identification:_identify(src/poem_actions) by extension 'colcon_meta'
[0.229s] Level 1:colcon.colcon_core.package_identification:_identify(src/poem_actions) by extensions ['ros']
[0.229s] Level 1:colcon.colcon_core.package_identification:_identify(src/poem_actions) by extension 'ros'
[0.230s] DEBUG:colcon.colcon_core.package_identification:Package 'src/poem_actions' with type 'ros.ament_python' and name 'poem_actions'
[0.230s] Level 1:colcon.colcon_core.package_discovery:discover_packages(recursive) using defaults
[0.230s] Level 1:colcon.colcon_core.package_discovery:discover_packages(ignore) discover
[0.230s] Level 1:colcon.colcon_core.package_discovery:discover_packages(ignore) using defaults
[0.230s] Level 1:colcon.colcon_core.package_discovery:discover_packages(path) discover
[0.230s] Level 1:colcon.colcon_core.package_discovery:discover_packages(path) using defaults
[0.251s] Level 1:colcon.colcon_core.package_discovery:discover_packages(prefix_path) check parameters
[0.251s] Level 1:colcon.colcon_core.package_discovery:discover_packages(prefix_path) discover
[0.253s] DEBUG:colcon.colcon_installed_package_information.package_discovery:Found 4 installed packages in /home/ryan/ros2_ws/install
[0.254s] DEBUG:colcon.colcon_installed_package_information.package_discovery:Found 281 installed packages in /opt/ros/iron
[0.255s] Level 1:colcon.colcon_core.package_discovery:discover_packages(prefix_path) using defaults
[0.285s] Level 5:colcon.colcon_core.verb:set package 'custom_interfaces' build argument 'cmake_args' from command line to 'None'
[0.285s] Level 5:colcon.colcon_core.verb:set package 'custom_interfaces' build argument 'cmake_target' from command line to 'None'
[0.285s] Level 5:colcon.colcon_core.verb:set package 'custom_interfaces' build argument 'cmake_target_skip_unavailable' from command line to 'False'
[0.285s] Level 5:colcon.colcon_core.verb:set package 'custom_interfaces' build argument 'cmake_clean_cache' from command line to 'False'
[0.285s] Level 5:colcon.colcon_core.verb:set package 'custom_interfaces' build argument 'cmake_clean_first' from command line to 'False'
[0.285s] Level 5:colcon.colcon_core.verb:set package 'custom_interfaces' build argument 'cmake_force_configure' from command line to 'False'
[0.285s] Level 5:colcon.colcon_core.verb:set package 'custom_interfaces' build argument 'ament_cmake_args' from command line to 'None'
[0.285s] Level 5:colcon.colcon_core.verb:set package 'custom_interfaces' build argument 'catkin_cmake_args' from command line to 'None'
[0.285s] Level 5:colcon.colcon_core.verb:set package 'custom_interfaces' build argument 'catkin_skip_building_tests' from command line to 'False'
[0.285s] DEBUG:colcon.colcon_core.verb:Building package 'custom_interfaces' with the following arguments: {'ament_cmake_args': None, 'build_base': '/home/ryan/Desktop/FleetGlue/ros2_ws/build/custom_interfaces', 'catkin_cmake_args': None, 'catkin_skip_building_tests': False, 'cmake_args': None, 'cmake_clean_cache': False, 'cmake_clean_first': False, 'cmake_force_configure': False, 'cmake_target': None, 'cmake_target_skip_unavailable': False, 'install_base': '/home/ryan/Desktop/FleetGlue/ros2_ws/install/custom_interfaces', 'merge_install': False, 'path': '/home/ryan/Desktop/FleetGlue/ros2_ws/src/custom_interfaces', 'symlink_install': False, 'test_result_base': None}
[0.285s] Level 5:colcon.colcon_core.verb:set package 'poem_actions' build argument 'cmake_args' from command line to 'None'
[0.285s] Level 5:colcon.colcon_core.verb:set package 'poem_actions' build argument 'cmake_target' from command line to 'None'
[0.285s] Level 5:colcon.colcon_core.verb:set package 'poem_actions' build argument 'cmake_target_skip_unavailable' from command line to 'False'
[0.285s] Level 5:colcon.colcon_core.verb:set package 'poem_actions' build argument 'cmake_clean_cache' from command line to 'False'
[0.285s] Level 5:colcon.colcon_core.verb:set package 'poem_actions' build argument 'cmake_clean_first' from command line to 'False'
[0.285s] Level 5:colcon.colcon_core.verb:set package 'poem_actions' build argument 'cmake_force_configure' from command line to 'False'
[0.285s] Level 5:colcon.colcon_core.verb:set package 'poem_actions' build argument 'ament_cmake_args' from command line to 'None'
[0.285s] Level 5:colcon.colcon_core.verb:set package 'poem_actions' build argument 'catkin_cmake_args' from command line to 'None'
[0.286s] Level 5:colcon.colcon_core.verb:set package 'poem_actions' build argument 'catkin_skip_building_tests' from command line to 'False'
[0.286s] DEBUG:colcon.colcon_core.verb:Building package 'poem_actions' with the following arguments: {'ament_cmake_args': None, 'build_base': '/home/ryan/Desktop/FleetGlue/ros2_ws/build/poem_actions', 'catkin_cmake_args': None, 'catkin_skip_building_tests': False, 'cmake_args': None, 'cmake_clean_cache': False, 'cmake_clean_first': False, 'cmake_force_configure': False, 'cmake_target': None, 'cmake_target_skip_unavailable': False, 'install_base': '/home/ryan/Desktop/FleetGlue/ros2_ws/install/poem_actions', 'merge_install': False, 'path': '/home/ryan/Desktop/FleetGlue/ros2_ws/src/poem_actions', 'symlink_install': False, 'test_result_base': None}
[0.286s] INFO:colcon.colcon_core.executor:Executing jobs using 'parallel' executor
[0.286s] DEBUG:colcon.colcon_parallel_executor.executor.parallel:run_until_complete
[0.287s] INFO:colcon.colcon_ros.task.ament_cmake.build:Building ROS package in '/home/ryan/Desktop/FleetGlue/ros2_ws/src/custom_interfaces' with build type 'ament_cmake'
[0.287s] INFO:colcon.colcon_cmake.task.cmake.build:Building CMake package in '/home/ryan/Desktop/FleetGlue/ros2_ws/src/custom_interfaces'
[0.288s] INFO:colcon.colcon_core.plugin_system:Skipping extension 'colcon_core.shell.bat': Not used on non-Windows systems
[0.288s] INFO:colcon.colcon_core.shell:Skip shell extension 'powershell' for command environment: Not usable outside of PowerShell
[0.288s] DEBUG:colcon.colcon_core.shell:Skip shell extension 'dsv' for command environment
[0.291s] INFO:colcon.colcon_ros.task.ament_python.build:Building ROS package in '/home/ryan/Desktop/FleetGlue/ros2_ws/src/poem_actions' with build type 'ament_python'
[0.291s] Level 1:colcon.colcon_core.shell:create_environment_hook('poem_actions', 'ament_prefix_path')
[0.291s] INFO:colcon.colcon_core.shell:Creating environment hook '/home/ryan/Desktop/FleetGlue/ros2_ws/install/poem_actions/share/poem_actions/hook/ament_prefix_path.ps1'
[0.292s] INFO:colcon.colcon_core.shell:Creating environment descriptor '/home/ryan/Desktop/FleetGlue/ros2_ws/install/poem_actions/share/poem_actions/hook/ament_prefix_path.dsv'
[0.292s] INFO:colcon.colcon_core.shell:Creating environment hook '/home/ryan/Desktop/FleetGlue/ros2_ws/install/poem_actions/share/poem_actions/hook/ament_prefix_path.sh'
[0.293s] INFO:colcon.colcon_core.shell:Skip shell extension 'powershell' for command environment: Not usable outside of PowerShell
[0.293s] DEBUG:colcon.colcon_core.shell:Skip shell extension 'dsv' for command environment
[0.299s] DEBUG:colcon.colcon_core.event_handler.log_command:Invoking command in '/home/ryan/Desktop/FleetGlue/ros2_ws/build/custom_interfaces': CMAKE_PREFIX_PATH=${CMAKE_PREFIX_PATH}:/home/ryan/ros2_ws/install/actions_py:/home/ryan/ros2_ws/install/my_py_pkg:/opt/ros/iron CONDA_PROMPT_MODIFIER=(base) /usr/bin/cmake --build /home/ryan/Desktop/FleetGlue/ros2_ws/build/custom_interfaces -- -j16 -l16
[0.541s] INFO:colcon.colcon_core.task.python.build:Building Python package in '/home/ryan/Desktop/FleetGlue/ros2_ws/src/poem_actions'
[0.541s] INFO:colcon.colcon_core.shell:Skip shell extension 'powershell' for command environment: Not usable outside of PowerShell
[0.541s] DEBUG:colcon.colcon_core.shell:Skip shell extension 'dsv' for command environment
[0.618s] DEBUG:colcon.colcon_core.event_handler.log_command:Invoked command in '/home/ryan/Desktop/FleetGlue/ros2_ws/build/custom_interfaces' returned '0': CMAKE_PREFIX_PATH=${CMAKE_PREFIX_PATH}:/home/ryan/ros2_ws/install/actions_py:/home/ryan/ros2_ws/install/my_py_pkg:/opt/ros/iron CONDA_PROMPT_MODIFIER=(base) /usr/bin/cmake --build /home/ryan/Desktop/FleetGlue/ros2_ws/build/custom_interfaces -- -j16 -l16
[0.690s] DEBUG:colcon.colcon_core.event_handler.log_command:Invoking command in '/home/ryan/Desktop/FleetGlue/ros2_ws/build/custom_interfaces': CMAKE_PREFIX_PATH=${CMAKE_PREFIX_PATH}:/home/ryan/ros2_ws/install/actions_py:/home/ryan/ros2_ws/install/my_py_pkg:/opt/ros/iron CONDA_PROMPT_MODIFIER=(base) /usr/bin/cmake --install /home/ryan/Desktop/FleetGlue/ros2_ws/build/custom_interfaces
[0.737s] Level 1:colcon.colcon_core.environment:create_environment_scripts_only(custom_interfaces)
[0.738s] DEBUG:colcon.colcon_core.event_handler.log_command:Invoked command in '/home/ryan/Desktop/FleetGlue/ros2_ws/build/custom_interfaces' returned '0': CMAKE_PREFIX_PATH=${CMAKE_PREFIX_PATH}:/home/ryan/ros2_ws/install/actions_py:/home/ryan/ros2_ws/install/my_py_pkg:/opt/ros/iron CONDA_PROMPT_MODIFIER=(base) /usr/bin/cmake --install /home/ryan/Desktop/FleetGlue/ros2_ws/build/custom_interfaces
[0.740s] Level 1:colcon.colcon_core.environment:checking '/home/ryan/Desktop/FleetGlue/ros2_ws/install/custom_interfaces' for CMake module files
[0.740s] Level 1:colcon.colcon_core.environment:checking '/home/ryan/Desktop/FleetGlue/ros2_ws/install/custom_interfaces' for CMake config files
[0.740s] Level 1:colcon.colcon_core.shell:create_environment_hook('custom_interfaces', 'cmake_prefix_path')
[0.741s] INFO:colcon.colcon_core.shell:Creating environment hook '/home/ryan/Desktop/FleetGlue/ros2_ws/install/custom_interfaces/share/custom_interfaces/hook/cmake_prefix_path.ps1'
[0.741s] INFO:colcon.colcon_core.shell:Creating environment descriptor '/home/ryan/Desktop/FleetGlue/ros2_ws/install/custom_interfaces/share/custom_interfaces/hook/cmake_prefix_path.dsv'
[0.741s] INFO:colcon.colcon_core.shell:Creating environment hook '/home/ryan/Desktop/FleetGlue/ros2_ws/install/custom_interfaces/share/custom_interfaces/hook/cmake_prefix_path.sh'
[0.742s] Level 1:colcon.colcon_core.environment:checking '/home/ryan/Desktop/FleetGlue/ros2_ws/install/custom_interfaces/lib'
[0.742s] Level 1:colcon.colcon_core.shell:create_environment_hook('custom_interfaces', 'ld_library_path_lib')
[0.742s] INFO:colcon.colcon_core.shell:Creating environment hook '/home/ryan/Desktop/FleetGlue/ros2_ws/install/custom_interfaces/share/custom_interfaces/hook/ld_library_path_lib.ps1'
[0.742s] INFO:colcon.colcon_core.shell:Creating environment descriptor '/home/ryan/Desktop/FleetGlue/ros2_ws/install/custom_interfaces/share/custom_interfaces/hook/ld_library_path_lib.dsv'
[0.743s] INFO:colcon.colcon_core.shell:Creating environment hook '/home/ryan/Desktop/FleetGlue/ros2_ws/install/custom_interfaces/share/custom_interfaces/hook/ld_library_path_lib.sh'
[0.743s] Level 1:colcon.colcon_core.environment:checking '/home/ryan/Desktop/FleetGlue/ros2_ws/install/custom_interfaces/bin'
[0.743s] Level 1:colcon.colcon_core.environment:checking '/home/ryan/Desktop/FleetGlue/ros2_ws/install/custom_interfaces/lib/pkgconfig/custom_interfaces.pc'
[0.743s] Level 1:colcon.colcon_core.environment:checking '/home/ryan/Desktop/FleetGlue/ros2_ws/install/custom_interfaces/lib/python3.10/site-packages'
[0.743s] Level 1:colcon.colcon_core.shell:create_environment_hook('custom_interfaces', 'pythonpath')
[0.744s] INFO:colcon.colcon_core.shell:Creating environment hook '/home/ryan/Desktop/FleetGlue/ros2_ws/install/custom_interfaces/share/custom_interfaces/hook/pythonpath.ps1'
[0.744s] INFO:colcon.colcon_core.shell:Creating environment descriptor '/home/ryan/Desktop/FleetGlue/ros2_ws/install/custom_interfaces/share/custom_interfaces/hook/pythonpath.dsv'
[0.744s] INFO:colcon.colcon_core.shell:Creating environment hook '/home/ryan/Desktop/FleetGlue/ros2_ws/install/custom_interfaces/share/custom_interfaces/hook/pythonpath.sh'
[0.745s] Level 1:colcon.colcon_core.environment:checking '/home/ryan/Desktop/FleetGlue/ros2_ws/install/custom_interfaces/bin'
[0.745s] INFO:colcon.colcon_core.shell:Creating package script '/home/ryan/Desktop/FleetGlue/ros2_ws/install/custom_interfaces/share/custom_interfaces/package.ps1'
[0.746s] INFO:colcon.colcon_core.shell:Creating package descriptor '/home/ryan/Desktop/FleetGlue/ros2_ws/install/custom_interfaces/share/custom_interfaces/package.dsv'
[0.746s] INFO:colcon.colcon_core.shell:Creating package script '/home/ryan/Desktop/FleetGlue/ros2_ws/install/custom_interfaces/share/custom_interfaces/package.sh'
[0.747s] INFO:colcon.colcon_core.shell:Creating package script '/home/ryan/Desktop/FleetGlue/ros2_ws/install/custom_interfaces/share/custom_interfaces/package.bash'
[0.747s] INFO:colcon.colcon_core.shell:Creating package script '/home/ryan/Desktop/FleetGlue/ros2_ws/install/custom_interfaces/share/custom_interfaces/package.zsh'
[0.748s] Level 1:colcon.colcon_core.environment:create_file_with_runtime_dependencies(/home/ryan/Desktop/FleetGlue/ros2_ws/install/custom_interfaces/share/colcon-core/packages/custom_interfaces)
[0.808s] Level 1:colcon.colcon_core.environment:create_environment_scripts_only(custom_interfaces)
[0.809s] Level 1:colcon.colcon_core.environment:checking '/home/ryan/Desktop/FleetGlue/ros2_ws/install/custom_interfaces' for CMake module files
[0.809s] Level 1:colcon.colcon_core.environment:checking '/home/ryan/Desktop/FleetGlue/ros2_ws/install/custom_interfaces' for CMake config files
[0.809s] Level 1:colcon.colcon_core.shell:create_environment_hook('custom_interfaces', 'cmake_prefix_path')
[0.810s] INFO:colcon.colcon_core.shell:Creating environment hook '/home/ryan/Desktop/FleetGlue/ros2_ws/install/custom_interfaces/share/custom_interfaces/hook/cmake_prefix_path.ps1'
[0.810s] INFO:colcon.colcon_core.shell:Creating environment descriptor '/home/ryan/Desktop/FleetGlue/ros2_ws/install/custom_interfaces/share/custom_interfaces/hook/cmake_prefix_path.dsv'
[0.810s] INFO:colcon.colcon_core.shell:Creating environment hook '/home/ryan/Desktop/FleetGlue/ros2_ws/install/custom_interfaces/share/custom_interfaces/hook/cmake_prefix_path.sh'
[0.811s] Level 1:colcon.colcon_core.environment:checking '/home/ryan/Desktop/FleetGlue/ros2_ws/install/custom_interfaces/lib'
[0.811s] Level 1:colcon.colcon_core.shell:create_environment_hook('custom_interfaces', 'ld_library_path_lib')
[0.811s] INFO:colcon.colcon_core.shell:Creating environment hook '/home/ryan/Desktop/FleetGlue/ros2_ws/install/custom_interfaces/share/custom_interfaces/hook/ld_library_path_lib.ps1'
[0.811s] INFO:colcon.colcon_core.shell:Creating environment descriptor '/home/ryan/Desktop/FleetGlue/ros2_ws/install/custom_interfaces/share/custom_interfaces/hook/ld_library_path_lib.dsv'
[0.812s] INFO:colcon.colcon_core.shell:Creating environment hook '/home/ryan/Desktop/FleetGlue/ros2_ws/install/custom_interfaces/share/custom_interfaces/hook/ld_library_path_lib.sh'
[0.812s] Level 1:colcon.colcon_core.environment:checking '/home/ryan/Desktop/FleetGlue/ros2_ws/install/custom_interfaces/bin'
[0.812s] Level 1:colcon.colcon_core.environment:checking '/home/ryan/Desktop/FleetGlue/ros2_ws/install/custom_interfaces/lib/pkgconfig/custom_interfaces.pc'
[0.812s] Level 1:colcon.colcon_core.environment:checking '/home/ryan/Desktop/FleetGlue/ros2_ws/install/custom_interfaces/lib/python3.10/site-packages'
[0.812s] Level 1:colcon.colcon_core.shell:create_environment_hook('custom_interfaces', 'pythonpath')
[0.812s] INFO:colcon.colcon_core.shell:Creating environment hook '/home/ryan/Desktop/FleetGlue/ros2_ws/install/custom_interfaces/share/custom_interfaces/hook/pythonpath.ps1'
[0.813s] INFO:colcon.colcon_core.shell:Creating environment descriptor '/home/ryan/Desktop/FleetGlue/ros2_ws/install/custom_interfaces/share/custom_interfaces/hook/pythonpath.dsv'
[0.813s] INFO:colcon.colcon_core.shell:Creating environment hook '/home/ryan/Desktop/FleetGlue/ros2_ws/install/custom_interfaces/share/custom_interfaces/hook/pythonpath.sh'
[0.813s] Level 1:colcon.colcon_core.environment:checking '/home/ryan/Desktop/FleetGlue/ros2_ws/install/custom_interfaces/bin'
[0.814s] INFO:colcon.colcon_core.shell:Creating package script '/home/ryan/Desktop/FleetGlue/ros2_ws/install/custom_interfaces/share/custom_interfaces/package.ps1'
[0.814s] INFO:colcon.colcon_core.shell:Creating package descriptor '/home/ryan/Desktop/FleetGlue/ros2_ws/install/custom_interfaces/share/custom_interfaces/package.dsv'
[0.815s] INFO:colcon.colcon_core.shell:Creating package script '/home/ryan/Desktop/FleetGlue/ros2_ws/install/custom_interfaces/share/custom_interfaces/package.sh'
[0.815s] INFO:colcon.colcon_core.shell:Creating package script '/home/ryan/Desktop/FleetGlue/ros2_ws/install/custom_interfaces/share/custom_interfaces/package.bash'
[0.815s] INFO:colcon.colcon_core.shell:Creating package script '/home/ryan/Desktop/FleetGlue/ros2_ws/install/custom_interfaces/share/custom_interfaces/package.zsh'
[0.816s] Level 1:colcon.colcon_core.environment:create_file_with_runtime_dependencies(/home/ryan/Desktop/FleetGlue/ros2_ws/install/custom_interfaces/share/colcon-core/packages/custom_interfaces)
[0.828s] DEBUG:colcon.colcon_core.event_handler.log_command:Invoking command in '/home/ryan/Desktop/FleetGlue/ros2_ws/src/poem_actions': CONDA_PROMPT_MODIFIER=(base) PYTHONPATH=/home/ryan/Desktop/FleetGlue/ros2_ws/build/poem_actions/prefix_override:/usr/lib/python3/dist-packages/colcon_core/task/python/colcon_distutils_commands:/home/ryan/Desktop/FleetGlue/ros2_ws/install/poem_actions/lib/python3.10/site-packages:${PYTHONPATH} /usr/bin/python3 -W ignore:setup.py install is deprecated setup.py egg_info --egg-base ../../build/poem_actions build --build-base /home/ryan/Desktop/FleetGlue/ros2_ws/build/poem_actions/build install --record /home/ryan/Desktop/FleetGlue/ros2_ws/build/poem_actions/install.log --single-version-externally-managed install_data
[1.067s] Level 1:colcon.colcon_core.environment:checking '/home/ryan/Desktop/FleetGlue/ros2_ws/install/poem_actions' for CMake module files
[1.067s] DEBUG:colcon.colcon_core.event_handler.log_command:Invoked command in '/home/ryan/Desktop/FleetGlue/ros2_ws/src/poem_actions' returned '0': CONDA_PROMPT_MODIFIER=(base) PYTHONPATH=/home/ryan/Desktop/FleetGlue/ros2_ws/build/poem_actions/prefix_override:/usr/lib/python3/dist-packages/colcon_core/task/python/colcon_distutils_commands:/home/ryan/Desktop/FleetGlue/ros2_ws/install/poem_actions/lib/python3.10/site-packages:${PYTHONPATH} /usr/bin/python3 -W ignore:setup.py install is deprecated setup.py egg_info --egg-base ../../build/poem_actions build --build-base /home/ryan/Desktop/FleetGlue/ros2_ws/build/poem_actions/build install --record /home/ryan/Desktop/FleetGlue/ros2_ws/build/poem_actions/install.log --single-version-externally-managed install_data
[1.068s] Level 1:colcon.colcon_core.environment:checking '/home/ryan/Desktop/FleetGlue/ros2_ws/install/poem_actions' for CMake config files
[1.068s] Level 1:colcon.colcon_core.environment:checking '/home/ryan/Desktop/FleetGlue/ros2_ws/install/poem_actions/lib'
[1.068s] Level 1:colcon.colcon_core.environment:checking '/home/ryan/Desktop/FleetGlue/ros2_ws/install/poem_actions/bin'
[1.068s] Level 1:colcon.colcon_core.environment:checking '/home/ryan/Desktop/FleetGlue/ros2_ws/install/poem_actions/lib/pkgconfig/poem_actions.pc'
[1.069s] Level 1:colcon.colcon_core.environment:checking '/home/ryan/Desktop/FleetGlue/ros2_ws/install/poem_actions/lib/python3.10/site-packages'
[1.069s] Level 1:colcon.colcon_core.shell:create_environment_hook('poem_actions', 'pythonpath')
[1.069s] INFO:colcon.colcon_core.shell:Creating environment hook '/home/ryan/Desktop/FleetGlue/ros2_ws/install/poem_actions/share/poem_actions/hook/pythonpath.ps1'
[1.069s] INFO:colcon.colcon_core.shell:Creating environment descriptor '/home/ryan/Desktop/FleetGlue/ros2_ws/install/poem_actions/share/poem_actions/hook/pythonpath.dsv'
[1.069s] INFO:colcon.colcon_core.shell:Creating environment hook '/home/ryan/Desktop/FleetGlue/ros2_ws/install/poem_actions/share/poem_actions/hook/pythonpath.sh'
[1.070s] Level 1:colcon.colcon_core.environment:checking '/home/ryan/Desktop/FleetGlue/ros2_ws/install/poem_actions/bin'
[1.070s] Level 1:colcon.colcon_core.environment:create_environment_scripts_only(poem_actions)
[1.070s] INFO:colcon.colcon_core.shell:Creating package script '/home/ryan/Desktop/FleetGlue/ros2_ws/install/poem_actions/share/poem_actions/package.ps1'
[1.071s] INFO:colcon.colcon_core.shell:Creating package descriptor '/home/ryan/Desktop/FleetGlue/ros2_ws/install/poem_actions/share/poem_actions/package.dsv'
[1.071s] INFO:colcon.colcon_core.shell:Creating package script '/home/ryan/Desktop/FleetGlue/ros2_ws/install/poem_actions/share/poem_actions/package.sh'
[1.071s] INFO:colcon.colcon_core.shell:Creating package script '/home/ryan/Desktop/FleetGlue/ros2_ws/install/poem_actions/share/poem_actions/package.bash'
[1.072s] INFO:colcon.colcon_core.shell:Creating package script '/home/ryan/Desktop/FleetGlue/ros2_ws/install/poem_actions/share/poem_actions/package.zsh'
[1.072s] Level 1:colcon.colcon_core.environment:create_file_with_runtime_dependencies(/home/ryan/Desktop/FleetGlue/ros2_ws/install/poem_actions/share/colcon-core/packages/poem_actions)
[1.072s] DEBUG:colcon.colcon_parallel_executor.executor.parallel:closing loop
[1.072s] DEBUG:colcon.colcon_parallel_executor.executor.parallel:loop closed
[1.072s] DEBUG:colcon.colcon_parallel_executor.executor.parallel:run_until_complete finished with '0'
[1.072s] DEBUG:colcon.colcon_core.event_reactor:joining thread
[1.077s] INFO:colcon.colcon_core.plugin_system:Skipping extension 'colcon_notification.desktop_notification.terminal_notifier': Not used on non-Darwin systems
[1.077s] INFO:colcon.colcon_core.plugin_system:Skipping extension 'colcon_notification.desktop_notification.win32': Not used on non-Windows systems
[1.077s] INFO:colcon.colcon_notification.desktop_notification:Sending desktop notification using 'notify2'
[1.086s] DEBUG:colcon.colcon_core.event_reactor:joined thread
[1.086s] INFO:colcon.colcon_core.shell:Creating prefix script '/home/ryan/Desktop/FleetGlue/ros2_ws/install/local_setup.ps1'
[1.087s] INFO:colcon.colcon_core.shell:Creating prefix util module '/home/ryan/Desktop/FleetGlue/ros2_ws/install/_local_setup_util_ps1.py'
[1.088s] INFO:colcon.colcon_core.shell:Creating prefix chain script '/home/ryan/Desktop/FleetGlue/ros2_ws/install/setup.ps1'
[1.089s] INFO:colcon.colcon_core.shell:Creating prefix script '/home/ryan/Desktop/FleetGlue/ros2_ws/install/local_setup.sh'
[1.090s] INFO:colcon.colcon_core.shell:Creating prefix util module '/home/ryan/Desktop/FleetGlue/ros2_ws/install/_local_setup_util_sh.py'
[1.090s] INFO:colcon.colcon_core.shell:Creating prefix chain script '/home/ryan/Desktop/FleetGlue/ros2_ws/install/setup.sh'
[1.091s] INFO:colcon.colcon_core.shell:Creating prefix script '/home/ryan/Desktop/FleetGlue/ros2_ws/install/local_setup.bash'
[1.092s] INFO:colcon.colcon_core.shell:Creating prefix chain script '/home/ryan/Desktop/FleetGlue/ros2_ws/install/setup.bash'
[1.093s] INFO:colcon.colcon_core.shell:Creating prefix script '/home/ryan/Desktop/FleetGlue/ros2_ws/install/local_setup.zsh'
[1.093s] INFO:colcon.colcon_core.shell:Creating prefix chain script '/home/ryan/Desktop/FleetGlue/ros2_ws/install/setup.zsh'
