[  2%] Built target custom_interfaces__rosidl_generator_type_description
[  2%] Built target ament_cmake_python_copy_custom_interfaces
[  5%] Built target custom_interfaces__cpp
[ 20%] Built target custom_interfaces__rosidl_generator_c
[ 64%] Built target custom_interfaces__rosidl_typesupport_fastrtps_cpp
[ 64%] Built target custom_interfaces__rosidl_typesupport_introspection_c
[ 64%] Built target custom_interfaces__rosidl_typesupport_c
[ 64%] Built target custom_interfaces__rosidl_typesupport_introspection_cpp
[ 64%] Built target custom_interfaces__rosidl_typesupport_fastrtps_c
[ 73%] Built target custom_interfaces__rosidl_typesupport_cpp
[ 73%] Built target custom_interfaces
[ 76%] Built target custom_interfaces__py
[ 82%] Built target custom_interfaces__rosidl_generator_py
[ 94%] Built target custom_interfaces__rosidl_typesupport_c__pyext
[ 97%] Built target custom_interfaces__rosidl_typesupport_fastrtps_c__pyext
[100%] Built target custom_interfaces__rosidl_typesupport_introspection_c__pyext
running egg_info
writing custom_interfaces.egg-info/PKG-INFO
writing dependency_links to custom_interfaces.egg-info/dependency_links.txt
writing top-level names to custom_interfaces.egg-info/top_level.txt
reading manifest file 'custom_interfaces.egg-info/SOURCES.txt'
writing manifest file 'custom_interfaces.egg-info/SOURCES.txt'
[100%] Built target ament_cmake_python_build_custom_interfaces_egg
-- Install configuration: ""
-- Up-to-date: /home/ryan/Desktop/FleetGlue/ros2_ws/install/custom_interfaces/share/ament_index/resource_index/rosidl_interfaces/custom_interfaces
-- Up-to-date: /home/ryan/Desktop/FleetGlue/ros2_ws/install/custom_interfaces/share/custom_interfaces/action/Poem.json
-- Up-to-date: /home/ryan/Desktop/FleetGlue/ros2_ws/install/custom_interfaces/include/custom_interfaces/custom_interfaces
-- Up-to-date: /home/ryan/Desktop/FleetGlue/ros2_ws/install/custom_interfaces/include/custom_interfaces/custom_interfaces/action
-- Up-to-date: /home/ryan/Desktop/FleetGlue/ros2_ws/install/custom_interfaces/include/custom_interfaces/custom_interfaces/action/detail
-- Up-to-date: /home/ryan/Desktop/FleetGlue/ros2_ws/install/custom_interfaces/include/custom_interfaces/custom_interfaces/action/detail/poem__functions.h
-- Up-to-date: /home/ryan/Desktop/FleetGlue/ros2_ws/install/custom_interfaces/include/custom_interfaces/custom_interfaces/action/detail/poem__type_support.c
-- Up-to-date: /home/ryan/Desktop/FleetGlue/ros2_ws/install/custom_interfaces/include/custom_interfaces/custom_interfaces/action/detail/poem__functions.c
-- Up-to-date: /home/ryan/Desktop/FleetGlue/ros2_ws/install/custom_interfaces/include/custom_interfaces/custom_interfaces/action/detail/poem__type_support.h
-- Up-to-date: /home/ryan/Desktop/FleetGlue/ros2_ws/install/custom_interfaces/include/custom_interfaces/custom_interfaces/action/detail/poem__struct.h
-- Up-to-date: /home/ryan/Desktop/FleetGlue/ros2_ws/install/custom_interfaces/include/custom_interfaces/custom_interfaces/action/detail/poem__description.c
-- Up-to-date: /home/ryan/Desktop/FleetGlue/ros2_ws/install/custom_interfaces/include/custom_interfaces/custom_interfaces/action/poem.h
-- Up-to-date: /home/ryan/Desktop/FleetGlue/ros2_ws/install/custom_interfaces/include/custom_interfaces/custom_interfaces/msg
-- Up-to-date: /home/ryan/Desktop/FleetGlue/ros2_ws/install/custom_interfaces/include/custom_interfaces/custom_interfaces/msg/rosidl_generator_c__visibility_control.h
-- Up-to-date: /home/ryan/Desktop/FleetGlue/ros2_ws/install/custom_interfaces/share/custom_interfaces/environment/library_path.sh
-- Up-to-date: /home/ryan/Desktop/FleetGlue/ros2_ws/install/custom_interfaces/share/custom_interfaces/environment/library_path.dsv
-- Up-to-date: /home/ryan/Desktop/FleetGlue/ros2_ws/install/custom_interfaces/lib/libcustom_interfaces__rosidl_generator_c.so
-- Up-to-date: /home/ryan/Desktop/FleetGlue/ros2_ws/install/custom_interfaces/include/custom_interfaces/custom_interfaces
-- Up-to-date: /home/ryan/Desktop/FleetGlue/ros2_ws/install/custom_interfaces/include/custom_interfaces/custom_interfaces/action
-- Up-to-date: /home/ryan/Desktop/FleetGlue/ros2_ws/install/custom_interfaces/include/custom_interfaces/custom_interfaces/action/detail
-- Up-to-date: /home/ryan/Desktop/FleetGlue/ros2_ws/install/custom_interfaces/include/custom_interfaces/custom_interfaces/action/detail/poem__rosidl_typesupport_fastrtps_c.h
-- Up-to-date: /home/ryan/Desktop/FleetGlue/ros2_ws/install/custom_interfaces/include/custom_interfaces/custom_interfaces/msg
-- Up-to-date: /home/ryan/Desktop/FleetGlue/ros2_ws/install/custom_interfaces/include/custom_interfaces/custom_interfaces/msg/rosidl_typesupport_fastrtps_c__visibility_control.h
-- Up-to-date: /home/ryan/Desktop/FleetGlue/ros2_ws/install/custom_interfaces/lib/libcustom_interfaces__rosidl_typesupport_fastrtps_c.so
-- Up-to-date: /home/ryan/Desktop/FleetGlue/ros2_ws/install/custom_interfaces/include/custom_interfaces/custom_interfaces
-- Up-to-date: /home/ryan/Desktop/FleetGlue/ros2_ws/install/custom_interfaces/include/custom_interfaces/custom_interfaces/action
-- Up-to-date: /home/ryan/Desktop/FleetGlue/ros2_ws/install/custom_interfaces/include/custom_interfaces/custom_interfaces/action/detail
-- Up-to-date: /home/ryan/Desktop/FleetGlue/ros2_ws/install/custom_interfaces/include/custom_interfaces/custom_interfaces/action/detail/poem__rosidl_typesupport_introspection_c.h
-- Up-to-date: /home/ryan/Desktop/FleetGlue/ros2_ws/install/custom_interfaces/include/custom_interfaces/custom_interfaces/action/detail/poem__type_support.c
-- Up-to-date: /home/ryan/Desktop/FleetGlue/ros2_ws/install/custom_interfaces/include/custom_interfaces/custom_interfaces/msg
-- Up-to-date: /home/ryan/Desktop/FleetGlue/ros2_ws/install/custom_interfaces/include/custom_interfaces/custom_interfaces/msg/rosidl_typesupport_introspection_c__visibility_control.h
-- Up-to-date: /home/ryan/Desktop/FleetGlue/ros2_ws/install/custom_interfaces/lib/libcustom_interfaces__rosidl_typesupport_introspection_c.so
-- Up-to-date: /home/ryan/Desktop/FleetGlue/ros2_ws/install/custom_interfaces/lib/libcustom_interfaces__rosidl_typesupport_c.so
-- Up-to-date: /home/ryan/Desktop/FleetGlue/ros2_ws/install/custom_interfaces/include/custom_interfaces/custom_interfaces
-- Up-to-date: /home/ryan/Desktop/FleetGlue/ros2_ws/install/custom_interfaces/include/custom_interfaces/custom_interfaces/action
-- Up-to-date: /home/ryan/Desktop/FleetGlue/ros2_ws/install/custom_interfaces/include/custom_interfaces/custom_interfaces/action/detail
-- Up-to-date: /home/ryan/Desktop/FleetGlue/ros2_ws/install/custom_interfaces/include/custom_interfaces/custom_interfaces/action/detail/poem__struct.hpp
-- Up-to-date: /home/ryan/Desktop/FleetGlue/ros2_ws/install/custom_interfaces/include/custom_interfaces/custom_interfaces/action/detail/poem__traits.hpp
-- Up-to-date: /home/ryan/Desktop/FleetGlue/ros2_ws/install/custom_interfaces/include/custom_interfaces/custom_interfaces/action/detail/poem__builder.hpp
-- Up-to-date: /home/ryan/Desktop/FleetGlue/ros2_ws/install/custom_interfaces/include/custom_interfaces/custom_interfaces/action/poem.hpp
-- Up-to-date: /home/ryan/Desktop/FleetGlue/ros2_ws/install/custom_interfaces/include/custom_interfaces/custom_interfaces
-- Up-to-date: /home/ryan/Desktop/FleetGlue/ros2_ws/install/custom_interfaces/include/custom_interfaces/custom_interfaces/action
-- Up-to-date: /home/ryan/Desktop/FleetGlue/ros2_ws/install/custom_interfaces/include/custom_interfaces/custom_interfaces/action/detail
-- Up-to-date: /home/ryan/Desktop/FleetGlue/ros2_ws/install/custom_interfaces/include/custom_interfaces/custom_interfaces/action/detail/poem__rosidl_typesupport_fastrtps_cpp.hpp
-- Up-to-date: /home/ryan/Desktop/FleetGlue/ros2_ws/install/custom_interfaces/include/custom_interfaces/custom_interfaces/action/detail/dds_fastrtps
-- Up-to-date: /home/ryan/Desktop/FleetGlue/ros2_ws/install/custom_interfaces/include/custom_interfaces/custom_interfaces/msg
-- Up-to-date: /home/ryan/Desktop/FleetGlue/ros2_ws/install/custom_interfaces/include/custom_interfaces/custom_interfaces/msg/rosidl_typesupport_fastrtps_cpp__visibility_control.h
-- Up-to-date: /home/ryan/Desktop/FleetGlue/ros2_ws/install/custom_interfaces/lib/libcustom_interfaces__rosidl_typesupport_fastrtps_cpp.so
-- Up-to-date: /home/ryan/Desktop/FleetGlue/ros2_ws/install/custom_interfaces/include/custom_interfaces/custom_interfaces
-- Up-to-date: /home/ryan/Desktop/FleetGlue/ros2_ws/install/custom_interfaces/include/custom_interfaces/custom_interfaces/action
-- Up-to-date: /home/ryan/Desktop/FleetGlue/ros2_ws/install/custom_interfaces/include/custom_interfaces/custom_interfaces/action/detail
-- Up-to-date: /home/ryan/Desktop/FleetGlue/ros2_ws/install/custom_interfaces/include/custom_interfaces/custom_interfaces/action/detail/poem__rosidl_typesupport_introspection_cpp.hpp
-- Up-to-date: /home/ryan/Desktop/FleetGlue/ros2_ws/install/custom_interfaces/include/custom_interfaces/custom_interfaces/action/detail/poem__type_support.cpp
-- Up-to-date: /home/ryan/Desktop/FleetGlue/ros2_ws/install/custom_interfaces/lib/libcustom_interfaces__rosidl_typesupport_introspection_cpp.so
-- Up-to-date: /home/ryan/Desktop/FleetGlue/ros2_ws/install/custom_interfaces/lib/libcustom_interfaces__rosidl_typesupport_cpp.so
-- Up-to-date: /home/ryan/Desktop/FleetGlue/ros2_ws/install/custom_interfaces/share/custom_interfaces/environment/pythonpath.sh
-- Up-to-date: /home/ryan/Desktop/FleetGlue/ros2_ws/install/custom_interfaces/share/custom_interfaces/environment/pythonpath.dsv
-- Up-to-date: /home/ryan/Desktop/FleetGlue/ros2_ws/install/custom_interfaces/lib/python3.10/site-packages/custom_interfaces-0.0.0-py3.10.egg-info
-- Installing: /home/ryan/Desktop/FleetGlue/ros2_ws/install/custom_interfaces/lib/python3.10/site-packages/custom_interfaces-0.0.0-py3.10.egg-info/dependency_links.txt
-- Installing: /home/ryan/Desktop/FleetGlue/ros2_ws/install/custom_interfaces/lib/python3.10/site-packages/custom_interfaces-0.0.0-py3.10.egg-info/SOURCES.txt
-- Installing: /home/ryan/Desktop/FleetGlue/ros2_ws/install/custom_interfaces/lib/python3.10/site-packages/custom_interfaces-0.0.0-py3.10.egg-info/top_level.txt
-- Installing: /home/ryan/Desktop/FleetGlue/ros2_ws/install/custom_interfaces/lib/python3.10/site-packages/custom_interfaces-0.0.0-py3.10.egg-info/PKG-INFO
-- Up-to-date: /home/ryan/Desktop/FleetGlue/ros2_ws/install/custom_interfaces/lib/python3.10/site-packages/custom_interfaces
-- Up-to-date: /home/ryan/Desktop/FleetGlue/ros2_ws/install/custom_interfaces/lib/python3.10/site-packages/custom_interfaces/_custom_interfaces_s.ep.rosidl_typesupport_c.c
-- Up-to-date: /home/ryan/Desktop/FleetGlue/ros2_ws/install/custom_interfaces/lib/python3.10/site-packages/custom_interfaces/custom_interfaces_s__rosidl_typesupport_introspection_c.cpython-311-x86_64-linux-gnu.so
-- Up-to-date: /home/ryan/Desktop/FleetGlue/ros2_ws/install/custom_interfaces/lib/python3.10/site-packages/custom_interfaces/__init__.py
-- Up-to-date: /home/ryan/Desktop/FleetGlue/ros2_ws/install/custom_interfaces/lib/python3.10/site-packages/custom_interfaces/_custom_interfaces_s.ep.rosidl_typesupport_fastrtps_c.c
-- Up-to-date: /home/ryan/Desktop/FleetGlue/ros2_ws/install/custom_interfaces/lib/python3.10/site-packages/custom_interfaces/_custom_interfaces_s.ep.rosidl_typesupport_introspection_c.c
-- Up-to-date: /home/ryan/Desktop/FleetGlue/ros2_ws/install/custom_interfaces/lib/python3.10/site-packages/custom_interfaces/libcustom_interfaces__rosidl_generator_py.so
-- Up-to-date: /home/ryan/Desktop/FleetGlue/ros2_ws/install/custom_interfaces/lib/python3.10/site-packages/custom_interfaces/action
-- Up-to-date: /home/ryan/Desktop/FleetGlue/ros2_ws/install/custom_interfaces/lib/python3.10/site-packages/custom_interfaces/action/_poem.py
-- Up-to-date: /home/ryan/Desktop/FleetGlue/ros2_ws/install/custom_interfaces/lib/python3.10/site-packages/custom_interfaces/action/__init__.py
-- Up-to-date: /home/ryan/Desktop/FleetGlue/ros2_ws/install/custom_interfaces/lib/python3.10/site-packages/custom_interfaces/action/_poem_s.c
-- Up-to-date: /home/ryan/Desktop/FleetGlue/ros2_ws/install/custom_interfaces/lib/python3.10/site-packages/custom_interfaces/custom_interfaces_s__rosidl_typesupport_c.cpython-311-x86_64-linux-gnu.so
-- Up-to-date: /home/ryan/Desktop/FleetGlue/ros2_ws/install/custom_interfaces/lib/python3.10/site-packages/custom_interfaces/custom_interfaces_s__rosidl_typesupport_fastrtps_c.cpython-311-x86_64-linux-gnu.so
Listing '/home/ryan/Desktop/FleetGlue/ros2_ws/install/custom_interfaces/lib/python3.10/site-packages/custom_interfaces'...
Listing '/home/ryan/Desktop/FleetGlue/ros2_ws/install/custom_interfaces/lib/python3.10/site-packages/custom_interfaces/action'...
-- Up-to-date: /home/ryan/Desktop/FleetGlue/ros2_ws/install/custom_interfaces/lib/python3.10/site-packages/custom_interfaces/custom_interfaces_s__rosidl_typesupport_fastrtps_c.cpython-311-x86_64-linux-gnu.so
-- Up-to-date: /home/ryan/Desktop/FleetGlue/ros2_ws/install/custom_interfaces/lib/python3.10/site-packages/custom_interfaces/custom_interfaces_s__rosidl_typesupport_introspection_c.cpython-311-x86_64-linux-gnu.so
-- Up-to-date: /home/ryan/Desktop/FleetGlue/ros2_ws/install/custom_interfaces/lib/python3.10/site-packages/custom_interfaces/custom_interfaces_s__rosidl_typesupport_c.cpython-311-x86_64-linux-gnu.so
-- Up-to-date: /home/ryan/Desktop/FleetGlue/ros2_ws/install/custom_interfaces/lib/libcustom_interfaces__rosidl_generator_py.so
-- Up-to-date: /home/ryan/Desktop/FleetGlue/ros2_ws/install/custom_interfaces/share/custom_interfaces/action/Poem.idl
-- Up-to-date: /home/ryan/Desktop/FleetGlue/ros2_ws/install/custom_interfaces/share/custom_interfaces/action/Poem.action
-- Up-to-date: /home/ryan/Desktop/FleetGlue/ros2_ws/install/custom_interfaces/share/ament_index/resource_index/package_run_dependencies/custom_interfaces
-- Up-to-date: /home/ryan/Desktop/FleetGlue/ros2_ws/install/custom_interfaces/share/ament_index/resource_index/parent_prefix_path/custom_interfaces
-- Up-to-date: /home/ryan/Desktop/FleetGlue/ros2_ws/install/custom_interfaces/share/custom_interfaces/environment/ament_prefix_path.sh
-- Up-to-date: /home/ryan/Desktop/FleetGlue/ros2_ws/install/custom_interfaces/share/custom_interfaces/environment/ament_prefix_path.dsv
-- Up-to-date: /home/ryan/Desktop/FleetGlue/ros2_ws/install/custom_interfaces/share/custom_interfaces/environment/path.sh
-- Up-to-date: /home/ryan/Desktop/FleetGlue/ros2_ws/install/custom_interfaces/share/custom_interfaces/environment/path.dsv
-- Up-to-date: /home/ryan/Desktop/FleetGlue/ros2_ws/install/custom_interfaces/share/custom_interfaces/local_setup.bash
-- Up-to-date: /home/ryan/Desktop/FleetGlue/ros2_ws/install/custom_interfaces/share/custom_interfaces/local_setup.sh
-- Up-to-date: /home/ryan/Desktop/FleetGlue/ros2_ws/install/custom_interfaces/share/custom_interfaces/local_setup.zsh
-- Up-to-date: /home/ryan/Desktop/FleetGlue/ros2_ws/install/custom_interfaces/share/custom_interfaces/local_setup.dsv
-- Installing: /home/ryan/Desktop/FleetGlue/ros2_ws/install/custom_interfaces/share/custom_interfaces/package.dsv
-- Up-to-date: /home/ryan/Desktop/FleetGlue/ros2_ws/install/custom_interfaces/share/ament_index/resource_index/packages/custom_interfaces
-- Up-to-date: /home/ryan/Desktop/FleetGlue/ros2_ws/install/custom_interfaces/share/custom_interfaces/cmake/export_custom_interfaces__rosidl_generator_cExport.cmake
-- Up-to-date: /home/ryan/Desktop/FleetGlue/ros2_ws/install/custom_interfaces/share/custom_interfaces/cmake/export_custom_interfaces__rosidl_generator_cExport-noconfig.cmake
-- Up-to-date: /home/ryan/Desktop/FleetGlue/ros2_ws/install/custom_interfaces/share/custom_interfaces/cmake/export_custom_interfaces__rosidl_typesupport_fastrtps_cExport.cmake
-- Up-to-date: /home/ryan/Desktop/FleetGlue/ros2_ws/install/custom_interfaces/share/custom_interfaces/cmake/export_custom_interfaces__rosidl_typesupport_fastrtps_cExport-noconfig.cmake
-- Up-to-date: /home/ryan/Desktop/FleetGlue/ros2_ws/install/custom_interfaces/share/custom_interfaces/cmake/custom_interfaces__rosidl_typesupport_introspection_cExport.cmake
-- Up-to-date: /home/ryan/Desktop/FleetGlue/ros2_ws/install/custom_interfaces/share/custom_interfaces/cmake/custom_interfaces__rosidl_typesupport_introspection_cExport-noconfig.cmake
-- Up-to-date: /home/ryan/Desktop/FleetGlue/ros2_ws/install/custom_interfaces/share/custom_interfaces/cmake/custom_interfaces__rosidl_typesupport_cExport.cmake
-- Up-to-date: /home/ryan/Desktop/FleetGlue/ros2_ws/install/custom_interfaces/share/custom_interfaces/cmake/custom_interfaces__rosidl_typesupport_cExport-noconfig.cmake
-- Up-to-date: /home/ryan/Desktop/FleetGlue/ros2_ws/install/custom_interfaces/share/custom_interfaces/cmake/export_custom_interfaces__rosidl_generator_cppExport.cmake
-- Up-to-date: /home/ryan/Desktop/FleetGlue/ros2_ws/install/custom_interfaces/share/custom_interfaces/cmake/export_custom_interfaces__rosidl_typesupport_fastrtps_cppExport.cmake
-- Up-to-date: /home/ryan/Desktop/FleetGlue/ros2_ws/install/custom_interfaces/share/custom_interfaces/cmake/export_custom_interfaces__rosidl_typesupport_fastrtps_cppExport-noconfig.cmake
-- Up-to-date: /home/ryan/Desktop/FleetGlue/ros2_ws/install/custom_interfaces/share/custom_interfaces/cmake/custom_interfaces__rosidl_typesupport_introspection_cppExport.cmake
-- Up-to-date: /home/ryan/Desktop/FleetGlue/ros2_ws/install/custom_interfaces/share/custom_interfaces/cmake/custom_interfaces__rosidl_typesupport_introspection_cppExport-noconfig.cmake
-- Up-to-date: /home/ryan/Desktop/FleetGlue/ros2_ws/install/custom_interfaces/share/custom_interfaces/cmake/custom_interfaces__rosidl_typesupport_cppExport.cmake
-- Up-to-date: /home/ryan/Desktop/FleetGlue/ros2_ws/install/custom_interfaces/share/custom_interfaces/cmake/custom_interfaces__rosidl_typesupport_cppExport-noconfig.cmake
-- Up-to-date: /home/ryan/Desktop/FleetGlue/ros2_ws/install/custom_interfaces/share/custom_interfaces/cmake/export_custom_interfaces__rosidl_generator_pyExport.cmake
-- Up-to-date: /home/ryan/Desktop/FleetGlue/ros2_ws/install/custom_interfaces/share/custom_interfaces/cmake/export_custom_interfaces__rosidl_generator_pyExport-noconfig.cmake
-- Up-to-date: /home/ryan/Desktop/FleetGlue/ros2_ws/install/custom_interfaces/share/custom_interfaces/cmake/rosidl_cmake-extras.cmake
-- Up-to-date: /home/ryan/Desktop/FleetGlue/ros2_ws/install/custom_interfaces/share/custom_interfaces/cmake/ament_cmake_export_dependencies-extras.cmake
-- Up-to-date: /home/ryan/Desktop/FleetGlue/ros2_ws/install/custom_interfaces/share/custom_interfaces/cmake/ament_cmake_export_include_directories-extras.cmake
-- Up-to-date: /home/ryan/Desktop/FleetGlue/ros2_ws/install/custom_interfaces/share/custom_interfaces/cmake/ament_cmake_export_libraries-extras.cmake
-- Up-to-date: /home/ryan/Desktop/FleetGlue/ros2_ws/install/custom_interfaces/share/custom_interfaces/cmake/ament_cmake_export_targets-extras.cmake
-- Up-to-date: /home/ryan/Desktop/FleetGlue/ros2_ws/install/custom_interfaces/share/custom_interfaces/cmake/rosidl_cmake_export_typesupport_targets-extras.cmake
-- Up-to-date: /home/ryan/Desktop/FleetGlue/ros2_ws/install/custom_interfaces/share/custom_interfaces/cmake/rosidl_cmake_export_typesupport_libraries-extras.cmake
-- Up-to-date: /home/ryan/Desktop/FleetGlue/ros2_ws/install/custom_interfaces/share/custom_interfaces/cmake/custom_interfacesConfig.cmake
-- Up-to-date: /home/ryan/Desktop/FleetGlue/ros2_ws/install/custom_interfaces/share/custom_interfaces/cmake/custom_interfacesConfig-version.cmake
-- Up-to-date: /home/ryan/Desktop/FleetGlue/ros2_ws/install/custom_interfaces/share/custom_interfaces/package.xml
