[0.509s] Invoking command in '/home/ryan/Desktop/FleetGlue/ros2_ws/src/poem_actions': CONDA_PROMPT_MODIFIER=(base) PYTHONPATH=/home/ryan/Desktop/FleetGlue/ros2_ws/build/poem_actions/prefix_override:/usr/lib/python3/dist-packages/colcon_core/task/python/colcon_distutils_commands:/home/ryan/Desktop/FleetGlue/ros2_ws/install/poem_actions/lib/python3.10/site-packages:${PYTHONPATH} /usr/bin/python3 -W ignore:setup.py install is deprecated setup.py egg_info --egg-base ../../build/poem_actions build --build-base /home/ryan/Desktop/FleetGlue/ros2_ws/build/poem_actions/build install --record /home/ryan/Desktop/FleetGlue/ros2_ws/build/poem_actions/install.log --single-version-externally-managed install_data
[0.694s] running egg_info
[0.694s] writing ../../build/poem_actions/poem_actions.egg-info/PKG-INFO
[0.694s] writing dependency_links to ../../build/poem_actions/poem_actions.egg-info/dependency_links.txt
[0.695s] writing entry points to ../../build/poem_actions/poem_actions.egg-info/entry_points.txt
[0.695s] writing requirements to ../../build/poem_actions/poem_actions.egg-info/requires.txt
[0.695s] writing top-level names to ../../build/poem_actions/poem_actions.egg-info/top_level.txt
[0.696s] reading manifest file '../../build/poem_actions/poem_actions.egg-info/SOURCES.txt'
[0.697s] writing manifest file '../../build/poem_actions/poem_actions.egg-info/SOURCES.txt'
[0.697s] running build
[0.697s] running build_py
[0.697s] running install
[0.697s] running install_lib
[0.698s] running install_data
[0.698s] running install_egg_info
[0.700s] removing '/home/ryan/Desktop/FleetGlue/ros2_ws/install/poem_actions/lib/python3.10/site-packages/poem_actions-0.0.0-py3.10.egg-info' (and everything under it)
[0.700s] Copying ../../build/poem_actions/poem_actions.egg-info to /home/ryan/Desktop/FleetGlue/ros2_ws/install/poem_actions/lib/python3.10/site-packages/poem_actions-0.0.0-py3.10.egg-info
[0.701s] running install_scripts
[0.717s] Installing poems_client script to /home/ryan/Desktop/FleetGlue/ros2_ws/install/poem_actions/lib/poem_actions
[0.717s] Installing poems_server script to /home/ryan/Desktop/FleetGlue/ros2_ws/install/poem_actions/lib/poem_actions
[0.717s] writing list of installed files to '/home/ryan/Desktop/FleetGlue/ros2_ws/build/poem_actions/install.log'
[0.741s] Invoked command in '/home/ryan/Desktop/FleetGlue/ros2_ws/src/poem_actions' returned '0': CONDA_PROMPT_MODIFIER=(base) PYTHONPATH=/home/ryan/Desktop/FleetGlue/ros2_ws/build/poem_actions/prefix_override:/usr/lib/python3/dist-packages/colcon_core/task/python/colcon_distutils_commands:/home/ryan/Desktop/FleetGlue/ros2_ws/install/poem_actions/lib/python3.10/site-packages:${PYTHONPATH} /usr/bin/python3 -W ignore:setup.py install is deprecated setup.py egg_info --egg-base ../../build/poem_actions build --build-base /home/ryan/Desktop/FleetGlue/ros2_ws/build/poem_actions/build install --record /home/ryan/Desktop/FleetGlue/ros2_ws/build/poem_actions/install.log --single-version-externally-managed install_data
