[0.738s] Invoking command in '/home/ryan/Desktop/FleetGlue/ros2_ws/src/action_client': CONDA_PROMPT_MODIFIER=(base) PYTHONPATH=/home/ryan/Desktop/FleetGlue/ros2_ws/build/action_client/prefix_override:/usr/lib/python3/dist-packages/colcon_core/task/python/colcon_distutils_commands:/home/ryan/Desktop/FleetGlue/ros2_ws/install/action_client/lib/python3.10/site-packages:${PYTHONPATH} /usr/bin/python3 -W ignore:setup.py install is deprecated setup.py egg_info --egg-base ../../build/action_client build --build-base /home/ryan/Desktop/FleetGlue/ros2_ws/build/action_client/build install --record /home/ryan/Desktop/FleetGlue/ros2_ws/build/action_client/install.log --single-version-externally-managed install_data
[0.932s] running egg_info
[0.933s] writing ../../build/action_client/action_client.egg-info/PKG-INFO
[0.933s] writing dependency_links to ../../build/action_client/action_client.egg-info/dependency_links.txt
[0.934s] writing entry points to ../../build/action_client/action_client.egg-info/entry_points.txt
[0.934s] writing requirements to ../../build/action_client/action_client.egg-info/requires.txt
[0.934s] writing top-level names to ../../build/action_client/action_client.egg-info/top_level.txt
[0.935s] reading manifest file '../../build/action_client/action_client.egg-info/SOURCES.txt'
[0.936s] writing manifest file '../../build/action_client/action_client.egg-info/SOURCES.txt'
[0.936s] running build
[0.936s] running build_py
[0.936s] copying action_client/action_client.py -> /home/ryan/Desktop/FleetGlue/ros2_ws/build/action_client/build/lib/action_client
[0.936s] running install
[0.936s] running install_lib
[0.937s] copying /home/ryan/Desktop/FleetGlue/ros2_ws/build/action_client/build/lib/action_client/action_client.py -> /home/ryan/Desktop/FleetGlue/ros2_ws/install/action_client/lib/python3.10/site-packages/action_client
[0.938s] byte-compiling /home/ryan/Desktop/FleetGlue/ros2_ws/install/action_client/lib/python3.10/site-packages/action_client/action_client.py to action_client.cpython-310.pyc
[0.938s] running install_data
[0.938s] running install_egg_info
[0.940s] removing '/home/ryan/Desktop/FleetGlue/ros2_ws/install/action_client/lib/python3.10/site-packages/action_client-0.0.0-py3.10.egg-info' (and everything under it)
[0.940s] Copying ../../build/action_client/action_client.egg-info to /home/ryan/Desktop/FleetGlue/ros2_ws/install/action_client/lib/python3.10/site-packages/action_client-0.0.0-py3.10.egg-info
[0.941s] running install_scripts
[0.958s] Installing poems_client script to /home/ryan/Desktop/FleetGlue/ros2_ws/install/action_client/lib/action_client
[0.959s] writing list of installed files to '/home/ryan/Desktop/FleetGlue/ros2_ws/build/action_client/install.log'
[0.990s] Invoked command in '/home/ryan/Desktop/FleetGlue/ros2_ws/src/action_client' returned '0': CONDA_PROMPT_MODIFIER=(base) PYTHONPATH=/home/ryan/Desktop/FleetGlue/ros2_ws/build/action_client/prefix_override:/usr/lib/python3/dist-packages/colcon_core/task/python/colcon_distutils_commands:/home/ryan/Desktop/FleetGlue/ros2_ws/install/action_client/lib/python3.10/site-packages:${PYTHONPATH} /usr/bin/python3 -W ignore:setup.py install is deprecated setup.py egg_info --egg-base ../../build/action_client build --build-base /home/ryan/Desktop/FleetGlue/ros2_ws/build/action_client/build install --record /home/ryan/Desktop/FleetGlue/ros2_ws/build/action_client/install.log --single-version-externally-managed install_data
