[0.012s] Invoking command in '/home/ryan/Desktop/FleetGlue/ros2_ws/build/my_robot_interfaces': CMAKE_PREFIX_PATH=${CMAKE_PREFIX_PATH}:/home/ryan/Desktop/FleetGlue/ros2_ws/install/poem_actions:/home/ryan/ros2_ws/install/actions_py:/home/ryan/ros2_ws/install/my_py_pkg:/opt/ros/iron CONDA_PROMPT_MODIFIER=(base) /usr/bin/cmake /home/ryan/Desktop/FleetGlue/ros2_ws/src/poem_interfaces -DCMAKE_INSTALL_PREFIX=/home/ryan/Desktop/FleetGlue/ros2_ws/install/my_robot_interfaces
[0.060s] -- The C compiler identification is GNU 11.4.0
[0.106s] -- The CXX compiler identification is GNU 11.4.0
[0.112s] -- Detecting C compiler ABI info
[0.173s] -- Detecting C compiler ABI info - done
[0.179s] -- Check for working C compiler: /usr/bin/cc - skipped
[0.180s] -- Detecting C compile features
[0.180s] -- Detecting C compile features - done
[0.182s] -- Detecting CXX compiler ABI info
[0.255s] -- Detecting CXX compiler ABI info - done
[0.261s] -- Check for working CXX compiler: /usr/bin/c++ - skipped
[0.261s] -- Detecting CXX compile features
[0.261s] -- Detecting CXX compile features - done
[0.264s] -- Found ament_cmake: 2.0.6 (/opt/ros/iron/share/ament_cmake/cmake)
[0.423s] -- Found Python3: /usr/bin/python3.10 (found version "3.10.12") found components: Interpreter 
[0.500s] -- Found rosidl_default_generators: 1.5.0 (/opt/ros/iron/share/rosidl_default_generators/cmake)
[0.507s] -- Using all available rosidl_typesupport_c: rosidl_typesupport_fastrtps_c;rosidl_typesupport_introspection_c
[0.550s] -- Using all available rosidl_typesupport_cpp: rosidl_typesupport_fastrtps_cpp;rosidl_typesupport_introspection_cpp
[0.583s] -- Found rosidl_adapter: 4.0.1 (/opt/ros/iron/share/rosidl_adapter/cmake)
[0.962s] -- Found ament_cmake_ros: 0.11.2 (/opt/ros/iron/share/ament_cmake_ros/cmake)
[1.121s] -- Using all available rosidl_typesupport_c: rosidl_typesupport_fastrtps_c;rosidl_typesupport_introspection_c
[1.321s] -- Using all available rosidl_typesupport_cpp: rosidl_typesupport_fastrtps_cpp;rosidl_typesupport_introspection_cpp
[1.341s] -- Found PythonInterp: /home/ryan/anaconda3/bin/python3 (found suitable version "3.11.7", minimum required is "3.6") 
[1.343s] -- Found python_cmake_module: 0.10.2 (/opt/ros/iron/share/python_cmake_module/cmake)
[1.363s] -- Found PythonLibs: /home/ryan/anaconda3/lib/libpython3.11.so (found suitable version "3.11.7", minimum required is "3.5") 
[1.363s] -- Using PYTHON_EXECUTABLE: /home/ryan/anaconda3/bin/python3
[1.363s] -- Using PYTHON_INCLUDE_DIRS: /home/ryan/anaconda3/include/python3.11
[1.363s] -- Using PYTHON_LIBRARIES: /home/ryan/anaconda3/lib/libpython3.11.so
[1.380s] -- Found PythonExtra: .so  
[1.497s] -- Using numpy include directory: /home/ryan/anaconda3/lib/python3.11/site-packages/numpy/core/include
[1.509s] -- Found ament_lint_auto: 0.14.4 (/opt/ros/iron/share/ament_lint_auto/cmake)
[1.526s] -- Added test 'lint_cmake' to check CMake code style
[1.527s] -- Added test 'xmllint' to check XML markup files
[1.529s] -- Configuring done
[1.567s] -- Generating done
[1.571s] -- Build files have been written to: /home/ryan/Desktop/FleetGlue/ros2_ws/build/my_robot_interfaces
[1.581s] Invoked command in '/home/ryan/Desktop/FleetGlue/ros2_ws/build/my_robot_interfaces' returned '0': CMAKE_PREFIX_PATH=${CMAKE_PREFIX_PATH}:/home/ryan/Desktop/FleetGlue/ros2_ws/install/poem_actions:/home/ryan/ros2_ws/install/actions_py:/home/ryan/ros2_ws/install/my_py_pkg:/opt/ros/iron CONDA_PROMPT_MODIFIER=(base) /usr/bin/cmake /home/ryan/Desktop/FleetGlue/ros2_ws/src/poem_interfaces -DCMAKE_INSTALL_PREFIX=/home/ryan/Desktop/FleetGlue/ros2_ws/install/my_robot_interfaces
[1.583s] Invoking command in '/home/ryan/Desktop/FleetGlue/ros2_ws/build/my_robot_interfaces': CMAKE_PREFIX_PATH=${CMAKE_PREFIX_PATH}:/home/ryan/Desktop/FleetGlue/ros2_ws/install/poem_actions:/home/ryan/ros2_ws/install/actions_py:/home/ryan/ros2_ws/install/my_py_pkg:/opt/ros/iron CONDA_PROMPT_MODIFIER=(base) /usr/bin/cmake --build /home/ryan/Desktop/FleetGlue/ros2_ws/build/my_robot_interfaces -- -j16 -l16
[1.628s] [  2%] [34m[1mGenerating type hashes for ROS interfaces[0m
[1.636s] [  2%] Built target ament_cmake_python_copy_my_robot_interfaces
[1.801s] [  2%] Built target my_robot_interfaces__rosidl_generator_type_description
[1.811s] [  5%] [34m[1mGenerating C code for ROS interfaces[0m
[1.822s] [  8%] [34m[1mGenerating C++ code for ROS interfaces[0m
[1.851s] running egg_info
[1.852s] creating my_robot_interfaces.egg-info
[1.852s] writing my_robot_interfaces.egg-info/PKG-INFO
[1.852s] writing dependency_links to my_robot_interfaces.egg-info/dependency_links.txt
[1.852s] writing top-level names to my_robot_interfaces.egg-info/top_level.txt
[1.852s] writing manifest file 'my_robot_interfaces.egg-info/SOURCES.txt'
[1.854s] reading manifest file 'my_robot_interfaces.egg-info/SOURCES.txt'
[1.854s] writing manifest file 'my_robot_interfaces.egg-info/SOURCES.txt'
[1.886s] [  8%] Built target ament_cmake_python_build_my_robot_interfaces_egg
[2.208s] [  8%] Built target my_robot_interfaces__cpp
[2.219s] [ 17%] [32mBuilding C object CMakeFiles/my_robot_interfaces__rosidl_generator_c.dir/rosidl_generator_c/my_robot_interfaces/action/detail/poem__description.c.o[0m
[2.219s] [ 17%] [32mBuilding C object CMakeFiles/my_robot_interfaces__rosidl_generator_c.dir/rosidl_generator_c/my_robot_interfaces/action/detail/poem__functions.c.o[0m
[2.219s] [ 17%] [32mBuilding C object CMakeFiles/my_robot_interfaces__rosidl_generator_c.dir/rosidl_generator_c/my_robot_interfaces/action/detail/poem__type_support.c.o[0m
[2.330s] [ 20%] [32m[1mLinking C shared library libmy_robot_interfaces__rosidl_generator_c.so[0m
[2.364s] [ 20%] Built target my_robot_interfaces__rosidl_generator_c
[2.374s] [ 38%] [34m[1mGenerating C introspection for ROS interfaces[0m
[2.374s] [ 38%] [34m[1mGenerating C type support dispatch for ROS interfaces[0m
[2.375s] [ 38%] [34m[1mGenerating C type support for eProsima Fast-RTPS[0m
[2.375s] [ 38%] [34m[1mGenerating C++ type support for eProsima Fast-RTPS[0m
[2.375s] [ 38%] [34m[1mGenerating C++ type support dispatch for ROS interfaces[0m
[2.375s] [ 38%] [34m[1mGenerating C++ introspection for ROS interfaces[0m
[2.655s] [ 44%] [32mBuilding CXX object CMakeFiles/my_robot_interfaces__rosidl_typesupport_c.dir/rosidl_typesupport_c/my_robot_interfaces/action/poem__type_support.cpp.o[0m
[2.655s] [ 44%] [32mBuilding CXX object CMakeFiles/my_robot_interfaces__rosidl_typesupport_cpp.dir/rosidl_typesupport_cpp/my_robot_interfaces/action/poem__type_support.cpp.o[0m
[2.708s] [ 47%] [32m[1mLinking CXX shared library libmy_robot_interfaces__rosidl_typesupport_c.so[0m
[2.718s] [ 50%] [32mBuilding CXX object CMakeFiles/my_robot_interfaces__rosidl_typesupport_introspection_cpp.dir/rosidl_typesupport_introspection_cpp/my_robot_interfaces/action/detail/poem__type_support.cpp.o[0m
[2.740s] [ 52%] [32mBuilding C object CMakeFiles/my_robot_interfaces__rosidl_typesupport_introspection_c.dir/rosidl_typesupport_introspection_c/my_robot_interfaces/action/detail/poem__type_support.c.o[0m
[2.755s] [ 52%] Built target my_robot_interfaces__rosidl_typesupport_c
[2.775s] [ 55%] [32mBuilding CXX object CMakeFiles/my_robot_interfaces__rosidl_typesupport_fastrtps_c.dir/rosidl_typesupport_fastrtps_c/my_robot_interfaces/action/detail/poem__type_support_c.cpp.o[0m
[2.780s] [ 58%] [32mBuilding CXX object CMakeFiles/my_robot_interfaces__rosidl_typesupport_fastrtps_cpp.dir/rosidl_typesupport_fastrtps_cpp/my_robot_interfaces/action/detail/dds_fastrtps/poem__type_support.cpp.o[0m
[2.800s] [ 61%] [32m[1mLinking C shared library libmy_robot_interfaces__rosidl_typesupport_introspection_c.so[0m
[2.835s] [ 61%] Built target my_robot_interfaces__rosidl_typesupport_introspection_c
[3.120s] [ 64%] [32m[1mLinking CXX shared library libmy_robot_interfaces__rosidl_typesupport_fastrtps_c.so[0m
[3.197s] [ 64%] Built target my_robot_interfaces__rosidl_typesupport_fastrtps_c
[3.300s] [ 67%] [32m[1mLinking CXX shared library libmy_robot_interfaces__rosidl_typesupport_cpp.so[0m
[3.372s] [ 67%] Built target my_robot_interfaces__rosidl_typesupport_cpp
[3.452s] [ 70%] [32m[1mLinking CXX shared library libmy_robot_interfaces__rosidl_typesupport_introspection_cpp.so[0m
[3.525s] [ 70%] Built target my_robot_interfaces__rosidl_typesupport_introspection_cpp
[3.564s] [ 73%] [32m[1mLinking CXX shared library libmy_robot_interfaces__rosidl_typesupport_fastrtps_cpp.so[0m
[3.634s] [ 73%] Built target my_robot_interfaces__rosidl_typesupport_fastrtps_cpp
[3.653s] [ 73%] Built target my_robot_interfaces
[3.670s] [ 76%] [34m[1mGenerating Python code for ROS interfaces[0m
[4.141s] [ 76%] Built target my_robot_interfaces__py
[4.160s] [ 79%] [32mBuilding C object CMakeFiles/my_robot_interfaces__rosidl_generator_py.dir/rosidl_generator_py/my_robot_interfaces/action/_poem_s.c.o[0m
[4.278s] [ 82%] [32m[1mLinking C shared library rosidl_generator_py/my_robot_interfaces/libmy_robot_interfaces__rosidl_generator_py.so[0m
[4.314s] [ 82%] Built target my_robot_interfaces__rosidl_generator_py
[4.333s] [ 91%] [32mBuilding C object CMakeFiles/my_robot_interfaces__rosidl_typesupport_introspection_c__pyext.dir/rosidl_generator_py/my_robot_interfaces/_my_robot_interfaces_s.ep.rosidl_typesupport_introspection_c.c.o[0m
[4.333s] [ 91%] [32mBuilding C object CMakeFiles/my_robot_interfaces__rosidl_typesupport_c__pyext.dir/rosidl_generator_py/my_robot_interfaces/_my_robot_interfaces_s.ep.rosidl_typesupport_c.c.o[0m
[4.333s] [ 91%] [32mBuilding C object CMakeFiles/my_robot_interfaces__rosidl_typesupport_fastrtps_c__pyext.dir/rosidl_generator_py/my_robot_interfaces/_my_robot_interfaces_s.ep.rosidl_typesupport_fastrtps_c.c.o[0m
[4.437s] [ 94%] [32m[1mLinking C shared library rosidl_generator_py/my_robot_interfaces/my_robot_interfaces_s__rosidl_typesupport_c.cpython-311-x86_64-linux-gnu.so[0m
[4.438s] [ 97%] [32m[1mLinking C shared library rosidl_generator_py/my_robot_interfaces/my_robot_interfaces_s__rosidl_typesupport_introspection_c.cpython-311-x86_64-linux-gnu.so[0m
[4.441s] [100%] [32m[1mLinking C shared library rosidl_generator_py/my_robot_interfaces/my_robot_interfaces_s__rosidl_typesupport_fastrtps_c.cpython-311-x86_64-linux-gnu.so[0m
[4.476s] [100%] Built target my_robot_interfaces__rosidl_typesupport_introspection_c__pyext
[4.476s] [100%] Built target my_robot_interfaces__rosidl_typesupport_c__pyext
[4.476s] [100%] Built target my_robot_interfaces__rosidl_typesupport_fastrtps_c__pyext
[4.487s] Invoked command in '/home/ryan/Desktop/FleetGlue/ros2_ws/build/my_robot_interfaces' returned '0': CMAKE_PREFIX_PATH=${CMAKE_PREFIX_PATH}:/home/ryan/Desktop/FleetGlue/ros2_ws/install/poem_actions:/home/ryan/ros2_ws/install/actions_py:/home/ryan/ros2_ws/install/my_py_pkg:/opt/ros/iron CONDA_PROMPT_MODIFIER=(base) /usr/bin/cmake --build /home/ryan/Desktop/FleetGlue/ros2_ws/build/my_robot_interfaces -- -j16 -l16
[4.556s] Invoking command in '/home/ryan/Desktop/FleetGlue/ros2_ws/build/my_robot_interfaces': CMAKE_PREFIX_PATH=${CMAKE_PREFIX_PATH}:/home/ryan/Desktop/FleetGlue/ros2_ws/install/poem_actions:/home/ryan/ros2_ws/install/actions_py:/home/ryan/ros2_ws/install/my_py_pkg:/opt/ros/iron CONDA_PROMPT_MODIFIER=(base) /usr/bin/cmake --install /home/ryan/Desktop/FleetGlue/ros2_ws/build/my_robot_interfaces
[4.564s] -- Install configuration: ""
[4.564s] -- Installing: /home/ryan/Desktop/FleetGlue/ros2_ws/install/my_robot_interfaces/share/ament_index/resource_index/rosidl_interfaces/my_robot_interfaces
[4.564s] -- Installing: /home/ryan/Desktop/FleetGlue/ros2_ws/install/my_robot_interfaces/share/my_robot_interfaces/action/Poem.json
[4.564s] -- Up-to-date: /home/ryan/Desktop/FleetGlue/ros2_ws/install/my_robot_interfaces/include/my_robot_interfaces/my_robot_interfaces
[4.564s] -- Up-to-date: /home/ryan/Desktop/FleetGlue/ros2_ws/install/my_robot_interfaces/include/my_robot_interfaces/my_robot_interfaces/action
[4.564s] -- Up-to-date: /home/ryan/Desktop/FleetGlue/ros2_ws/install/my_robot_interfaces/include/my_robot_interfaces/my_robot_interfaces/action/detail
[4.564s] -- Installing: /home/ryan/Desktop/FleetGlue/ros2_ws/install/my_robot_interfaces/include/my_robot_interfaces/my_robot_interfaces/action/detail/poem__functions.h
[4.565s] -- Installing: /home/ryan/Desktop/FleetGlue/ros2_ws/install/my_robot_interfaces/include/my_robot_interfaces/my_robot_interfaces/action/detail/poem__type_support.c
[4.565s] -- Installing: /home/ryan/Desktop/FleetGlue/ros2_ws/install/my_robot_interfaces/include/my_robot_interfaces/my_robot_interfaces/action/detail/poem__functions.c
[4.565s] -- Installing: /home/ryan/Desktop/FleetGlue/ros2_ws/install/my_robot_interfaces/include/my_robot_interfaces/my_robot_interfaces/action/detail/poem__type_support.h
[4.565s] -- Installing: /home/ryan/Desktop/FleetGlue/ros2_ws/install/my_robot_interfaces/include/my_robot_interfaces/my_robot_interfaces/action/detail/poem__struct.h
[4.565s] -- Installing: /home/ryan/Desktop/FleetGlue/ros2_ws/install/my_robot_interfaces/include/my_robot_interfaces/my_robot_interfaces/action/detail/poem__description.c
[4.566s] -- Installing: /home/ryan/Desktop/FleetGlue/ros2_ws/install/my_robot_interfaces/include/my_robot_interfaces/my_robot_interfaces/action/poem.h
[4.566s] -- Up-to-date: /home/ryan/Desktop/FleetGlue/ros2_ws/install/my_robot_interfaces/include/my_robot_interfaces/my_robot_interfaces/msg
[4.566s] -- Installing: /home/ryan/Desktop/FleetGlue/ros2_ws/install/my_robot_interfaces/include/my_robot_interfaces/my_robot_interfaces/msg/rosidl_generator_c__visibility_control.h
[4.566s] -- Up-to-date: /home/ryan/Desktop/FleetGlue/ros2_ws/install/my_robot_interfaces/share/my_robot_interfaces/environment/library_path.sh
[4.566s] -- Installing: /home/ryan/Desktop/FleetGlue/ros2_ws/install/my_robot_interfaces/share/my_robot_interfaces/environment/library_path.dsv
[4.566s] -- Installing: /home/ryan/Desktop/FleetGlue/ros2_ws/install/my_robot_interfaces/lib/libmy_robot_interfaces__rosidl_generator_c.so
[4.567s] -- Set runtime path of "/home/ryan/Desktop/FleetGlue/ros2_ws/install/my_robot_interfaces/lib/libmy_robot_interfaces__rosidl_generator_c.so" to ""
[4.567s] -- Up-to-date: /home/ryan/Desktop/FleetGlue/ros2_ws/install/my_robot_interfaces/include/my_robot_interfaces/my_robot_interfaces
[4.567s] -- Up-to-date: /home/ryan/Desktop/FleetGlue/ros2_ws/install/my_robot_interfaces/include/my_robot_interfaces/my_robot_interfaces/action
[4.567s] -- Up-to-date: /home/ryan/Desktop/FleetGlue/ros2_ws/install/my_robot_interfaces/include/my_robot_interfaces/my_robot_interfaces/action/detail
[4.567s] -- Installing: /home/ryan/Desktop/FleetGlue/ros2_ws/install/my_robot_interfaces/include/my_robot_interfaces/my_robot_interfaces/action/detail/poem__rosidl_typesupport_fastrtps_c.h
[4.567s] -- Up-to-date: /home/ryan/Desktop/FleetGlue/ros2_ws/install/my_robot_interfaces/include/my_robot_interfaces/my_robot_interfaces/msg
[4.567s] -- Installing: /home/ryan/Desktop/FleetGlue/ros2_ws/install/my_robot_interfaces/include/my_robot_interfaces/my_robot_interfaces/msg/rosidl_typesupport_fastrtps_c__visibility_control.h
[4.568s] -- Installing: /home/ryan/Desktop/FleetGlue/ros2_ws/install/my_robot_interfaces/lib/libmy_robot_interfaces__rosidl_typesupport_fastrtps_c.so
[4.568s] -- Set runtime path of "/home/ryan/Desktop/FleetGlue/ros2_ws/install/my_robot_interfaces/lib/libmy_robot_interfaces__rosidl_typesupport_fastrtps_c.so" to ""
[4.568s] -- Up-to-date: /home/ryan/Desktop/FleetGlue/ros2_ws/install/my_robot_interfaces/include/my_robot_interfaces/my_robot_interfaces
[4.568s] -- Up-to-date: /home/ryan/Desktop/FleetGlue/ros2_ws/install/my_robot_interfaces/include/my_robot_interfaces/my_robot_interfaces/action
[4.568s] -- Up-to-date: /home/ryan/Desktop/FleetGlue/ros2_ws/install/my_robot_interfaces/include/my_robot_interfaces/my_robot_interfaces/action/detail
[4.568s] -- Installing: /home/ryan/Desktop/FleetGlue/ros2_ws/install/my_robot_interfaces/include/my_robot_interfaces/my_robot_interfaces/action/detail/poem__rosidl_typesupport_introspection_c.h
[4.569s] -- Installing: /home/ryan/Desktop/FleetGlue/ros2_ws/install/my_robot_interfaces/include/my_robot_interfaces/my_robot_interfaces/action/detail/poem__type_support.c
[4.569s] -- Up-to-date: /home/ryan/Desktop/FleetGlue/ros2_ws/install/my_robot_interfaces/include/my_robot_interfaces/my_robot_interfaces/msg
[4.569s] -- Installing: /home/ryan/Desktop/FleetGlue/ros2_ws/install/my_robot_interfaces/include/my_robot_interfaces/my_robot_interfaces/msg/rosidl_typesupport_introspection_c__visibility_control.h
[4.569s] -- Installing: /home/ryan/Desktop/FleetGlue/ros2_ws/install/my_robot_interfaces/lib/libmy_robot_interfaces__rosidl_typesupport_introspection_c.so
[4.570s] -- Set runtime path of "/home/ryan/Desktop/FleetGlue/ros2_ws/install/my_robot_interfaces/lib/libmy_robot_interfaces__rosidl_typesupport_introspection_c.so" to ""
[4.570s] -- Installing: /home/ryan/Desktop/FleetGlue/ros2_ws/install/my_robot_interfaces/lib/libmy_robot_interfaces__rosidl_typesupport_c.so
[4.570s] -- Set runtime path of "/home/ryan/Desktop/FleetGlue/ros2_ws/install/my_robot_interfaces/lib/libmy_robot_interfaces__rosidl_typesupport_c.so" to ""
[4.570s] -- Up-to-date: /home/ryan/Desktop/FleetGlue/ros2_ws/install/my_robot_interfaces/include/my_robot_interfaces/my_robot_interfaces
[4.570s] -- Up-to-date: /home/ryan/Desktop/FleetGlue/ros2_ws/install/my_robot_interfaces/include/my_robot_interfaces/my_robot_interfaces/action
[4.570s] -- Up-to-date: /home/ryan/Desktop/FleetGlue/ros2_ws/install/my_robot_interfaces/include/my_robot_interfaces/my_robot_interfaces/action/detail
[4.570s] -- Installing: /home/ryan/Desktop/FleetGlue/ros2_ws/install/my_robot_interfaces/include/my_robot_interfaces/my_robot_interfaces/action/detail/poem__struct.hpp
[4.570s] -- Installing: /home/ryan/Desktop/FleetGlue/ros2_ws/install/my_robot_interfaces/include/my_robot_interfaces/my_robot_interfaces/action/detail/poem__traits.hpp
[4.571s] -- Installing: /home/ryan/Desktop/FleetGlue/ros2_ws/install/my_robot_interfaces/include/my_robot_interfaces/my_robot_interfaces/action/detail/poem__builder.hpp
[4.571s] -- Installing: /home/ryan/Desktop/FleetGlue/ros2_ws/install/my_robot_interfaces/include/my_robot_interfaces/my_robot_interfaces/action/poem.hpp
[4.571s] -- Up-to-date: /home/ryan/Desktop/FleetGlue/ros2_ws/install/my_robot_interfaces/include/my_robot_interfaces/my_robot_interfaces
[4.571s] -- Up-to-date: /home/ryan/Desktop/FleetGlue/ros2_ws/install/my_robot_interfaces/include/my_robot_interfaces/my_robot_interfaces/action
[4.571s] -- Up-to-date: /home/ryan/Desktop/FleetGlue/ros2_ws/install/my_robot_interfaces/include/my_robot_interfaces/my_robot_interfaces/action/detail
[4.571s] -- Installing: /home/ryan/Desktop/FleetGlue/ros2_ws/install/my_robot_interfaces/include/my_robot_interfaces/my_robot_interfaces/action/detail/poem__rosidl_typesupport_fastrtps_cpp.hpp
[4.571s] -- Up-to-date: /home/ryan/Desktop/FleetGlue/ros2_ws/install/my_robot_interfaces/include/my_robot_interfaces/my_robot_interfaces/action/detail/dds_fastrtps
[4.571s] -- Up-to-date: /home/ryan/Desktop/FleetGlue/ros2_ws/install/my_robot_interfaces/include/my_robot_interfaces/my_robot_interfaces/msg
[4.571s] -- Installing: /home/ryan/Desktop/FleetGlue/ros2_ws/install/my_robot_interfaces/include/my_robot_interfaces/my_robot_interfaces/msg/rosidl_typesupport_fastrtps_cpp__visibility_control.h
[4.572s] -- Installing: /home/ryan/Desktop/FleetGlue/ros2_ws/install/my_robot_interfaces/lib/libmy_robot_interfaces__rosidl_typesupport_fastrtps_cpp.so
[4.573s] -- Set runtime path of "/home/ryan/Desktop/FleetGlue/ros2_ws/install/my_robot_interfaces/lib/libmy_robot_interfaces__rosidl_typesupport_fastrtps_cpp.so" to ""
[4.573s] -- Up-to-date: /home/ryan/Desktop/FleetGlue/ros2_ws/install/my_robot_interfaces/include/my_robot_interfaces/my_robot_interfaces
[4.573s] -- Up-to-date: /home/ryan/Desktop/FleetGlue/ros2_ws/install/my_robot_interfaces/include/my_robot_interfaces/my_robot_interfaces/action
[4.573s] -- Up-to-date: /home/ryan/Desktop/FleetGlue/ros2_ws/install/my_robot_interfaces/include/my_robot_interfaces/my_robot_interfaces/action/detail
[4.573s] -- Installing: /home/ryan/Desktop/FleetGlue/ros2_ws/install/my_robot_interfaces/include/my_robot_interfaces/my_robot_interfaces/action/detail/poem__rosidl_typesupport_introspection_cpp.hpp
[4.573s] -- Installing: /home/ryan/Desktop/FleetGlue/ros2_ws/install/my_robot_interfaces/include/my_robot_interfaces/my_robot_interfaces/action/detail/poem__type_support.cpp
[4.573s] -- Installing: /home/ryan/Desktop/FleetGlue/ros2_ws/install/my_robot_interfaces/lib/libmy_robot_interfaces__rosidl_typesupport_introspection_cpp.so
[4.574s] -- Set runtime path of "/home/ryan/Desktop/FleetGlue/ros2_ws/install/my_robot_interfaces/lib/libmy_robot_interfaces__rosidl_typesupport_introspection_cpp.so" to ""
[4.574s] -- Installing: /home/ryan/Desktop/FleetGlue/ros2_ws/install/my_robot_interfaces/lib/libmy_robot_interfaces__rosidl_typesupport_cpp.so
[4.575s] -- Set runtime path of "/home/ryan/Desktop/FleetGlue/ros2_ws/install/my_robot_interfaces/lib/libmy_robot_interfaces__rosidl_typesupport_cpp.so" to ""
[4.575s] -- Installing: /home/ryan/Desktop/FleetGlue/ros2_ws/install/my_robot_interfaces/share/my_robot_interfaces/environment/pythonpath.sh
[4.575s] -- Installing: /home/ryan/Desktop/FleetGlue/ros2_ws/install/my_robot_interfaces/share/my_robot_interfaces/environment/pythonpath.dsv
[4.576s] -- Up-to-date: /home/ryan/Desktop/FleetGlue/ros2_ws/install/my_robot_interfaces/lib/python3.10/site-packages/my_robot_interfaces-0.0.0-py3.10.egg-info
[4.576s] -- Installing: /home/ryan/Desktop/FleetGlue/ros2_ws/install/my_robot_interfaces/lib/python3.10/site-packages/my_robot_interfaces-0.0.0-py3.10.egg-info/dependency_links.txt
[4.576s] -- Installing: /home/ryan/Desktop/FleetGlue/ros2_ws/install/my_robot_interfaces/lib/python3.10/site-packages/my_robot_interfaces-0.0.0-py3.10.egg-info/SOURCES.txt
[4.576s] -- Installing: /home/ryan/Desktop/FleetGlue/ros2_ws/install/my_robot_interfaces/lib/python3.10/site-packages/my_robot_interfaces-0.0.0-py3.10.egg-info/top_level.txt
[4.576s] -- Installing: /home/ryan/Desktop/FleetGlue/ros2_ws/install/my_robot_interfaces/lib/python3.10/site-packages/my_robot_interfaces-0.0.0-py3.10.egg-info/PKG-INFO
[4.576s] -- Up-to-date: /home/ryan/Desktop/FleetGlue/ros2_ws/install/my_robot_interfaces/lib/python3.10/site-packages/my_robot_interfaces
[4.576s] -- Installing: /home/ryan/Desktop/FleetGlue/ros2_ws/install/my_robot_interfaces/lib/python3.10/site-packages/my_robot_interfaces/my_robot_interfaces_s__rosidl_typesupport_c.cpython-311-x86_64-linux-gnu.so
[4.577s] -- Installing: /home/ryan/Desktop/FleetGlue/ros2_ws/install/my_robot_interfaces/lib/python3.10/site-packages/my_robot_interfaces/libmy_robot_interfaces__rosidl_generator_py.so
[4.577s] -- Installing: /home/ryan/Desktop/FleetGlue/ros2_ws/install/my_robot_interfaces/lib/python3.10/site-packages/my_robot_interfaces/_my_robot_interfaces_s.ep.rosidl_typesupport_fastrtps_c.c
[4.577s] -- Installing: /home/ryan/Desktop/FleetGlue/ros2_ws/install/my_robot_interfaces/lib/python3.10/site-packages/my_robot_interfaces/__init__.py
[4.577s] -- Installing: /home/ryan/Desktop/FleetGlue/ros2_ws/install/my_robot_interfaces/lib/python3.10/site-packages/my_robot_interfaces/_my_robot_interfaces_s.ep.rosidl_typesupport_c.c
[4.577s] -- Installing: /home/ryan/Desktop/FleetGlue/ros2_ws/install/my_robot_interfaces/lib/python3.10/site-packages/my_robot_interfaces/my_robot_interfaces_s__rosidl_typesupport_fastrtps_c.cpython-311-x86_64-linux-gnu.so
[4.578s] -- Up-to-date: /home/ryan/Desktop/FleetGlue/ros2_ws/install/my_robot_interfaces/lib/python3.10/site-packages/my_robot_interfaces/action
[4.578s] -- Installing: /home/ryan/Desktop/FleetGlue/ros2_ws/install/my_robot_interfaces/lib/python3.10/site-packages/my_robot_interfaces/action/_poem.py
[4.578s] -- Installing: /home/ryan/Desktop/FleetGlue/ros2_ws/install/my_robot_interfaces/lib/python3.10/site-packages/my_robot_interfaces/action/__init__.py
[4.578s] -- Installing: /home/ryan/Desktop/FleetGlue/ros2_ws/install/my_robot_interfaces/lib/python3.10/site-packages/my_robot_interfaces/action/_poem_s.c
[4.578s] -- Installing: /home/ryan/Desktop/FleetGlue/ros2_ws/install/my_robot_interfaces/lib/python3.10/site-packages/my_robot_interfaces/my_robot_interfaces_s__rosidl_typesupport_introspection_c.cpython-311-x86_64-linux-gnu.so
[4.579s] -- Installing: /home/ryan/Desktop/FleetGlue/ros2_ws/install/my_robot_interfaces/lib/python3.10/site-packages/my_robot_interfaces/_my_robot_interfaces_s.ep.rosidl_typesupport_introspection_c.c
[4.612s] Listing '/home/ryan/Desktop/FleetGlue/ros2_ws/install/my_robot_interfaces/lib/python3.10/site-packages/my_robot_interfaces'...
[4.612s] Compiling '/home/ryan/Desktop/FleetGlue/ros2_ws/install/my_robot_interfaces/lib/python3.10/site-packages/my_robot_interfaces/__init__.py'...
[4.613s] Listing '/home/ryan/Desktop/FleetGlue/ros2_ws/install/my_robot_interfaces/lib/python3.10/site-packages/my_robot_interfaces/action'...
[4.613s] Compiling '/home/ryan/Desktop/FleetGlue/ros2_ws/install/my_robot_interfaces/lib/python3.10/site-packages/my_robot_interfaces/action/__init__.py'...
[4.613s] Compiling '/home/ryan/Desktop/FleetGlue/ros2_ws/install/my_robot_interfaces/lib/python3.10/site-packages/my_robot_interfaces/action/_poem.py'...
[4.616s] -- Installing: /home/ryan/Desktop/FleetGlue/ros2_ws/install/my_robot_interfaces/lib/python3.10/site-packages/my_robot_interfaces/my_robot_interfaces_s__rosidl_typesupport_fastrtps_c.cpython-311-x86_64-linux-gnu.so
[4.616s] -- Set runtime path of "/home/ryan/Desktop/FleetGlue/ros2_ws/install/my_robot_interfaces/lib/python3.10/site-packages/my_robot_interfaces/my_robot_interfaces_s__rosidl_typesupport_fastrtps_c.cpython-311-x86_64-linux-gnu.so" to ""
[4.617s] -- Installing: /home/ryan/Desktop/FleetGlue/ros2_ws/install/my_robot_interfaces/lib/python3.10/site-packages/my_robot_interfaces/my_robot_interfaces_s__rosidl_typesupport_introspection_c.cpython-311-x86_64-linux-gnu.so
[4.617s] -- Set runtime path of "/home/ryan/Desktop/FleetGlue/ros2_ws/install/my_robot_interfaces/lib/python3.10/site-packages/my_robot_interfaces/my_robot_interfaces_s__rosidl_typesupport_introspection_c.cpython-311-x86_64-linux-gnu.so" to ""
[4.617s] -- Installing: /home/ryan/Desktop/FleetGlue/ros2_ws/install/my_robot_interfaces/lib/python3.10/site-packages/my_robot_interfaces/my_robot_interfaces_s__rosidl_typesupport_c.cpython-311-x86_64-linux-gnu.so
[4.618s] -- Set runtime path of "/home/ryan/Desktop/FleetGlue/ros2_ws/install/my_robot_interfaces/lib/python3.10/site-packages/my_robot_interfaces/my_robot_interfaces_s__rosidl_typesupport_c.cpython-311-x86_64-linux-gnu.so" to ""
[4.618s] -- Installing: /home/ryan/Desktop/FleetGlue/ros2_ws/install/my_robot_interfaces/lib/libmy_robot_interfaces__rosidl_generator_py.so
[4.618s] -- Set runtime path of "/home/ryan/Desktop/FleetGlue/ros2_ws/install/my_robot_interfaces/lib/libmy_robot_interfaces__rosidl_generator_py.so" to ""
[4.618s] -- Installing: /home/ryan/Desktop/FleetGlue/ros2_ws/install/my_robot_interfaces/share/my_robot_interfaces/action/Poem.idl
[4.618s] -- Up-to-date: /home/ryan/Desktop/FleetGlue/ros2_ws/install/my_robot_interfaces/share/my_robot_interfaces/action/Poem.action
[4.618s] -- Installing: /home/ryan/Desktop/FleetGlue/ros2_ws/install/my_robot_interfaces/share/ament_index/resource_index/package_run_dependencies/my_robot_interfaces
[4.619s] -- Installing: /home/ryan/Desktop/FleetGlue/ros2_ws/install/my_robot_interfaces/share/ament_index/resource_index/parent_prefix_path/my_robot_interfaces
[4.619s] -- Up-to-date: /home/ryan/Desktop/FleetGlue/ros2_ws/install/my_robot_interfaces/share/my_robot_interfaces/environment/ament_prefix_path.sh
[4.619s] -- Installing: /home/ryan/Desktop/FleetGlue/ros2_ws/install/my_robot_interfaces/share/my_robot_interfaces/environment/ament_prefix_path.dsv
[4.619s] -- Up-to-date: /home/ryan/Desktop/FleetGlue/ros2_ws/install/my_robot_interfaces/share/my_robot_interfaces/environment/path.sh
[4.619s] -- Installing: /home/ryan/Desktop/FleetGlue/ros2_ws/install/my_robot_interfaces/share/my_robot_interfaces/environment/path.dsv
[4.620s] -- Installing: /home/ryan/Desktop/FleetGlue/ros2_ws/install/my_robot_interfaces/share/my_robot_interfaces/local_setup.bash
[4.620s] -- Installing: /home/ryan/Desktop/FleetGlue/ros2_ws/install/my_robot_interfaces/share/my_robot_interfaces/local_setup.sh
[4.620s] -- Installing: /home/ryan/Desktop/FleetGlue/ros2_ws/install/my_robot_interfaces/share/my_robot_interfaces/local_setup.zsh
[4.620s] -- Installing: /home/ryan/Desktop/FleetGlue/ros2_ws/install/my_robot_interfaces/share/my_robot_interfaces/local_setup.dsv
[4.620s] -- Installing: /home/ryan/Desktop/FleetGlue/ros2_ws/install/my_robot_interfaces/share/my_robot_interfaces/package.dsv
[4.621s] -- Installing: /home/ryan/Desktop/FleetGlue/ros2_ws/install/my_robot_interfaces/share/ament_index/resource_index/packages/my_robot_interfaces
[4.621s] -- Installing: /home/ryan/Desktop/FleetGlue/ros2_ws/install/my_robot_interfaces/share/my_robot_interfaces/cmake/export_my_robot_interfaces__rosidl_generator_cExport.cmake
[4.621s] -- Installing: /home/ryan/Desktop/FleetGlue/ros2_ws/install/my_robot_interfaces/share/my_robot_interfaces/cmake/export_my_robot_interfaces__rosidl_generator_cExport-noconfig.cmake
[4.621s] -- Installing: /home/ryan/Desktop/FleetGlue/ros2_ws/install/my_robot_interfaces/share/my_robot_interfaces/cmake/export_my_robot_interfaces__rosidl_typesupport_fastrtps_cExport.cmake
[4.621s] -- Installing: /home/ryan/Desktop/FleetGlue/ros2_ws/install/my_robot_interfaces/share/my_robot_interfaces/cmake/export_my_robot_interfaces__rosidl_typesupport_fastrtps_cExport-noconfig.cmake
[4.622s] -- Installing: /home/ryan/Desktop/FleetGlue/ros2_ws/install/my_robot_interfaces/share/my_robot_interfaces/cmake/my_robot_interfaces__rosidl_typesupport_introspection_cExport.cmake
[4.622s] -- Installing: /home/ryan/Desktop/FleetGlue/ros2_ws/install/my_robot_interfaces/share/my_robot_interfaces/cmake/my_robot_interfaces__rosidl_typesupport_introspection_cExport-noconfig.cmake
[4.622s] -- Installing: /home/ryan/Desktop/FleetGlue/ros2_ws/install/my_robot_interfaces/share/my_robot_interfaces/cmake/my_robot_interfaces__rosidl_typesupport_cExport.cmake
[4.622s] -- Installing: /home/ryan/Desktop/FleetGlue/ros2_ws/install/my_robot_interfaces/share/my_robot_interfaces/cmake/my_robot_interfaces__rosidl_typesupport_cExport-noconfig.cmake
[4.622s] -- Installing: /home/ryan/Desktop/FleetGlue/ros2_ws/install/my_robot_interfaces/share/my_robot_interfaces/cmake/export_my_robot_interfaces__rosidl_generator_cppExport.cmake
[4.623s] -- Installing: /home/ryan/Desktop/FleetGlue/ros2_ws/install/my_robot_interfaces/share/my_robot_interfaces/cmake/export_my_robot_interfaces__rosidl_typesupport_fastrtps_cppExport.cmake
[4.623s] -- Installing: /home/ryan/Desktop/FleetGlue/ros2_ws/install/my_robot_interfaces/share/my_robot_interfaces/cmake/export_my_robot_interfaces__rosidl_typesupport_fastrtps_cppExport-noconfig.cmake
[4.623s] -- Installing: /home/ryan/Desktop/FleetGlue/ros2_ws/install/my_robot_interfaces/share/my_robot_interfaces/cmake/my_robot_interfaces__rosidl_typesupport_introspection_cppExport.cmake
[4.623s] -- Installing: /home/ryan/Desktop/FleetGlue/ros2_ws/install/my_robot_interfaces/share/my_robot_interfaces/cmake/my_robot_interfaces__rosidl_typesupport_introspection_cppExport-noconfig.cmake
[4.623s] -- Installing: /home/ryan/Desktop/FleetGlue/ros2_ws/install/my_robot_interfaces/share/my_robot_interfaces/cmake/my_robot_interfaces__rosidl_typesupport_cppExport.cmake
[4.624s] -- Installing: /home/ryan/Desktop/FleetGlue/ros2_ws/install/my_robot_interfaces/share/my_robot_interfaces/cmake/my_robot_interfaces__rosidl_typesupport_cppExport-noconfig.cmake
[4.624s] -- Installing: /home/ryan/Desktop/FleetGlue/ros2_ws/install/my_robot_interfaces/share/my_robot_interfaces/cmake/export_my_robot_interfaces__rosidl_generator_pyExport.cmake
[4.624s] -- Installing: /home/ryan/Desktop/FleetGlue/ros2_ws/install/my_robot_interfaces/share/my_robot_interfaces/cmake/export_my_robot_interfaces__rosidl_generator_pyExport-noconfig.cmake
[4.624s] -- Installing: /home/ryan/Desktop/FleetGlue/ros2_ws/install/my_robot_interfaces/share/my_robot_interfaces/cmake/rosidl_cmake-extras.cmake
[4.624s] -- Installing: /home/ryan/Desktop/FleetGlue/ros2_ws/install/my_robot_interfaces/share/my_robot_interfaces/cmake/ament_cmake_export_dependencies-extras.cmake
[4.625s] -- Installing: /home/ryan/Desktop/FleetGlue/ros2_ws/install/my_robot_interfaces/share/my_robot_interfaces/cmake/ament_cmake_export_include_directories-extras.cmake
[4.625s] -- Installing: /home/ryan/Desktop/FleetGlue/ros2_ws/install/my_robot_interfaces/share/my_robot_interfaces/cmake/ament_cmake_export_libraries-extras.cmake
[4.625s] -- Installing: /home/ryan/Desktop/FleetGlue/ros2_ws/install/my_robot_interfaces/share/my_robot_interfaces/cmake/ament_cmake_export_targets-extras.cmake
[4.625s] -- Installing: /home/ryan/Desktop/FleetGlue/ros2_ws/install/my_robot_interfaces/share/my_robot_interfaces/cmake/rosidl_cmake_export_typesupport_targets-extras.cmake
[4.625s] -- Installing: /home/ryan/Desktop/FleetGlue/ros2_ws/install/my_robot_interfaces/share/my_robot_interfaces/cmake/rosidl_cmake_export_typesupport_libraries-extras.cmake
[4.626s] -- Installing: /home/ryan/Desktop/FleetGlue/ros2_ws/install/my_robot_interfaces/share/my_robot_interfaces/cmake/my_robot_interfacesConfig.cmake
[4.626s] -- Installing: /home/ryan/Desktop/FleetGlue/ros2_ws/install/my_robot_interfaces/share/my_robot_interfaces/cmake/my_robot_interfacesConfig-version.cmake
[4.626s] -- Up-to-date: /home/ryan/Desktop/FleetGlue/ros2_ws/install/my_robot_interfaces/share/my_robot_interfaces/package.xml
[4.629s] Invoked command in '/home/ryan/Desktop/FleetGlue/ros2_ws/build/my_robot_interfaces' returned '0': CMAKE_PREFIX_PATH=${CMAKE_PREFIX_PATH}:/home/ryan/Desktop/FleetGlue/ros2_ws/install/poem_actions:/home/ryan/ros2_ws/install/actions_py:/home/ryan/ros2_ws/install/my_py_pkg:/opt/ros/iron CONDA_PROMPT_MODIFIER=(base) /usr/bin/cmake --install /home/ryan/Desktop/FleetGlue/ros2_ws/build/my_robot_interfaces
